T4904 000:004.933   SEGGER J-Link V7.82c Log File
T4904 000:005.652   DLL Compiled: Nov 16 2022 16:56:50
T4904 000:005.666   Logging started @ 2023-09-07 05:16
T4904 000:005.680 - 5.687ms
T4904 000:005.915 JLINK_GetDLLVersion()
T4904 000:005.931 - 0.022ms returns 78203
T4904 000:006.732 JLINK_OpenEx(...)
T4904 000:031.822   Firmware: J-Link V11 compiled Aug  2 2023 10:34:01
T4904 000:032.118   Firmware: J-Link V11 compiled Aug  2 2023 10:34:01
T4904 000:036.355   Hardware: V11.00
T4904 000:036.396   S/N: 51026937
T4904 000:036.415   OEM: SEGGER
T4904 000:036.434   Feature(s): GDB
T4904 000:039.354   USB speed mode: High speed (480 MBit/s)
T4904 000:039.777   TELNET listener socket opened on port 19021
T4904 000:040.158   WEBSRV WEBSRV_Init(): Starting webserver thread(s)
T4904 000:040.344   WEBSRV Webserver running on local port 19080
T4904 000:055.292 - 48.609ms returns "O.K."
T4904 000:055.997 JLINK_ExecCommand("ProjectFile=C:\work_rza3ul\rza3ul_azure_demo_r1.0\usbx_demo_hcdc_rza3_fsp/usbx_demo_hcdc_rza3_fsp Debug.jlink", ...). 
T4904 000:079.896 - 23.929ms returns 0x00
T4904 000:080.594 JLINK_ExecCommand("device=R9A07G063U02GBG?BankAddr=0x20000000&Loader=QuadSPI", ...). 
T4904 000:080.625   Flash bank @ 0x20000000: Stored loader selection. Loader = QuadSPI
T4904 000:084.770   Device "R9A07G063U02GBG" selected.
T4904 000:086.173 - 5.574ms returns 0x00
T4904 000:086.273 JLINK_ExecCommand("SetCPUConnectIDCODE = FFFFFFFFFFFFFFFFFFFFFFFFFFFFFFFF", ...). 
T4904 000:086.299 - 0.010ms returns 0x00
T4904 000:086.313 JLINK_TIF_GetAvailable(...)
T4904 000:086.465 - 0.162ms
T4904 000:086.483 JLINK_TIF_Select(JLINKARM_TIF_JTAG)
T4904 000:087.486 - 1.021ms returns 0x00
T4904 000:087.516 JLINK_SetSpeed(15000)
T4904 000:087.637 - 0.131ms
T4904 000:087.656 JLINK_SetEndian(ARM_ENDIAN_LITTLE)
T4904 000:087.669 - 0.019ms returns 0
T4904 000:087.684 JLINK_SetInitRegsOnReset(OFF)
T4904 000:087.697 - 0.019ms returns 1
T4904 000:087.711 JLINK_SetResetType(JLINKARM_RESET_TYPE_NORMAL)
T4904 000:087.724 - 0.019ms returns JLINKARM_RESET_TYPE_NORMAL
T4904 000:087.740 JLINK_ExecCommand("EnableFlashBPs", ...). 
T4904 000:087.754 - 0.006ms returns 0x00
T4904 000:087.769 JLINK_ExecCommand("SetAllowFlashCache = 1", ...). 
T4904 000:087.783 - 0.007ms returns 0x01
T4904 000:087.797 JLINK_ExecCommand("SetRestartOnClose = 0", ...). 
T4904 000:087.811 - 0.007ms returns 0x01
T4904 000:087.827 JLINK_EnableSoftBPs(ON)
T4904 000:087.840 - 0.019ms
T4904 000:087.854 JLINK_Connect()
T4904 000:088.579   TotalIRLen = 4, IRPrint = 0x01
T4904 000:089.007   JTAG chain detection found 1 devices:
T4904 000:089.030    #0 Id: 0x6BA00477, IRLen: 04, CoreSight JTAG-DP
T4904 000:089.796   DPv0 detected
T4904 000:089.823   Scanning AP map to find all available APs
T4904 000:091.008   AP[4]: Stopped AP scan as end of AP map has been reached
T4904 000:091.031   AP[0]: APB-AP (IDR: 0x54770002)
T4904 000:091.049   AP[1]: AXI-AP (IDR: 0x44770004)
T4904 000:091.068   AP[2]: AHB-AP (IDR: 0x84770001)
T4904 000:091.086   AP[3]: AHB-AP (IDR: 0x84770001)
T4904 000:091.104   Iterating through AP map to find APB-AP to use
T4904 000:091.122   AP[0]: APB-AP found
T4904 000:091.291   Scanning ROMTbl @ 0x10C00000
T4904 000:092.310   [0]Comp[0] @ 0x10C10000: TSG
T4904 000:092.715   [0]Comp[1] @ 0x10C20000: TMC
T4904 000:093.222   [0]Comp[2] @ 0x10C30000: ETB
T4904 000:093.652   [0]Comp[3] @ 0x10C40000: CSTF
T4904 000:094.174   [0]Comp[4] @ 0x10C50000: CTI (?)
T4904 000:094.658   [0]Comp[5] @ 0x10C60000: CTI (?)
T4904 000:095.185   [0]Comp[6] @ 0x10E00000: ROM Table
T4904 000:095.220   Scanning ROMTbl @ 0x10E00000
T4904 000:096.310   [1]Comp[0] @ 0x10E10000: Cortex-A55
T4904 000:096.775   [1]Comp[1] @ 0x10E20000: CSS600-CTI
T4904 000:096.796   Core found. Stopped ROM table scan: https://wiki.segger.com/ROMTableScan
T4904 000:096.829   Cortex-A55 @ 0x10E10000 (detected)
T4904 000:096.848   CoreCTI @ 0x10E20000 (detected)
T4904 000:097.387   Debug architecture: ARMv8.2
T4904 000:097.408   6 code breakpoints, 4 data breakpoints
T4904 000:097.757   Processor features:
T4904 000:097.781     EL0 support: AArch64 + AArch32
T4904 000:097.799     EL1 support: AArch64 + AArch32
T4904 000:097.817     EL2 support: AArch64 + AArch32
T4904 000:097.835     EL3 support: AArch64 + AArch32
T4904 000:097.853     FPU support: Single + Double + Conversion + single arithmetic
T4904 000:098.230   -- Max. mem block: 0x00004E50
T4904 000:099.037   Add. info (CPU temp. halted)
T4904 000:102.507   Current exception level: EL3
T4904 000:102.542   Exception level AArch usage:
T4904 000:102.560     EL0: AArch64
T4904 000:102.578     EL1: AArch64
T4904 000:102.600     EL2: AArch64
T4904 000:102.619     EL3: AArch64
T4904 000:102.637   Non-secure status: Secure
T4904 000:102.835   Cache info:
T4904 000:102.855     Inner cache boundary: L2
T4904 000:102.874     LoU Uniprocessor: 0
T4904 000:102.892     LoC: 2
T4904 000:102.910     LoU Inner Shareable: 0
T4904 000:103.477   I-Cache L1: 32 KB, 128 Sets, 64 Bytes/Line, 4-Way
T4904 000:103.498   D-Cache L1: 32 KB, 128 Sets, 64 Bytes/Line, 4-Way
T4904 000:103.516   Unified-Cache L2: 256 KB, 256 Sets, 64 Bytes/Line, 16-Way
T4904 000:103.730   VMSAv8-64: Supports 48-bit VAs
T4904 000:104.167 - 16.322ms returns 0x00
T4904 000:104.192 JLINK_ResetPullsRESET(ON)
T4904 000:104.205 - 0.019ms
T4904 000:104.220 JLINK_Halt()
T4904 000:106.927 - 2.717ms returns 0x00
T4904 000:106.945 JLINK_IsHalted()
T4904 000:106.958 - 0.018ms returns TRUE
T4904 000:106.971 JLINK_Reset()
T4904 000:228.640   Reset confused the core.
T4904 000:229.537   Disabled core power domain detected.
T4904 000:230.785   CPU not halted after Reset, halting using Halt request
T4904 000:237.271 - 130.376ms
T4904 000:237.380 JLINK_SetEndian(ARM_ENDIAN_LITTLE)
T4904 000:237.397 - 0.023ms returns 0
T4904 000:237.468 JLINK_IsHalted()
T4904 000:237.506 - 0.044ms returns TRUE
T4904 000:237.829 JLINK_MeasureCPUSpeed(RAMAddr = 0xFFFFFFFF)
T4904 000:237.848 - 0.025ms returns 0
T4904 000:237.970 JLINK_ReadRegs_64(NumRegs = 1, Indexes: 
T4904 000:237.985   41)
T4904 000:238.005    -- CPSR=0x400003CD
T4904 000:238.024 - 0.060ms returns 0
T4E70 000:501.890 JLINK_BeginDownload(Flags = 0x00000000)
T4E70 000:501.955 - 0.075ms
T4E70 000:521.327 JLINK_WriteMem(0x00012000, 0xBD0 Bytes, ...)
T4E70 000:521.419   Data:  04 06 81 D2 A4 18 A6 F2 04 10 1E D5 DF 3F 03 D5 ...
T4E70 000:522.005   CPU_WriteMem(3024 bytes @ 0x00012000)
T4E70 000:526.196 - 4.920ms returns 0xBD0
T4E70 000:526.740 JLINK_WriteMem(0x00012BD0, 0xBC0 Bytes, ...)
T4E70 000:526.789   Data:  C0 03 5F D6 FD 7B BE A9 FD 03 00 91 F3 0B 00 F9 ...
T4E70 000:526.836   CPU_WriteMem(3008 bytes @ 0x00012BD0)
T4E70 000:530.939 - 4.271ms returns 0xBC0
T4E70 000:531.346 JLINK_WriteMem(0x00013790, 0xBB0 Bytes, ...)
T4E70 000:531.390   Data:  5F 04 00 71 61 00 00 54 02 8C 43 A9 43 00 00 F9 ...
T4E70 000:531.424   CPU_WriteMem(2992 bytes @ 0x00013790)
T4E70 000:535.479 - 4.184ms returns 0xBB0
T4E70 000:535.818 JLINK_WriteMem(0x00014340, 0xBB0 Bytes, ...)
T4E70 000:535.863   Data:  24 6C 1C 53 84 00 00 32 7F 00 13 6B 21 05 00 54 ...
T4E70 000:535.894   CPU_WriteMem(2992 bytes @ 0x00014340)
T4E70 000:539.987 - 4.229ms returns 0xBB0
T4E70 000:540.345 JLINK_WriteMem(0x00014EF0, 0xBA0 Bytes, ...)
T4E70 000:540.387   Data:  07 C0 80 52 2A 68 66 38 21 00 00 90 21 28 26 91 ...
T4E70 000:540.422   CPU_WriteMem(2976 bytes @ 0x00014EF0)
T4E70 000:544.508 - 4.222ms returns 0xBA0
T4E70 000:544.861 JLINK_WriteMem(0x00015A90, 0xBC0 Bytes, ...)
T4E70 000:544.916   Data:  21 04 04 32 01 80 00 B9 01 84 40 B9 21 70 15 12 ...
T4E70 000:544.943   CPU_WriteMem(3008 bytes @ 0x00015A90)
T4E70 000:549.045 - 4.243ms returns 0xBC0
T4E70 000:549.480 JLINK_WriteMem(0x00016650, 0xB90 Bytes, ...)
T4E70 000:549.532   Data:  24 68 23 F8 21 20 00 91 3F 80 00 F1 61 FF FF 54 ...
T4E70 000:549.568   CPU_WriteMem(2960 bytes @ 0x00016650)
T4E70 000:553.546 - 4.143ms returns 0xB90
T4E70 000:553.922 JLINK_WriteMem(0x000171E0, 0xBE0 Bytes, ...)
T4E70 000:553.966   Data:  FF 4F 00 B9 E3 93 06 A9 E2 0F 43 A9 E2 0F 01 A9 ...
T4E70 000:554.011   CPU_WriteMem(3040 bytes @ 0x000171E0)
T4E70 000:558.152 - 4.300ms returns 0xBE0
T4E70 000:558.562 JLINK_WriteMem(0x00017DC0, 0xBE0 Bytes, ...)
T4E70 000:558.599   Data:  98 01 00 00 00 00 00 00 9C 01 00 00 00 00 00 00 ...
T4E70 000:558.628   CPU_WriteMem(3040 bytes @ 0x00017DC0)
T4E70 000:562.744 - 4.331ms returns 0xBE0
T4E70 000:563.910 JLINK_WriteMem(0x000189A0, 0xBE0 Bytes, ...)
T4E70 000:564.015   Data:  2C 20 44 65 63 20 31 36 20 32 30 32 32 00 00 00 ...
T4E70 000:564.191   CPU_WriteMem(3040 bytes @ 0x000189A0)
T4E70 000:568.493 - 4.652ms returns 0xBE0
T4E70 000:568.897 JLINK_WriteMem(0x00019580, 0xA80 Bytes, ...)
T4E70 000:568.932   Data:  60 01 80 D2 9C E3 FF 97 9D E3 FF 97 00 00 00 00 ...
T4E70 000:568.985   CPU_WriteMem(2688 bytes @ 0x00019580)
T4E70 000:572.679 - 3.813ms returns 0xA80
T4E70 000:573.132 JLINK_WriteMem(0x0001A000, 0x665 Bytes, ...)
T4E70 000:573.180   Data:  90 72 01 00 00 00 00 00 00 00 00 00 00 00 00 00 ...
T4E70 000:573.242   CPU_WriteMem(1637 bytes @ 0x0001A000)
T4E70 000:575.974 - 2.885ms returns 0x665
T4E70 000:581.153 JLINK_WriteMem(0x20020000, 0xBE0 Bytes, ...)
T4E70 000:581.267   Data:  00 00 20 40 00 00 00 00 FF FF DF BF FF FF FF FF ...
T4E70 000:581.786   completely In flash
T4E70 000:581.856 - 0.714ms returns 0xBE0
T4E70 000:582.316 JLINK_WriteMem(0x20020BE0, 0xBE0 Bytes, ...)
T4E70 000:582.365   Data:  00 00 00 00 00 00 00 00 00 00 00 00 00 00 00 00 ...
T4E70 000:582.405   completely In flash
T4E70 000:582.424 - 0.114ms returns 0xBE0
T4E70 000:582.706 JLINK_WriteMem(0x200217C0, 0xBE0 Bytes, ...)
T4E70 000:582.735   Data:  1F 20 03 D5 1F 20 03 D5 1F 20 03 D5 1F 20 03 D5 ...
T4E70 000:582.760   completely In flash
T4E70 000:582.803 - 0.106ms returns 0xBE0
T4E70 000:583.175 JLINK_WriteMem(0x200223A0, 0xBE0 Bytes, ...)
T4E70 000:583.241   Data:  1F 20 03 D5 1F 20 03 D5 1F 20 03 D5 1F 20 03 D5 ...
T4E70 000:583.276   completely In flash
T4E70 000:583.319 - 0.156ms returns 0xBE0
T4E70 000:583.687 JLINK_WriteMem(0x20022F80, 0xBD0 Bytes, ...)
T4E70 000:583.731   Data:  E4 17 BF A9 E6 1F BF A9 E4 03 00 AA E1 8F 1F F8 ...
T4E70 000:583.763   completely In flash
T4E70 000:583.793 - 0.115ms returns 0xBD0
T4E70 000:584.190 JLINK_WriteMem(0x20023B50, 0xBC0 Bytes, ...)
T4E70 000:584.259   Data:  50 3D 22 40 00 00 00 00 00 00 80 52 C0 03 5F D6 ...
T4E70 000:584.294   completely In flash
T4E70 000:584.331 - 0.164ms returns 0xBC0
T4E70 000:584.665 JLINK_WriteMem(0x20024710, 0xBA0 Bytes, ...)
T4E70 000:584.700   Data:  00 78 7F 92 8C 33 00 94 F3 03 00 AA 20 00 80 52 ...
T4E70 000:584.723   completely In flash
T4E70 000:584.745 - 0.086ms returns 0xBA0
T4E70 000:585.038 JLINK_WriteMem(0x200252B0, 0xBB0 Bytes, ...)
T4E70 000:585.087   Data:  A0 42 00 B9 61 06 40 B9 E2 06 80 52 21 00 00 0B ...
T4E70 000:585.117   completely In flash
T4E70 000:585.137 - 0.105ms returns 0xBB0
T4E70 000:585.423 JLINK_WriteMem(0x20025E60, 0xBB0 Bytes, ...)
T4E70 000:585.467   Data:  1F 00 01 39 21 04 00 11 F7 FF FF 17 E0 03 13 AA ...
T4E70 000:585.506   completely In flash
T4E70 000:585.525 - 0.108ms returns 0xBB0
T4E70 000:585.796 JLINK_WriteMem(0x20026A10, 0xBC0 Bytes, ...)
T4E70 000:585.831   Data:  56 02 80 52 E7 FF FF 17 FD 7B BE A9 FD 03 00 91 ...
T4E70 000:585.851   completely In flash
T4E70 000:585.871 - 0.080ms returns 0xBC0
T4E70 000:586.095 JLINK_WriteMem(0x200275D0, 0xBA0 Bytes, ...)
T4E70 000:586.128   Data:  21 04 40 F9 20 08 40 B9 00 74 1E 12 20 08 00 B9 ...
T4E70 000:586.178   completely In flash
T4E70 000:586.198 - 0.109ms returns 0xBA0
T4E70 000:586.331 JLINK_WriteMem(0x20028170, 0xBC0 Bytes, ...)
T4E70 000:586.353   Data:  61 0A 40 B9 81 0A 00 B9 7F 32 00 B9 80 0A 40 B9 ...
T4E70 000:586.374   completely In flash
T4E70 000:586.393 - 0.067ms returns 0xBC0
T4E70 000:586.517 JLINK_WriteMem(0x20028D30, 0xBC0 Bytes, ...)
T4E70 000:586.536   Data:  E0 03 13 AA FF 21 00 94 60 0B 00 B9 FB 03 13 AA ...
T4E70 000:586.556   completely In flash
T4E70 000:586.574 - 0.063ms returns 0xBC0
T4E70 000:586.705 JLINK_WriteMem(0x200298F0, 0xBB0 Bytes, ...)
T4E70 000:586.729   Data:  F5 03 00 AA E0 0B 00 B4 E4 00 80 52 E3 03 00 AA ...
T4E70 000:586.755   completely In flash
T4E70 000:586.774 - 0.075ms returns 0xBB0
T4E70 000:586.897 JLINK_WriteMem(0x2002A4A0, 0xBA0 Bytes, ...)
T4E70 000:586.916   Data:  80 4E 40 B9 80 1A 00 B9 9F 1E 00 B9 00 00 80 12 ...
T4E70 000:586.937   completely In flash
T4E70 000:586.956 - 0.065ms returns 0xBA0
T4E70 000:587.080 JLINK_WriteMem(0x2002B040, 0xBC0 Bytes, ...)
T4E70 000:587.098   Data:  00 58 47 F9 00 00 40 F9 13 04 40 F9 14 00 80 52 ...
T4E70 000:587.136   completely In flash
T4E70 000:587.156 - 0.082ms returns 0xBC0
T4E70 000:587.281 JLINK_WriteMem(0x2002BC00, 0xBD0 Bytes, ...)
T4E70 000:587.300   Data:  E3 03 17 AA C2 01 80 52 00 00 00 90 01 14 45 F9 ...
T4E70 000:587.321   completely In flash
T4E70 000:587.342 - 0.070ms returns 0xBD0
T4E70 000:587.481 JLINK_WriteMem(0x2002C7D0, 0xBA0 Bytes, ...)
T4E70 000:587.503   Data:  C2 FF FF B5 01 1C 00 F9 C0 03 5F D6 01 3C 00 F9 ...
T4E70 000:587.523   completely In flash
T4E70 000:587.543 - 0.067ms returns 0xBA0
T4E70 000:587.672 JLINK_WriteMem(0x2002D370, 0xBB0 Bytes, ...)
T4E70 000:587.693   Data:  01 00 40 F9 20 00 40 F9 00 3C 00 91 00 EC 7C 92 ...
T4E70 000:587.735   completely In flash
T4E70 000:587.755 - 0.089ms returns 0xBB0
T4E70 000:587.885 JLINK_WriteMem(0x2002DF20, 0xBB0 Bytes, ...)
T4E70 000:587.906   Data:  20 42 1B D5 00 00 80 52 C0 03 5F D6 03 00 00 90 ...
T4E70 000:587.928   completely In flash
T4E70 000:587.947 - 0.068ms returns 0xBB0
T4E70 000:588.073 JLINK_WriteMem(0x2002EAD0, 0xBB0 Bytes, ...)
T4E70 000:588.092   Data:  C0 03 5F D6 02 14 40 F9 43 60 40 F9 64 48 40 B9 ...
T4E70 000:588.112   completely In flash
T4E70 000:588.132 - 0.065ms returns 0xBB0
T4E70 000:588.255 JLINK_WriteMem(0x2002F680, 0xBD0 Bytes, ...)
T4E70 000:588.276   Data:  E0 03 13 AA 5B 08 00 94 21 42 3B D5 DF 43 03 D5 ...
T4E70 000:588.296   completely In flash
T4E70 000:588.316 - 0.067ms returns 0xBD0
T4E70 000:588.443 JLINK_WriteMem(0x20030250, 0xBD0 Bytes, ...)
T4E70 000:588.463   Data:  08 47 22 40 00 00 00 00 F0 45 22 40 00 00 00 00 ...
T4E70 000:588.488   completely In flash
T4E70 000:588.507 - 0.071ms returns 0xBD0
T4E70 000:588.633 JLINK_WriteMem(0x20030E20, 0xBD0 Bytes, ...)
T4E70 000:588.653   Data:  9F 02 13 EB 80 00 00 54 94 16 40 F9 00 04 00 11 ...
T4E70 000:588.672   completely In flash
T4E70 000:588.692 - 0.066ms returns 0xBD0
T4E70 000:588.821 JLINK_WriteMem(0x200319F0, 0xBD0 Bytes, ...)
T4E70 000:588.841   Data:  F3 53 01 A9 F5 5B 02 A9 F3 03 01 AA 15 1C 00 72 ...
T4E70 000:588.860   completely In flash
T4E70 000:588.880 - 0.065ms returns 0xBD0
T4E70 000:589.011 JLINK_WriteMem(0x200325C0, 0xBB0 Bytes, ...)
T4E70 000:589.032   Data:  00 80 80 52 F4 FF FF 17 00 40 80 52 F2 FF FF 17 ...
T4E70 000:589.052   completely In flash
T4E70 000:589.071 - 0.066ms returns 0xBB0
T4E70 000:589.202 JLINK_WriteMem(0x20033170, 0xBA0 Bytes, ...)
T4E70 000:589.222   Data:  E3 03 06 2A 00 08 C3 9A 21 04 40 F9 00 70 1D 53 ...
T4E70 000:589.241   completely In flash
T4E70 000:589.260 - 0.064ms returns 0xBA0
T4E70 000:589.441 JLINK_WriteMem(0x20033D10, 0xBC0 Bytes, ...)
T4E70 000:589.469   Data:  21 3C 10 53 00 6C 81 D2 20 20 A2 F2 01 1C 00 B9 ...
T4E70 000:589.490   completely In flash
T4E70 000:589.511 - 0.076ms returns 0xBC0
T4E70 000:589.638 JLINK_WriteMem(0x200348D0, 0xBB0 Bytes, ...)
T4E70 000:589.661   Data:  01 20 04 B9 21 00 A0 52 01 18 04 B9 FD 7B C1 A8 ...
T4E70 000:589.680   completely In flash
T4E70 000:589.698 - 0.066ms returns 0xBB0
T4E70 000:589.819 JLINK_WriteMem(0x20035480, 0xBB0 Bytes, ...)
T4E70 000:589.837   Data:  F7 82 09 91 16 00 00 B0 63 12 00 B9 D6 C2 0A 91 ...
T4E70 000:589.858   completely In flash
T4E70 000:589.878 - 0.065ms returns 0xBB0
T4E70 000:589.998 JLINK_WriteMem(0x20036030, 0xBC0 Bytes, ...)
T4E70 000:590.017   Data:  82 00 10 36 01 00 00 B9 81 C0 1F B8 C0 03 5F D6 ...
T4E70 000:590.037   completely In flash
T4E70 000:590.056 - 0.064ms returns 0xBC0
T4E70 000:590.177 JLINK_WriteMem(0x20036BF0, 0xBC0 Bytes, ...)
T4E70 000:590.252   Data:  19 02 80 D2 E2 03 01 2A FA 03 03 AA 1F 43 00 71 ...
T4E70 000:590.276   completely In flash
T4E70 000:590.294 - 0.123ms returns 0xBC0
T4E70 000:590.432 JLINK_WriteMem(0x200377B0, 0xBB0 Bytes, ...)
T4E70 000:590.453   Data:  E2 03 01 2A FA 03 03 AA 1F 43 00 71 CC 20 00 54 ...
T4E70 000:590.473   completely In flash
T4E70 000:590.492 - 0.065ms returns 0xBB0
T4E70 000:590.616 JLINK_WriteMem(0x20038360, 0xBD0 Bytes, ...)
T4E70 000:590.636   Data:  F6 03 14 AA E1 03 02 2A F4 43 40 F9 18 7F 40 93 ...
T4E70 000:590.656   completely In flash
T4E70 000:590.675 - 0.065ms returns 0xBD0
T4E70 000:590.801 JLINK_WriteMem(0x20038F30, 0xBC0 Bytes, ...)
T4E70 000:590.821   Data:  E1 8F 00 B9 40 C0 20 8B 00 00 40 79 35 FB FF 17 ...
T4E70 000:590.841   completely In flash
T4E70 000:590.860 - 0.065ms returns 0xBC0
T4E70 000:590.987 JLINK_WriteMem(0x20039AF0, 0xBD0 Bytes, ...)
T4E70 000:591.006   Data:  E7 93 51 29 F7 03 00 AA E6 A3 40 B9 E0 76 00 B4 ...
T4E70 000:591.025   completely In flash
T4E70 000:591.044 - 0.063ms returns 0xBD0
T4E70 000:591.169 JLINK_WriteMem(0x2003A6C0, 0xBD0 Bytes, ...)
T4E70 000:591.187   Data:  E1 03 17 AA 02 18 61 1E 42 00 78 1E 42 00 62 1E ...
T4E70 000:591.207   completely In flash
T4E70 000:591.226 - 0.063ms returns 0xBD0
T4E70 000:591.353 JLINK_WriteMem(0x2003B290, 0xBC0 Bytes, ...)
T4E70 000:591.371   Data:  A3 FB 0F 37 FB 73 05 A9 03 05 00 37 1C 00 80 D2 ...
T4E70 000:591.391   completely In flash
T4E70 000:591.409 - 0.062ms returns 0xBC0
T4E70 000:591.532 JLINK_WriteMem(0x2003BE50, 0xBD0 Bytes, ...)
T4E70 000:591.551   Data:  4A 21 81 9A 07 00 00 14 84 7C 10 53 C4 03 00 35 ...
T4E70 000:591.571   completely In flash
T4E70 000:591.590 - 0.063ms returns 0xBD0
T4E70 000:591.716 JLINK_WriteMem(0x2003CA20, 0xBC0 Bytes, ...)
T4E70 000:591.735   Data:  D8 FB FF 97 FB 73 45 A9 66 FF FF 17 60 0A 40 F9 ...
T4E70 000:591.756   completely In flash
T4E70 000:591.775 - 0.065ms returns 0xBC0
T4E70 000:591.897 JLINK_WriteMem(0x2003D5E0, 0xBE0 Bytes, ...)
T4E70 000:591.915   Data:  01 00 02 AA D7 FF FF 17 E2 FF 80 D2 80 02 80 52 ...
T4E70 000:591.935   completely In flash
T4E70 000:591.954 - 0.062ms returns 0xBE0
T4E70 000:592.071 JLINK_WriteMem(0x2003E1C0, 0xBE0 Bytes, ...)
T4E70 000:592.088   Data:  2F 64 61 74 61 2F 6A 65 6E 6B 69 6E 73 2F 77 6F ...
T4E70 000:592.108   completely In flash
T4E70 000:592.126 - 0.061ms returns 0xBE0
T4E70 000:592.244 JLINK_WriteMem(0x2003EDA0, 0xBE0 Bytes, ...)
T4E70 000:592.262   Data:  00 84 D7 17 00 36 6E 01 B0 EB 21 40 00 00 00 00 ...
T4E70 000:592.282   completely In flash
T4E70 000:592.302 - 0.063ms returns 0xBE0
T4E70 000:592.456 JLINK_WriteMem(0x2003F980, 0xBE0 Bytes, ...)
T4E70 000:592.475   Data:  68 F7 21 40 00 00 00 00 78 F7 21 40 00 00 00 00 ...
T4E70 000:592.495   completely In flash
T4E70 000:592.514 - 0.064ms returns 0xBE0
T4E70 000:592.635 JLINK_WriteMem(0x20040560, 0xBE0 Bytes, ...)
T4E70 000:592.652   Data:  C0 50 21 40 00 00 00 00 C0 50 21 40 00 00 00 00 ...
T4E70 000:592.672   completely In flash
T4E70 000:592.691 - 0.062ms returns 0xBE0
T4E70 000:592.807 JLINK_WriteMem(0x20041140, 0xBE0 Bytes, ...)
T4E70 000:592.825   Data:  00 00 00 00 00 00 00 00 00 00 00 00 00 00 00 00 ...
T4E70 000:592.844   completely In flash
T4E70 000:592.863 - 0.063ms returns 0xBE0
T4E70 000:592.951 JLINK_WriteMem(0x20041D20, 0x1A0 Bytes, ...)
T4E70 000:592.969   Data:  00 00 00 00 00 00 00 00 00 00 00 00 00 00 00 00 ...
T4E70 000:592.988   completely In flash
T4E70 000:593.007 - 0.062ms returns 0x1A0
T4E70 000:616.447 JLINK_EndDownload()
T4E70 000:616.818    -- --------------------------------------
T4E70 000:616.886   Flash bank @ 0x20000000: Default: L2 verify disabled because algorithm performs L1 verify
T4E70 000:616.918    -- Start of determining dirty areas in flash cache
T4E70 000:617.002    -- Filling invalid ranges in sector buffer (flash cache) for sector @ 0x20020000 if necessary
T4E70 000:617.038    -- Filling invalid ranges in sector buffer (flash cache) for sector @ 0x20030000 if necessary
T4E70 000:617.172    -- Filling invalid ranges in sector buffer (flash cache) for sector @ 0x20040000 if necessary
T4E70 000:619.691    -- End of determining dirty areas
T4E70 000:619.781    -- Start of preparing flash programming
T4E70 000:619.815    -- Calculating RAM usage
T4E70 000:626.703    -- RAM usage = 20656 Bytes
T4E70 000:626.791    -- Preserving CPU registers
T4E70 000:626.854    -- Preparing target
T4E70 000:626.889    -- Preserving target RAM temporarily used for programming
T4E70 000:738.864    -- Downloading RAMCode
T4E70 000:762.248    -- Checking target RAM
T4E70 000:776.441    -- End of preparing flash programming
T4E70 000:776.744   Looking for J-Link GUI Server exe at: C:\Users\a5134593\.eclipse\com.renesas.platform_1855088138\DebugComp\RZ\ARM\Segger_v7.82.3\JLinkGUIServer.exe
T4E70 000:777.022   Looking for J-Link GUI Server exe at: \JLinkGUIServer.exe
T4E70 001:078.396   Failed to connect to J-Link GUI Server.
T4E70 001:087.472    -- CPU speed could not be measured.
T4E70 001:087.555    -- Start of comparing flash
T4E70 001:087.589    -- CRC check was estimated as fastest method
T4E70 001:087.626    -- Comparing range 0x20020000 - 0x2003FFFF (2 Sectors, 128 KB), using single-block CRC calculation
T4E70 001:284.071    -- CRC does not match, checking individual sectors
T4E70 001:384.356    -- CRC does not match for sector 2
T4E70 001:484.467    -- CRC does not match for sector 3
T4E70 001:484.525    -- Comparing range 0x20040000 - 0x2004FFFF (1 Sector, 64 KB), using single-block CRC calculation
T4E70 001:584.172    -- CRC does not match for sector 4
T4E70 001:584.249    -- End of comparing flash
T4E70 001:584.269    -- Start of erasing sectors
T4E70 001:584.303    -- Erasing range 0x20020000 - 0x2003FFFF (  2 Sectors, 128 KB)
T4E70 002:485.977    -- Erasing range 0x20040000 - 0x2004FFFF (  1 Sector, 64 KB)
T4E70 002:941.363    -- End of erasing sectors
T4E70 002:941.454    -- Start of flash programming
T4E70 002:941.485    -- Programming range 0x20020000 - 0x2002FFFF (  1 Sector, 64 KB)
T4E70 003:422.447    -- Programming range 0x20030000 - 0x2003FFFF (  1 Sector, 64 KB)
T4E70 003:902.083    -- Programming range 0x20040000 - 0x2004FFFF (  1 Sector, 64 KB)
T4E70 004:006.156    -- End of flash programming
T4E70 004:006.212    -- 0x20020000 - 0x2004FFFF (  3 Sectors, 192 KiB)
T4E70 004:006.245    -- Start of restoring
T4E70 004:006.266    -- Restoring RAMCode
T4E70 004:009.226    -- Restoring target memory
T4E70 004:033.843    -- Restore target
T4E70 004:033.902    -- Restoring CPU registers
T4E70 004:033.942    -- End of restoring
T4E70 004:033.965    -- Bank 0 @ 0x20000000: 1 range affected (196608 bytes)
T4E70 004:033.987    -- Total: 3.414s (Prepare: 0.467s, Compare: 0.496s, Erase: 1.357s, Program & Verify: 1.064s, Restore: 0.027s)
T4E70 004:034.009    -- Program & Verify speed: 180 KB/s
T4E70 004:037.521 - 3421.113ms returns 196608 (0x30000)
T4E70 004:038.506 JLINK_WriteRegs_64(NumRegs = 1, Indexes: 
T4E70 004:038.573   33)
T4E70 004:038.614    -- PC=0x012000
T4E70 004:038.644 - 0.147ms returns 0
T4E70 004:038.670 JLINK_WriteRegs_64(NumRegs = 1, Indexes: 
T4E70 004:038.688   33)
T4E70 004:038.714    -- PC=0x020020000
T4E70 004:038.739 - 0.077ms returns 0
T4E70 004:040.065 JLINK_SetEndian(ARM_ENDIAN_LITTLE)
T4E70 004:040.107 - 0.049ms returns 0
T4E70 004:058.286 JLINK_ReadMem(0x20020000, 0x4 Bytes, ...)
T4E70 004:058.443    -- Read from flash cache (4 bytes @ 0x20020000)
T4E70 004:058.471   Data:  00 00 20 40
T4E70 004:058.496 - 0.221ms returns 0
T4E70 004:273.676 JLINK_GetNumBPUnits(Type = 0xFFFFFF00)
T4E70 004:273.748 - 0.083ms returns 0x06
T4E70 004:273.772 JLINK_GetNumWPUnits()
T4E70 004:273.795 - 0.032ms returns 4
T4E70 004:273.817 JLINK_GetNumWPUnits()
T4E70 004:273.838 - 0.029ms returns 4
T4E70 004:273.875 JLINK_GetNumBPUnits(Type = 0xFFFFFF00)
T4E70 004:273.899 - 0.034ms returns 0x06
T4E70 004:273.934 JLINK_GetNumWPUnits()
T4E70 004:273.954 - 0.029ms returns 4
T4E70 004:273.974 JLINK_GetNumWPUnits()
T4E70 004:274.003 - 0.040ms returns 4
T4E70 004:274.036 JLINK_GetNumBPUnits(Type = 0xFFFFFF00)
T4E70 004:274.059 - 0.034ms returns 0x06
T4E70 004:274.081 JLINK_GetNumWPUnits()
T4E70 004:274.100 - 0.030ms returns 4
T4E70 004:274.122 JLINK_GetNumWPUnits()
T4E70 004:274.142 - 0.031ms returns 4
T4E70 004:274.990 JLINK_SetBPEx(Addr = 0x40203F80, Type = 0xFFFFFF00)
T4E70 004:275.072 - 0.091ms returns 0x00000001
T4E70 004:275.108 JLINK_ClrBPEx(BPHandle = 0x00000001)
T4E70 004:275.129 - 0.032ms returns 0x00
T4E70 004:279.263 JLINK_SetBPEx(Addr = 0x40203F88, Type = 0xFFFFFF00)
T4E70 004:279.364 - 0.108ms returns 0x00000002
T4E70 004:395.095 JLINK_ResetPullsRESET(ON)
T4E70 004:395.542 - 0.456ms
T4E70 004:395.565 JLINK_Halt()
T4E70 004:395.585 - 0.031ms returns 0x00
T4E70 004:395.611 JLINK_IsHalted()
T4E70 004:395.631 - 0.027ms returns TRUE
T4E70 004:395.648 JLINK_Reset()
T4E70 004:518.102   Reset confused the core.
T4E70 004:518.937   Disabled core power domain detected.
T4E70 004:520.407   CPU not halted after Reset, halting using Halt request
T4E70 004:526.734 - 131.175ms
T4E70 004:526.843 JLINK_SetEndian(ARM_ENDIAN_LITTLE)
T4E70 004:526.876 - 0.041ms returns 0
T4E70 004:635.294 JLINK_ReadRegs_64(NumRegs = 49, Indexes: 
T4E70 004:635.434   0, 
T4E70 004:635.523   1, 
T4E70 004:635.611   2, 
T4E70 004:635.677   3, 
T4E70 004:635.744   4, 
T4E70 004:635.809   5, 
T4E70 004:635.879   6, 
T4E70 004:635.946   7, 
T4E70 004:636.013   8, 
T4E70 004:636.080   9, 
T4E70 004:636.154   10, 
T4E70 004:636.221   11, 
T4E70 004:636.290   12, 
T4E70 004:636.368   13, 
T4E70 004:636.440   14, 
T4E70 004:636.513   15, 
T4E70 004:636.588   16, 
T4E70 004:636.662   17, 
T4E70 004:636.736   18, 
T4E70 004:636.812   19, 
T4E70 004:636.892   20, 
T4E70 004:636.970   21, 
T4E70 004:637.021   22, 
T4E70 004:637.074   23, 
T4E70 004:637.142   24, 
T4E70 004:637.212   25, 
T4E70 004:637.266   26, 
T4E70 004:637.313   27, 
T4E70 004:637.394   28, 
T4E70 004:637.458   29, 
T4E70 004:637.510   30, 
T4E70 004:637.561   31, 
T4E70 004:637.645   32, 
T4E70 004:637.766   33, 
T4E70 004:637.823   34, 
T4E70 004:637.897   35, 
T4E70 004:637.967   36, 
T4E70 004:638.033   37, 
T4E70 004:638.100   38, 
T4E70 004:638.176   39, 
T4E70 004:638.260   40, 
T4E70 004:638.331   41, 
T4E70 004:638.399   42, 
T4E70 004:638.492   43, 
T4E70 004:638.559   44, 
T4E70 004:638.607   45, 
T4E70 004:638.676   46, 
T4E70 004:638.764   47, 
T4E70 004:638.830   48)
T4E70 004:639.016   
 -- R0=0xF69DDFFF, R1=0x00, R2=0x00, R3=0x00, R4=0x9FB674, R5=0x203, R6=0x3FFFFFFF, R7=0x03, R8=0x11010550, R9=0x01, R10=0x31511144, R11=0x00, R12=0x30000, R13=0x1A668, R14=0x01, R15=0x00, R16=0x00, R17=0x00, R18=0x00, R19=0x03, R20=0x10002, R21=0x00, R22=0x00, R23=0x00, R24=0x00, R25=0x00, R26=0x00, R27=0x00, R28=0x00, R29=0x00, R30=0x38FC, R31=0x00, SP=0x2FFD0, PC=0x12028, ELR_EL1=0x00, ELR_EL2=0x00, ELR_EL3=0x00, SP_EL0=0x00, SP_EL1=0x00, SP_EL2=0x00, SP_EL3=0x2FFD0, CPSR=0x400003CD, SPSR_abt=0xFACFFFFF, SPSR_EL1=0xFEFEFB6F, SPSR_EL2=0xEEBFEFFF, SPSR_EL3=0x1CD, SPSR_fiq=0x6CDFF54F, SPSR_irq=0xFACFFFFF, SPSR_und=0xF69DDFFF

T4E70 004:639.118 - 3.841ms returns 0
T4E70 004:640.423 JLINK_ReadMem(0x00012028, 0x4 Bytes, ...)
T4E70 004:640.536   CPU_ReadMem(64 bytes @ 0x00012000)
T4E70 004:641.284    -- Updating C cache (64 bytes @ 0x00012000)
T4E70 004:641.520    -- Read from C cache (4 bytes @ 0x00012028)
T4E70 004:641.568   Data:  64 00 00 B4
T4E70 004:641.651 - 1.322ms returns 0
T4E70 004:647.851 JLINK_ReadMem(0x000038FC, 0x4 Bytes, ...)
T4E70 004:647.986   CPU_ReadMem(4 bytes @ 0x000038FC)
T4E70 004:648.647   Data:  E0 03 1F 2A
T4E70 004:648.961 - 1.129ms returns 0
T4954 004:668.616 JLINK_GetNumBPUnits(Type = 0xFFFFFF00)
T4954 004:668.675 - 0.065ms returns 0x06
T4954 004:668.689 JLINK_GetNumWPUnits()
T4954 004:668.702 - 0.019ms returns 4
T4954 004:668.715 JLINK_GetNumWPUnits()
T4954 004:668.729 - 0.019ms returns 4
T4954 004:669.033 JLINK_GetNumBPUnits(Type = 0xFFFFFF00)
T4954 004:669.089 - 0.069ms returns 0x06
T4954 004:669.117 JLINK_GetNumWPUnits()
T4954 004:669.135 - 0.027ms returns 4
T4954 004:669.154 JLINK_GetNumWPUnits()
T4954 004:669.171 - 0.023ms returns 4
T4954 004:669.529 JLINK_GetNumBPUnits(Type = 0xFFFFFF00)
T4954 004:669.581 - 0.059ms returns 0x06
T4954 004:669.609 JLINK_GetNumWPUnits()
T4954 004:669.622 - 0.019ms returns 4
T4954 004:669.636 JLINK_GetNumWPUnits()
T4954 004:669.649 - 0.019ms returns 4
T4954 004:670.479 JLINK_GetNumBPUnits(Type = 0xFFFFFF00)
T4954 004:670.515 - 0.042ms returns 0x06
T4954 004:670.529 JLINK_GetNumWPUnits()
T4954 004:670.545 - 0.022ms returns 4
T4954 004:670.563 JLINK_GetNumWPUnits()
T4954 004:670.575 - 0.019ms returns 4
T4954 004:671.082 JLINK_GetNumBPUnits(Type = 0xFFFFFF00)
T4954 004:671.138 - 0.062ms returns 0x06
T4954 004:671.152 JLINK_GetNumWPUnits()
T4954 004:671.164 - 0.018ms returns 4
T4954 004:671.179 JLINK_GetNumWPUnits()
T4954 004:671.193 - 0.020ms returns 4
T4954 004:671.355 JLINK_GetNumBPUnits(Type = 0xFFFFFF00)
T4954 004:671.393 - 0.047ms returns 0x06
T4954 004:671.413 JLINK_GetNumWPUnits()
T4954 004:671.431 - 0.026ms returns 4
T4954 004:671.450 JLINK_GetNumWPUnits()
T4954 004:671.467 - 0.026ms returns 4
T4954 004:671.789 JLINK_GetNumBPUnits(Type = 0xFFFFFF00)
T4954 004:671.836 - 0.057ms returns 0x06
T4954 004:671.857 JLINK_GetNumWPUnits()
T4954 004:671.880 - 0.033ms returns 4
T4954 004:671.902 JLINK_GetNumWPUnits()
T4954 004:671.922 - 0.029ms returns 4
T4954 004:672.251 JLINK_GetNumBPUnits(Type = 0xFFFFFF00)
T4954 004:672.287 - 0.043ms returns 0x06
T4954 004:672.303 JLINK_GetNumWPUnits()
T4954 004:672.316 - 0.020ms returns 4
T4954 004:672.330 JLINK_GetNumWPUnits()
T4954 004:672.344 - 0.020ms returns 4
T4E70 006:008.008 JLINK_STRACE_Read(..., NumItems = 0x10000)
T4E70 006:008.144   
  ***** Error: 
T4E70 006:008.177   Debugger tries to use on-chip trace buffer but the connected MCU does not provide an on-chip trace buffer (e.g. ETB/MTB/...)
T4E70 006:008.213 - 0.216ms NumItemsRead = 0xFFFFFFFF
T4E70 006:008.243 JLINK_IsHalted()
T4E70 006:008.590 - 0.387ms returns TRUE
T4E70 006:008.649 JLINK_GoEx(MaxEmulInsts = 0, Flags = 0x01)
T4E70 006:010.736 - 2.131ms
T4E70 006:114.810 JLINK_IsHalted()
T4E70 006:115.488 - 0.751ms returns FALSE
T4E70 006:115.584 JLINK_IsHalted()
T4E70 006:115.870 - 0.331ms returns FALSE
T4E70 006:224.352 JLINK_IsHalted()
T4E70 006:227.152 - 2.823ms returns TRUE
T4E70 006:227.186 JLINK_ReadRegs_64(NumRegs = 1, Indexes: 
T4E70 006:227.198   33)
T4E70 006:227.218    -- PC=0x40203F88
T4E70 006:227.235 - 0.055ms returns 0
T4E70 006:227.252 JLINK_ReadRegs_64(NumRegs = 1, Indexes: 
T4E70 006:227.263   41)
T4E70 006:227.281    -- CPSR=0x6000000D
T4E70 006:227.298 - 0.052ms returns 0
T4E70 006:227.313 JLINK_ReadRegs_64(NumRegs = 1, Indexes: 
T4E70 006:227.326   33)
T4E70 006:227.343    -- PC=0x40203F88
T4E70 006:227.359 - 0.051ms returns 0
T4E70 006:227.372 JLINK_ReadRegs_64(NumRegs = 1, Indexes: 
T4E70 006:227.384   41)
T4E70 006:227.401    -- CPSR=0x6000000D
T4E70 006:227.417 - 0.050ms returns 0
T4E70 006:227.430 JLINK_IsHalted()
T4E70 006:227.442 - 0.017ms returns TRUE
T4E70 006:227.455 JLINK_ReadRegs_64(NumRegs = 1, Indexes: 
T4E70 006:227.466   41)
T4E70 006:227.483    -- CPSR=0x6000000D
T4E70 006:227.499 - 0.050ms returns 0
T4E70 006:227.512 JLINK_ReadRegs_64(NumRegs = 1, Indexes: 
T4E70 006:227.523   33)
T4E70 006:227.540    -- PC=0x40203F88
T4E70 006:227.557 - 0.049ms returns 0
T4E70 006:227.570 JLINK_ReadRegs_64(NumRegs = 1, Indexes: 
T4E70 006:227.581   41)
T4E70 006:227.598    -- CPSR=0x6000000D
T4E70 006:227.615 - 0.051ms returns 0
T4E70 006:228.445 JLINK_ReadRegs_64(NumRegs = 49, Indexes: 
T4E70 006:228.471   0, 
T4E70 006:228.489   1, 
T4E70 006:228.505   2, 
T4E70 006:228.521   3, 
T4E70 006:228.537   4, 
T4E70 006:228.554   5, 
T4E70 006:228.570   6, 
T4E70 006:228.587   7, 
T4E70 006:228.603   8, 
T4E70 006:228.620   9, 
T4E70 006:228.636   10, 
T4E70 006:228.654   11, 
T4E70 006:228.671   12, 
T4E70 006:228.688   13, 
T4E70 006:228.709   14, 
T4E70 006:228.728   15, 
T4E70 006:228.744   16, 
T4E70 006:228.760   17, 
T4E70 006:228.777   18, 
T4E70 006:228.793   19, 
T4E70 006:228.809   20, 
T4E70 006:228.826   21, 
T4E70 006:228.842   22, 
T4E70 006:228.859   23, 
T4E70 006:228.875   24, 
T4E70 006:228.891   25, 
T4E70 006:228.908   26, 
T4E70 006:228.924   27, 
T4E70 006:228.940   28, 
T4E70 006:228.956   29, 
T4E70 006:228.972   30, 
T4E70 006:228.989   31, 
T4E70 006:229.005   32, 
T4E70 006:229.022   33, 
T4E70 006:229.038   34, 
T4E70 006:229.054   35, 
T4E70 006:229.070   36, 
T4E70 006:229.087   37, 
T4E70 006:229.103   38, 
T4E70 006:229.119   39, 
T4E70 006:229.136   40, 
T4E70 006:229.152   41, 
T4E70 006:229.168   42, 
T4E70 006:229.186   43, 
T4E70 006:229.202   44, 
T4E70 006:229.218   45, 
T4E70 006:229.235   46, 
T4E70 006:229.251   47, 
T4E70 006:229.267   48)
T4E70 006:229.293   
 -- R0=0x401815, R1=0x01, R2=0x00, R3=0xFFFFFFFF, R4=0x06, R5=0x200, R6=0x200000, R7=0xFFFFFFC0, R8=0x01, R9=0xF0000000, R10=0x04, R11=0x02, R12=0xB8, R13=0xA00000, R14=0xA222D400, R15=0x04, R16=0x10000000, R17=0x40, R18=0x114001AC, R19=0x12064, R20=0x1A030, R21=0x00, R22=0x00, R23=0x00, R24=0x00, R25=0x00, R26=0x00, R27=0x00, R28=0x00, R29=0x40223C70, R30=0x40202CC8, R31=0x00, SP=0x40223C70, PC=0x40203F88, ELR_EL1=0x00, ELR_EL2=0x00, ELR_EL3=0x40200000, SP_EL0=0x1B680, SP_EL1=0x00, SP_EL2=0x00, SP_EL3=0x40223C70, CPSR=0x6000000D, SPSR_abt=0xFACFFFFF, SPSR_EL1=0xFEFEFB6F, SPSR_EL2=0xEEBFEFFF, SPSR_EL3=0x3CD, SPSR_fiq=0x6CDFF54F, SPSR_irq=0xFACFFFFF, SPSR_und=0xF69DDFFF

T4E70 006:229.324 - 0.884ms returns 0
T4E70 006:229.607 JLINK_ReadMem(0x40203F88, 0x4 Bytes, ...)
T4E70 006:229.645   CPU_ReadMem(64 bytes @ 0x40203F80)
T4E70 006:230.361    -- Updating DA cache (64 bytes @ 0x40203F80)
T4E70 006:230.381    -- Read from DA cache (4 bytes @ 0x40203F88)
T4E70 006:230.399   Data:  A8 28 00 94
T4E70 006:230.415 - 0.814ms returns 0
T4E70 006:232.628 JLINK_ClrBPEx(BPHandle = 0x00000002)
T4E70 006:232.700 - 0.082ms returns 0x00
T4E70 007:944.229 JLINK_STRACE_Read(..., NumItems = 0x10000)
T4E70 007:944.405 - 0.186ms NumItemsRead = 0xFFFFFFFF
T4E70 007:944.437 JLINK_IsHalted()
T4E70 007:944.783 - 0.412ms returns TRUE
T4E70 007:944.865 JLINK_GoEx(MaxEmulInsts = 0, Flags = 0x01)
T4E70 007:946.800 - 1.992ms
T4E70 008:053.245 JLINK_IsHalted()
T4E70 008:053.537 - 0.331ms returns FALSE
T4E70 008:053.597 JLINK_IsHalted()
T4E70 008:053.810 - 0.237ms returns FALSE
T4E70 008:161.668 JLINK_IsHalted()
T4E70 008:162.095 - 0.459ms returns FALSE
T4E70 008:162.148 JLINK_IsHalted()
T4E70 008:162.336 - 0.214ms returns FALSE
T4E70 008:271.680 JLINK_IsHalted()
T4E70 008:272.034 - 0.376ms returns FALSE
T4E70 008:272.068 JLINK_IsHalted()
T4E70 008:272.302 - 0.243ms returns FALSE
T4E70 008:380.538 JLINK_IsHalted()
T4E70 008:380.804 - 0.291ms returns FALSE
T4E70 008:380.845 JLINK_IsHalted()
T4E70 008:381.179 - 0.366ms returns FALSE
T4E70 008:490.075 JLINK_IsHalted()
T4E70 008:490.602 - 0.603ms returns FALSE
T4E70 008:490.713 JLINK_IsHalted()
T4E70 008:491.039 - 0.395ms returns FALSE
T4E70 008:599.614 JLINK_IsHalted()
T4E70 008:600.241 - 0.703ms returns FALSE
T4E70 008:600.331 JLINK_IsHalted()
T4E70 008:600.711 - 0.408ms returns FALSE
T4E70 008:708.799 JLINK_IsHalted()
T4E70 008:709.438 - 0.712ms returns FALSE
T4E70 008:709.545 JLINK_IsHalted()
T4E70 008:709.835 - 0.328ms returns FALSE
T4E70 008:818.378 JLINK_IsHalted()
T4E70 008:819.606 - 1.305ms returns FALSE
T4E70 008:819.708 JLINK_IsHalted()
T4E70 008:820.214 - 0.528ms returns FALSE
T4E70 008:927.907 JLINK_IsHalted()
T4E70 008:928.309 - 0.413ms returns FALSE
T4E70 008:928.329 JLINK_IsHalted()
T4E70 008:928.580 - 0.259ms returns FALSE
T4954 008:950.066 JLINK_IsHalted()
T4954 008:950.363 - 0.307ms returns FALSE
T4954 008:950.382 JLINK_IsHalted()
T4954 008:950.704 - 0.360ms returns FALSE
T4E70 009:037.399 JLINK_IsHalted()
T4E70 009:037.713 - 0.358ms returns FALSE
T4E70 009:037.785 JLINK_IsHalted()
T4E70 009:038.120 - 0.370ms returns FALSE
T4E70 009:145.964 JLINK_IsHalted()
T4E70 009:146.301 - 0.351ms returns FALSE
T4E70 009:146.327 JLINK_IsHalted()
T4E70 009:146.592 - 0.278ms returns FALSE
T4E70 009:255.337 JLINK_IsHalted()
T4E70 009:255.878 - 0.574ms returns FALSE
T4E70 009:255.925 JLINK_IsHalted()
T4E70 009:256.260 - 0.362ms returns FALSE
T4E70 009:364.673 JLINK_IsHalted()
T4E70 009:365.108 - 0.470ms returns FALSE
T4E70 009:365.162 JLINK_IsHalted()
T4E70 009:365.491 - 0.361ms returns FALSE
T4E70 009:474.478 JLINK_IsHalted()
T4E70 009:475.108 - 0.712ms returns FALSE
T4E70 009:475.228 JLINK_IsHalted()
T4E70 009:475.563 - 0.423ms returns FALSE
T4E70 009:584.213 JLINK_IsHalted()
T4E70 009:584.551 - 0.361ms returns FALSE
T4E70 009:584.585 JLINK_IsHalted()
T4E70 009:584.870 - 0.305ms returns FALSE
T4E70 009:693.483 JLINK_IsHalted()
T4E70 009:693.936 - 0.497ms returns FALSE
T4E70 009:694.001 JLINK_IsHalted()
T4E70 009:694.323 - 0.364ms returns FALSE
T4904 010:256.117 JLINK_Halt()
T4904 010:258.856 - 2.820ms returns 0x00
T4904 010:258.955 JLINK_ReadRegs_64(NumRegs = 1, Indexes: 
T4904 010:258.975   41)
T4904 010:259.023    -- CPSR=0x6000000C
T4904 010:259.051 - 0.105ms returns 0
T4904 010:268.943 JLINK_Close()
T4904 010:289.277 - 20.691ms
T4904 010:289.652   
T4904 010:289.669   Closed
