T3C78 000:001.039   SEGGER J-Link V7.92c Log File
T3C78 000:001.209   DLL Compiled: Aug 30 2023 14:52:37
T3C78 000:001.222   Logging started @ 2024-10-07 09:51
T3C78 000:001.235 - 1.233ms
T3C78 000:001.254 JLINK_GetDLLVersion()
T3C78 000:001.268 - 0.013ms returns 79203
T3C78 000:001.876 JLINK_OpenEx(...)
T3C78 000:012.809   Firmware: J-Link V11 compiled May 28 2024 15:36:02
T3C78 000:013.345   Firmware: J-Link V11 compiled May 28 2024 15:36:02
T3C78 000:017.201   Hardware: V11.00
T3C78 000:017.233   S/N: 51026937
T3C78 000:017.252   OEM: SEGGER
T3C78 000:017.270   Feature(s): GDB
T3C78 000:020.723   Bootloader: 2019 Jul 04
T3C78 000:021.174   USB speed mode: High speed (480 MBit/s)
T3C78 000:021.651   TELNET listener socket opened on port 19021
T3C78 000:021.884   WEBSRV WEBSRV_Init(): Starting webserver thread(s)
T3C78 000:022.105   WEBSRV Webserver running on local port 19080
T3C78 000:022.298   Looking for J-Link GUI Server exe at: C:\Users\a5134593\.eclipse\com.renesas.platform_2082541182\DebugComp\RZ\ARM\Segger_v7.92.3\JLinkGUIServer.exe
T3C78 000:022.455   Looking for J-Link GUI Server exe at: \JLinkGUIServer.exe
T3C78 000:322.498   Failed to connect to J-Link GUI Server.
T3C78 000:322.568 - 320.679ms returns "O.K."
T3C78 000:323.059 JLINK_ExecCommand("ProjectFile=C:\work_rza3ul\rza3_gcc_azure_rtos_examples-main\usbx_demo_hhid_rza3_fsp/usbx_demo_hhid_rza3_fsp Debug.jlink", ...). 
T3C78 000:346.108 - 23.053ms returns 0x00
T3C78 000:346.611 JLINK_ExecCommand("device=R9A07G063U02GBG?BankAddr=0x20000000&Loader=QuadSPI", ...). 
T3C78 000:346.642   Flash bank @ 0x20000000: Stored loader selection. Loader = QuadSPI
T3C78 000:347.962   Device "R9A07G063U02GBG" selected.
T3C78 000:349.817 - 3.181ms returns 0x00
T3C78 000:349.873 JLINK_ExecCommand("SetCPUConnectIDCODE = FFFFFFFFFFFFFFFFFFFFFFFFFFFFFFFF", ...). 
T3C78 000:349.894 - 0.003ms returns 0x00
T3C78 000:349.908 JLINK_TIF_GetAvailable(...)
T3C78 000:350.233 - 0.324ms
T3C78 000:350.266 JLINK_TIF_Select(JLINKARM_TIF_JTAG)
T3C78 000:351.559 - 1.291ms returns 0x00
T3C78 000:351.594 JLINK_SetSpeed(15000)
T3C78 000:352.146 - 0.553ms
T3C78 000:352.181 JLINK_SetEndian(ARM_ENDIAN_LITTLE)
T3C78 000:352.208 - 0.018ms returns 0
T3C78 000:352.326 JLINK_SetInitRegsOnReset(OFF)
T3C78 000:352.360 - 0.040ms returns 1
T3C78 000:352.376 JLINK_SetResetType(JLINKARM_RESET_TYPE_NORMAL)
T3C78 000:352.392 - 0.016ms returns JLINKARM_RESET_TYPE_NORMAL
T3C78 000:352.407 JLINK_ExecCommand("EnableFlashBPs", ...). 
T3C78 000:352.423 - 0.000ms returns 0x00
T3C78 000:352.437 JLINK_ExecCommand("SetAllowFlashCache = 1", ...). 
T3C78 000:352.455 - 0.000ms returns 0x01
T3C78 000:352.469 JLINK_ExecCommand("SetRestartOnClose = 0", ...). 
T3C78 000:352.486 - 0.001ms returns 0x01
T3C78 000:352.503 JLINK_EnableSoftBPs(ON)
T3C78 000:352.517 - 0.014ms
T3C78 000:352.531 JLINK_Connect()
T3C78 000:353.448   TotalIRLen = 4, IRPrint = 0x01
T3C78 000:354.072   JTAG chain detection found 1 devices:
T3C78 000:354.113    #0 Id: 0x6BA00477, IRLen: 04, CoreSight JTAG-DP
T3C78 000:354.945   DPv0 detected
T3C78 000:354.984   Scanning AP map to find all available APs
T3C78 000:356.109   AP[4]: Stopped AP scan as end of AP map has been reached
T3C78 000:356.183   AP[0]: APB-AP (IDR: 0x54770002)
T3C78 000:356.209   AP[1]: AXI-AP (IDR: 0x44770004)
T3C78 000:356.241   AP[2]: AHB-AP (IDR: 0x84770001)
T3C78 000:356.268   AP[3]: AHB-AP (IDR: 0x84770001)
T3C78 000:356.288   Iterating through AP map to find APB-AP to use
T3C78 000:356.306   AP[0]: APB-AP found
T3C78 000:356.340   No AP map specified by user. Setting auto-detected AP map.
T3C78 000:356.722   Scanning ROMTbl @ 0x10C00000
T3C78 000:357.824   [0]Comp[0] @ 0x10C10000: TSG
T3C78 000:358.455   [0]Comp[1] @ 0x10C20000: TMC
T3C78 000:359.028   [0]Comp[2] @ 0x10C30000: ETB
T3C78 000:359.483   [0]Comp[3] @ 0x10C40000: CSTF
T3C78 000:359.986   [0]Comp[4] @ 0x10C50000: CTI (?)
T3C78 000:360.488   [0]Comp[5] @ 0x10C60000: CTI (?)
T3C78 000:360.984   [0]Comp[6] @ 0x10E00000: ROM Table
T3C78 000:361.014   Scanning ROMTbl @ 0x10E00000
T3C78 000:362.158   [1]Comp[0] @ 0x10E10000: Cortex-A55
T3C78 000:362.607   [1]Comp[1] @ 0x10E20000: CSS600-CTI
T3C78 000:362.631   Core found. Stopped ROM table scan: https://wiki.segger.com/ROMTableScan
T3C78 000:362.660   Cortex-A55 @ 0x10E10000 (detected)
T3C78 000:362.680   CoreCTI @ 0x10E20000 (detected)
T3C78 000:362.975   Debug architecture: ARMv8.2
T3C78 000:362.999   6 code breakpoints, 4 data breakpoints
T3C78 000:363.154   Processor features:
T3C78 000:363.177     EL0 support: AArch64 + AArch32
T3C78 000:363.197     EL1 support: AArch64 + AArch32
T3C78 000:363.219     EL2 support: AArch64 + AArch32
T3C78 000:363.238     EL3 support: AArch64 + AArch32
T3C78 000:363.258     FPU support: Single + Double + Conversion + single arithmetic
T3C78 000:363.584   -- Max. mem block: 0x00004E40
T3C78 000:367.028   Current exception level: EL3
T3C78 000:367.068   Exception level AArch usage:
T3C78 000:367.088     EL0: AArch64
T3C78 000:367.108     EL1: AArch64
T3C78 000:367.128     EL2: AArch64
T3C78 000:367.147     EL3: AArch64
T3C78 000:367.166   Non-secure status: Secure
T3C78 000:367.503   Cache info:
T3C78 000:367.541     Inner cache boundary: L2
T3C78 000:367.561     LoU Uniprocessor: 0
T3C78 000:367.580     LoC: 2
T3C78 000:367.600     LoU Inner Shareable: 0
T3C78 000:368.313   I-Cache L1: 32 KB, 128 Sets, 64 Bytes/Line, 4-Way
T3C78 000:368.358   D-Cache L1: 32 KB, 128 Sets, 64 Bytes/Line, 4-Way
T3C78 000:368.379   Unified-Cache L2: 256 KB, 256 Sets, 64 Bytes/Line, 16-Way
T3C78 000:368.676   VMSAv8-64: Supports 48-bit VAs
T3C78 000:368.730 - 16.198ms returns 0x00
T3C78 000:368.749 JLINK_Halt()
T3C78 000:368.766 - 0.016ms returns 0x00
T3C78 000:368.781 JLINK_IsHalted()
T3C78 000:368.797 - 0.016ms returns TRUE
T3C78 000:368.812 JLINK_ResetPullsRESET(ON)
T3C78 000:368.824 - 0.012ms
T3C78 000:368.839 JLINK_Reset()
T3C78 000:491.909   Reset confused the core.
T3C78 000:493.119   Disabled core power domain detected.
T3C78 000:494.591   
  ***** Warning: 
T3C78 000:494.629   CPU not halted after Reset, halting using Halt request
T3C78 000:500.799 - 131.959ms
T3C78 000:500.856 JLINK_IsHalted()
T3C78 000:500.887 - 0.031ms returns TRUE
T3C78 000:501.208 JLINK_MeasureCPUSpeed(RAMAddr = 0xFFFFFFFF)
T3C78 000:501.255 - 0.047ms returns 0
T3C78 000:501.550 JLINK_ReadRegs_64(NumRegs = 1, Indexes: 
T3C78 000:501.599   41)
T3C78 000:501.661    -- CPSR=0x400003CD
T3C78 000:501.715 - 0.165ms returns 0
T3840 002:739.324 JLINK_BeginDownload(Flags = 0x00000000)
T3840 002:739.419 - 0.096ms
T3840 002:759.745 JLINK_WriteMem(0x20000000, 0xBD0 Bytes, ...)
T3840 002:759.810   Data:  68 86 00 00 FF FF FF FF FF FF FF FF FF FF FF FF ...
T3840 002:760.244   completely In flash
T3840 002:760.310 - 0.565ms returns 0xBD0
T3840 002:760.792 JLINK_WriteMem(0x20000BD0, 0xBC0 Bytes, ...)
T3840 002:760.830   Data:  A1 FF FF 97 F5 FF FF 17 63 01 80 12 F3 FF FF 17 ...
T3840 002:760.857   completely In flash
T3840 002:760.878 - 0.085ms returns 0xBC0
T3840 002:761.198 JLINK_WriteMem(0x20001790, 0xBB0 Bytes, ...)
T3840 002:761.229   Data:  FD 7B C3 A8 C0 03 5F D6 79 0D 00 94 29 FB FF 97 ...
T3840 002:761.252   completely In flash
T3840 002:761.271 - 0.072ms returns 0xBB0
T3840 002:761.560 JLINK_WriteMem(0x20002340, 0xBB0 Bytes, ...)
T3840 002:761.589   Data:  02 84 40 B8 42 00 04 0B 43 00 00 B9 3F 10 00 71 ...
T3840 002:761.612   completely In flash
T3840 002:761.649 - 0.088ms returns 0xBB0
T3840 002:761.961 JLINK_WriteMem(0x20002EF0, 0xBB0 Bytes, ...)
T3840 002:761.993   Data:  01 28 A2 F2 21 F0 00 91 20 40 5C B8 00 78 05 12 ...
T3840 002:762.017   completely In flash
T3840 002:762.036 - 0.075ms returns 0xBB0
T3840 002:762.328 JLINK_WriteMem(0x20003AA0, 0xBB0 Bytes, ...)
T3840 002:762.356   Data:  3F 08 00 71 00 04 00 54 C1 04 00 35 21 31 40 39 ...
T3840 002:762.376   completely In flash
T3840 002:762.395 - 0.067ms returns 0xBB0
T3840 002:762.643 JLINK_WriteMem(0x20004650, 0xBA0 Bytes, ...)
T3840 002:762.672   Data:  F3 53 01 A9 F7 63 03 A9 34 00 40 F9 C0 0B 00 35 ...
T3840 002:762.703   completely In flash
T3840 002:762.721 - 0.078ms returns 0xBA0
T3840 002:763.046 JLINK_WriteMem(0x200051F0, 0xBC0 Bytes, ...)
T3840 002:763.076   Data:  9C F3 7D 92 F0 FF FF 17 FC 03 13 AA F3 C2 34 8B ...
T3840 002:763.096   completely In flash
T3840 002:763.115 - 0.069ms returns 0xBC0
T3840 002:763.571 JLINK_WriteMem(0x20005DB0, 0xBE0 Bytes, ...)
T3840 002:763.638   Data:  90 00 00 00 01 02 00 01 94 00 00 00 02 40 10 80 ...
T3840 002:763.720   completely In flash
T3840 002:763.768 - 0.197ms returns 0xBE0
T3840 002:764.102 JLINK_WriteMem(0x20006990, 0xBE0 Bytes, ...)
T3840 002:764.121   Data:  80 06 00 00 22 3C 00 00 84 06 00 00 11 26 10 00 ...
T3840 002:764.141   completely In flash
T3840 002:764.159 - 0.057ms returns 0xBE0
T3840 002:764.461 JLINK_WriteMem(0x20007570, 0xBE0 Bytes, ...)
T3840 002:764.489   Data:  00 00 00 00 00 00 00 00 00 00 00 00 00 00 00 00 ...
T3840 002:764.513   completely In flash
T3840 002:764.532 - 0.071ms returns 0xBE0
T3840 002:764.743 JLINK_WriteMem(0x20008150, 0x718 Bytes, ...)
T3840 002:764.771   Data:  00 00 00 00 00 00 00 00 00 00 00 00 00 00 00 00 ...
T3840 002:764.791   completely In flash
T3840 002:764.810 - 0.066ms returns 0x718
T3840 002:770.946 JLINK_WriteMem(0x20020000, 0xBE0 Bytes, ...)
T3840 002:771.033   Data:  00 00 20 40 00 00 00 00 FF FF DF BF FF FF FF FF ...
T3840 002:771.062   completely In flash
T3840 002:771.082 - 0.138ms returns 0xBE0
T3840 002:771.669 JLINK_WriteMem(0x20020BE0, 0xBE0 Bytes, ...)
T3840 002:771.711   Data:  00 00 00 00 00 00 00 00 00 00 00 00 00 00 00 00 ...
T3840 002:771.733   completely In flash
T3840 002:771.753 - 0.083ms returns 0xBE0
T3840 002:771.973 JLINK_WriteMem(0x200217C0, 0xBE0 Bytes, ...)
T3840 002:771.991   Data:  1F 20 03 D5 1F 20 03 D5 1F 20 03 D5 1F 20 03 D5 ...
T3840 002:772.011   completely In flash
T3840 002:772.030 - 0.056ms returns 0xBE0
T3840 002:772.218 JLINK_WriteMem(0x200223A0, 0xBE0 Bytes, ...)
T3840 002:772.234   Data:  1F 20 03 D5 1F 20 03 D5 1F 20 03 D5 1F 20 03 D5 ...
T3840 002:772.255   completely In flash
T3840 002:772.274 - 0.055ms returns 0xBE0
T3840 002:772.590 JLINK_WriteMem(0x20022F80, 0xBB0 Bytes, ...)
T3840 002:772.628   Data:  E4 17 BF A9 E6 1F BF A9 E4 03 00 AA E1 8F 1F F8 ...
T3840 002:772.651   completely In flash
T3840 002:772.671 - 0.080ms returns 0xBB0
T3840 002:772.944 JLINK_WriteMem(0x20023B30, 0xBC0 Bytes, ...)
T3840 002:772.972   Data:  F3 53 41 A9 F5 13 40 F9 FD 7B C3 A8 C0 03 5F D6 ...
T3840 002:772.995   completely In flash
T3840 002:773.014 - 0.070ms returns 0xBC0
T3840 002:773.286 JLINK_WriteMem(0x200246F0, 0xBA0 Bytes, ...)
T3840 002:773.314   Data:  21 68 43 F9 21 48 63 38 63 00 00 10 61 88 21 8B ...
T3840 002:773.335   completely In flash
T3840 002:773.353 - 0.067ms returns 0xBA0
T3840 002:773.568 JLINK_WriteMem(0x20025290, 0xBB0 Bytes, ...)
T3840 002:773.586   Data:  FD 7B C7 A8 C0 03 5F D6 F3 53 01 A9 F4 03 01 AA ...
T3840 002:773.606   completely In flash
T3840 002:773.625 - 0.056ms returns 0xBB0
T3840 002:773.833 JLINK_WriteMem(0x20025E40, 0xBB0 Bytes, ...)
T3840 002:773.850   Data:  E4 07 9F 1A 5F 00 00 F1 E1 07 9F 1A 9F 00 01 6A ...
T3840 002:773.884   completely In flash
T3840 002:773.905 - 0.072ms returns 0xBB0
T3840 002:774.110 JLINK_WriteMem(0x200269F0, 0xBA0 Bytes, ...)
T3840 002:774.126   Data:  41 0C 40 B9 21 28 40 F9 A1 FF FF B5 E0 03 16 AA ...
T3840 002:774.145   completely In flash
T3840 002:774.164 - 0.054ms returns 0xBA0
T3840 002:774.370 JLINK_WriteMem(0x20027590, 0xBB0 Bytes, ...)
T3840 002:774.387   Data:  E4 03 00 2A CF FF FF 17 E1 03 02 AA CB 05 00 94 ...
T3840 002:774.409   completely In flash
T3840 002:774.429 - 0.058ms returns 0xBB0
T3840 002:774.634 JLINK_WriteMem(0x20028140, 0xBB0 Bytes, ...)
T3840 002:774.651   Data:  F8 01 24 40 00 00 00 00 FD 7B BE A9 FD 03 00 91 ...
T3840 002:774.671   completely In flash
T3840 002:774.690 - 0.055ms returns 0xBB0
T3840 002:774.895 JLINK_WriteMem(0x20028CF0, 0xBB0 Bytes, ...)
T3840 002:774.913   Data:  20 00 80 52 D0 18 00 94 80 0A 40 B9 16 00 1F 12 ...
T3840 002:774.939   completely In flash
T3840 002:774.959 - 0.063ms returns 0xBB0
T3840 002:775.195 JLINK_WriteMem(0x200298A0, 0xBB0 Bytes, ...)
T3840 002:775.211   Data:  60 02 00 35 BF 6E 00 F9 BF E2 00 B9 40 01 80 52 ...
T3840 002:775.232   completely In flash
T3840 002:775.251 - 0.056ms returns 0xBB0
T3840 002:775.465 JLINK_WriteMem(0x2002A450, 0xBB0 Bytes, ...)
T3840 002:775.481   Data:  42 0E 80 52 E1 00 80 52 40 00 80 52 63 12 00 94 ...
T3840 002:775.502   completely In flash
T3840 002:775.521 - 0.055ms returns 0xBB0
T3840 002:775.752 JLINK_WriteMem(0x2002B000, 0xBB0 Bytes, ...)
T3840 002:775.769   Data:  FD 7B BD A9 FD 03 00 91 F3 53 01 A9 F5 13 00 F9 ...
T3840 002:775.789   completely In flash
T3840 002:775.808 - 0.055ms returns 0xBB0
T3840 002:776.021 JLINK_WriteMem(0x2002BBB0, 0xBA0 Bytes, ...)
T3840 002:776.037   Data:  E1 03 14 AA 80 06 40 F9 42 04 00 94 00 00 00 90 ...
T3840 002:776.058   completely In flash
T3840 002:776.077 - 0.055ms returns 0xBA0
T3840 002:776.299 JLINK_WriteMem(0x2002C750, 0xBB0 Bytes, ...)
T3840 002:776.317   Data:  81 00 80 52 40 00 80 52 A4 09 00 94 20 08 80 52 ...
T3840 002:776.336   completely In flash
T3840 002:776.355 - 0.056ms returns 0xBB0
T3840 002:776.573 JLINK_WriteMem(0x2002D300, 0xBC0 Bytes, ...)
T3840 002:776.589   Data:  E1 6F 00 B9 61 4A 40 B9 E1 73 00 B9 E0 E3 00 91 ...
T3840 002:776.610   completely In flash
T3840 002:776.629 - 0.055ms returns 0xBC0
T3840 002:776.833 JLINK_WriteMem(0x2002DEC0, 0xBA0 Bytes, ...)
T3840 002:776.849   Data:  00 00 00 90 13 24 47 F9 74 02 40 F9 02 00 81 52 ...
T3840 002:776.870   completely In flash
T3840 002:776.889 - 0.056ms returns 0xBA0
T3840 002:777.092 JLINK_WriteMem(0x2002EA60, 0xBB0 Bytes, ...)
T3840 002:777.108   Data:  01 00 80 D2 45 FB FF 97 60 6A 40 B9 21 00 80 52 ...
T3840 002:777.128   completely In flash
T3840 002:777.147 - 0.055ms returns 0xBB0
T3840 002:777.354 JLINK_WriteMem(0x2002F610, 0xBA0 Bytes, ...)
T3840 002:777.371   Data:  20 04 00 54 00 00 00 90 00 6C 42 F9 00 00 40 F9 ...
T3840 002:777.390   completely In flash
T3840 002:777.409 - 0.055ms returns 0xBA0
T3840 002:777.615 JLINK_WriteMem(0x200301B0, 0xBA0 Bytes, ...)
T3840 002:777.632   Data:  3F 14 00 F9 01 4C 40 B9 3F 34 00 71 21 FD FF 54 ...
T3840 002:777.654   completely In flash
T3840 002:777.672 - 0.057ms returns 0xBA0
T3840 002:777.876 JLINK_WriteMem(0x20030D50, 0xBB0 Bytes, ...)
T3840 002:777.892   Data:  61 16 40 F9 61 00 00 B4 21 48 40 B9 61 4A 00 B9 ...
T3840 002:777.915   completely In flash
T3840 002:777.934 - 0.057ms returns 0xBB0
T3840 002:778.136 JLINK_WriteMem(0x20031900, 0xBA0 Bytes, ...)
T3840 002:778.152   Data:  F3 0B 40 F9 FD 7B C2 A8 C0 03 5F D6 1F 20 03 D5 ...
T3840 002:778.171   completely In flash
T3840 002:778.190 - 0.054ms returns 0xBA0
T3840 002:778.393 JLINK_WriteMem(0x200324A0, 0xBC0 Bytes, ...)
T3840 002:778.410   Data:  E1 03 80 52 E7 FF FF 17 00 0C 00 F9 00 10 00 F9 ...
T3840 002:778.466   completely In flash
T3840 002:778.486 - 0.093ms returns 0xBC0
T3840 002:778.696 JLINK_WriteMem(0x20033060, 0xBB0 Bytes, ...)
T3840 002:778.712   Data:  C0 03 5F D6 C0 01 80 52 C0 03 5F D6 1F 20 03 D5 ...
T3840 002:778.734   completely In flash
T3840 002:778.752 - 0.056ms returns 0xBB0
T3840 002:778.956 JLINK_WriteMem(0x20033C10, 0xBC0 Bytes, ...)
T3840 002:778.972   Data:  F3 38 A2 D2 60 02 48 B9 00 78 00 12 60 02 08 B9 ...
T3840 002:778.992   completely In flash
T3840 002:779.011 - 0.054ms returns 0xBC0
T3840 002:779.217 JLINK_WriteMem(0x200347D0, 0xBA0 Bytes, ...)
T3840 002:779.233   Data:  FD FF FF 17 FD 7B BC A9 FD 03 00 91 F3 53 01 A9 ...
T3840 002:779.252   completely In flash
T3840 002:779.275 - 0.058ms returns 0xBA0
T3840 002:779.656 JLINK_WriteMem(0x20035370, 0xBB0 Bytes, ...)
T3840 002:779.673   Data:  E3 03 16 2A E2 03 14 2A E1 73 40 B9 00 10 85 D2 ...
T3840 002:779.693   completely In flash
T3840 002:779.712 - 0.056ms returns 0xBB0
T3840 002:779.916 JLINK_WriteMem(0x20035F20, 0xBD0 Bytes, ...)
T3840 002:779.931   Data:  73 1E 00 12 EC FF FF 17 A5 02 00 94 F4 03 00 AA ...
T3840 002:780.049   completely In flash
T3840 002:780.069 - 0.153ms returns 0xBD0
T3840 002:780.281 JLINK_WriteMem(0x20036AF0, 0xBB0 Bytes, ...)
T3840 002:780.299   Data:  00 F0 0F 51 1F 0C 00 71 09 02 00 54 36 00 80 52 ...
T3840 002:780.320   completely In flash
T3840 002:780.339 - 0.057ms returns 0xBB0
T3840 002:780.542 JLINK_WriteMem(0x200376A0, 0xBB0 Bytes, ...)
T3840 002:780.571   Data:  F3 53 41 A9 FD 7B C2 A8 C0 03 5F D6 00 00 00 00 ...
T3840 002:780.590   completely In flash
T3840 002:780.610 - 0.068ms returns 0xBB0
T3840 002:780.916 JLINK_WriteMem(0x20038250, 0xBC0 Bytes, ...)
T3840 002:780.951   Data:  E1 04 5F F8 00 04 00 51 3F 00 07 EB 01 34 00 54 ...
T3840 002:780.974   completely In flash
T3840 002:780.993 - 0.076ms returns 0xBC0
T3840 002:781.323 JLINK_WriteMem(0x20038E10, 0xBC0 Bytes, ...)
T3840 002:781.350   Data:  E9 BB 00 B9 E8 C3 00 B9 EB CB 00 B9 EA 6B 00 F9 ...
T3840 002:781.370   completely In flash
T3840 002:781.393 - 0.080ms returns 0xBC0
T3840 002:781.661 JLINK_WriteMem(0x200399D0, 0xBB0 Bytes, ...)
T3840 002:781.679   Data:  E1 77 80 B9 01 00 00 F9 13 FC FF 17 EB 03 18 2A ...
T3840 002:781.711   completely In flash
T3840 002:781.730 - 0.068ms returns 0xBB0
T3840 002:782.021 JLINK_WriteMem(0x2003A580, 0xBC0 Bytes, ...)
T3840 002:782.038   Data:  E8 03 1A 2A EB BB 40 B9 EA 03 18 AA F7 63 00 34 ...
T3840 002:782.070   completely In flash
T3840 002:782.088 - 0.066ms returns 0xBC0
T3840 002:782.381 JLINK_WriteMem(0x2003B140, 0xBC0 Bytes, ...)
T3840 002:782.400   Data:  1F 03 01 6B AB 17 00 54 E0 AB 40 B9 3F 01 40 F2 ...
T3840 002:782.421   completely In flash
T3840 002:782.440 - 0.059ms returns 0xBC0
T3840 002:782.734 JLINK_WriteMem(0x2003BD00, 0xBC0 Bytes, ...)
T3840 002:782.753   Data:  40 08 40 F9 F3 53 01 A9 F4 03 01 AA F9 6B 04 A9 ...
T3840 002:782.772   completely In flash
T3840 002:782.790 - 0.055ms returns 0xBC0
T3840 002:783.001 JLINK_WriteMem(0x2003C8C0, 0xBC0 Bytes, ...)
T3840 002:783.017   Data:  FD 7B BD A9 FD 03 00 91 F3 53 01 A9 F4 03 00 AA ...
T3840 002:783.037   completely In flash
T3840 002:783.055 - 0.054ms returns 0xBC0
T3840 002:783.260 JLINK_WriteMem(0x2003D480, 0xBD0 Bytes, ...)
T3840 002:783.276   Data:  A5 00 01 4B AB FE FF 17 E2 03 02 4B 00 20 C2 1A ...
T3840 002:783.296   completely In flash
T3840 002:783.314 - 0.053ms returns 0xBD0
T3840 002:783.517 JLINK_WriteMem(0x2003E050, 0xBD0 Bytes, ...)
T3840 002:783.533   Data:  F5 03 01 AA F6 03 00 AA E4 78 65 B8 83 3C 00 12 ...
T3840 002:783.552   completely In flash
T3840 002:783.571 - 0.054ms returns 0xBD0
T3840 002:783.884 JLINK_WriteMem(0x2003EC20, 0xBD0 Bytes, ...)
T3840 002:783.907   Data:  21 F8 7F 92 01 03 01 8B 3F 00 02 EB 40 11 00 54 ...
T3840 002:783.927   completely In flash
T3840 002:783.945 - 0.061ms returns 0xBD0
T3840 002:784.173 JLINK_WriteMem(0x2003F7F0, 0xBE0 Bytes, ...)
T3840 002:784.200   Data:  00 0D 00 54 84 0C 00 B5 22 0C 40 92 5F 10 00 F1 ...
T3840 002:784.220   completely In flash
T3840 002:784.239 - 0.065ms returns 0xBE0
T3840 002:784.444 JLINK_WriteMem(0x200403D0, 0xBE0 Bytes, ...)
T3840 002:784.462   Data:  00 04 03 06 02 0B 00 00 00 04 03 06 03 0B 00 00 ...
T3840 002:784.481   completely In flash
T3840 002:784.500 - 0.055ms returns 0xBE0
T3840 002:784.685 JLINK_WriteMem(0x20040FB0, 0xBE0 Bytes, ...)
T3840 002:784.701   Data:  00 00 00 00 00 00 00 00 00 00 00 00 00 00 00 00 ...
T3840 002:784.721   completely In flash
T3840 002:784.740 - 0.054ms returns 0xBE0
T3840 002:784.920 JLINK_WriteMem(0x20041B90, 0xBE0 Bytes, ...)
T3840 002:784.936   Data:  00 00 00 00 00 00 00 00 00 00 00 00 00 00 00 00 ...
T3840 002:784.956   completely In flash
T3840 002:784.975 - 0.054ms returns 0xBE0
T3840 002:785.211 JLINK_WriteMem(0x20042770, 0xBE0 Bytes, ...)
T3840 002:785.235   Data:  00 00 00 00 00 00 00 00 00 00 00 00 00 00 00 00 ...
T3840 002:785.257   completely In flash
T3840 002:785.277 - 0.066ms returns 0xBE0
T3840 002:785.471 JLINK_WriteMem(0x20043350, 0xBE0 Bytes, ...)
T3840 002:785.489   Data:  00 00 00 00 00 00 00 00 00 00 00 00 00 00 00 00 ...
T3840 002:785.563   completely In flash
T3840 002:785.583 - 0.112ms returns 0xBE0
T3840 002:785.823 JLINK_WriteMem(0x20043F30, 0xBE0 Bytes, ...)
T3840 002:785.852   Data:  00 00 00 00 00 00 00 00 00 00 00 00 00 00 00 00 ...
T3840 002:785.872   completely In flash
T3840 002:785.891 - 0.068ms returns 0xBE0
T3840 002:786.086 JLINK_WriteMem(0x20044B10, 0xBE0 Bytes, ...)
T3840 002:786.102   Data:  00 00 00 00 00 00 00 00 00 00 00 00 00 00 00 00 ...
T3840 002:786.122   completely In flash
T3840 002:786.141 - 0.055ms returns 0xBE0
T3840 002:786.370 JLINK_WriteMem(0x200456F0, 0xBE0 Bytes, ...)
T3840 002:786.399   Data:  00 00 00 00 00 00 00 00 00 00 00 00 00 00 00 00 ...
T3840 002:786.425   completely In flash
T3840 002:786.450 - 0.079ms returns 0xBE0
T3840 002:786.655 JLINK_WriteMem(0x200462D0, 0xBE0 Bytes, ...)
T3840 002:786.675   Data:  00 00 00 00 00 00 00 00 00 00 00 00 00 00 00 00 ...
T3840 002:786.695   completely In flash
T3840 002:786.714 - 0.058ms returns 0xBE0
T3840 002:787.038 JLINK_WriteMem(0x20046EB0, 0xBE0 Bytes, ...)
T3840 002:787.084   Data:  00 00 00 00 00 00 00 00 00 00 00 00 00 00 00 00 ...
T3840 002:787.116   completely In flash
T3840 002:787.143 - 0.105ms returns 0xBE0
T3840 002:787.457 JLINK_WriteMem(0x20047A90, 0xBE0 Bytes, ...)
T3840 002:787.490   Data:  00 00 00 00 00 00 00 00 00 00 00 00 00 00 00 00 ...
T3840 002:787.512   completely In flash
T3840 002:787.533 - 0.076ms returns 0xBE0
T3840 002:787.801 JLINK_WriteMem(0x20048670, 0xBE0 Bytes, ...)
T3840 002:787.837   Data:  00 00 00 00 00 00 00 00 00 00 00 00 00 00 00 00 ...
T3840 002:787.865   completely In flash
T3840 002:787.891 - 0.091ms returns 0xBE0
T3840 002:788.120 JLINK_WriteMem(0x20049250, 0xBE0 Bytes, ...)
T3840 002:788.144   Data:  00 00 00 00 00 00 00 00 00 00 00 00 00 00 00 00 ...
T3840 002:788.164   completely In flash
T3840 002:788.182 - 0.062ms returns 0xBE0
T3840 002:788.367 JLINK_WriteMem(0x20049E30, 0xBE0 Bytes, ...)
T3840 002:788.384   Data:  00 00 00 00 00 00 00 00 00 00 00 00 00 00 00 00 ...
T3840 002:788.404   completely In flash
T3840 002:788.423 - 0.056ms returns 0xBE0
T3840 002:788.608 JLINK_WriteMem(0x2004AA10, 0xBE0 Bytes, ...)
T3840 002:788.625   Data:  00 00 00 00 00 00 00 00 00 00 00 00 00 00 00 00 ...
T3840 002:788.644   completely In flash
T3840 002:788.663 - 0.055ms returns 0xBE0
T3840 002:788.849 JLINK_WriteMem(0x2004B5F0, 0xBE0 Bytes, ...)
T3840 002:788.866   Data:  00 00 00 00 00 00 00 00 00 00 00 00 00 00 00 00 ...
T3840 002:788.886   completely In flash
T3840 002:788.905 - 0.056ms returns 0xBE0
T3840 002:789.112 JLINK_WriteMem(0x2004C1D0, 0xBE0 Bytes, ...)
T3840 002:789.131   Data:  00 00 00 00 00 00 00 00 00 00 00 00 00 00 00 00 ...
T3840 002:789.151   completely In flash
T3840 002:789.170 - 0.057ms returns 0xBE0
T3840 002:789.355 JLINK_WriteMem(0x2004CDB0, 0xBE0 Bytes, ...)
T3840 002:789.371   Data:  00 00 00 00 00 00 00 00 00 00 00 00 00 00 00 00 ...
T3840 002:789.390   completely In flash
T3840 002:789.411 - 0.056ms returns 0xBE0
T3840 002:789.645 JLINK_WriteMem(0x2004D990, 0xBE0 Bytes, ...)
T3840 002:789.662   Data:  00 00 00 00 00 00 00 00 00 00 00 00 00 00 00 00 ...
T3840 002:789.681   completely In flash
T3840 002:789.699 - 0.054ms returns 0xBE0
T3840 002:789.886 JLINK_WriteMem(0x2004E570, 0xBE0 Bytes, ...)
T3840 002:789.904   Data:  00 00 00 00 00 00 00 00 00 00 00 00 00 00 00 00 ...
T3840 002:789.923   completely In flash
T3840 002:789.942 - 0.055ms returns 0xBE0
T3840 002:790.162 JLINK_WriteMem(0x2004F150, 0xBE0 Bytes, ...)
T3840 002:790.187   Data:  00 00 00 00 00 00 00 00 00 00 00 00 00 00 00 00 ...
T3840 002:790.207   completely In flash
T3840 002:790.225 - 0.063ms returns 0xBE0
T3840 002:790.422 JLINK_WriteMem(0x2004FD30, 0xBE0 Bytes, ...)
T3840 002:790.438   Data:  00 00 00 00 00 00 00 00 00 00 00 00 00 00 00 00 ...
T3840 002:790.457   completely In flash
T3840 002:790.476 - 0.054ms returns 0xBE0
T3840 002:790.660 JLINK_WriteMem(0x20050910, 0xBE0 Bytes, ...)
T3840 002:790.676   Data:  00 00 00 00 00 00 00 00 00 00 00 00 00 00 00 00 ...
T3840 002:790.748   completely In flash
T3840 002:790.767 - 0.106ms returns 0xBE0
T3840 002:790.958 JLINK_WriteMem(0x200514F0, 0xBE0 Bytes, ...)
T3840 002:790.976   Data:  00 00 00 00 00 00 00 00 00 00 00 00 00 00 00 00 ...
T3840 002:790.996   completely In flash
T3840 002:791.016 - 0.057ms returns 0xBE0
T3840 002:791.241 JLINK_WriteMem(0x200520D0, 0xBE0 Bytes, ...)
T3840 002:791.266   Data:  00 00 00 00 00 00 00 00 00 00 00 00 00 00 00 00 ...
T3840 002:791.285   completely In flash
T3840 002:791.304 - 0.063ms returns 0xBE0
T3840 002:791.496 JLINK_WriteMem(0x20052CB0, 0xBE0 Bytes, ...)
T3840 002:791.512   Data:  00 00 00 00 00 00 00 00 00 00 00 00 00 00 00 00 ...
T3840 002:791.533   completely In flash
T3840 002:791.552 - 0.055ms returns 0xBE0
T3840 002:791.736 JLINK_WriteMem(0x20053890, 0xBE0 Bytes, ...)
T3840 002:791.752   Data:  00 00 00 00 00 00 00 00 00 00 00 00 00 00 00 00 ...
T3840 002:791.772   completely In flash
T3840 002:791.791 - 0.054ms returns 0xBE0
T3840 002:791.974 JLINK_WriteMem(0x20054470, 0xBE0 Bytes, ...)
T3840 002:791.993   Data:  00 00 00 00 00 00 00 00 00 00 00 00 00 00 00 00 ...
T3840 002:792.013   completely In flash
T3840 002:792.031 - 0.057ms returns 0xBE0
T3840 002:792.217 JLINK_WriteMem(0x20055050, 0xBE0 Bytes, ...)
T3840 002:792.233   Data:  00 00 00 00 00 00 00 00 00 00 00 00 00 00 00 00 ...
T3840 002:792.252   completely In flash
T3840 002:792.272 - 0.055ms returns 0xBE0
T3840 002:792.453 JLINK_WriteMem(0x20055C30, 0xBE0 Bytes, ...)
T3840 002:792.468   Data:  00 00 00 00 00 00 00 00 00 00 00 00 00 00 00 00 ...
T3840 002:792.488   completely In flash
T3840 002:792.506 - 0.053ms returns 0xBE0
T3840 002:792.687 JLINK_WriteMem(0x20056810, 0xBE0 Bytes, ...)
T3840 002:792.703   Data:  00 00 00 00 00 00 00 00 00 00 00 00 00 00 00 00 ...
T3840 002:792.722   completely In flash
T3840 002:792.741 - 0.054ms returns 0xBE0
T3840 002:792.924 JLINK_WriteMem(0x200573F0, 0xBE0 Bytes, ...)
T3840 002:792.940   Data:  00 00 00 00 00 00 00 00 00 00 00 00 00 00 00 00 ...
T3840 002:792.959   completely In flash
T3840 002:792.978 - 0.054ms returns 0xBE0
T3840 002:793.194 JLINK_WriteMem(0x20057FD0, 0xBE0 Bytes, ...)
T3840 002:793.210   Data:  00 00 00 00 00 00 00 00 00 00 00 00 00 00 00 00 ...
T3840 002:793.230   completely In flash
T3840 002:793.248 - 0.054ms returns 0xBE0
T3840 002:793.434 JLINK_WriteMem(0x20058BB0, 0xBE0 Bytes, ...)
T3840 002:793.450   Data:  00 00 00 00 00 00 00 00 00 00 00 00 00 00 00 00 ...
T3840 002:793.469   completely In flash
T3840 002:793.488 - 0.054ms returns 0xBE0
T3840 002:793.671 JLINK_WriteMem(0x20059790, 0xBE0 Bytes, ...)
T3840 002:793.687   Data:  00 00 00 00 00 00 00 00 00 00 00 00 00 00 00 00 ...
T3840 002:793.706   completely In flash
T3840 002:793.725 - 0.054ms returns 0xBE0
T3840 002:793.907 JLINK_WriteMem(0x2005A370, 0xBE0 Bytes, ...)
T3840 002:793.923   Data:  00 00 00 00 00 00 00 00 00 00 00 00 00 00 00 00 ...
T3840 002:793.943   completely In flash
T3840 002:793.962 - 0.054ms returns 0xBE0
T3840 002:794.144 JLINK_WriteMem(0x2005AF50, 0xBE0 Bytes, ...)
T3840 002:794.160   Data:  00 00 00 00 00 00 00 00 00 00 00 00 00 00 00 00 ...
T3840 002:794.181   completely In flash
T3840 002:794.199 - 0.055ms returns 0xBE0
T3840 002:794.380 JLINK_WriteMem(0x2005BB30, 0xBE0 Bytes, ...)
T3840 002:794.396   Data:  00 00 00 00 00 00 00 00 00 00 00 00 00 00 00 00 ...
T3840 002:794.415   completely In flash
T3840 002:794.434 - 0.053ms returns 0xBE0
T3840 002:794.615 JLINK_WriteMem(0x2005C710, 0xBE0 Bytes, ...)
T3840 002:794.631   Data:  00 00 00 00 00 00 00 00 00 00 00 00 00 00 00 00 ...
T3840 002:794.650   completely In flash
T3840 002:794.669 - 0.054ms returns 0xBE0
T3840 002:794.850 JLINK_WriteMem(0x2005D2F0, 0xBE0 Bytes, ...)
T3840 002:794.866   Data:  00 00 00 00 00 00 00 00 00 00 00 00 00 00 00 00 ...
T3840 002:794.885   completely In flash
T3840 002:794.910 - 0.060ms returns 0xBE0
T3840 002:795.095 JLINK_WriteMem(0x2005DED0, 0xBE0 Bytes, ...)
T3840 002:795.112   Data:  00 00 00 00 00 00 00 00 00 00 00 00 00 00 00 00 ...
T3840 002:795.181   completely In flash
T3840 002:795.200 - 0.105ms returns 0xBE0
T3840 002:795.390 JLINK_WriteMem(0x2005EAB0, 0xBE0 Bytes, ...)
T3840 002:795.407   Data:  00 00 00 00 00 00 00 00 00 00 00 00 00 00 00 00 ...
T3840 002:795.427   completely In flash
T3840 002:795.446 - 0.055ms returns 0xBE0
T3840 002:795.631 JLINK_WriteMem(0x2005F690, 0xBE0 Bytes, ...)
T3840 002:795.647   Data:  00 00 00 00 00 00 00 00 00 00 00 00 00 00 00 00 ...
T3840 002:795.667   completely In flash
T3840 002:795.686 - 0.055ms returns 0xBE0
T3840 002:795.868 JLINK_WriteMem(0x20060270, 0xBE0 Bytes, ...)
T3840 002:795.884   Data:  00 00 00 00 41 42 43 44 45 46 47 48 49 4A 4B 4C ...
T3840 002:795.905   completely In flash
T3840 002:795.924 - 0.056ms returns 0xBE0
T3840 002:796.125 JLINK_WriteMem(0x20060E50, 0xAE0 Bytes, ...)
T3840 002:796.142   Data:  00 00 00 00 00 00 00 00 00 00 00 00 00 00 00 00 ...
T3840 002:796.162   completely In flash
T3840 002:796.181 - 0.056ms returns 0xAE0
T3840 002:796.364 JLINK_WriteMem(0x20061930, 0xBE0 Bytes, ...)
T3840 002:796.380   Data:  50 6D 21 40 00 00 00 00 50 6D 21 40 00 00 00 00 ...
T3840 002:796.399   completely In flash
T3840 002:796.418 - 0.054ms returns 0xBE0
T3840 002:796.600 JLINK_WriteMem(0x20062510, 0xBE0 Bytes, ...)
T3840 002:796.616   Data:  50 6D 21 40 00 00 00 00 50 6D 21 40 00 00 00 00 ...
T3840 002:796.739   completely In flash
T3840 002:796.761 - 0.161ms returns 0xBE0
T3840 002:796.923 JLINK_WriteMem(0x200630F0, 0x768 Bytes, ...)
T3840 002:796.941   Data:  00 00 00 00 00 00 00 00 00 00 00 00 00 00 00 00 ...
T3840 002:796.960   completely In flash
T3840 002:796.987 - 0.063ms returns 0x768
T3840 002:818.601 JLINK_EndDownload()
T3840 002:818.998    -- --------------------------------------
T3840 002:819.031    -- Flash bank @ 0x20000000: Default: L2 verify disabled because algorithm performs L1 verify
T3840 002:819.052    -- Start of determining dirty areas in flash cache
T3840 002:819.079    -- Filling invalid ranges in sector buffer (flash cache) for sector @ 0x20000000 if necessary
T3840 002:819.108    -- Filling invalid ranges in sector buffer (flash cache) for sector @ 0x20020000 if necessary
T3840 002:819.127    -- Filling invalid ranges in sector buffer (flash cache) for sector @ 0x20030000 if necessary
T3840 002:819.147    -- Filling invalid ranges in sector buffer (flash cache) for sector @ 0x20040000 if necessary
T3840 002:819.167    -- Filling invalid ranges in sector buffer (flash cache) for sector @ 0x20050000 if necessary
T3840 002:819.187    -- Filling invalid ranges in sector buffer (flash cache) for sector @ 0x20060000 if necessary
T3840 002:821.193    -- End of determining dirty areas
T3840 002:821.286    -- Start of preparing flash programming
T3840 002:821.312    -- Calculating RAM usage
T3840 002:821.503    -- RAM usage = 20656 Bytes
T3840 002:821.548    -- Preserving CPU registers
T3840 002:821.629    -- Preparing target
T3840 002:821.655    -- Preserving target RAM temporarily used for programming
T3840 002:934.114    -- Downloading RAMCode
T3840 002:957.425    -- Preparing RAMCode
T3840 002:966.145    -- End of preparing flash programming
T3840 002:966.223    -- CPU speed could not be measured.
T3840 002:966.244    -- Start of comparing flash
T3840 002:966.263    -- CRC check was estimated as fastest method
T3840 002:966.283    -- Comparing range 0x20000000 - 0x2000FFFF (1 Sector, 64 KB), using single-block CRC calculation
T3840 003:066.173    -- CRC matches
T3840 003:066.249    -- Comparing range 0x20020000 - 0x2003FFFF (2 Sectors, 128 KB), using single-block CRC calculation
T3840 003:262.850    -- CRC does not match, checking individual sectors
T3840 003:362.847    -- CRC does not match for sector 2
T3840 003:462.929    -- CRC does not match for sector 3
T3840 003:463.009    -- Comparing range 0x20040000 - 0x2005FFFF (2 Sectors, 128 KB), using single-block CRC calculation
T3840 003:659.643    -- CRC does not match, checking individual sectors
T3840 003:760.169    -- CRC does not match for sector 4
T3840 003:860.176    -- CRC does not match for sector 5
T3840 003:860.261    -- Comparing range 0x20060000 - 0x2006FFFF (1 Sector, 64 KB), using single-block CRC calculation
T3840 003:960.297    -- CRC does not match for sector 6
T3840 003:960.384    -- Comparing range 0x20000000 - 0x2000FFFF (1 Sector, 64 KB), using alternative single-block CRC calculation
T3840 004:060.116    -- CRC matches
T3840 004:060.169    -- End of comparing flash
T3840 004:060.191    -- Start of erasing sectors
T3840 004:060.212    -- Erasing range 0x20020000 - 0x2003FFFF (  2 Sectors, 128 KB)
T3840 004:989.109    -- Erasing range 0x20040000 - 0x2005FFFF (  2 Sectors, 128 KB)
T3840 005:894.549    -- Erasing range 0x20060000 - 0x2006FFFF (  1 Sector, 64 KB)
T3840 006:349.298    -- End of erasing sectors
T3840 006:349.383    -- Start of flash programming
T3840 006:349.403    -- Programming range 0x20020000 - 0x2002FFFF (  1 Sector, 64 KB)
T3840 006:832.833    -- Programming range 0x20030000 - 0x2003FFFF (  1 Sector, 64 KB)
T3840 007:309.597    -- Programming range 0x20040000 - 0x2004FFFF (  1 Sector, 64 KB)
T3840 007:813.401    -- Programming range 0x20050000 - 0x2005FFFF (  1 Sector, 64 KB)
T3840 008:310.844    -- Programming range 0x20060000 - 0x2006FFFF (  1 Sector, 64 KB)
T3840 008:430.721    -- End of flash programming
T3840 008:430.807    -- 0x20020000 - 0x2006FFFF (  5 Sectors, 320 KB)
T3840 008:430.827    -- Start of restoring
T3840 008:430.848    -- Restoring RAMCode
T3840 008:434.026    -- Restoring target memory
T3840 008:458.692    -- Restore target
T3840 008:458.769    -- Restoring CPU registers
T3840 008:458.806    -- End of restoring
T3840 008:458.827    -- Bank 0 @ 0x20000000: 1 range affected (327680 bytes)
T3840 008:458.848    -- Total: 5.637s (Prepare: 0.144s, Compare: 1.093s, Erase: 2.289s, Program & Verify: 2.081s, Restore: 0.027s)
T3840 008:458.867    -- Program & Verify speed: 153 KB/s
T3840 008:459.285 - 5640.683ms returns 327680 (0x50000)
T3840 008:460.009 JLINK_WriteRegs_64(NumRegs = 1, Indexes: 
T3840 008:460.093   33)
T3840 008:460.137    -- PC=0x020000000
T3840 008:460.157 - 0.149ms returns 0
T3840 008:460.178 JLINK_WriteRegs_64(NumRegs = 1, Indexes: 
T3840 008:460.191   33)
T3840 008:460.213    -- PC=0x020020000
T3840 008:460.234 - 0.056ms returns 0
T3840 008:460.913 JLINK_SetEndian(ARM_ENDIAN_LITTLE)
T3840 008:460.965 - 0.051ms returns 0
T3840 008:490.098 JLINK_ReadMem(0x20020000, 0x40 Bytes, ...)
T3840 008:490.158    -- Read from flash cache (64 bytes @ 0x20020000)
T3840 008:490.180   Data:  00 00 20 40 00 00 00 00 FF FF DF BF FF FF FF FF ...
T3840 008:490.201 - 0.103ms returns 0
T3840 008:504.037 JLINK_ReadMem(0x20020000, 0x40 Bytes, ...)
T3840 008:504.112    -- Read from flash cache (64 bytes @ 0x20020000)
T3840 008:504.134   Data:  00 00 20 40 00 00 00 00 FF FF DF BF FF FF FF FF ...
T3840 008:504.153 - 0.116ms returns 0
T3840 008:999.659 JLINK_GetNumBPUnits(Type = 0xFFFFFF00)
T3840 008:999.733 - 0.075ms returns 0x06
T3840 008:999.753 JLINK_GetNumWPUnits()
T3840 008:999.773 - 0.020ms returns 4
T3840 008:999.792 JLINK_GetNumWPUnits()
T3840 008:999.809 - 0.017ms returns 4
T3840 008:999.833 JLINK_GetNumBPUnits(Type = 0xFFFFFF00)
T3840 008:999.853 - 0.019ms returns 0x06
T3840 008:999.871 JLINK_GetNumWPUnits()
T3840 008:999.888 - 0.017ms returns 4
T3840 008:999.908 JLINK_GetNumWPUnits()
T3840 008:999.928 - 0.019ms returns 4
T3840 008:999.950 JLINK_GetNumBPUnits(Type = 0xFFFFFF00)
T3840 008:999.968 - 0.018ms returns 0x06
T3840 008:999.987 JLINK_GetNumWPUnits()
T3840 009:000.001 - 0.014ms returns 4
T3840 009:000.013 JLINK_GetNumWPUnits()
T3840 009:000.025 - 0.011ms returns 4
T3840 009:000.068 JLINK_SetBPEx(Addr = 0x40203E50, Type = 0xFFFFFF00)
T3840 009:000.086 - 0.018ms returns 0x00000001
T3840 009:000.101 JLINK_ClrBPEx(BPHandle = 0x00000001)
T3840 009:000.408 - 0.306ms returns 0x00
T3840 009:020.606 JLINK_ReadMem(0x40203E50, 0x4 Bytes, ...)
T3840 009:020.678   CPU_ReadMem(4 bytes @ 0x40203E50)
T3840 009:051.142   failed
T3840 009:051.267 - 30.660ms returns 1
T3840 009:052.253 JLINK_SetBPEx(Addr = 0x40203E50, Type = 0xFFFFFF00)
T3840 009:052.347 - 0.094ms returns 0x00000002
T3840 009:063.739 JLINK_ResetPullsRESET(ON)
T3840 009:063.822 - 0.082ms
T3840 009:063.837 JLINK_Halt()
T3840 009:063.865 - 0.027ms returns 0x00
T3840 009:063.879 JLINK_IsHalted()
T3840 009:063.892 - 0.013ms returns TRUE
T3840 009:063.905 JLINK_Reset()
T3840 009:185.976   Reset confused the core.
T3840 009:186.664   Disabled core power domain detected.
T3840 009:188.086   
  ***** Warning: 
T3840 009:188.124   CPU not halted after Reset, halting using Halt request
T3840 009:194.723 - 130.816ms
T3840 009:194.795 JLINK_SetEndian(ARM_ENDIAN_LITTLE)
T3840 009:194.811 - 0.015ms returns 0
T3840 009:268.228 JLINK_ReadRegs_64(NumRegs = 49, Indexes: 
T3840 009:268.307   0, 
T3840 009:268.336   1, 
T3840 009:268.366   2, 
T3840 009:268.394   3, 
T3840 009:268.430   4, 
T3840 009:268.461   5, 
T3840 009:268.488   6, 
T3840 009:268.516   7, 
T3840 009:268.545   8, 
T3840 009:268.582   9, 
T3840 009:268.621   10, 
T3840 009:268.650   11, 
T3840 009:268.678   12, 
T3840 009:268.715   13, 
T3840 009:268.745   14, 
T3840 009:268.774   15, 
T3840 009:268.802   16, 
T3840 009:268.830   17, 
T3840 009:268.858   18, 
T3840 009:268.886   19, 
T3840 009:268.917   20, 
T3840 009:268.947   21, 
T3840 009:268.977   22, 
T3840 009:269.005   23, 
T3840 009:269.034   24, 
T3840 009:269.064   25, 
T3840 009:269.097   26, 
T3840 009:269.127   27, 
T3840 009:269.156   28, 
T3840 009:269.188   29, 
T3840 009:269.221   30, 
T3840 009:269.250   31, 
T3840 009:269.279   32, 
T3840 009:269.308   33, 
T3840 009:269.336   34, 
T3840 009:269.365   35, 
T3840 009:269.394   36, 
T3840 009:269.422   37, 
T3840 009:269.451   38, 
T3840 009:269.480   39, 
T3840 009:269.510   40, 
T3840 009:269.540   41, 
T3840 009:269.571   42, 
T3840 009:269.599   43, 
T3840 009:269.627   44, 
T3840 009:269.656   45, 
T3840 009:269.687   46, 
T3840 009:269.718   47, 
T3840 009:269.748   48)
T3840 009:269.799   
 -- R0=0xF68DDFF7, R1=0x00, R2=0x00, R3=0x00, R4=0xA12743, R5=0x203, R6=0x3FFFFFFF, R7=0x03, R8=0x11010550, R9=0x01, R10=0x31511144, R11=0x00, R12=0x30000, R13=0x1A668, R14=0x01, R15=0x00, R16=0x00, R17=0x00, R18=0x00, R19=0x03, R20=0x10002, R21=0x00, R22=0x00, R23=0x00, R24=0x00, R25=0x00, R26=0x00, R27=0x00, R28=0x00, R29=0x00, R30=0x38FC, R31=0x00, SP=0x2FFD0, PC=0x12028, ELR_EL1=0x00, ELR_EL2=0x00, ELR_EL3=0x00, SP_EL0=0x00, SP_EL1=0x00, SP_EL2=0x00, SP_EL3=0x2FFD0, CPSR=0x400003CD, SPSR_abt=0xFA8FFFFF, SPSR_EL1=0xFEFEFB6F, SPSR_EL2=0xEEBFFFFC, SPSR_EL3=0x1CD, SPSR_fiq=0x7CDFFD4F, SPSR_irq=0xFACFFFF7, SPSR_und=0xF68DDFF7

T3840 009:269.851 - 1.623ms returns 0
T3840 009:271.131 JLINK_ReadMem(0x00012028, 0x4 Bytes, ...)
T3840 009:271.219   CPU_ReadMem(64 bytes @ 0x00012000)
T3840 009:272.113    -- Updating C cache (64 bytes @ 0x00012000)
T3840 009:272.177    -- Read from C cache (4 bytes @ 0x00012028)
T3840 009:272.202   Data:  64 00 00 B4
T3840 009:272.223 - 1.093ms returns 0
T3840 009:275.623 JLINK_ReadMem(0x00012028, 0x4 Bytes, ...)
T3840 009:275.709    -- Read from C cache (4 bytes @ 0x00012028)
T3840 009:275.730   Data:  64 00 00 B4
T3840 009:275.750 - 0.128ms returns 0
T3ED4 009:303.931 JLINK_GetNumBPUnits(Type = 0xFFFFFF00)
T3ED4 009:303.998 - 0.067ms returns 0x06
T3ED4 009:304.012 JLINK_GetNumWPUnits()
T3ED4 009:304.025 - 0.012ms returns 4
T3ED4 009:304.038 JLINK_GetNumWPUnits()
T3ED4 009:304.050 - 0.012ms returns 4
T3ED4 009:304.487 JLINK_GetNumBPUnits(Type = 0xFFFFFF00)
T3ED4 009:304.519 - 0.031ms returns 0x06
T3ED4 009:304.531 JLINK_GetNumWPUnits()
T3ED4 009:304.542 - 0.011ms returns 4
T3ED4 009:304.554 JLINK_GetNumWPUnits()
T3ED4 009:304.566 - 0.011ms returns 4
T3ED4 009:304.907 JLINK_GetNumBPUnits(Type = 0xFFFFFF00)
T3ED4 009:304.945 - 0.037ms returns 0x06
T3ED4 009:304.958 JLINK_GetNumWPUnits()
T3ED4 009:304.971 - 0.012ms returns 4
T3ED4 009:304.984 JLINK_GetNumWPUnits()
T3ED4 009:304.999 - 0.014ms returns 4
T3ED4 009:305.866 JLINK_GetNumBPUnits(Type = 0xFFFFFF00)
T3ED4 009:305.930 - 0.063ms returns 0x06
T3ED4 009:305.949 JLINK_GetNumWPUnits()
T3ED4 009:305.982 - 0.032ms returns 4
T3ED4 009:306.000 JLINK_GetNumWPUnits()
T3ED4 009:306.019 - 0.018ms returns 4
T3ED4 009:306.567 JLINK_GetNumBPUnits(Type = 0xFFFFFF00)
T3ED4 009:306.613 - 0.046ms returns 0x06
T3ED4 009:306.633 JLINK_GetNumWPUnits()
T3ED4 009:306.652 - 0.018ms returns 4
T3ED4 009:306.672 JLINK_GetNumWPUnits()
T3ED4 009:306.692 - 0.020ms returns 4
T3ED4 009:307.038 JLINK_GetNumBPUnits(Type = 0xFFFFFF00)
T3ED4 009:307.071 - 0.033ms returns 0x06
T3ED4 009:307.091 JLINK_GetNumWPUnits()
T3ED4 009:307.110 - 0.018ms returns 4
T3ED4 009:307.131 JLINK_GetNumWPUnits()
T3ED4 009:307.150 - 0.018ms returns 4
T3ED4 009:307.342 JLINK_GetNumBPUnits(Type = 0xFFFFFF00)
T3ED4 009:307.375 - 0.032ms returns 0x06
T3ED4 009:307.388 JLINK_GetNumWPUnits()
T3ED4 009:307.400 - 0.012ms returns 4
T3ED4 009:307.413 JLINK_GetNumWPUnits()
T3ED4 009:307.425 - 0.012ms returns 4
T3ED4 009:307.740 JLINK_GetNumBPUnits(Type = 0xFFFFFF00)
T3ED4 009:307.776 - 0.036ms returns 0x06
T3ED4 009:307.794 JLINK_GetNumWPUnits()
T3ED4 009:307.813 - 0.019ms returns 4
T3ED4 009:307.833 JLINK_GetNumWPUnits()
T3ED4 009:307.852 - 0.018ms returns 4
T3840 020:104.268 JLINK_STRACE_Read(..., NumItems = 0x10000)
T3840 020:104.344   
  ***** Error: 
T3840 020:104.364   Debugger tries to use on-chip trace buffer but the connected MCU does not provide an on-chip trace buffer (e.g. ETB/MTB/...)
T3840 020:104.383 - 0.115ms NumItemsRead = 0xFFFFFFFF
T3840 020:104.401 JLINK_IsHalted()
T3840 020:104.757 - 0.354ms returns TRUE
T3840 020:104.795 JLINK_STRACE_Read(..., NumItems = 0x10000)
T3840 020:104.811 - 0.016ms NumItemsRead = 0xFFFFFFFF
T3840 020:104.828 JLINK_GoEx(MaxEmulInsts = 0, Flags = 0x01)
T3840 020:107.129 - 2.300ms
T3840 020:214.568 JLINK_IsHalted()
T3840 020:215.031 - 0.462ms returns FALSE
T3840 020:215.054 JLINK_IsHalted()
T3840 020:215.401 - 0.346ms returns FALSE
T3840 020:323.175 JLINK_IsHalted()
T3840 020:326.265 - 3.088ms returns TRUE
T3840 020:326.318 JLINK_ReadRegs_64(NumRegs = 1, Indexes: 
T3840 020:326.331   33)
T3840 020:326.355    -- PC=0x40203E50
T3840 020:326.376 - 0.058ms returns 0
T3840 020:326.404 JLINK_ReadRegs_64(NumRegs = 1, Indexes: 
T3840 020:326.418   41)
T3840 020:326.440    -- CPSR=0x6000000D
T3840 020:326.459 - 0.055ms returns 0
T3840 020:326.473 JLINK_ReadRegs_64(NumRegs = 1, Indexes: 
T3840 020:326.485   33)
T3840 020:326.506    -- PC=0x40203E50
T3840 020:326.528 - 0.054ms returns 0
T3840 020:326.541 JLINK_ReadRegs_64(NumRegs = 1, Indexes: 
T3840 020:326.554   41)
T3840 020:326.572    -- CPSR=0x6000000D
T3840 020:326.591 - 0.050ms returns 0
T3840 020:326.606 JLINK_IsHalted()
T3840 020:326.619 - 0.012ms returns TRUE
T3840 020:326.633 JLINK_ReadRegs_64(NumRegs = 1, Indexes: 
T3840 020:326.646   41)
T3840 020:326.667    -- CPSR=0x6000000D
T3840 020:326.688 - 0.054ms returns 0
T3840 020:326.701 JLINK_ReadRegs_64(NumRegs = 1, Indexes: 
T3840 020:326.714   33)
T3840 020:326.733    -- PC=0x40203E50
T3840 020:326.752 - 0.050ms returns 0
T3840 020:326.799 JLINK_ReadRegs_64(NumRegs = 1, Indexes: 
T3840 020:326.812   41)
T3840 020:326.831    -- CPSR=0x6000000D
T3840 020:326.850 - 0.051ms returns 0
T3840 020:327.353 JLINK_ReadRegs_64(NumRegs = 49, Indexes: 
T3840 020:327.387   0, 
T3840 020:327.408   1, 
T3840 020:327.427   2, 
T3840 020:327.448   3, 
T3840 020:327.468   4, 
T3840 020:327.489   5, 
T3840 020:327.509   6, 
T3840 020:327.530   7, 
T3840 020:327.550   8, 
T3840 020:327.571   9, 
T3840 020:327.591   10, 
T3840 020:327.612   11, 
T3840 020:327.632   12, 
T3840 020:327.654   13, 
T3840 020:327.681   14, 
T3840 020:327.710   15, 
T3840 020:327.728   16, 
T3840 020:327.747   17, 
T3840 020:327.765   18, 
T3840 020:327.784   19, 
T3840 020:327.802   20, 
T3840 020:327.820   21, 
T3840 020:327.838   22, 
T3840 020:327.857   23, 
T3840 020:327.875   24, 
T3840 020:327.894   25, 
T3840 020:327.913   26, 
T3840 020:327.938   27, 
T3840 020:327.956   28, 
T3840 020:327.974   29, 
T3840 020:327.992   30, 
T3840 020:328.010   31, 
T3840 020:328.028   32, 
T3840 020:328.047   33, 
T3840 020:328.065   34, 
T3840 020:328.083   35, 
T3840 020:328.101   36, 
T3840 020:328.119   37, 
T3840 020:328.137   38, 
T3840 020:328.156   39, 
T3840 020:328.175   40, 
T3840 020:328.195   41, 
T3840 020:328.214   42, 
T3840 020:328.232   43, 
T3840 020:328.250   44, 
T3840 020:328.269   45, 
T3840 020:328.288   46, 
T3840 020:328.307   47, 
T3840 020:328.325   48)
T3840 020:328.355   
 -- R0=0x401815, R1=0x01, R2=0x00, R3=0xFFFFFFFF, R4=0x06, R5=0x200, R6=0x200000, R7=0xFFFFFFC0, R8=0x01, R9=0xF0000000, R10=0x04, R11=0x02, R12=0xB8, R13=0xA00000, R14=0xA222D400, R15=0x04, R16=0x10000000, R17=0x40, R18=0x114001AC, R19=0x12064, R20=0x1A030, R21=0x00, R22=0x00, R23=0x00, R24=0x00, R25=0x00, R26=0x00, R27=0x00, R28=0x00, R29=0x00, R30=0x40202CD0, R31=0x00, SP=0x40245620, PC=0x40203E50, ELR_EL1=0x00, ELR_EL2=0x00, ELR_EL3=0x40200000, SP_EL0=0x1B680, SP_EL1=0x00, SP_EL2=0x00, SP_EL3=0x40245620, CPSR=0x6000000D, SPSR_abt=0xFA8FFFFF, SPSR_EL1=0xFEFEFB6F, SPSR_EL2=0xEEBFFFFC, SPSR_EL3=0x3CD, SPSR_fiq=0x7CDFFD4F, SPSR_irq=0xFACFFFF7, SPSR_und=0xF68DDFF7

T3840 020:328.388 - 1.035ms returns 0
T3840 020:329.844 JLINK_ReadMem(0x40203E50, 0x4 Bytes, ...)
T3840 020:329.901   CPU_ReadMem(64 bytes @ 0x40203E40)
T3840 020:330.682    -- Updating DA cache (64 bytes @ 0x40203E40)
T3840 020:330.737    -- Read from DA cache (4 bytes @ 0x40203E50)
T3840 020:330.759   Data:  FD 7B BF A9
T3840 020:330.778 - 0.934ms returns 0
T3840 020:343.244 JLINK_ClrBPEx(BPHandle = 0x00000002)
T3840 020:343.303 - 0.059ms returns 0x00
T3840 020:369.867 JLINK_ReadMem(0x40203E50, 0x4 Bytes, ...)
T3840 020:369.962    -- Read from DA cache (4 bytes @ 0x40203E50)
T3840 020:369.997   Data:  FD 7B BF A9
T3840 020:370.030 - 0.164ms returns 0
T3840 022:130.731 JLINK_STRACE_Read(..., NumItems = 0x10000)
T3840 022:130.841 - 0.110ms NumItemsRead = 0xFFFFFFFF
T3840 022:130.866 JLINK_IsHalted()
T3840 022:131.207 - 0.340ms returns TRUE
T3840 022:131.273 JLINK_STRACE_Read(..., NumItems = 0x10000)
T3840 022:131.287 - 0.014ms NumItemsRead = 0xFFFFFFFF
T3840 022:131.303 JLINK_GoEx(MaxEmulInsts = 0, Flags = 0x01)
T3840 022:133.617 - 2.313ms
T3840 022:229.517 JLINK_IsHalted()
T3840 022:230.326 - 0.807ms returns FALSE
T3840 022:230.412 JLINK_IsHalted()
T3840 022:231.045 - 0.631ms returns FALSE
T3840 022:339.619 JLINK_IsHalted()
T3840 022:340.194 - 0.574ms returns FALSE
T3840 022:340.243 JLINK_IsHalted()
T3840 022:340.779 - 0.535ms returns FALSE
T3840 022:448.515 JLINK_IsHalted()
T3840 022:449.267 - 0.750ms returns FALSE
T3840 022:449.366 JLINK_IsHalted()
T3840 022:449.969 - 0.600ms returns FALSE
T3840 022:557.903 JLINK_IsHalted()
T3840 022:558.622 - 0.717ms returns FALSE
T3840 022:558.729 JLINK_IsHalted()
T3840 022:559.249 - 0.518ms returns FALSE
T3840 022:667.807 JLINK_IsHalted()
T3840 022:668.554 - 0.745ms returns FALSE
T3840 022:668.661 JLINK_IsHalted()
T3840 022:669.264 - 0.601ms returns FALSE
T3840 022:777.032 JLINK_IsHalted()
T3840 022:777.855 - 0.822ms returns FALSE
T3840 022:777.961 JLINK_IsHalted()
T3840 022:778.633 - 0.670ms returns FALSE
T3840 022:886.273 JLINK_IsHalted()
T3840 022:887.071 - 0.797ms returns FALSE
T3840 022:887.175 JLINK_IsHalted()
T3840 022:887.631 - 0.455ms returns FALSE
T3840 022:995.084 JLINK_IsHalted()
T3840 022:995.818 - 0.733ms returns FALSE
T3840 022:996.072 JLINK_IsHalted()
T3840 022:996.773 - 0.700ms returns FALSE
T3840 023:104.541 JLINK_IsHalted()
T3840 023:105.128 - 0.587ms returns FALSE
T3840 023:105.159 JLINK_IsHalted()
T3840 023:105.686 - 0.526ms returns FALSE
T3840 023:214.010 JLINK_IsHalted()
T3840 023:214.838 - 0.827ms returns FALSE
T3840 023:214.953 JLINK_IsHalted()
T3840 023:215.511 - 0.556ms returns FALSE
T3840 023:323.977 JLINK_IsHalted()
T3840 023:324.623 - 0.644ms returns FALSE
T3840 023:324.718 JLINK_IsHalted()
T3840 023:325.322 - 0.602ms returns FALSE
T3ED4 023:326.002 JLINK_IsHalted()
T3ED4 023:326.591 - 0.587ms returns FALSE
T3ED4 023:326.692 JLINK_IsHalted()
T3ED4 023:327.115 - 0.420ms returns FALSE
T3840 023:433.445 JLINK_IsHalted()
T3840 023:434.111 - 0.665ms returns FALSE
T3840 023:434.182 JLINK_IsHalted()
T3840 023:434.646 - 0.463ms returns FALSE
T3840 023:542.715 JLINK_IsHalted()
T3840 023:543.435 - 0.718ms returns FALSE
T3840 023:543.538 JLINK_IsHalted()
T3840 023:544.221 - 0.680ms returns FALSE
T3840 023:651.685 JLINK_IsHalted()
T3840 023:652.395 - 0.709ms returns FALSE
T3840 023:652.488 JLINK_IsHalted()
T3840 023:653.080 - 0.590ms returns FALSE
T3840 023:760.973 JLINK_IsHalted()
T3840 023:761.667 - 0.693ms returns FALSE
T3840 023:761.769 JLINK_IsHalted()
T3840 023:762.293 - 0.521ms returns FALSE
T3840 023:870.960 JLINK_IsHalted()
T3840 023:871.700 - 0.738ms returns FALSE
T3840 023:871.820 JLINK_IsHalted()
T3840 023:872.409 - 0.587ms returns FALSE
T3840 023:979.995 JLINK_IsHalted()
T3840 023:980.696 - 0.700ms returns FALSE
T3840 023:980.817 JLINK_IsHalted()
T3840 023:981.365 - 0.546ms returns FALSE
T3840 024:089.593 JLINK_IsHalted()
T3840 024:090.262 - 0.668ms returns FALSE
T3840 024:090.351 JLINK_IsHalted()
T3840 024:090.959 - 0.607ms returns FALSE
T3840 024:198.761 JLINK_IsHalted()
T3840 024:199.532 - 0.770ms returns FALSE
T3840 024:199.631 JLINK_IsHalted()
T3840 024:200.151 - 0.518ms returns FALSE
T3840 024:308.259 JLINK_IsHalted()
T3840 024:309.005 - 0.744ms returns FALSE
T3840 024:309.117 JLINK_IsHalted()
T3840 024:309.707 - 0.588ms returns FALSE
T3ED4 024:328.497 JLINK_IsHalted()
T3ED4 024:329.144 - 0.644ms returns FALSE
T3ED4 024:329.240 JLINK_IsHalted()
T3ED4 024:329.694 - 0.453ms returns FALSE
T3840 024:417.467 JLINK_IsHalted()
T3840 024:418.086 - 0.617ms returns FALSE
T3840 024:418.183 JLINK_IsHalted()
T3840 024:418.655 - 0.470ms returns FALSE
T3840 024:527.057 JLINK_IsHalted()
T3840 024:527.672 - 0.613ms returns FALSE
T3840 024:527.751 JLINK_IsHalted()
T3840 024:528.297 - 0.544ms returns FALSE
T3840 024:636.423 JLINK_IsHalted()
T3840 024:637.183 - 0.759ms returns FALSE
T3840 024:637.298 JLINK_IsHalted()
T3840 024:637.953 - 0.653ms returns FALSE
T3840 024:745.878 JLINK_IsHalted()
T3840 024:746.646 - 0.767ms returns FALSE
T3840 024:746.767 JLINK_IsHalted()
T3840 024:747.362 - 0.593ms returns FALSE
T3840 024:854.439 JLINK_IsHalted()
T3840 024:855.182 - 0.741ms returns FALSE
T3840 024:855.318 JLINK_IsHalted()
T3840 024:855.802 - 0.482ms returns FALSE
T3840 024:963.791 JLINK_IsHalted()
T3840 024:964.528 - 0.735ms returns FALSE
T3840 024:964.617 JLINK_IsHalted()
T3840 024:965.214 - 0.595ms returns FALSE
T3840 025:073.981 JLINK_IsHalted()
T3840 025:074.555 - 0.573ms returns FALSE
T3840 025:074.605 JLINK_IsHalted()
T3840 025:075.119 - 0.513ms returns FALSE
T3840 025:182.899 JLINK_IsHalted()
T3840 025:183.658 - 0.757ms returns FALSE
T3840 025:183.794 JLINK_IsHalted()
T3840 025:184.367 - 0.571ms returns FALSE
T3840 025:292.411 JLINK_IsHalted()
T3840 025:292.941 - 0.529ms returns FALSE
T3840 025:292.957 JLINK_IsHalted()
T3840 025:293.358 - 0.400ms returns FALSE
T3ED4 025:329.723 JLINK_IsHalted()
T3ED4 025:330.382 - 0.658ms returns FALSE
T3ED4 025:330.461 JLINK_IsHalted()
T3ED4 025:331.006 - 0.542ms returns FALSE
T3840 025:401.992 JLINK_IsHalted()
T3840 025:402.687 - 0.694ms returns FALSE
T3840 025:402.768 JLINK_IsHalted()
T3840 025:403.240 - 0.471ms returns FALSE
T3840 025:510.626 JLINK_IsHalted()
T3840 025:511.270 - 0.643ms returns FALSE
T3840 025:511.370 JLINK_IsHalted()
T3840 025:511.883 - 0.511ms returns FALSE
T3840 025:621.023 JLINK_IsHalted()
T3840 025:621.662 - 0.637ms returns FALSE
T3840 025:621.776 JLINK_IsHalted()
T3840 025:622.281 - 0.503ms returns FALSE
T3840 025:729.521 JLINK_IsHalted()
T3840 025:730.254 - 0.732ms returns FALSE
T3840 025:730.354 JLINK_IsHalted()
T3840 025:730.852 - 0.496ms returns FALSE
T3840 025:838.942 JLINK_IsHalted()
T3840 025:840.043 - 1.099ms returns FALSE
T3840 025:840.156 JLINK_IsHalted()
T3840 025:840.736 - 0.579ms returns FALSE
T3840 025:948.517 JLINK_IsHalted()
T3840 025:949.162 - 0.644ms returns FALSE
T3840 025:949.276 JLINK_IsHalted()
T3840 025:949.812 - 0.534ms returns FALSE
T3840 026:058.163 JLINK_IsHalted()
T3840 026:058.865 - 0.701ms returns FALSE
T3840 026:058.971 JLINK_IsHalted()
T3840 026:059.607 - 0.635ms returns FALSE
T3840 026:167.663 JLINK_IsHalted()
T3840 026:168.405 - 0.740ms returns FALSE
T3840 026:168.533 JLINK_IsHalted()
T3840 026:169.041 - 0.505ms returns FALSE
T3840 026:276.339 JLINK_IsHalted()
T3840 026:276.967 - 0.626ms returns FALSE
T3840 026:277.069 JLINK_IsHalted()
T3840 026:277.779 - 0.708ms returns FALSE
T3ED4 026:332.161 JLINK_IsHalted()
T3ED4 026:332.840 - 0.678ms returns FALSE
T3ED4 026:332.972 JLINK_IsHalted()
T3ED4 026:333.494 - 0.520ms returns FALSE
T3840 026:386.346 JLINK_IsHalted()
T3840 026:386.923 - 0.576ms returns FALSE
T3840 026:387.029 JLINK_IsHalted()
T3840 026:387.623 - 0.592ms returns FALSE
T3840 026:495.574 JLINK_IsHalted()
T3840 026:496.239 - 0.664ms returns FALSE
T3840 026:496.338 JLINK_IsHalted()
T3840 026:496.952 - 0.612ms returns FALSE
T3840 026:605.007 JLINK_IsHalted()
T3840 026:605.649 - 0.640ms returns FALSE
T3840 026:605.732 JLINK_IsHalted()
T3840 026:606.199 - 0.465ms returns FALSE
T3840 026:714.235 JLINK_IsHalted()
T3840 026:715.117 - 0.882ms returns FALSE
T3840 026:715.224 JLINK_IsHalted()
T3840 026:715.865 - 0.639ms returns FALSE
T3840 026:823.417 JLINK_IsHalted()
T3840 026:824.024 - 0.605ms returns FALSE
T3840 026:824.120 JLINK_IsHalted()
T3840 026:824.712 - 0.591ms returns FALSE
T3840 026:932.470 JLINK_IsHalted()
T3840 026:933.131 - 0.660ms returns FALSE
T3840 026:933.226 JLINK_IsHalted()
T3840 026:933.790 - 0.562ms returns FALSE
T3840 027:042.796 JLINK_IsHalted()
T3840 027:043.603 - 0.805ms returns FALSE
T3840 027:043.718 JLINK_IsHalted()
T3840 027:044.204 - 0.485ms returns FALSE
T3840 027:152.665 JLINK_IsHalted()
T3840 027:153.303 - 0.636ms returns FALSE
T3840 027:153.396 JLINK_IsHalted()
T3840 027:153.910 - 0.512ms returns FALSE
T3840 027:261.394 JLINK_IsHalted()
T3840 027:262.051 - 0.655ms returns FALSE
T3840 027:262.164 JLINK_IsHalted()
T3840 027:262.796 - 0.631ms returns FALSE
T3ED4 027:335.853 JLINK_IsHalted()
T3ED4 027:336.660 - 0.805ms returns FALSE
T3ED4 027:336.763 JLINK_IsHalted()
T3ED4 027:337.298 - 0.533ms returns FALSE
T3840 027:370.247 JLINK_IsHalted()
T3840 027:370.994 - 0.745ms returns FALSE
T3840 027:371.064 JLINK_IsHalted()
T3840 027:371.653 - 0.587ms returns FALSE
T3840 027:479.582 JLINK_IsHalted()
T3840 027:480.263 - 0.680ms returns FALSE
T3840 027:480.329 JLINK_IsHalted()
T3840 027:480.848 - 0.518ms returns FALSE
T3840 027:588.745 JLINK_IsHalted()
T3840 027:589.213 - 0.467ms returns FALSE
T3840 027:589.288 JLINK_IsHalted()
T3840 027:589.734 - 0.443ms returns FALSE
T3840 027:699.040 JLINK_IsHalted()
T3840 027:699.742 - 0.699ms returns FALSE
T3840 027:699.902 JLINK_IsHalted()
T3840 027:700.360 - 0.456ms returns FALSE
T3840 027:808.367 JLINK_IsHalted()
T3840 027:809.143 - 0.774ms returns FALSE
T3840 027:809.268 JLINK_IsHalted()
T3840 027:809.933 - 0.663ms returns FALSE
T3840 027:917.400 JLINK_IsHalted()
T3840 027:917.679 - 0.279ms returns FALSE
T3840 027:917.699 JLINK_IsHalted()
T3840 027:918.007 - 0.307ms returns FALSE
T3840 028:027.281 JLINK_IsHalted()
T3840 028:028.034 - 0.751ms returns FALSE
T3840 028:028.130 JLINK_IsHalted()
T3840 028:028.628 - 0.495ms returns FALSE
T3840 028:136.328 JLINK_IsHalted()
T3840 028:137.027 - 0.698ms returns FALSE
T3840 028:137.159 JLINK_IsHalted()
T3840 028:137.568 - 0.408ms returns FALSE
T3840 028:245.564 JLINK_IsHalted()
T3840 028:246.345 - 0.779ms returns FALSE
T3840 028:246.449 JLINK_IsHalted()
T3840 028:246.912 - 0.461ms returns FALSE
T3ED4 028:337.544 JLINK_IsHalted()
T3ED4 028:338.198 - 0.652ms returns FALSE
T3ED4 028:338.309 JLINK_IsHalted()
T3ED4 028:338.791 - 0.480ms returns FALSE
T3840 028:354.863 JLINK_IsHalted()
T3840 028:355.573 - 0.708ms returns FALSE
T3840 028:355.664 JLINK_IsHalted()
T3840 028:356.162 - 0.496ms returns FALSE
T3840 028:464.074 JLINK_IsHalted()
T3840 028:464.742 - 0.667ms returns FALSE
T3840 028:464.830 JLINK_IsHalted()
T3840 028:465.217 - 0.386ms returns FALSE
T3840 028:573.226 JLINK_IsHalted()
T3840 028:574.045 - 0.817ms returns FALSE
T3840 028:574.151 JLINK_IsHalted()
T3840 028:574.671 - 0.519ms returns FALSE
T3840 028:683.934 JLINK_IsHalted()
T3840 028:684.599 - 0.663ms returns FALSE
T3840 028:684.706 JLINK_IsHalted()
T3840 028:685.166 - 0.457ms returns FALSE
T3840 028:792.189 JLINK_IsHalted()
T3840 028:792.953 - 0.763ms returns FALSE
T3840 028:793.061 JLINK_IsHalted()
T3840 028:793.635 - 0.573ms returns FALSE
T3840 028:901.651 JLINK_IsHalted()
T3840 028:902.306 - 0.653ms returns FALSE
T3840 028:902.412 JLINK_IsHalted()
T3840 028:902.954 - 0.540ms returns FALSE
T3840 029:011.220 JLINK_IsHalted()
T3840 029:011.986 - 0.765ms returns FALSE
T3840 029:012.092 JLINK_IsHalted()
T3840 029:012.662 - 0.568ms returns FALSE
T3840 029:120.452 JLINK_IsHalted()
T3840 029:121.192 - 0.739ms returns FALSE
T3840 029:121.299 JLINK_IsHalted()
T3840 029:121.927 - 0.627ms returns FALSE
T3840 029:229.771 JLINK_IsHalted()
T3840 029:230.415 - 0.642ms returns FALSE
T3840 029:230.525 JLINK_IsHalted()
T3840 029:230.874 - 0.347ms returns FALSE
T3840 029:339.730 JLINK_IsHalted()
T3840 029:340.580 - 0.848ms returns FALSE
T3840 029:340.686 JLINK_IsHalted()
T3840 029:341.190 - 0.501ms returns FALSE
T3ED4 029:341.369 JLINK_IsHalted()
T3ED4 029:341.981 - 0.611ms returns FALSE
T3ED4 029:342.086 JLINK_IsHalted()
T3ED4 029:342.651 - 0.563ms returns FALSE
T3840 029:448.375 JLINK_IsHalted()
T3840 029:448.955 - 0.578ms returns FALSE
T3840 029:449.090 JLINK_IsHalted()
T3840 029:449.627 - 0.534ms returns FALSE
T3840 029:558.311 JLINK_IsHalted()
T3840 029:559.086 - 0.774ms returns FALSE
T3840 029:559.201 JLINK_IsHalted()
T3840 029:559.596 - 0.394ms returns FALSE
T3840 029:667.740 JLINK_IsHalted()
T3840 029:668.453 - 0.711ms returns FALSE
T3840 029:668.561 JLINK_IsHalted()
T3840 029:669.143 - 0.580ms returns FALSE
T3840 029:776.677 JLINK_IsHalted()
T3840 029:777.399 - 0.720ms returns FALSE
T3840 029:777.499 JLINK_IsHalted()
T3840 029:778.164 - 0.664ms returns FALSE
T3840 029:885.955 JLINK_IsHalted()
T3840 029:886.664 - 0.708ms returns FALSE
T3840 029:886.781 JLINK_IsHalted()
T3840 029:887.237 - 0.453ms returns FALSE
T3840 029:995.774 JLINK_IsHalted()
T3840 029:996.336 - 0.561ms returns FALSE
T3840 029:996.446 JLINK_IsHalted()
T3840 029:996.952 - 0.504ms returns FALSE
T3840 030:105.323 JLINK_IsHalted()
T3840 030:106.007 - 0.682ms returns FALSE
T3840 030:106.113 JLINK_IsHalted()
T3840 030:106.592 - 0.476ms returns FALSE
T3840 030:214.572 JLINK_IsHalted()
T3840 030:215.200 - 0.626ms returns FALSE
T3840 030:215.346 JLINK_IsHalted()
T3840 030:215.811 - 0.462ms returns FALSE
T3840 030:323.444 JLINK_IsHalted()
T3840 030:324.046 - 0.600ms returns FALSE
T3840 030:324.141 JLINK_IsHalted()
T3840 030:324.597 - 0.454ms returns FALSE
T3ED4 030:342.791 JLINK_IsHalted()
T3ED4 030:343.298 - 0.505ms returns FALSE
T3ED4 030:343.411 JLINK_IsHalted()
T3ED4 030:343.937 - 0.524ms returns FALSE
T3840 030:432.982 JLINK_IsHalted()
T3840 030:433.640 - 0.656ms returns FALSE
T3840 030:433.754 JLINK_IsHalted()
T3840 030:434.211 - 0.455ms returns FALSE
T3840 030:542.470 JLINK_IsHalted()
T3840 030:543.162 - 0.690ms returns FALSE
T3840 030:543.255 JLINK_IsHalted()
T3840 030:543.777 - 0.520ms returns FALSE
T3840 030:651.550 JLINK_IsHalted()
T3840 030:652.231 - 0.680ms returns FALSE
T3840 030:652.339 JLINK_IsHalted()
T3840 030:652.761 - 0.420ms returns FALSE
T3840 030:761.269 JLINK_IsHalted()
T3840 030:761.997 - 0.726ms returns FALSE
T3840 030:762.155 JLINK_IsHalted()
T3840 030:762.741 - 0.584ms returns FALSE
T3840 030:870.293 JLINK_IsHalted()
T3840 030:870.922 - 0.627ms returns FALSE
T3840 030:871.033 JLINK_IsHalted()
T3840 030:871.533 - 0.497ms returns FALSE
T3840 030:980.074 JLINK_IsHalted()
T3840 030:980.750 - 0.673ms returns FALSE
T3840 030:980.945 JLINK_IsHalted()
T3840 030:981.374 - 0.427ms returns FALSE
T3840 031:088.945 JLINK_IsHalted()
T3840 031:089.679 - 0.732ms returns FALSE
T3840 031:089.796 JLINK_IsHalted()
T3840 031:090.262 - 0.464ms returns FALSE
T3840 031:198.592 JLINK_IsHalted()
T3840 031:199.136 - 0.543ms returns FALSE
T3840 031:199.263 JLINK_IsHalted()
T3840 031:199.804 - 0.539ms returns FALSE
T3840 031:308.291 JLINK_IsHalted()
T3840 031:308.977 - 0.684ms returns FALSE
T3840 031:309.089 JLINK_IsHalted()
T3840 031:309.675 - 0.585ms returns FALSE
T3ED4 031:344.161 JLINK_IsHalted()
T3ED4 031:344.793 - 0.630ms returns FALSE
T3ED4 031:344.924 JLINK_IsHalted()
T3ED4 031:345.440 - 0.514ms returns FALSE
T3840 031:417.756 JLINK_IsHalted()
T3840 031:418.409 - 0.652ms returns FALSE
T3840 031:418.476 JLINK_IsHalted()
T3840 031:419.031 - 0.554ms returns FALSE
T3840 031:526.304 JLINK_IsHalted()
T3840 031:526.849 - 0.543ms returns FALSE
T3840 031:526.982 JLINK_IsHalted()
T3840 031:527.405 - 0.422ms returns FALSE
T3840 031:635.896 JLINK_IsHalted()
T3840 031:636.613 - 0.714ms returns FALSE
T3840 031:636.738 JLINK_IsHalted()
T3840 031:637.243 - 0.503ms returns FALSE
T3840 031:745.768 JLINK_IsHalted()
T3840 031:746.289 - 0.519ms returns FALSE
T3840 031:746.477 JLINK_IsHalted()
T3840 031:746.855 - 0.375ms returns FALSE
T3840 031:854.974 JLINK_IsHalted()
T3840 031:855.667 - 0.690ms returns FALSE
T3840 031:855.780 JLINK_IsHalted()
T3840 031:856.341 - 0.559ms returns FALSE
T3840 031:964.518 JLINK_IsHalted()
T3840 031:965.158 - 0.638ms returns FALSE
T3840 031:965.242 JLINK_IsHalted()
T3840 031:965.729 - 0.485ms returns FALSE
T3840 032:073.590 JLINK_IsHalted()
T3840 032:074.453 - 0.862ms returns FALSE
T3840 032:074.583 JLINK_IsHalted()
T3840 032:075.115 - 0.530ms returns FALSE
T3840 032:183.266 JLINK_IsHalted()
T3840 032:183.946 - 0.679ms returns FALSE
T3840 032:184.057 JLINK_IsHalted()
T3840 032:184.508 - 0.448ms returns FALSE
T3840 032:292.519 JLINK_IsHalted()
T3840 032:293.248 - 0.728ms returns FALSE
T3840 032:293.357 JLINK_IsHalted()
T3840 032:293.999 - 0.640ms returns FALSE
T3ED4 032:346.155 JLINK_IsHalted()
T3ED4 032:346.901 - 0.744ms returns FALSE
T3ED4 032:347.040 JLINK_IsHalted()
T3ED4 032:347.608 - 0.565ms returns FALSE
T3840 032:401.998 JLINK_IsHalted()
T3840 032:402.697 - 0.698ms returns FALSE
T3840 032:402.792 JLINK_IsHalted()
T3840 032:403.351 - 0.556ms returns FALSE
T3840 032:511.329 JLINK_IsHalted()
T3840 032:512.273 - 0.942ms returns FALSE
T3840 032:512.407 JLINK_IsHalted()
T3840 032:512.831 - 0.421ms returns FALSE
T3840 032:620.212 JLINK_IsHalted()
T3840 032:620.944 - 0.730ms returns FALSE
T3840 032:621.052 JLINK_IsHalted()
T3840 032:621.408 - 0.353ms returns FALSE
T3840 032:730.370 JLINK_IsHalted()
T3840 032:730.910 - 0.539ms returns FALSE
T3840 032:731.026 JLINK_IsHalted()
T3840 032:731.618 - 0.589ms returns FALSE
T3840 032:839.464 JLINK_IsHalted()
T3840 032:840.124 - 0.658ms returns FALSE
T3840 032:840.234 JLINK_IsHalted()
T3840 032:840.731 - 0.495ms returns FALSE
T3840 032:948.640 JLINK_IsHalted()
T3840 032:949.293 - 0.651ms returns FALSE
T3840 032:949.412 JLINK_IsHalted()
T3840 032:949.863 - 0.450ms returns FALSE
T3840 033:058.450 JLINK_IsHalted()
T3840 033:059.269 - 0.818ms returns FALSE
T3840 033:059.386 JLINK_IsHalted()
T3840 033:059.943 - 0.555ms returns FALSE
T3840 033:167.342 JLINK_IsHalted()
T3840 033:168.060 - 0.716ms returns FALSE
T3840 033:168.189 JLINK_IsHalted()
T3840 033:168.690 - 0.499ms returns FALSE
T3840 033:276.504 JLINK_IsHalted()
T3840 033:277.203 - 0.697ms returns FALSE
T3840 033:277.330 JLINK_IsHalted()
T3840 033:277.768 - 0.437ms returns FALSE
T3ED4 033:348.551 JLINK_IsHalted()
T3ED4 033:349.261 - 0.709ms returns FALSE
T3ED4 033:349.363 JLINK_IsHalted()
T3ED4 033:349.777 - 0.411ms returns FALSE
T3840 033:386.716 JLINK_IsHalted()
T3840 033:387.556 - 0.839ms returns FALSE
T3840 033:387.661 JLINK_IsHalted()
T3840 033:388.133 - 0.470ms returns FALSE
T3840 033:495.557 JLINK_IsHalted()
T3840 033:496.215 - 0.655ms returns FALSE
T3840 033:496.350 JLINK_IsHalted()
T3840 033:496.868 - 0.516ms returns FALSE
T3840 033:604.902 JLINK_IsHalted()
T3840 033:605.466 - 0.563ms returns FALSE
T3840 033:605.557 JLINK_IsHalted()
T3840 033:605.956 - 0.398ms returns FALSE
T3840 033:714.071 JLINK_IsHalted()
T3840 033:714.651 - 0.578ms returns FALSE
T3840 033:714.774 JLINK_IsHalted()
T3840 033:715.245 - 0.468ms returns FALSE
T3840 033:823.175 JLINK_IsHalted()
T3840 033:823.869 - 0.691ms returns FALSE
T3840 033:823.991 JLINK_IsHalted()
T3840 033:824.539 - 0.546ms returns FALSE
T3840 033:933.089 JLINK_IsHalted()
T3840 033:933.644 - 0.553ms returns FALSE
T3840 033:933.739 JLINK_IsHalted()
T3840 033:934.105 - 0.364ms returns FALSE
T3840 034:042.164 JLINK_IsHalted()
T3840 034:042.679 - 0.513ms returns FALSE
T3840 034:042.761 JLINK_IsHalted()
T3840 034:043.276 - 0.513ms returns FALSE
T3840 034:152.190 JLINK_IsHalted()
T3840 034:152.785 - 0.593ms returns FALSE
T3840 034:152.880 JLINK_IsHalted()
T3840 034:153.295 - 0.413ms returns FALSE
T3840 034:260.839 JLINK_IsHalted()
T3840 034:261.489 - 0.648ms returns FALSE
T3840 034:261.588 JLINK_IsHalted()
T3840 034:262.044 - 0.454ms returns FALSE
T3ED4 034:350.845 JLINK_IsHalted()
T3ED4 034:351.514 - 0.668ms returns FALSE
T3ED4 034:351.625 JLINK_IsHalted()
T3ED4 034:352.255 - 0.627ms returns FALSE
T3840 034:370.481 JLINK_IsHalted()
T3840 034:370.966 - 0.483ms returns FALSE
T3840 034:371.061 JLINK_IsHalted()
T3840 034:371.434 - 0.371ms returns FALSE
T3840 034:479.970 JLINK_IsHalted()
T3840 034:480.437 - 0.465ms returns FALSE
T3840 034:480.542 JLINK_IsHalted()
T3840 034:480.976 - 0.433ms returns FALSE
T3840 034:589.304 JLINK_IsHalted()
T3840 034:590.027 - 0.722ms returns FALSE
T3840 034:590.135 JLINK_IsHalted()
T3840 034:590.725 - 0.588ms returns FALSE
T3840 034:698.563 JLINK_IsHalted()
T3840 034:699.365 - 0.800ms returns FALSE
T3840 034:699.497 JLINK_IsHalted()
T3840 034:700.057 - 0.559ms returns FALSE
T3840 034:807.653 JLINK_IsHalted()
T3840 034:808.277 - 0.622ms returns FALSE
T3840 034:808.403 JLINK_IsHalted()
T3840 034:808.808 - 0.403ms returns FALSE
T3840 034:917.418 JLINK_IsHalted()
T3840 034:917.891 - 0.472ms returns FALSE
T3840 034:917.979 JLINK_IsHalted()
T3840 034:918.450 - 0.469ms returns FALSE
T3840 035:026.354 JLINK_IsHalted()
T3840 035:026.998 - 0.642ms returns FALSE
T3840 035:027.134 JLINK_IsHalted()
T3840 035:027.639 - 0.503ms returns FALSE
T3840 035:135.832 JLINK_IsHalted()
T3840 035:136.348 - 0.513ms returns FALSE
T3840 035:136.472 JLINK_IsHalted()
T3840 035:137.030 - 0.555ms returns FALSE
T3840 035:245.685 JLINK_IsHalted()
T3840 035:246.323 - 0.636ms returns FALSE
T3840 035:246.452 JLINK_IsHalted()
T3840 035:246.813 - 0.358ms returns FALSE
T3ED4 035:352.827 JLINK_IsHalted()
T3ED4 035:353.370 - 0.541ms returns FALSE
T3ED4 035:353.467 JLINK_IsHalted()
T3ED4 035:353.940 - 0.471ms returns FALSE
T3840 035:355.467 JLINK_IsHalted()
T3840 035:356.113 - 0.644ms returns FALSE
T3840 035:356.248 JLINK_IsHalted()
T3840 035:356.785 - 0.534ms returns FALSE
T3840 035:464.122 JLINK_IsHalted()
T3840 035:464.854 - 0.731ms returns FALSE
T3840 035:464.981 JLINK_IsHalted()
T3840 035:465.426 - 0.442ms returns FALSE
T3840 035:573.324 JLINK_IsHalted()
T3840 035:573.931 - 0.605ms returns FALSE
T3840 035:574.042 JLINK_IsHalted()
T3840 035:574.620 - 0.576ms returns FALSE
T3840 035:682.818 JLINK_IsHalted()
T3840 035:683.574 - 0.754ms returns FALSE
T3840 035:683.676 JLINK_IsHalted()
T3840 035:684.215 - 0.539ms returns FALSE
T3840 035:792.152 JLINK_IsHalted()
T3840 035:792.735 - 0.582ms returns FALSE
T3840 035:792.840 JLINK_IsHalted()
T3840 035:793.369 - 0.526ms returns FALSE
T3840 035:901.946 JLINK_IsHalted()
T3840 035:902.798 - 0.851ms returns FALSE
T3840 035:902.931 JLINK_IsHalted()
T3840 035:903.453 - 0.520ms returns FALSE
T3840 036:011.105 JLINK_IsHalted()
T3840 036:011.736 - 0.630ms returns FALSE
T3840 036:011.840 JLINK_IsHalted()
T3840 036:012.420 - 0.578ms returns FALSE
T3840 036:120.431 JLINK_IsHalted()
T3840 036:120.996 - 0.562ms returns FALSE
T3840 036:121.133 JLINK_IsHalted()
T3840 036:121.679 - 0.544ms returns FALSE
T3840 036:229.774 JLINK_IsHalted()
T3840 036:230.426 - 0.650ms returns FALSE
T3840 036:230.530 JLINK_IsHalted()
T3840 036:230.950 - 0.417ms returns FALSE
T3840 036:339.471 JLINK_IsHalted()
T3840 036:340.058 - 0.584ms returns FALSE
T3840 036:340.166 JLINK_IsHalted()
T3840 036:340.705 - 0.537ms returns FALSE
T3ED4 036:354.702 JLINK_IsHalted()
T3ED4 036:355.296 - 0.592ms returns FALSE
T3ED4 036:355.415 JLINK_IsHalted()
T3ED4 036:355.904 - 0.486ms returns FALSE
T3840 036:449.154 JLINK_IsHalted()
T3840 036:449.641 - 0.485ms returns FALSE
T3840 036:449.746 JLINK_IsHalted()
T3840 036:450.128 - 0.380ms returns FALSE
T3840 036:558.383 JLINK_IsHalted()
T3840 036:559.125 - 0.741ms returns FALSE
T3840 036:559.268 JLINK_IsHalted()
T3840 036:559.652 - 0.382ms returns FALSE
T3840 036:667.007 JLINK_IsHalted()
T3840 036:667.789 - 0.780ms returns FALSE
T3840 036:667.899 JLINK_IsHalted()
T3840 036:668.406 - 0.505ms returns FALSE
T3840 036:777.761 JLINK_IsHalted()
T3840 036:778.382 - 0.619ms returns FALSE
T3840 036:778.497 JLINK_IsHalted()
T3840 036:778.917 - 0.418ms returns FALSE
T3840 036:885.908 JLINK_IsHalted()
T3840 036:886.512 - 0.602ms returns FALSE
T3840 036:886.594 JLINK_IsHalted()
T3840 036:887.076 - 0.480ms returns FALSE
T3840 036:995.390 JLINK_IsHalted()
T3840 036:995.748 - 0.357ms returns FALSE
T3840 036:995.806 JLINK_IsHalted()
T3840 036:996.128 - 0.321ms returns FALSE
T3840 037:104.378 JLINK_IsHalted()
T3840 037:104.866 - 0.487ms returns FALSE
T3840 037:104.892 JLINK_IsHalted()
T3840 037:105.316 - 0.423ms returns FALSE
T3840 037:214.270 JLINK_IsHalted()
T3840 037:214.770 - 0.499ms returns FALSE
T3840 037:214.796 JLINK_IsHalted()
T3840 037:215.072 - 0.275ms returns FALSE
T3840 037:323.812 JLINK_IsHalted()
T3840 037:324.126 - 0.314ms returns FALSE
T3840 037:324.148 JLINK_IsHalted()
T3840 037:324.402 - 0.253ms returns FALSE
T3ED4 037:356.046 JLINK_IsHalted()
T3ED4 037:356.561 - 0.513ms returns FALSE
T3ED4 037:356.698 JLINK_IsHalted()
T3ED4 037:357.049 - 0.350ms returns FALSE
T3840 037:433.115 JLINK_IsHalted()
T3840 037:433.867 - 0.750ms returns FALSE
T3840 037:433.975 JLINK_IsHalted()
T3840 037:434.595 - 0.618ms returns FALSE
T3840 037:542.326 JLINK_IsHalted()
T3840 037:542.965 - 0.637ms returns FALSE
T3840 037:543.094 JLINK_IsHalted()
T3840 037:543.569 - 0.473ms returns FALSE
T3840 037:651.622 JLINK_IsHalted()
T3840 037:652.383 - 0.759ms returns FALSE
T3840 037:652.505 JLINK_IsHalted()
T3840 037:652.992 - 0.484ms returns FALSE
T3840 037:761.276 JLINK_IsHalted()
T3840 037:761.984 - 0.706ms returns FALSE
T3840 037:762.100 JLINK_IsHalted()
T3840 037:762.737 - 0.636ms returns FALSE
T3840 037:869.982 JLINK_IsHalted()
T3840 037:870.648 - 0.664ms returns FALSE
T3840 037:870.793 JLINK_IsHalted()
T3840 037:871.466 - 0.671ms returns FALSE
T3840 037:980.561 JLINK_IsHalted()
T3840 037:981.230 - 0.668ms returns FALSE
T3840 037:981.337 JLINK_IsHalted()
T3840 037:981.886 - 0.547ms returns FALSE
T3840 038:089.275 JLINK_IsHalted()
T3840 038:089.825 - 0.548ms returns FALSE
T3840 038:089.951 JLINK_IsHalted()
T3840 038:090.401 - 0.448ms returns FALSE
T3840 038:198.549 JLINK_IsHalted()
T3840 038:198.999 - 0.448ms returns FALSE
T3840 038:199.064 JLINK_IsHalted()
T3840 038:199.530 - 0.466ms returns FALSE
T3840 038:307.677 JLINK_IsHalted()
T3840 038:308.119 - 0.439ms returns FALSE
T3840 038:308.211 JLINK_IsHalted()
T3840 038:308.637 - 0.424ms returns FALSE
T3ED4 038:357.110 JLINK_IsHalted()
T3ED4 038:357.613 - 0.502ms returns FALSE
T3ED4 038:357.763 JLINK_IsHalted()
T3ED4 038:358.146 - 0.382ms returns FALSE
T3840 038:417.706 JLINK_IsHalted()
T3840 038:418.096 - 0.389ms returns FALSE
T3840 038:418.155 JLINK_IsHalted()
T3840 038:418.457 - 0.300ms returns FALSE
T3840 038:526.520 JLINK_IsHalted()
T3840 038:527.211 - 0.688ms returns FALSE
T3840 038:527.312 JLINK_IsHalted()
T3840 038:527.868 - 0.554ms returns FALSE
T3840 038:635.914 JLINK_IsHalted()
T3840 038:636.714 - 0.798ms returns FALSE
T3840 038:636.847 JLINK_IsHalted()
T3840 038:637.374 - 0.525ms returns FALSE
T3840 038:745.968 JLINK_IsHalted()
T3840 038:746.540 - 0.570ms returns FALSE
T3840 038:746.630 JLINK_IsHalted()
T3840 038:747.167 - 0.536ms returns FALSE
T3840 038:855.129 JLINK_IsHalted()
T3840 038:855.693 - 0.563ms returns FALSE
T3840 038:855.790 JLINK_IsHalted()
T3840 038:856.283 - 0.492ms returns FALSE
T3840 038:964.662 JLINK_IsHalted()
T3840 038:965.408 - 0.744ms returns FALSE
T3840 038:965.525 JLINK_IsHalted()
T3840 038:966.027 - 0.501ms returns FALSE
T3840 039:073.362 JLINK_IsHalted()
T3840 039:074.078 - 0.714ms returns FALSE
T3840 039:074.201 JLINK_IsHalted()
T3840 039:074.656 - 0.453ms returns FALSE
T3840 039:182.914 JLINK_IsHalted()
T3840 039:183.574 - 0.657ms returns FALSE
T3840 039:183.683 JLINK_IsHalted()
T3840 039:184.480 - 0.795ms returns FALSE
T3840 039:292.074 JLINK_IsHalted()
T3840 039:292.765 - 0.689ms returns FALSE
T3840 039:292.872 JLINK_IsHalted()
T3840 039:293.337 - 0.463ms returns FALSE
T3ED4 039:358.512 JLINK_IsHalted()
T3ED4 039:359.194 - 0.680ms returns FALSE
T3ED4 039:359.291 JLINK_IsHalted()
T3ED4 039:359.880 - 0.585ms returns FALSE
T3840 039:402.148 JLINK_IsHalted()
T3840 039:402.796 - 0.645ms returns FALSE
T3840 039:402.912 JLINK_IsHalted()
T3840 039:403.453 - 0.538ms returns FALSE
T3840 039:511.759 JLINK_IsHalted()
T3840 039:512.346 - 0.587ms returns FALSE
T3840 039:512.471 JLINK_IsHalted()
T3840 039:512.959 - 0.486ms returns FALSE
T3840 039:620.721 JLINK_IsHalted()
T3840 039:621.294 - 0.571ms returns FALSE
T3840 039:621.427 JLINK_IsHalted()
T3840 039:621.940 - 0.511ms returns FALSE
T3840 039:729.390 JLINK_IsHalted()
T3840 039:730.077 - 0.685ms returns FALSE
T3840 039:730.167 JLINK_IsHalted()
T3840 039:730.568 - 0.399ms returns FALSE
T3840 039:839.572 JLINK_IsHalted()
T3840 039:840.610 - 1.034ms returns FALSE
T3840 039:840.774 JLINK_IsHalted()
T3840 039:841.299 - 0.522ms returns FALSE
T3840 039:948.599 JLINK_IsHalted()
T3840 039:949.341 - 0.740ms returns FALSE
T3840 039:949.498 JLINK_IsHalted()
T3840 039:949.964 - 0.464ms returns FALSE
T3840 040:058.137 JLINK_IsHalted()
T3840 040:058.921 - 0.782ms returns FALSE
T3840 040:059.031 JLINK_IsHalted()
T3840 040:059.589 - 0.555ms returns FALSE
T3840 040:167.783 JLINK_IsHalted()
T3840 040:168.481 - 0.697ms returns FALSE
T3840 040:168.609 JLINK_IsHalted()
T3840 040:169.105 - 0.492ms returns FALSE
T3840 040:277.340 JLINK_IsHalted()
T3840 040:278.053 - 0.711ms returns FALSE
T3840 040:278.172 JLINK_IsHalted()
T3840 040:278.602 - 0.427ms returns FALSE
T3ED4 040:361.138 JLINK_IsHalted()
T3ED4 040:361.674 - 0.535ms returns FALSE
T3ED4 040:361.814 JLINK_IsHalted()
T3ED4 040:362.469 - 0.653ms returns FALSE
T3840 040:386.294 JLINK_IsHalted()
T3840 040:386.963 - 0.668ms returns FALSE
T3840 040:387.084 JLINK_IsHalted()
T3840 040:387.572 - 0.486ms returns FALSE
T3840 040:495.131 JLINK_IsHalted()
T3840 040:495.787 - 0.654ms returns FALSE
T3840 040:495.885 JLINK_IsHalted()
T3840 040:496.197 - 0.310ms returns FALSE
T3840 040:605.479 JLINK_IsHalted()
T3840 040:606.118 - 0.637ms returns FALSE
T3840 040:606.251 JLINK_IsHalted()
T3840 040:606.673 - 0.419ms returns FALSE
T3840 040:714.555 JLINK_IsHalted()
T3840 040:714.976 - 0.420ms returns FALSE
T3840 040:715.002 JLINK_IsHalted()
T3840 040:715.315 - 0.313ms returns FALSE
T3840 040:824.399 JLINK_IsHalted()
T3840 040:824.971 - 0.572ms returns FALSE
T3840 040:825.005 JLINK_IsHalted()
T3840 040:825.508 - 0.502ms returns FALSE
T3840 040:933.216 JLINK_IsHalted()
T3840 040:933.813 - 0.596ms returns FALSE
T3840 040:933.909 JLINK_IsHalted()
T3840 040:934.408 - 0.496ms returns FALSE
T3840 041:042.790 JLINK_IsHalted()
T3840 041:043.429 - 0.636ms returns FALSE
T3840 041:043.573 JLINK_IsHalted()
T3840 041:044.133 - 0.558ms returns FALSE
T3840 041:151.356 JLINK_IsHalted()
T3840 041:152.085 - 0.727ms returns FALSE
T3840 041:152.208 JLINK_IsHalted()
T3840 041:152.704 - 0.489ms returns FALSE
T3840 041:261.217 JLINK_IsHalted()
T3840 041:261.810 - 0.590ms returns FALSE
T3840 041:261.916 JLINK_IsHalted()
T3840 041:262.351 - 0.433ms returns FALSE
T3ED4 041:363.504 JLINK_IsHalted()
T3ED4 041:364.144 - 0.639ms returns FALSE
T3ED4 041:364.212 JLINK_IsHalted()
T3ED4 041:364.736 - 0.523ms returns FALSE
T3840 041:370.768 JLINK_IsHalted()
T3840 041:371.383 - 0.614ms returns FALSE
T3840 041:371.493 JLINK_IsHalted()
T3840 041:371.980 - 0.485ms returns FALSE
T3840 041:479.637 JLINK_IsHalted()
T3840 041:480.284 - 0.644ms returns FALSE
T3840 041:480.398 JLINK_IsHalted()
T3840 041:480.784 - 0.384ms returns FALSE
T3840 041:588.722 JLINK_IsHalted()
T3840 041:589.266 - 0.543ms returns FALSE
T3840 041:589.401 JLINK_IsHalted()
T3840 041:589.919 - 0.516ms returns FALSE
T3840 041:698.157 JLINK_IsHalted()
T3840 041:698.866 - 0.708ms returns FALSE
T3840 041:698.979 JLINK_IsHalted()
T3840 041:699.438 - 0.457ms returns FALSE
T3840 041:808.263 JLINK_IsHalted()
T3840 041:808.720 - 0.454ms returns FALSE
T3840 041:808.829 JLINK_IsHalted()
T3840 041:809.243 - 0.412ms returns FALSE
T3840 041:917.015 JLINK_IsHalted()
T3840 041:917.789 - 0.772ms returns FALSE
T3840 041:917.893 JLINK_IsHalted()
T3840 041:918.475 - 0.580ms returns FALSE
T3840 042:027.022 JLINK_IsHalted()
T3840 042:027.607 - 0.584ms returns FALSE
T3840 042:027.705 JLINK_IsHalted()
T3840 042:028.208 - 0.501ms returns FALSE
T3840 042:136.509 JLINK_IsHalted()
T3840 042:137.170 - 0.658ms returns FALSE
T3840 042:137.282 JLINK_IsHalted()
T3840 042:137.700 - 0.416ms returns FALSE
T3840 042:245.687 JLINK_IsHalted()
T3840 042:246.432 - 0.742ms returns FALSE
T3840 042:246.559 JLINK_IsHalted()
T3840 042:247.155 - 0.594ms returns FALSE
T3840 042:354.887 JLINK_IsHalted()
T3840 042:355.427 - 0.537ms returns FALSE
T3840 042:355.574 JLINK_IsHalted()
T3840 042:355.999 - 0.423ms returns FALSE
T3ED4 042:365.207 JLINK_IsHalted()
T3ED4 042:365.866 - 0.659ms returns FALSE
T3ED4 042:365.968 JLINK_IsHalted()
T3ED4 042:366.529 - 0.559ms returns FALSE
T3840 042:463.852 JLINK_IsHalted()
T3840 042:464.864 - 1.010ms returns FALSE
T3840 042:464.944 JLINK_IsHalted()
T3840 042:465.283 - 0.336ms returns FALSE
T3840 042:573.842 JLINK_IsHalted()
T3840 042:574.498 - 0.654ms returns FALSE
T3840 042:574.590 JLINK_IsHalted()
T3840 042:574.960 - 0.368ms returns FALSE
T3840 042:683.007 JLINK_IsHalted()
T3840 042:683.841 - 0.816ms returns FALSE
T3840 042:683.941 JLINK_IsHalted()
T3840 042:684.522 - 0.579ms returns FALSE
T3840 042:792.862 JLINK_IsHalted()
T3840 042:793.510 - 0.646ms returns FALSE
T3840 042:793.608 JLINK_IsHalted()
T3840 042:794.127 - 0.518ms returns FALSE
T3840 042:901.243 JLINK_IsHalted()
T3840 042:901.902 - 0.658ms returns FALSE
T3840 042:901.981 JLINK_IsHalted()
T3840 042:902.477 - 0.494ms returns FALSE
T3840 043:010.906 JLINK_IsHalted()
T3840 043:011.623 - 0.716ms returns FALSE
T3840 043:011.729 JLINK_IsHalted()
T3840 043:012.260 - 0.529ms returns FALSE
T3840 043:120.259 JLINK_IsHalted()
T3840 043:120.858 - 0.595ms returns FALSE
T3840 043:120.960 JLINK_IsHalted()
T3840 043:121.347 - 0.385ms returns FALSE
T3840 043:229.878 JLINK_IsHalted()
T3840 043:230.607 - 0.728ms returns FALSE
T3840 043:230.785 JLINK_IsHalted()
T3840 043:231.309 - 0.522ms returns FALSE
T3840 043:339.106 JLINK_IsHalted()
T3840 043:339.888 - 0.780ms returns FALSE
T3840 043:340.022 JLINK_IsHalted()
T3840 043:340.358 - 0.333ms returns FALSE
T3ED4 043:368.151 JLINK_IsHalted()
T3ED4 043:368.879 - 0.726ms returns FALSE
T3ED4 043:369.003 JLINK_IsHalted()
T3ED4 043:369.510 - 0.505ms returns FALSE
T3840 043:448.381 JLINK_IsHalted()
T3840 043:449.102 - 0.719ms returns FALSE
T3840 043:449.213 JLINK_IsHalted()
T3840 043:449.699 - 0.484ms returns FALSE
T3840 043:558.361 JLINK_IsHalted()
T3840 043:559.181 - 0.818ms returns FALSE
T3840 043:559.347 JLINK_IsHalted()
T3840 043:559.696 - 0.346ms returns FALSE
T3840 043:666.954 JLINK_IsHalted()
T3840 043:667.613 - 0.657ms returns FALSE
T3840 043:667.712 JLINK_IsHalted()
T3840 043:668.169 - 0.455ms returns FALSE
T3840 043:777.095 JLINK_IsHalted()
T3840 043:777.840 - 0.743ms returns FALSE
T3840 043:777.969 JLINK_IsHalted()
T3840 043:778.499 - 0.528ms returns FALSE
T3840 043:886.672 JLINK_IsHalted()
T3840 043:887.319 - 0.644ms returns FALSE
T3840 043:887.460 JLINK_IsHalted()
T3840 043:887.864 - 0.401ms returns FALSE
T3840 043:995.865 JLINK_IsHalted()
T3840 043:996.560 - 0.693ms returns FALSE
T3840 043:996.658 JLINK_IsHalted()
T3840 043:997.138 - 0.478ms returns FALSE
T3840 044:104.502 JLINK_IsHalted()
T3840 044:105.291 - 0.788ms returns FALSE
T3840 044:105.391 JLINK_IsHalted()
T3840 044:105.982 - 0.588ms returns FALSE
T3840 044:214.384 JLINK_IsHalted()
T3840 044:214.856 - 0.470ms returns FALSE
T3840 044:214.979 JLINK_IsHalted()
T3840 044:215.377 - 0.395ms returns FALSE
T3840 044:323.316 JLINK_IsHalted()
T3840 044:323.634 - 0.317ms returns FALSE
T3840 044:323.656 JLINK_IsHalted()
T3840 044:324.031 - 0.374ms returns FALSE
T3ED4 044:370.374 JLINK_IsHalted()
T3ED4 044:371.009 - 0.634ms returns FALSE
T3ED4 044:371.102 JLINK_IsHalted()
T3ED4 044:371.598 - 0.495ms returns FALSE
T3840 044:432.578 JLINK_IsHalted()
T3840 044:433.231 - 0.651ms returns FALSE
T3840 044:433.354 JLINK_IsHalted()
T3840 044:433.901 - 0.546ms returns FALSE
T3840 044:542.424 JLINK_IsHalted()
T3840 044:543.116 - 0.690ms returns FALSE
T3840 044:543.212 JLINK_IsHalted()
T3840 044:543.745 - 0.531ms returns FALSE
T3840 044:651.568 JLINK_IsHalted()
T3840 044:652.083 - 0.514ms returns FALSE
T3840 044:652.177 JLINK_IsHalted()
T3840 044:652.456 - 0.278ms returns FALSE
T3840 044:761.078 JLINK_IsHalted()
T3840 044:761.557 - 0.478ms returns FALSE
T3840 044:761.591 JLINK_IsHalted()
T3840 044:762.031 - 0.439ms returns FALSE
T3840 044:870.958 JLINK_IsHalted()
T3840 044:871.540 - 0.580ms returns FALSE
T3840 044:871.657 JLINK_IsHalted()
T3840 044:872.206 - 0.547ms returns FALSE
T3840 044:980.087 JLINK_IsHalted()
T3840 044:980.729 - 0.640ms returns FALSE
T3840 044:980.862 JLINK_IsHalted()
T3840 044:981.351 - 0.487ms returns FALSE
T3840 045:089.028 JLINK_IsHalted()
T3840 045:089.610 - 0.579ms returns FALSE
T3840 045:089.711 JLINK_IsHalted()
T3840 045:090.287 - 0.574ms returns FALSE
T3840 045:198.364 JLINK_IsHalted()
T3840 045:200.126 - 1.761ms returns FALSE
T3840 045:200.225 JLINK_IsHalted()
T3840 045:200.875 - 0.648ms returns FALSE
T3840 045:308.214 JLINK_IsHalted()
T3840 045:308.911 - 0.695ms returns FALSE
T3840 045:309.047 JLINK_IsHalted()
T3840 045:309.512 - 0.463ms returns FALSE
T3ED4 045:372.083 JLINK_IsHalted()
T3ED4 045:372.791 - 0.706ms returns FALSE
T3ED4 045:372.911 JLINK_IsHalted()
T3ED4 045:373.375 - 0.462ms returns FALSE
T3840 045:417.244 JLINK_IsHalted()
T3840 045:417.892 - 0.645ms returns FALSE
T3840 045:418.028 JLINK_IsHalted()
T3840 045:418.623 - 0.593ms returns FALSE
T3840 045:526.667 JLINK_IsHalted()
T3840 045:527.335 - 0.667ms returns FALSE
T3840 045:527.433 JLINK_IsHalted()
T3840 045:527.903 - 0.468ms returns FALSE
T3840 045:635.599 JLINK_IsHalted()
T3840 045:636.316 - 0.716ms returns FALSE
T3840 045:636.403 JLINK_IsHalted()
T3840 045:637.044 - 0.640ms returns FALSE
T3840 045:745.140 JLINK_IsHalted()
T3840 045:745.649 - 0.507ms returns FALSE
T3840 045:745.741 JLINK_IsHalted()
T3840 045:746.291 - 0.547ms returns FALSE
T3840 045:855.013 JLINK_IsHalted()
T3840 045:855.639 - 0.625ms returns FALSE
T3840 045:855.772 JLINK_IsHalted()
T3840 045:856.380 - 0.607ms returns FALSE
T3840 045:964.114 JLINK_IsHalted()
T3840 045:964.484 - 0.370ms returns FALSE
T3840 045:964.518 JLINK_IsHalted()
T3840 045:964.804 - 0.285ms returns FALSE
T3840 046:074.229 JLINK_IsHalted()
T3840 046:074.572 - 0.340ms returns FALSE
T3840 046:074.683 JLINK_IsHalted()
T3840 046:075.044 - 0.359ms returns FALSE
T3840 046:182.980 JLINK_IsHalted()
T3840 046:183.412 - 0.431ms returns FALSE
T3840 046:183.457 JLINK_IsHalted()
T3840 046:183.835 - 0.377ms returns FALSE
T3840 046:292.017 JLINK_IsHalted()
T3840 046:292.446 - 0.428ms returns FALSE
T3840 046:292.484 JLINK_IsHalted()
T3840 046:292.833 - 0.349ms returns FALSE
T3ED4 046:374.884 JLINK_IsHalted()
T3ED4 046:375.637 - 0.752ms returns FALSE
T3ED4 046:375.729 JLINK_IsHalted()
T3ED4 046:376.225 - 0.494ms returns FALSE
T3840 046:401.238 JLINK_IsHalted()
T3840 046:401.743 - 0.504ms returns FALSE
T3840 046:401.777 JLINK_IsHalted()
T3840 046:402.180 - 0.402ms returns FALSE
T3840 046:510.986 JLINK_IsHalted()
T3840 046:511.649 - 0.661ms returns FALSE
T3840 046:511.782 JLINK_IsHalted()
T3840 046:512.232 - 0.448ms returns FALSE
T3840 046:619.965 JLINK_IsHalted()
T3840 046:620.520 - 0.554ms returns FALSE
T3840 046:620.614 JLINK_IsHalted()
T3840 046:620.961 - 0.345ms returns FALSE
T3840 046:729.589 JLINK_IsHalted()
T3840 046:730.125 - 0.535ms returns FALSE
T3840 046:730.229 JLINK_IsHalted()
T3840 046:730.591 - 0.360ms returns FALSE
T3840 046:839.652 JLINK_IsHalted()
T3840 046:840.453 - 0.799ms returns FALSE
T3840 046:840.555 JLINK_IsHalted()
T3840 046:841.075 - 0.518ms returns FALSE
T3840 046:948.774 JLINK_IsHalted()
T3840 046:949.457 - 0.681ms returns FALSE
T3840 046:949.543 JLINK_IsHalted()
T3840 046:949.876 - 0.331ms returns FALSE
T3840 047:057.877 JLINK_IsHalted()
T3840 047:058.408 - 0.528ms returns FALSE
T3840 047:058.530 JLINK_IsHalted()
T3840 047:058.970 - 0.438ms returns FALSE
T3840 047:167.340 JLINK_IsHalted()
T3840 047:167.767 - 0.425ms returns FALSE
T3840 047:167.848 JLINK_IsHalted()
T3840 047:168.237 - 0.388ms returns FALSE
T3840 047:254.721 JLINK_IsHalted()
T3840 047:255.033 - 0.311ms returns FALSE
T3840 047:255.070 JLINK_IsHalted()
T3840 047:255.309 - 0.239ms returns FALSE
T3840 047:255.342 JLINK_IsHalted()
T3840 047:255.566 - 0.224ms returns FALSE
T3840 047:255.582 JLINK_IsHalted()
T3840 047:255.832 - 0.249ms returns FALSE
T3840 047:255.851 JLINK_Halt()
T3840 047:258.698 - 2.846ms returns 0x00
T3840 047:258.757 JLINK_IsHalted()
T3840 047:258.770 - 0.013ms returns TRUE
T3840 047:258.785 JLINK_ReadRegs_64(NumRegs = 1, Indexes: 
T3840 047:258.798   33)
T3840 047:258.819    -- PC=0x4021321C
T3840 047:258.837 - 0.051ms returns 0
T3840 047:258.852 JLINK_ReadRegs_64(NumRegs = 1, Indexes: 
T3840 047:258.864   41)
T3840 047:258.882    -- CPSR=0x6000000C
T3840 047:258.900 - 0.048ms returns 0
T3840 047:258.913 JLINK_ReadRegs_64(NumRegs = 1, Indexes: 
T3840 047:258.926   33)
T3840 047:258.944    -- PC=0x4021321C
T3840 047:258.961 - 0.047ms returns 0
T3840 047:258.980 JLINK_ReadRegs_64(NumRegs = 1, Indexes: 
T3840 047:258.993   41)
T3840 047:259.011    -- CPSR=0x6000000C
T3840 047:259.031 - 0.050ms returns 0
T3840 047:259.044 JLINK_IsHalted()
T3840 047:259.059 - 0.014ms returns TRUE
T3840 047:259.072 JLINK_ReadRegs_64(NumRegs = 1, Indexes: 
T3840 047:259.083   41)
T3840 047:259.101    -- CPSR=0x6000000C
T3840 047:259.119 - 0.047ms returns 0
T3840 047:259.132 JLINK_ReadRegs_64(NumRegs = 1, Indexes: 
T3840 047:259.144   33)
T3840 047:259.162    -- PC=0x4021321C
T3840 047:259.180 - 0.048ms returns 0
T3840 047:259.193 JLINK_ReadRegs_64(NumRegs = 1, Indexes: 
T3840 047:259.206   41)
T3840 047:259.226    -- CPSR=0x6000000C
T3840 047:259.245 - 0.051ms returns 0
T3840 047:259.781 JLINK_ReadRegs_64(NumRegs = 49, Indexes: 
T3840 047:259.828   0, 
T3840 047:259.850   1, 
T3840 047:259.871   2, 
T3840 047:259.893   3, 
T3840 047:259.915   4, 
T3840 047:259.936   5, 
T3840 047:259.958   6, 
T3840 047:259.982   7, 
T3840 047:260.003   8, 
T3840 047:260.024   9, 
T3840 047:260.046   10, 
T3840 047:260.070   11, 
T3840 047:260.093   12, 
T3840 047:260.116   13, 
T3840 047:260.141   14, 
T3840 047:260.164   15, 
T3840 047:260.186   16, 
T3840 047:260.209   17, 
T3840 047:260.233   18, 
T3840 047:260.255   19, 
T3840 047:260.278   20, 
T3840 047:260.301   21, 
T3840 047:260.324   22, 
T3840 047:260.347   23, 
T3840 047:260.371   24, 
T3840 047:260.394   25, 
T3840 047:260.417   26, 
T3840 047:260.440   27, 
T3840 047:260.464   28, 
T3840 047:260.487   29, 
T3840 047:260.510   30, 
T3840 047:260.533   31, 
T3840 047:260.556   32, 
T3840 047:260.580   33, 
T3840 047:260.603   34, 
T3840 047:260.627   35, 
T3840 047:260.650   36, 
T3840 047:260.673   37, 
T3840 047:260.706   38, 
T3840 047:260.729   39, 
T3840 047:260.752   40, 
T3840 047:260.776   41, 
T3840 047:260.800   42, 
T3840 047:260.823   43, 
T3840 047:260.846   44, 
T3840 047:260.870   45, 
T3840 047:260.893   46, 
T3840 047:260.916   47, 
T3840 047:260.939   48)
T3840 047:260.979   
 -- R0=0x00, R1=0x40246020, R2=0x00, R3=0x402402C0, R4=0x00, R5=0x40246028, R6=0x40245D70, R7=0xFFFFFFFC, R8=0x0D, R9=0x00, R10=0x0A, R11=0x00, R12=0x03, R13=0x7469736F, R14=0x01, R15=0x00, R16=0x402130A0, R17=0x00, R18=0x00, R19=0x40245D70, R20=0x00, R21=0x40245D70, R22=0x00, R23=0x00, R24=0x00, R25=0x00, R26=0x00, R27=0x00, R28=0x00, R29=0x40243580, R30=0x24910, R31=0x00, SP=0x40213210, PC=0x4021321C, ELR_EL1=0x00, ELR_EL2=0x00, ELR_EL3=0x40213210, SP_EL0=0x40213210, SP_EL1=0x00, SP_EL2=0x00, SP_EL3=0x402455F0, CPSR=0x6000000C, SPSR_abt=0xFA8FFFFF, SPSR_EL1=0xFEFEFB6F, SPSR_EL2=0xEEBFFFFC, SPSR_EL3=0x6000000C, SPSR_fiq=0x7CDFFD4F, SPSR_irq=0xFACFFFF7, SPSR_und=0xF68DDFF7

T3840 047:261.019 - 1.237ms returns 0
T3840 047:262.117 JLINK_ReadMem(0x4021321C, 0x4 Bytes, ...)
T3840 047:262.186   CPU_ReadMem(64 bytes @ 0x40213200)
T3840 047:262.932    -- Updating DA cache (64 bytes @ 0x40213200)
T3840 047:262.960    -- Read from DA cache (4 bytes @ 0x4021321C)
T3840 047:262.980   Data:  1F 00 00 F1
T3840 047:262.999 - 0.882ms returns 0
T3C78 047:785.124 JLINK_Halt()
T3C78 047:785.440 - 0.316ms returns 0x00
T3C78 047:785.465 JLINK_ReadRegs_64(NumRegs = 1, Indexes: 
T3C78 047:785.479   41)
T3C78 047:785.504    -- CPSR=0x6000000C
T3C78 047:785.525 - 0.059ms returns 0
T3C78 047:786.619 JLINK_Close()
T3C78 047:800.784 - 14.163ms
T3C78 047:800.853   
T3C78 047:800.866   Closed
