T53E4 000:000.861   SEGGER J-Link V7.82c Log File
T53E4 000:001.017   DLL Compiled: Nov 16 2022 16:56:50
T53E4 000:001.029   Logging started @ 2023-09-07 05:16
T53E4 000:001.041 - 1.047ms
T53E4 000:001.060 JLINK_GetDLLVersion()
T53E4 000:001.073 - 0.018ms returns 78203
T53E4 000:001.655 JLINK_OpenEx(...)
T53E4 000:016.491   Firmware: J-Link V11 compiled Aug  2 2023 10:34:01
T53E4 000:016.977   Firmware: J-Link V11 compiled Aug  2 2023 10:34:01
T53E4 000:020.570   Hardware: V11.00
T53E4 000:020.652   S/N: 51026937
T53E4 000:020.679   OEM: SEGGER
T53E4 000:020.708   Feature(s): GDB
T53E4 000:027.305   USB speed mode: High speed (480 MBit/s)
T53E4 000:027.732   TELNET listener socket opened on port 19021
T53E4 000:028.013   WEBSRV WEBSRV_Init(): Starting webserver thread(s)
T53E4 000:028.272   WEBSRV Webserver running on local port 19080
T53E4 000:041.746 - 40.136ms returns "O.K."
T53E4 000:042.040 JLINK_ExecCommand("ProjectFile=C:\work_rza3ul\rza3ul_azure_demo_r1.0\usbx_demo_hmsc_rza3_fsp/usbx_demo_hmsc_rza3_fsp Debug.jlink", ...). 
T53E4 000:066.118 - 24.104ms returns 0x00
T53E4 000:066.822 JLINK_ExecCommand("device=R9A07G063U02GBG?BankAddr=0x20000000&Loader=QuadSPI", ...). 
T53E4 000:066.852   Flash bank @ 0x20000000: Stored loader selection. Loader = QuadSPI
T53E4 000:067.826   Device "R9A07G063U02GBG" selected.
T53E4 000:069.052 - 2.221ms returns 0x00
T53E4 000:069.115 JLINK_ExecCommand("SetCPUConnectIDCODE = FFFFFFFFFFFFFFFFFFFFFFFFFFFFFFFF", ...). 
T53E4 000:069.133 - 0.008ms returns 0x00
T53E4 000:069.146 JLINK_TIF_GetAvailable(...)
T53E4 000:069.440 - 0.321ms
T53E4 000:069.477 JLINK_TIF_Select(JLINKARM_TIF_JTAG)
T53E4 000:070.482 - 1.025ms returns 0x00
T53E4 000:070.513 JLINK_SetSpeed(15000)
T53E4 000:070.592 - 0.087ms
T53E4 000:070.608 JLINK_SetEndian(ARM_ENDIAN_LITTLE)
T53E4 000:070.620 - 0.017ms returns 0
T53E4 000:070.635 JLINK_SetInitRegsOnReset(OFF)
T53E4 000:070.646 - 0.017ms returns 1
T53E4 000:070.659 JLINK_SetResetType(JLINKARM_RESET_TYPE_NORMAL)
T53E4 000:070.671 - 0.017ms returns JLINKARM_RESET_TYPE_NORMAL
T53E4 000:070.684 JLINK_ExecCommand("EnableFlashBPs", ...). 
T53E4 000:070.697 - 0.006ms returns 0x00
T53E4 000:070.710 JLINK_ExecCommand("SetAllowFlashCache = 1", ...). 
T53E4 000:070.723 - 0.006ms returns 0x01
T53E4 000:070.735 JLINK_ExecCommand("SetRestartOnClose = 0", ...). 
T53E4 000:070.749 - 0.006ms returns 0x01
T53E4 000:070.762 JLINK_EnableSoftBPs(ON)
T53E4 000:070.774 - 0.018ms
T53E4 000:070.787 JLINK_Connect()
T53E4 000:071.504   TotalIRLen = 4, IRPrint = 0x01
T53E4 000:071.932   JTAG chain detection found 1 devices:
T53E4 000:071.951    #0 Id: 0x6BA00477, IRLen: 04, CoreSight JTAG-DP
T53E4 000:072.742   DPv0 detected
T53E4 000:072.763   Scanning AP map to find all available APs
T53E4 000:073.952   AP[4]: Stopped AP scan as end of AP map has been reached
T53E4 000:073.972   AP[0]: APB-AP (IDR: 0x54770002)
T53E4 000:073.991   AP[1]: AXI-AP (IDR: 0x44770004)
T53E4 000:074.009   AP[2]: AHB-AP (IDR: 0x84770001)
T53E4 000:074.028   AP[3]: AHB-AP (IDR: 0x84770001)
T53E4 000:074.046   Iterating through AP map to find APB-AP to use
T53E4 000:074.064   AP[0]: APB-AP found
T53E4 000:074.254   Scanning ROMTbl @ 0x10C00000
T53E4 000:075.347   [0]Comp[0] @ 0x10C10000: TSG
T53E4 000:075.718   [0]Comp[1] @ 0x10C20000: TMC
T53E4 000:076.221   [0]Comp[2] @ 0x10C30000: ETB
T53E4 000:076.746   [0]Comp[3] @ 0x10C40000: CSTF
T53E4 000:077.219   [0]Comp[4] @ 0x10C50000: CTI (?)
T53E4 000:077.772   [0]Comp[5] @ 0x10C60000: CTI (?)
T53E4 000:078.218   [0]Comp[6] @ 0x10E00000: ROM Table
T53E4 000:078.239   Scanning ROMTbl @ 0x10E00000
T53E4 000:079.481   [1]Comp[0] @ 0x10E10000: Cortex-A55
T53E4 000:079.975   [1]Comp[1] @ 0x10E20000: CSS600-CTI
T53E4 000:080.029   Core found. Stopped ROM table scan: https://wiki.segger.com/ROMTableScan
T53E4 000:080.055   Cortex-A55 @ 0x10E10000 (detected)
T53E4 000:080.073   CoreCTI @ 0x10E20000 (detected)
T53E4 000:080.594   Debug architecture: ARMv8.2
T53E4 000:080.627   6 code breakpoints, 4 data breakpoints
T53E4 000:080.848   Processor features:
T53E4 000:080.871     EL0 support: AArch64 + AArch32
T53E4 000:080.889     EL1 support: AArch64 + AArch32
T53E4 000:080.907     EL2 support: AArch64 + AArch32
T53E4 000:080.927     EL3 support: AArch64 + AArch32
T53E4 000:080.945     FPU support: Single + Double + Conversion + single arithmetic
T53E4 000:081.298   -- Max. mem block: 0x00004E50
T53E4 000:084.581   Current exception level: EL3
T53E4 000:084.616   Exception level AArch usage:
T53E4 000:084.637     EL0: AArch64
T53E4 000:084.655     EL1: AArch64
T53E4 000:084.674     EL2: AArch64
T53E4 000:084.694     EL3: AArch64
T53E4 000:084.713   Non-secure status: Secure
T53E4 000:084.923   Cache info:
T53E4 000:084.945     Inner cache boundary: L2
T53E4 000:084.964     LoU Uniprocessor: 0
T53E4 000:084.983     LoC: 2
T53E4 000:085.002     LoU Inner Shareable: 0
T53E4 000:085.506   I-Cache L1: 32 KB, 128 Sets, 64 Bytes/Line, 4-Way
T53E4 000:085.528   D-Cache L1: 32 KB, 128 Sets, 64 Bytes/Line, 4-Way
T53E4 000:085.547   Unified-Cache L2: 256 KB, 256 Sets, 64 Bytes/Line, 16-Way
T53E4 000:085.792   VMSAv8-64: Supports 48-bit VAs
T53E4 000:085.831 - 15.051ms returns 0x00
T53E4 000:085.853 JLINK_ResetPullsRESET(ON)
T53E4 000:085.866 - 0.020ms
T53E4 000:085.882 JLINK_Halt()
T53E4 000:085.896 - 0.020ms returns 0x00
T53E4 000:085.910 JLINK_IsHalted()
T53E4 000:085.927 - 0.023ms returns TRUE
T53E4 000:085.941 JLINK_Reset()
T53E4 000:208.310   Reset confused the core.
T53E4 000:209.226   Disabled core power domain detected.
T53E4 000:210.773   CPU not halted after Reset, halting using Halt request
T53E4 000:217.876 - 131.993ms
T53E4 000:217.949 JLINK_SetEndian(ARM_ENDIAN_LITTLE)
T53E4 000:217.962 - 0.019ms returns 0
T53E4 000:218.013 JLINK_IsHalted()
T53E4 000:218.028 - 0.021ms returns TRUE
T53E4 000:218.307 JLINK_MeasureCPUSpeed(RAMAddr = 0xFFFFFFFF)
T53E4 000:218.326 - 0.024ms returns 0
T53E4 000:218.447 JLINK_ReadRegs_64(NumRegs = 1, Indexes: 
T53E4 000:218.462   41)
T53E4 000:218.483    -- CPSR=0x400003CD
T53E4 000:218.502 - 0.061ms returns 0
T4904 000:456.351 JLINK_BeginDownload(Flags = 0x00000000)
T4904 000:456.436 - 0.097ms
T4904 000:474.433 JLINK_WriteMem(0x20000000, 0xBD0 Bytes, ...)
T4904 000:474.505   Data:  68 86 00 00 FF FF FF FF FF FF FF FF FF FF FF FF ...
T4904 000:474.773   completely In flash
T4904 000:474.804 - 0.378ms returns 0xBD0
T4904 000:475.257 JLINK_WriteMem(0x20000BD0, 0xBC0 Bytes, ...)
T4904 000:475.293   Data:  A1 FF FF 97 F5 FF FF 17 63 01 80 12 F3 FF FF 17 ...
T4904 000:475.316   completely In flash
T4904 000:475.335 - 0.084ms returns 0xBC0
T4904 000:475.550 JLINK_WriteMem(0x20001790, 0xBB0 Bytes, ...)
T4904 000:475.584   Data:  FD 7B C3 A8 C0 03 5F D6 79 0D 00 94 29 FB FF 97 ...
T4904 000:475.605   completely In flash
T4904 000:475.625 - 0.081ms returns 0xBB0
T4904 000:475.896 JLINK_WriteMem(0x20002340, 0xBB0 Bytes, ...)
T4904 000:475.920   Data:  02 84 40 B8 42 00 04 0B 43 00 00 B9 3F 10 00 71 ...
T4904 000:475.940   completely In flash
T4904 000:475.959 - 0.068ms returns 0xBB0
T4904 000:476.107 JLINK_WriteMem(0x20002EF0, 0xBB0 Bytes, ...)
T4904 000:476.126   Data:  01 28 A2 F2 21 F0 00 91 20 40 5C B8 00 78 05 12 ...
T4904 000:476.146   completely In flash
T4904 000:476.166 - 0.065ms returns 0xBB0
T4904 000:476.339 JLINK_WriteMem(0x20003AA0, 0xBB0 Bytes, ...)
T4904 000:476.358   Data:  3F 08 00 71 00 04 00 54 C1 04 00 35 21 31 40 39 ...
T4904 000:476.377   completely In flash
T4904 000:476.397 - 0.064ms returns 0xBB0
T4904 000:476.647 JLINK_WriteMem(0x20004650, 0xBA0 Bytes, ...)
T4904 000:476.664   Data:  F3 53 01 A9 F7 63 03 A9 34 00 40 F9 C0 0B 00 35 ...
T4904 000:476.684   completely In flash
T4904 000:476.703 - 0.062ms returns 0xBA0
T4904 000:476.872 JLINK_WriteMem(0x200051F0, 0xBC0 Bytes, ...)
T4904 000:476.888   Data:  9C F3 7D 92 F0 FF FF 17 FC 03 13 AA F3 C2 34 8B ...
T4904 000:476.908   completely In flash
T4904 000:476.928 - 0.062ms returns 0xBC0
T4904 000:477.112 JLINK_WriteMem(0x20005DB0, 0xBE0 Bytes, ...)
T4904 000:477.129   Data:  90 00 00 00 01 02 00 01 94 00 00 00 02 40 10 80 ...
T4904 000:477.158   completely In flash
T4904 000:477.176 - 0.071ms returns 0xBE0
T4904 000:477.294 JLINK_WriteMem(0x20006990, 0xBE0 Bytes, ...)
T4904 000:477.312   Data:  80 06 00 00 22 3C 00 00 84 06 00 00 11 26 10 00 ...
T4904 000:477.331   completely In flash
T4904 000:477.350 - 0.062ms returns 0xBE0
T4904 000:477.465 JLINK_WriteMem(0x20007570, 0xBE0 Bytes, ...)
T4904 000:477.483   Data:  00 00 00 00 00 00 00 00 00 00 00 00 00 00 00 00 ...
T4904 000:477.521   completely In flash
T4904 000:477.542 - 0.083ms returns 0xBE0
T4904 000:477.645 JLINK_WriteMem(0x20008150, 0x718 Bytes, ...)
T4904 000:477.663   Data:  00 00 00 00 00 00 00 00 00 00 00 00 00 00 00 00 ...
T4904 000:477.683   completely In flash
T4904 000:477.702 - 0.063ms returns 0x718
T4904 000:481.412 JLINK_WriteMem(0x20020000, 0xBE0 Bytes, ...)
T4904 000:481.469   Data:  00 00 20 40 00 00 00 00 FF FF DF BF FF FF FF FF ...
T4904 000:481.500   completely In flash
T4904 000:481.520 - 0.114ms returns 0xBE0
T4904 000:481.710 JLINK_WriteMem(0x20020BE0, 0xBE0 Bytes, ...)
T4904 000:481.730   Data:  00 00 00 00 00 00 00 00 00 00 00 00 00 00 00 00 ...
T4904 000:481.753   completely In flash
T4904 000:481.772 - 0.068ms returns 0xBE0
T4904 000:481.941 JLINK_WriteMem(0x200217C0, 0xBE0 Bytes, ...)
T4904 000:481.959   Data:  1F 20 03 D5 1F 20 03 D5 1F 20 03 D5 1F 20 03 D5 ...
T4904 000:481.979   completely In flash
T4904 000:481.997 - 0.063ms returns 0xBE0
T4904 000:482.173 JLINK_WriteMem(0x200223A0, 0xBE0 Bytes, ...)
T4904 000:482.211   Data:  1F 20 03 D5 1F 20 03 D5 1F 20 03 D5 1F 20 03 D5 ...
T4904 000:482.231   completely In flash
T4904 000:482.249 - 0.082ms returns 0xBE0
T4904 000:482.432 JLINK_WriteMem(0x20022F80, 0xBD0 Bytes, ...)
T4904 000:482.450   Data:  E4 17 BF A9 E6 1F BF A9 E4 03 00 AA E1 8F 1F F8 ...
T4904 000:482.470   completely In flash
T4904 000:482.489 - 0.062ms returns 0xBD0
T4904 000:482.612 JLINK_WriteMem(0x20023B50, 0xBD0 Bytes, ...)
T4904 000:482.630   Data:  F3 0B 00 F9 F3 03 00 AA 00 00 00 90 00 FC 44 F9 ...
T4904 000:482.649   completely In flash
T4904 000:482.668 - 0.061ms returns 0xBD0
T4904 000:482.786 JLINK_WriteMem(0x20024720, 0xBA0 Bytes, ...)
T4904 000:482.804   Data:  E1 03 00 AA A1 FF FF B5 60 02 40 B9 00 6C 7C 92 ...
T4904 000:482.823   completely In flash
T4904 000:482.842 - 0.062ms returns 0xBA0
T4904 000:482.992 JLINK_WriteMem(0x200252C0, 0xBA0 Bytes, ...)
T4904 000:483.010   Data:  60 1A 00 B9 61 06 40 B9 22 00 80 52 21 40 00 11 ...
T4904 000:483.029   completely In flash
T4904 000:483.048 - 0.061ms returns 0xBA0
T4904 000:483.165 JLINK_WriteMem(0x20025E60, 0xBB0 Bytes, ...)
T4904 000:483.182   Data:  22 48 40 B9 02 48 00 B9 20 48 40 B9 80 02 00 34 ...
T4904 000:483.202   completely In flash
T4904 000:483.221 - 0.062ms returns 0xBB0
T4904 000:483.337 JLINK_WriteMem(0x20026A10, 0xBC0 Bytes, ...)
T4904 000:483.354   Data:  06 00 80 52 05 00 80 D2 04 00 B0 52 E3 03 16 2A ...
T4904 000:483.374   completely In flash
T4904 000:483.395 - 0.065ms returns 0xBC0
T4904 000:483.514 JLINK_WriteMem(0x200275D0, 0xBB0 Bytes, ...)
T4904 000:483.531   Data:  81 00 80 52 E0 03 15 AA 3D 04 00 94 02 00 1F 32 ...
T4904 000:483.573   completely In flash
T4904 000:483.592 - 0.085ms returns 0xBB0
T4904 000:483.711 JLINK_WriteMem(0x20028180, 0xBC0 Bytes, ...)
T4904 000:483.729   Data:  03 46 00 94 F3 03 00 AA 7F 02 15 EB 21 FF FF 54 ...
T4904 000:483.748   completely In flash
T4904 000:483.766 - 0.062ms returns 0xBC0
T4904 000:483.946 JLINK_WriteMem(0x20028D40, 0xBB0 Bytes, ...)
T4904 000:483.963   Data:  F7 FF FF 17 E0 02 40 B9 00 00 15 32 E0 02 00 B9 ...
T4904 000:483.984   completely In flash
T4904 000:484.003 - 0.062ms returns 0xBB0
T4904 000:484.120 JLINK_WriteMem(0x200298F0, 0xBB0 Bytes, ...)
T4904 000:484.137   Data:  20 00 80 52 00 20 D4 1A 5F 00 00 6A 81 02 00 54 ...
T4904 000:484.173   completely In flash
T4904 000:484.192 - 0.078ms returns 0xBB0
T4904 000:484.310 JLINK_WriteMem(0x2002A4A0, 0xBC0 Bytes, ...)
T4904 000:484.328   Data:  60 00 00 35 7F AE 00 B9 EA FF FF 17 E1 03 00 2A ...
T4904 000:484.354   completely In flash
T4904 000:484.373 - 0.073ms returns 0xBC0
T4904 000:484.499 JLINK_WriteMem(0x2002B060, 0xBB0 Bytes, ...)
T4904 000:484.517   Data:  30 00 00 14 74 A2 00 B9 E0 03 13 AA 58 01 00 94 ...
T4904 000:484.555   completely In flash
T4904 000:484.575 - 0.082ms returns 0xBB0
T4904 000:484.692 JLINK_WriteMem(0x2002BC10, 0xBC0 Bytes, ...)
T4904 000:484.709   Data:  F3 0B 40 F9 FD 7B C7 A8 C0 03 5F D6 60 00 80 52 ...
T4904 000:484.728   completely In flash
T4904 000:484.747 - 0.061ms returns 0xBC0
T4904 000:484.863 JLINK_WriteMem(0x2002C7D0, 0xBD0 Bytes, ...)
T4904 000:484.880   Data:  22 00 00 94 80 62 40 B9 00 04 00 51 80 62 00 B9 ...
T4904 000:484.901   completely In flash
T4904 000:484.919 - 0.063ms returns 0xBD0
T4904 000:485.040 JLINK_WriteMem(0x2002D3A0, 0xBB0 Bytes, ...)
T4904 000:485.057   Data:  00 00 00 90 01 A4 41 F9 60 C2 00 91 AF 04 00 94 ...
T4904 000:485.079   completely In flash
T4904 000:485.098 - 0.064ms returns 0xBB0
T4904 000:485.216 JLINK_WriteMem(0x2002DF50, 0xBB0 Bytes, ...)
T4904 000:485.233   Data:  00 A0 00 91 9E 01 00 94 20 02 00 35 F3 53 41 A9 ...
T4904 000:485.253   completely In flash
T4904 000:485.272 - 0.062ms returns 0xBB0
T4904 000:485.390 JLINK_WriteMem(0x2002EB00, 0xBB0 Bytes, ...)
T4904 000:485.407   Data:  E5 03 00 AA 29 42 3B D5 DF 43 03 D5 E6 03 09 2A ...
T4904 000:485.426   completely In flash
T4904 000:485.445 - 0.061ms returns 0xBB0
T4904 000:485.559 JLINK_WriteMem(0x2002F6B0, 0xBB0 Bytes, ...)
T4904 000:485.576   Data:  E2 03 05 2A 01 14 40 F9 3F 00 04 EB 80 01 00 54 ...
T4904 000:485.595   completely In flash
T4904 000:485.615 - 0.061ms returns 0xBB0
T4904 000:485.729 JLINK_WriteMem(0x20030260, 0xBD0 Bytes, ...)
T4904 000:485.746   Data:  02 00 00 90 42 C4 40 F9 00 04 00 11 40 00 00 B9 ...
T4904 000:485.766   completely In flash
T4904 000:485.785 - 0.061ms returns 0xBD0
T4904 000:485.902 JLINK_WriteMem(0x20030E30, 0xBD0 Bytes, ...)
T4904 000:485.919   Data:  00 00 40 B9 00 00 01 2A 00 0C 00 34 F3 53 41 A9 ...
T4904 000:485.938   completely In flash
T4904 000:485.957 - 0.061ms returns 0xBD0
T4904 000:486.070 JLINK_WriteMem(0x20031A00, 0xBD0 Bytes, ...)
T4904 000:486.087   Data:  00 00 00 90 00 40 44 F9 00 00 40 B9 40 FA FF 34 ...
T4904 000:486.107   completely In flash
T4904 000:486.125 - 0.062ms returns 0xBD0
T4904 000:486.242 JLINK_WriteMem(0x200325D0, 0xBB0 Bytes, ...)
T4904 000:486.259   Data:  00 00 01 0B 1F 00 02 6B C8 02 00 54 00 01 80 52 ...
T4904 000:486.280   completely In flash
T4904 000:486.299 - 0.063ms returns 0xBB0
T4904 000:486.493 JLINK_WriteMem(0x20033180, 0xBC0 Bytes, ...)
T4904 000:486.530   Data:  C1 05 80 52 61 4A 20 38 00 04 00 11 81 02 40 F9 ...
T4904 000:486.565   completely In flash
T4904 000:486.595 - 0.108ms returns 0xBC0
T4904 000:486.763 JLINK_WriteMem(0x20033D40, 0xBC0 Bytes, ...)
T4904 000:486.785   Data:  01 00 C0 39 41 00 00 34 C0 03 5F D6 00 00 80 D2 ...
T4904 000:486.805   completely In flash
T4904 000:486.824 - 0.067ms returns 0xBC0
T4904 000:486.958 JLINK_WriteMem(0x20034900, 0xBB0 Bytes, ...)
T4904 000:486.976   Data:  61 3A 40 F9 01 38 00 F9 60 36 40 F9 20 34 00 F9 ...
T4904 000:486.995   completely In flash
T4904 000:487.014 - 0.062ms returns 0xBB0
T4904 000:487.133 JLINK_WriteMem(0x200354B0, 0xBB0 Bytes, ...)
T4904 000:487.151   Data:  77 00 00 14 E0 03 1C AA 12 E9 FF 97 E0 33 40 F9 ...
T4904 000:487.170   completely In flash
T4904 000:487.188 - 0.061ms returns 0xBB0
T4904 000:487.303 JLINK_WriteMem(0x20036060, 0xBD0 Bytes, ...)
T4904 000:487.320   Data:  F3 53 01 A9 F4 03 00 AA 00 98 41 B9 00 04 00 11 ...
T4904 000:487.340   completely In flash
T4904 000:487.359 - 0.062ms returns 0xBD0
T4904 000:487.475 JLINK_WriteMem(0x20036C30, 0xBC0 Bytes, ...)
T4904 000:487.492   Data:  3F 40 00 39 3F 44 00 39 23 80 00 91 23 0C 00 F9 ...
T4904 000:487.511   completely In flash
T4904 000:487.530 - 0.061ms returns 0xBC0
T4904 000:487.645 JLINK_WriteMem(0x200377F0, 0xBA0 Bytes, ...)
T4904 000:487.729   Data:  00 04 00 11 60 C6 01 B9 60 7A 40 B9 E0 0B 00 35 ...
T4904 000:487.753   completely In flash
T4904 000:487.773 - 0.134ms returns 0xBA0
T4904 000:487.915 JLINK_WriteMem(0x20038390, 0xBC0 Bytes, ...)
T4904 000:487.936   Data:  0C 34 40 F9 EC 07 00 F9 0B C0 41 39 EB 43 00 39 ...
T4904 000:487.956   completely In flash
T4904 000:487.975 - 0.065ms returns 0xBC0
T4904 000:488.091 JLINK_WriteMem(0x20038F50, 0xBD0 Bytes, ...)
T4904 000:488.110   Data:  60 07 00 34 60 2A 6D B9 00 00 14 0A 00 74 1E 53 ...
T4904 000:488.131   completely In flash
T4904 000:488.150 - 0.065ms returns 0xBD0
T4904 000:488.266 JLINK_WriteMem(0x20039B20, 0xBD0 Bytes, ...)
T4904 000:488.284   Data:  01 02 00 58 21 40 1E D5 E0 03 9F D6 00 00 00 00 ...
T4904 000:488.303   completely In flash
T4904 000:488.321 - 0.061ms returns 0xBD0
T4904 000:488.437 JLINK_WriteMem(0x2003A6F0, 0xBB0 Bytes, ...)
T4904 000:488.454   Data:  60 16 40 F9 00 1C 40 F9 40 02 00 B4 01 08 40 F9 ...
T4904 000:488.476   completely In flash
T4904 000:488.494 - 0.063ms returns 0xBB0
T4904 000:488.612 JLINK_WriteMem(0x2003B2A0, 0xB90 Bytes, ...)
T4904 000:488.631   Data:  D5 FF FF 17 E0 03 14 2A 0C 07 00 94 DA FF FF 17 ...
T4904 000:488.654   completely In flash
T4904 000:488.674 - 0.067ms returns 0xB90
T4904 000:488.792 JLINK_WriteMem(0x2003BE30, 0xBC0 Bytes, ...)
T4904 000:488.811   Data:  C1 00 80 36 1F FF FF 97 FD 7B C1 A8 C0 03 5F D6 ...
T4904 000:488.831   completely In flash
T4904 000:488.850 - 0.064ms returns 0xBC0
T4904 000:489.006 JLINK_WriteMem(0x2003C9F0, 0xBB0 Bytes, ...)
T4904 000:489.046   Data:  E2 03 13 2A 21 00 80 52 21 20 D3 1A 21 3C 10 53 ...
T4904 000:489.067   completely In flash
T4904 000:489.087 - 0.087ms returns 0xBB0
T4904 000:489.265 JLINK_WriteMem(0x2003D5A0, 0xBC0 Bytes, ...)
T4904 000:489.285   Data:  EA FE FF 54 4A 09 00 11 7F 00 0A 6B CC FC FF 54 ...
T4904 000:489.309   completely In flash
T4904 000:489.328 - 0.068ms returns 0xBC0
T4904 000:489.495 JLINK_WriteMem(0x2003E160, 0xBC0 Bytes, ...)
T4904 000:489.522   Data:  FA 03 1A CB 5A 2F 40 92 E1 03 1A AA 65 01 00 94 ...
T4904 000:489.542   completely In flash
T4904 000:489.561 - 0.072ms returns 0xBC0
T4904 000:489.700 JLINK_WriteMem(0x2003ED20, 0xBB0 Bytes, ...)
T4904 000:489.718   Data:  61 22 00 79 41 00 60 36 60 4A 00 F9 61 2E 40 F9 ...
T4904 000:489.737   completely In flash
T4904 000:489.756 - 0.062ms returns 0xBB0
T4904 000:489.886 JLINK_WriteMem(0x2003F8D0, 0xBE0 Bytes, ...)
T4904 000:489.904   Data:  E2 03 03 AA FF 90 FF 97 01 7C 40 93 1F 04 00 31 ...
T4904 000:489.924   completely In flash
T4904 000:489.943 - 0.063ms returns 0xBE0
T4904 000:490.055 JLINK_WriteMem(0x200404B0, 0xBE0 Bytes, ...)
T4904 000:490.072   Data:  20 66 69 6C 65 2E 0D 00 46 69 6C 65 20 72 65 61 ...
T4904 000:490.092   completely In flash
T4904 000:490.111 - 0.062ms returns 0xBE0
T4904 000:490.222 JLINK_WriteMem(0x20041090, 0xBE0 Bytes, ...)
T4904 000:490.240   Data:  02 00 00 00 02 00 00 00 02 00 00 00 02 00 00 00 ...
T4904 000:490.259   completely In flash
T4904 000:490.277 - 0.061ms returns 0xBE0
T4904 000:490.389 JLINK_WriteMem(0x20041C70, 0xBE0 Bytes, ...)
T4904 000:490.406   Data:  00 00 00 00 00 00 00 00 00 00 00 00 00 00 00 00 ...
T4904 000:490.475   completely In flash
T4904 000:490.496 - 0.112ms returns 0xBE0
T4904 000:490.612 JLINK_WriteMem(0x20042850, 0xBE0 Bytes, ...)
T4904 000:490.630   Data:  00 D5 21 40 00 00 00 00 00 D5 21 40 00 00 00 00 ...
T4904 000:490.654   completely In flash
T4904 000:490.673 - 0.066ms returns 0xBE0
T4904 000:490.785 JLINK_WriteMem(0x20043430, 0xBE0 Bytes, ...)
T4904 000:490.803   Data:  00 D5 21 40 00 00 00 00 00 D5 21 40 00 00 00 00 ...
T4904 000:490.824   completely In flash
T4904 000:490.843 - 0.063ms returns 0xBE0
T4904 000:490.942 JLINK_WriteMem(0x20044010, 0x4E8 Bytes, ...)
T4904 000:490.959   Data:  00 00 00 00 00 00 00 00 00 00 00 00 00 00 00 00 ...
T4904 000:490.979   completely In flash
T4904 000:490.999 - 0.063ms returns 0x4E8
T4904 000:502.389 JLINK_EndDownload()
T4904 000:502.669    -- --------------------------------------
T4904 000:502.884   Flash bank @ 0x20000000: Default: L2 verify disabled because algorithm performs L1 verify
T4904 000:502.903    -- Start of determining dirty areas in flash cache
T4904 000:502.929    -- Filling invalid ranges in sector buffer (flash cache) for sector @ 0x20000000 if necessary
T4904 000:502.957    -- Filling invalid ranges in sector buffer (flash cache) for sector @ 0x20020000 if necessary
T4904 000:502.977    -- Filling invalid ranges in sector buffer (flash cache) for sector @ 0x20030000 if necessary
T4904 000:502.998    -- Filling invalid ranges in sector buffer (flash cache) for sector @ 0x20040000 if necessary
T4904 000:504.732    -- End of determining dirty areas
T4904 000:504.779    -- Start of preparing flash programming
T4904 000:504.800    -- Calculating RAM usage
T4904 000:504.923    -- RAM usage = 20656 Bytes
T4904 000:504.942    -- Preserving CPU registers
T4904 000:504.981    -- Preparing target
T4904 000:505.001    -- Preserving target RAM temporarily used for programming
T4904 000:616.745    -- Downloading RAMCode
T4904 000:639.948    -- Checking target RAM
T4904 000:653.004    -- End of preparing flash programming
T4904 000:653.330   Looking for J-Link GUI Server exe at: C:\Users\a5134593\.eclipse\com.renesas.platform_1855088138\DebugComp\RZ\ARM\Segger_v7.82.3\JLinkGUIServer.exe
T4904 000:653.550   Looking for J-Link GUI Server exe at: \JLinkGUIServer.exe
T4904 000:955.649   Failed to connect to J-Link GUI Server.
T4904 000:964.936    -- CPU speed could not be measured.
T4904 000:965.037    -- Start of comparing flash
T4904 000:965.056    -- CRC check was estimated as fastest method
T4904 000:965.080    -- Comparing range 0x20000000 - 0x2000FFFF (1 Sector, 64 KB), using single-block CRC calculation
T4904 001:066.027    -- CRC matches
T4904 001:066.125    -- Comparing range 0x20020000 - 0x2003FFFF (2 Sectors, 128 KB), using single-block CRC calculation
T4904 001:262.549    -- CRC does not match, checking individual sectors
T4904 001:362.267    -- CRC does not match for sector 2
T4904 001:462.257    -- CRC does not match for sector 3
T4904 001:462.336    -- Comparing range 0x20040000 - 0x2004FFFF (1 Sector, 64 KB), using single-block CRC calculation
T4904 001:562.327    -- CRC does not match for sector 4
T4904 001:562.464    -- Comparing range 0x20000000 - 0x2000FFFF (1 Sector, 64 KB), using alternative single-block CRC calculation
T4904 001:662.553    -- CRC matches
T4904 001:662.610    -- End of comparing flash
T4904 001:662.631    -- Start of erasing sectors
T4904 001:662.653    -- Erasing range 0x20020000 - 0x2003FFFF (  2 Sectors, 128 KB)
T4904 002:558.998    -- Erasing range 0x20040000 - 0x2004FFFF (  1 Sector, 64 KB)
T4904 003:013.464    -- End of erasing sectors
T4904 003:013.552    -- Start of flash programming
T4904 003:013.574    -- Programming range 0x20020000 - 0x2002FFFF (  1 Sector, 64 KB)
T4904 003:494.459    -- Programming range 0x20030000 - 0x2003FFFF (  1 Sector, 64 KB)
T4904 003:972.226    -- Programming range 0x20040000 - 0x2004FFFF (  1 Sector, 64 KB)
T4904 004:184.269    -- End of flash programming
T4904 004:184.346    -- 0x20020000 - 0x2004FFFF (  3 Sectors, 192 KiB)
T4904 004:184.372    -- Start of restoring
T4904 004:184.393    -- Restoring RAMCode
T4904 004:187.286    -- Restoring target memory
T4904 004:212.972    -- Restore target
T4904 004:213.033    -- Restoring CPU registers
T4904 004:213.111    -- End of restoring
T4904 004:213.184    -- Bank 0 @ 0x20000000: 1 range affected (196608 bytes)
T4904 004:213.229    -- Total: 3.708s (Prepare: 0.460s, Compare: 0.697s, Erase: 1.350s, Program & Verify: 1.170s, Restore: 0.028s)
T4904 004:213.274    -- Program & Verify speed: 164 KB/s
T4904 004:216.203 - 3713.876ms returns 196608 (0x30000)
T4904 004:217.090 JLINK_WriteRegs_64(NumRegs = 1, Indexes: 
T4904 004:217.152   33)
T4904 004:217.193    -- PC=0x020000000
T4904 004:217.226 - 0.145ms returns 0
T4904 004:217.256 JLINK_WriteRegs_64(NumRegs = 1, Indexes: 
T4904 004:217.278   33)
T4904 004:217.323    -- PC=0x020020000
T4904 004:217.354 - 0.107ms returns 0
T4904 004:219.171 JLINK_SetEndian(ARM_ENDIAN_LITTLE)
T4904 004:219.239 - 0.079ms returns 0
T4904 004:222.267 JLINK_ReadMem(0x20020000, 0x4 Bytes, ...)
T4904 004:222.352    -- Read from flash cache (4 bytes @ 0x20020000)
T4904 004:222.386   Data:  00 00 20 40
T4904 004:222.415 - 0.159ms returns 0
T4904 004:476.523 JLINK_GetNumBPUnits(Type = 0xFFFFFF00)
T4904 004:476.663 - 0.153ms returns 0x06
T4904 004:476.690 JLINK_GetNumWPUnits()
T4904 004:476.710 - 0.029ms returns 4
T4904 004:476.730 JLINK_GetNumWPUnits()
T4904 004:476.748 - 0.027ms returns 4
T4904 004:476.784 JLINK_GetNumBPUnits(Type = 0xFFFFFF00)
T4904 004:476.803 - 0.028ms returns 0x06
T4904 004:476.822 JLINK_GetNumWPUnits()
T4904 004:476.840 - 0.027ms returns 4
T4904 004:476.860 JLINK_GetNumWPUnits()
T4904 004:476.879 - 0.028ms returns 4
T4904 004:476.906 JLINK_GetNumBPUnits(Type = 0xFFFFFF00)
T4904 004:476.926 - 0.029ms returns 0x06
T4904 004:476.947 JLINK_GetNumWPUnits()
T4904 004:476.969 - 0.031ms returns 4
T4904 004:476.991 JLINK_GetNumWPUnits()
T4904 004:477.011 - 0.033ms returns 4
T4904 004:477.127 JLINK_SetBPEx(Addr = 0x40204040, Type = 0xFFFFFF00)
T4904 004:477.174 - 0.058ms returns 0x00000001
T4904 004:477.204 JLINK_ClrBPEx(BPHandle = 0x00000001)
T4904 004:477.227 - 0.035ms returns 0x00
T4904 004:481.444 JLINK_SetBPEx(Addr = 0x40204048, Type = 0xFFFFFF00)
T4904 004:481.569 - 0.137ms returns 0x00000002
T4904 004:483.810 JLINK_ResetPullsRESET(ON)
T4904 004:483.890 - 0.091ms
T4904 004:483.915 JLINK_Halt()
T4904 004:483.939 - 0.034ms returns 0x00
T4904 004:483.968 JLINK_IsHalted()
T4904 004:483.991 - 0.034ms returns TRUE
T4904 004:484.014 JLINK_Reset()
T4904 004:605.863   Reset confused the core.
T4904 004:606.348   Disabled core power domain detected.
T4904 004:607.351   CPU not halted after Reset, halting using Halt request
T4904 004:612.855 - 128.880ms
T4904 004:612.908 JLINK_SetEndian(ARM_ENDIAN_LITTLE)
T4904 004:612.923 - 0.021ms returns 0
T4904 004:819.813 JLINK_ReadRegs_64(NumRegs = 49, Indexes: 
T4904 004:819.967   0, 
T4904 004:820.033   1, 
T4904 004:820.104   2, 
T4904 004:820.184   3, 
T4904 004:820.278   4, 
T4904 004:820.367   5, 
T4904 004:820.454   6, 
T4904 004:820.546   7, 
T4904 004:820.644   8, 
T4904 004:820.739   9, 
T4904 004:820.834   10, 
T4904 004:820.899   11, 
T4904 004:820.968   12, 
T4904 004:821.079   13, 
T4904 004:821.189   14, 
T4904 004:821.284   15, 
T4904 004:821.378   16, 
T4904 004:821.466   17, 
T4904 004:821.562   18, 
T4904 004:821.654   19, 
T4904 004:821.757   20, 
T4904 004:821.859   21, 
T4904 004:821.936   22, 
T4904 004:821.997   23, 
T4904 004:822.056   24, 
T4904 004:822.146   25, 
T4904 004:822.210   26, 
T4904 004:822.404   27, 
T4904 004:822.490   28, 
T4904 004:822.583   29, 
T4904 004:822.679   30, 
T4904 004:822.767   31, 
T4904 004:822.866   32, 
T4904 004:822.962   33, 
T4904 004:823.058   34, 
T4904 004:823.163   35, 
T4904 004:823.263   36, 
T4904 004:823.359   37, 
T4904 004:823.453   38, 
T4904 004:823.541   39, 
T4904 004:823.626   40, 
T4904 004:823.730   41, 
T4904 004:823.822   42, 
T4904 004:823.913   43, 
T4904 004:824.005   44, 
T4904 004:824.103   45, 
T4904 004:824.200   46, 
T4904 004:824.294   47, 
T4904 004:824.388   48)
T4904 004:824.537   
 -- R0=0xF69DDFFF, R1=0x00, R2=0x00, R3=0x00, R4=0xA19601, R5=0x203, R6=0x3FFFFFFF, R7=0x03, R8=0x11010550, R9=0x01, R10=0x31511144, R11=0x00, R12=0x30000, R13=0x1A668, R14=0x01, R15=0x00, R16=0x00, R17=0x00, R18=0x00, R19=0x03, R20=0x10002, R21=0x00, R22=0x00, R23=0x00, R24=0x00, R25=0x00, R26=0x00, R27=0x00, R28=0x00, R29=0x00, R30=0x38FC, R31=0x00, SP=0x2FFD0, PC=0x12028, ELR_EL1=0x00, ELR_EL2=0x00, ELR_EL3=0x00, SP_EL0=0x00, SP_EL1=0x00, SP_EL2=0x00, SP_EL3=0x2FFD0, CPSR=0x400003CD, SPSR_abt=0xFACFFFFF, SPSR_EL1=0xFEFEFB6F, SPSR_EL2=0xEEBFEFFF, SPSR_EL3=0x1CD, SPSR_fiq=0x6CDFF54F, SPSR_irq=0xFACFFFFF, SPSR_und=0xF69DDFFF

T4904 004:824.648 - 4.855ms returns 0
T4904 004:826.358 JLINK_ReadMem(0x00012028, 0x4 Bytes, ...)
T4904 004:826.567   CPU_ReadMem(64 bytes @ 0x00012000)
T4904 004:827.411    -- Updating C cache (64 bytes @ 0x00012000)
T4904 004:827.587    -- Read from C cache (4 bytes @ 0x00012028)
T4904 004:827.686   Data:  64 00 00 B4
T4904 004:827.777 - 1.455ms returns 0
T57B8 004:863.906 JLINK_GetNumBPUnits(Type = 0xFFFFFF00)
T57B8 004:863.978 - 0.083ms returns 0x06
T57B8 004:864.000 JLINK_GetNumWPUnits()
T57B8 004:864.020 - 0.030ms returns 4
T57B8 004:864.042 JLINK_GetNumWPUnits()
T57B8 004:864.060 - 0.027ms returns 4
T57B8 004:864.453 JLINK_GetNumBPUnits(Type = 0xFFFFFF00)
T57B8 004:864.526 - 0.088ms returns 0x06
T57B8 004:864.559 JLINK_GetNumWPUnits()
T57B8 004:864.589 - 0.043ms returns 4
T57B8 004:864.650 JLINK_GetNumWPUnits()
T57B8 004:864.682 - 0.042ms returns 4
T57B8 004:865.112 JLINK_GetNumBPUnits(Type = 0xFFFFFF00)
T57B8 004:865.154 - 0.053ms returns 0x06
T57B8 004:865.177 JLINK_GetNumWPUnits()
T57B8 004:865.216 - 0.047ms returns 4
T57B8 004:865.236 JLINK_GetNumWPUnits()
T57B8 004:865.251 - 0.022ms returns 4
T57B8 004:866.232 JLINK_GetNumBPUnits(Type = 0xFFFFFF00)
T57B8 004:866.298 - 0.075ms returns 0x06
T57B8 004:866.318 JLINK_GetNumWPUnits()
T57B8 004:866.337 - 0.028ms returns 4
T57B8 004:866.356 JLINK_GetNumWPUnits()
T57B8 004:866.375 - 0.028ms returns 4
T57B8 004:867.015 JLINK_GetNumBPUnits(Type = 0xFFFFFF00)
T57B8 004:867.060 - 0.051ms returns 0x06
T57B8 004:867.074 JLINK_GetNumWPUnits()
T57B8 004:867.086 - 0.018ms returns 4
T57B8 004:867.101 JLINK_GetNumWPUnits()
T57B8 004:867.120 - 0.025ms returns 4
T57B8 004:867.413 JLINK_GetNumBPUnits(Type = 0xFFFFFF00)
T57B8 004:867.445 - 0.038ms returns 0x06
T57B8 004:867.459 JLINK_GetNumWPUnits()
T57B8 004:867.472 - 0.019ms returns 4
T57B8 004:867.486 JLINK_GetNumWPUnits()
T57B8 004:867.499 - 0.019ms returns 4
T57B8 004:867.865 JLINK_GetNumBPUnits(Type = 0xFFFFFF00)
T57B8 004:867.911 - 0.053ms returns 0x06
T57B8 004:867.926 JLINK_GetNumWPUnits()
T57B8 004:867.939 - 0.022ms returns 4
T57B8 004:867.957 JLINK_GetNumWPUnits()
T57B8 004:867.974 - 0.025ms returns 4
T57B8 004:868.128 JLINK_GetNumBPUnits(Type = 0xFFFFFF00)
T57B8 004:868.159 - 0.039ms returns 0x06
T57B8 004:868.178 JLINK_GetNumWPUnits()
T57B8 004:868.194 - 0.024ms returns 4
T57B8 004:868.212 JLINK_GetNumWPUnits()
T57B8 004:868.230 - 0.027ms returns 4
T4904 006:584.500 JLINK_STRACE_Read(..., NumItems = 0x10000)
T4904 006:584.594   
  ***** Error: 
T4904 006:584.625   Debugger tries to use on-chip trace buffer but the connected MCU does not provide an on-chip trace buffer (e.g. ETB/MTB/...)
T4904 006:584.654 - 0.164ms NumItemsRead = 0xFFFFFFFF
T4904 006:584.683 JLINK_IsHalted()
T4904 006:584.910 - 0.262ms returns TRUE
T4904 006:584.962 JLINK_GoEx(MaxEmulInsts = 0, Flags = 0x01)
T4904 006:587.035 - 2.108ms
T4904 006:697.159 JLINK_IsHalted()
T4904 006:697.822 - 0.692ms returns FALSE
T4904 006:697.864 JLINK_IsHalted()
T4904 006:698.101 - 0.254ms returns FALSE
T4904 006:806.097 JLINK_IsHalted()
T4904 006:809.631 - 3.634ms returns TRUE
T4904 006:809.759 JLINK_ReadRegs_64(NumRegs = 1, Indexes: 
T4904 006:809.788   33)
T4904 006:809.837    -- PC=0x40204048
T4904 006:809.879 - 0.132ms returns 0
T4904 006:809.918 JLINK_ReadRegs_64(NumRegs = 1, Indexes: 
T4904 006:809.947   41)
T4904 006:809.989    -- CPSR=0x6000000D
T4904 006:810.029 - 0.124ms returns 0
T4904 006:810.060 JLINK_ReadRegs_64(NumRegs = 1, Indexes: 
T4904 006:810.089   33)
T4904 006:810.131    -- PC=0x40204048
T4904 006:810.170 - 0.124ms returns 0
T4904 006:810.201 JLINK_ReadRegs_64(NumRegs = 1, Indexes: 
T4904 006:810.229   41)
T4904 006:810.272    -- CPSR=0x6000000D
T4904 006:810.314 - 0.128ms returns 0
T4904 006:810.347 JLINK_IsHalted()
T4904 006:810.376 - 0.043ms returns TRUE
T4904 006:810.408 JLINK_ReadRegs_64(NumRegs = 1, Indexes: 
T4904 006:810.437   41)
T4904 006:810.481    -- CPSR=0x6000000D
T4904 006:810.525 - 0.132ms returns 0
T4904 006:810.557 JLINK_ReadRegs_64(NumRegs = 1, Indexes: 
T4904 006:810.593   33)
T4904 006:810.733    -- PC=0x40204048
T4904 006:810.776 - 0.234ms returns 0
T4904 006:810.810 JLINK_ReadRegs_64(NumRegs = 1, Indexes: 
T4904 006:810.840   41)
T4904 006:810.890    -- CPSR=0x6000000D
T4904 006:810.933 - 0.136ms returns 0
T4904 006:812.227 JLINK_ReadRegs_64(NumRegs = 49, Indexes: 
T4904 006:812.296   0, 
T4904 006:812.342   1, 
T4904 006:812.384   2, 
T4904 006:812.427   3, 
T4904 006:812.469   4, 
T4904 006:812.511   5, 
T4904 006:812.553   6, 
T4904 006:812.611   7, 
T4904 006:812.653   8, 
T4904 006:812.696   9, 
T4904 006:812.738   10, 
T4904 006:812.781   11, 
T4904 006:812.823   12, 
T4904 006:812.865   13, 
T4904 006:812.908   14, 
T4904 006:812.951   15, 
T4904 006:812.993   16, 
T4904 006:813.035   17, 
T4904 006:813.077   18, 
T4904 006:813.118   19, 
T4904 006:813.159   20, 
T4904 006:813.202   21, 
T4904 006:813.243   22, 
T4904 006:813.285   23, 
T4904 006:813.328   24, 
T4904 006:813.361   25, 
T4904 006:813.392   26, 
T4904 006:813.423   27, 
T4904 006:813.453   28, 
T4904 006:813.484   29, 
T4904 006:813.515   30, 
T4904 006:813.546   31, 
T4904 006:813.579   32, 
T4904 006:813.610   33, 
T4904 006:813.641   34, 
T4904 006:813.672   35, 
T4904 006:813.704   36, 
T4904 006:813.735   37, 
T4904 006:813.766   38, 
T4904 006:813.797   39, 
T4904 006:813.828   40, 
T4904 006:813.859   41, 
T4904 006:813.889   42, 
T4904 006:813.920   43, 
T4904 006:813.951   44, 
T4904 006:813.983   45, 
T4904 006:814.014   46, 
T4904 006:814.045   47, 
T4904 006:814.076   48)
T4904 006:814.125   
 -- R0=0x401815, R1=0x01, R2=0x00, R3=0xFFFFFFFF, R4=0x06, R5=0x200, R6=0x200000, R7=0xFFFFFFC0, R8=0x01, R9=0xF0000000, R10=0x04, R11=0x02, R12=0xB8, R13=0xA00000, R14=0xA222D400, R15=0x04, R16=0x10000000, R17=0x40, R18=0x114001AC, R19=0x12064, R20=0x1A030, R21=0x00, R22=0x00, R23=0x00, R24=0x00, R25=0x00, R26=0x00, R27=0x00, R28=0x00, R29=0x402262B0, R30=0x40202CC8, R31=0x00, SP=0x402262B0, PC=0x40204048, ELR_EL1=0x00, ELR_EL2=0x00, ELR_EL3=0x40200000, SP_EL0=0x1B680, SP_EL1=0x00, SP_EL2=0x00, SP_EL3=0x402262B0, CPSR=0x6000000D, SPSR_abt=0xFACFFFFF, SPSR_EL1=0xFEFEFB6F, SPSR_EL2=0xEEBFEFFF, SPSR_EL3=0x3CD, SPSR_fiq=0x6CDFF54F, SPSR_irq=0xFACFFFFF, SPSR_und=0xF69DDFFF

T4904 006:814.178 - 1.962ms returns 0
T4904 006:814.843 JLINK_ReadMem(0x40204048, 0x4 Bytes, ...)
T4904 006:814.908   CPU_ReadMem(64 bytes @ 0x40204040)
T4904 006:815.829    -- Updating DA cache (64 bytes @ 0x40204040)
T4904 006:815.944    -- Read from DA cache (4 bytes @ 0x40204048)
T4904 006:815.978   Data:  60 2B 00 94
T4904 006:816.011 - 1.178ms returns 0
T4904 006:822.163 JLINK_ClrBPEx(BPHandle = 0x00000002)
T4904 006:822.244 - 0.087ms returns 0x00
T4904 008:305.610 JLINK_STRACE_Read(..., NumItems = 0x10000)
T4904 008:305.691 - 0.087ms NumItemsRead = 0xFFFFFFFF
T4904 008:305.710 JLINK_IsHalted()
T4904 008:305.897 - 0.209ms returns TRUE
T4904 008:305.930 JLINK_GoEx(MaxEmulInsts = 0, Flags = 0x01)
T4904 008:308.053 - 2.160ms
T4904 008:414.577 JLINK_IsHalted()
T4904 008:414.910 - 0.344ms returns FALSE
T4904 008:414.929 JLINK_IsHalted()
T4904 008:415.150 - 0.230ms returns FALSE
T4904 008:524.719 JLINK_IsHalted()
T4904 008:525.189 - 0.518ms returns FALSE
T4904 008:525.261 JLINK_IsHalted()
T4904 008:525.663 - 0.447ms returns FALSE
T4904 008:633.318 JLINK_IsHalted()
T4904 008:633.683 - 0.396ms returns FALSE
T4904 008:633.727 JLINK_IsHalted()
T4904 008:633.905 - 0.209ms returns FALSE
T4904 008:743.683 JLINK_IsHalted()
T4904 008:744.039 - 0.387ms returns FALSE
T4904 008:744.087 JLINK_IsHalted()
T4904 008:744.278 - 0.214ms returns FALSE
T4904 008:852.136 JLINK_IsHalted()
T4904 008:852.486 - 0.382ms returns FALSE
T4904 008:852.530 JLINK_IsHalted()
T4904 008:852.850 - 0.342ms returns FALSE
T4904 008:961.747 JLINK_IsHalted()
T4904 008:962.510 - 0.856ms returns FALSE
T4904 008:962.629 JLINK_IsHalted()
T4904 008:962.942 - 0.345ms returns FALSE
T4904 009:070.868 JLINK_IsHalted()
T4904 009:071.793 - 1.105ms returns FALSE
T4904 009:072.005 JLINK_IsHalted()
T4904 009:072.539 - 1.288ms returns FALSE
T4904 009:180.433 JLINK_IsHalted()
T4904 009:180.950 - 0.583ms returns FALSE
T4904 009:181.046 JLINK_IsHalted()
T4904 009:181.372 - 0.360ms returns FALSE
T4904 009:289.423 JLINK_IsHalted()
T4904 009:289.701 - 0.311ms returns FALSE
T4904 009:289.752 JLINK_IsHalted()
T4904 009:289.944 - 0.220ms returns FALSE
T57B8 009:307.231 JLINK_IsHalted()
T57B8 009:307.602 - 0.394ms returns FALSE
T57B8 009:307.638 JLINK_IsHalted()
T57B8 009:307.924 - 0.309ms returns FALSE
T4904 009:399.695 JLINK_IsHalted()
T4904 009:400.174 - 0.543ms returns FALSE
T4904 009:400.267 JLINK_IsHalted()
T4904 009:400.594 - 0.388ms returns FALSE
T4904 009:508.681 JLINK_IsHalted()
T4904 009:509.009 - 0.350ms returns FALSE
T4904 009:509.042 JLINK_IsHalted()
T4904 009:509.332 - 0.312ms returns FALSE
T4904 009:618.217 JLINK_IsHalted()
T4904 009:618.674 - 0.484ms returns FALSE
T4904 009:618.713 JLINK_IsHalted()
T4904 009:618.977 - 0.287ms returns FALSE
T4904 009:726.939 JLINK_IsHalted()
T4904 009:727.466 - 0.597ms returns FALSE
T4904 009:727.569 JLINK_IsHalted()
T4904 009:727.930 - 0.429ms returns FALSE
T4904 009:836.965 JLINK_IsHalted()
T4904 009:837.544 - 0.698ms returns FALSE
T4904 009:837.693 JLINK_IsHalted()
T4904 009:838.109 - 0.484ms returns FALSE
T4904 009:946.529 JLINK_IsHalted()
T4904 009:947.085 - 0.600ms returns FALSE
T4904 009:947.149 JLINK_IsHalted()
T4904 009:947.685 - 0.580ms returns FALSE
T4904 010:055.420 JLINK_IsHalted()
T4904 010:055.928 - 0.594ms returns FALSE
T4904 010:056.048 JLINK_IsHalted()
T4904 010:056.419 - 0.396ms returns FALSE
T4904 010:164.419 JLINK_IsHalted()
T4904 010:164.919 - 0.577ms returns FALSE
T4904 010:165.032 JLINK_IsHalted()
T4904 010:165.477 - 0.512ms returns FALSE
T4904 010:274.566 JLINK_IsHalted()
T4904 010:275.021 - 0.519ms returns FALSE
T4904 010:275.114 JLINK_IsHalted()
T4904 010:275.488 - 0.433ms returns FALSE
T57B8 010:309.562 JLINK_IsHalted()
T57B8 010:310.197 - 0.692ms returns FALSE
T57B8 010:310.280 JLINK_IsHalted()
T57B8 010:310.681 - 0.455ms returns FALSE
T4904 010:383.683 JLINK_IsHalted()
T4904 010:384.217 - 0.558ms returns FALSE
T4904 010:384.251 JLINK_IsHalted()
T4904 010:384.617 - 0.396ms returns FALSE
T4904 010:493.236 JLINK_IsHalted()
T4904 010:493.679 - 0.479ms returns FALSE
T4904 010:493.731 JLINK_IsHalted()
T4904 010:494.065 - 0.366ms returns FALSE
T4904 010:602.429 JLINK_IsHalted()
T4904 010:602.890 - 0.526ms returns FALSE
T4904 010:602.983 JLINK_IsHalted()
T4904 010:603.433 - 0.507ms returns FALSE
T4904 010:711.571 JLINK_IsHalted()
T4904 010:712.010 - 0.475ms returns FALSE
T4904 010:712.064 JLINK_IsHalted()
T4904 010:712.457 - 0.448ms returns FALSE
T4904 010:820.685 JLINK_IsHalted()
T4904 010:821.069 - 0.420ms returns FALSE
T4904 010:821.123 JLINK_IsHalted()
T4904 010:821.426 - 0.330ms returns FALSE
T4904 010:930.185 JLINK_IsHalted()
T4904 010:930.568 - 0.393ms returns FALSE
T4904 010:930.586 JLINK_IsHalted()
T4904 010:930.842 - 0.263ms returns FALSE
T4904 011:040.229 JLINK_IsHalted()
T4904 011:040.575 - 0.355ms returns FALSE
T4904 011:040.592 JLINK_IsHalted()
T4904 011:040.826 - 0.241ms returns FALSE
T4904 011:149.655 JLINK_IsHalted()
T4904 011:149.982 - 0.360ms returns FALSE
T4904 011:150.030 JLINK_IsHalted()
T4904 011:150.362 - 0.363ms returns FALSE
T4904 011:258.521 JLINK_IsHalted()
T4904 011:258.964 - 0.507ms returns FALSE
T4904 011:259.058 JLINK_IsHalted()
T4904 011:259.437 - 0.442ms returns FALSE
T57B8 011:311.970 JLINK_IsHalted()
T57B8 011:312.476 - 0.571ms returns FALSE
T57B8 011:312.569 JLINK_IsHalted()
T57B8 011:312.932 - 0.424ms returns FALSE
T4904 011:368.020 JLINK_IsHalted()
T4904 011:368.649 - 0.680ms returns FALSE
T4904 011:368.723 JLINK_IsHalted()
T4904 011:369.098 - 0.423ms returns FALSE
T4904 011:476.958 JLINK_IsHalted()
T4904 011:477.377 - 0.493ms returns FALSE
T4904 011:477.485 JLINK_IsHalted()
T4904 011:477.790 - 0.382ms returns FALSE
T4904 011:586.826 JLINK_IsHalted()
T4904 011:587.231 - 0.469ms returns FALSE
T4904 011:587.326 JLINK_IsHalted()
T4904 011:587.702 - 0.449ms returns FALSE
T4904 011:695.910 JLINK_IsHalted()
T4904 011:696.464 - 0.608ms returns FALSE
T4904 011:696.543 JLINK_IsHalted()
T4904 011:696.952 - 0.461ms returns FALSE
T4904 011:805.090 JLINK_IsHalted()
T4904 011:805.413 - 0.363ms returns FALSE
T4904 011:805.467 JLINK_IsHalted()
T4904 011:805.724 - 0.280ms returns FALSE
T4904 011:914.820 JLINK_IsHalted()
T4904 011:915.376 - 0.616ms returns FALSE
T4904 011:915.463 JLINK_IsHalted()
T4904 011:915.845 - 0.439ms returns FALSE
T4904 012:024.430 JLINK_IsHalted()
T4904 012:024.981 - 0.612ms returns FALSE
T4904 012:025.070 JLINK_IsHalted()
T4904 012:025.337 - 0.327ms returns FALSE
T4904 012:133.949 JLINK_IsHalted()
T4904 012:134.429 - 0.525ms returns FALSE
T4904 012:134.494 JLINK_IsHalted()
T4904 012:134.882 - 0.432ms returns FALSE
T4904 012:243.511 JLINK_IsHalted()
T4904 012:244.010 - 0.545ms returns FALSE
T4904 012:244.076 JLINK_IsHalted()
T4904 012:244.436 - 0.403ms returns FALSE
T57B8 012:313.536 JLINK_IsHalted()
T57B8 012:313.891 - 0.379ms returns FALSE
T57B8 012:313.927 JLINK_IsHalted()
T57B8 012:314.133 - 0.230ms returns FALSE
T4904 012:352.326 JLINK_IsHalted()
T4904 012:352.931 - 0.690ms returns FALSE
T4904 012:353.053 JLINK_IsHalted()
T4904 012:353.451 - 0.479ms returns FALSE
T4904 012:461.339 JLINK_IsHalted()
T4904 012:461.889 - 0.613ms returns FALSE
T4904 012:461.981 JLINK_IsHalted()
T4904 012:462.376 - 0.454ms returns FALSE
T4904 012:570.788 JLINK_IsHalted()
T4904 012:571.317 - 0.593ms returns FALSE
T4904 012:571.458 JLINK_IsHalted()
T4904 012:571.922 - 0.524ms returns FALSE
T4904 012:680.768 JLINK_IsHalted()
T4904 012:681.216 - 0.482ms returns FALSE
T4904 012:681.266 JLINK_IsHalted()
T4904 012:681.619 - 0.386ms returns FALSE
T4904 012:790.013 JLINK_IsHalted()
T4904 012:790.457 - 0.470ms returns FALSE
T4904 012:790.495 JLINK_IsHalted()
T4904 012:790.766 - 0.292ms returns FALSE
T4904 012:899.457 JLINK_IsHalted()
T4904 012:899.934 - 0.540ms returns FALSE
T4904 012:900.026 JLINK_IsHalted()
T4904 012:900.417 - 0.455ms returns FALSE
T4904 013:008.239 JLINK_IsHalted()
T4904 013:008.796 - 0.618ms returns FALSE
T4904 013:008.884 JLINK_IsHalted()
T4904 013:009.283 - 0.457ms returns FALSE
T4904 013:117.778 JLINK_IsHalted()
T4904 013:118.274 - 0.550ms returns FALSE
T4904 013:118.351 JLINK_IsHalted()
T4904 013:118.681 - 0.379ms returns FALSE
T4904 013:227.955 JLINK_IsHalted()
T4904 013:228.419 - 0.488ms returns FALSE
T4904 013:228.453 JLINK_IsHalted()
T4904 013:228.790 - 0.358ms returns FALSE
T57B8 013:315.501 JLINK_IsHalted()
T57B8 013:316.484 - 1.076ms returns FALSE
T57B8 013:316.613 JLINK_IsHalted()
T57B8 013:317.054 - 0.507ms returns FALSE
T4904 013:336.333 JLINK_IsHalted()
T4904 013:336.733 - 0.442ms returns FALSE
T4904 013:336.793 JLINK_IsHalted()
T4904 013:337.092 - 0.336ms returns FALSE
T4904 013:445.895 JLINK_IsHalted()
T4904 013:446.427 - 0.608ms returns FALSE
T4904 013:446.535 JLINK_IsHalted()
T4904 013:446.906 - 0.439ms returns FALSE
T4904 013:555.309 JLINK_IsHalted()
T4904 013:556.000 - 0.761ms returns FALSE
T4904 013:556.101 JLINK_IsHalted()
T4904 013:556.498 - 0.468ms returns FALSE
T4904 013:664.583 JLINK_IsHalted()
T4904 013:665.197 - 0.688ms returns FALSE
T4904 013:665.304 JLINK_IsHalted()
T4904 013:665.762 - 0.528ms returns FALSE
T4904 013:774.598 JLINK_IsHalted()
T4904 013:775.126 - 0.595ms returns FALSE
T4904 013:775.223 JLINK_IsHalted()
T4904 013:775.582 - 0.418ms returns FALSE
T4904 013:883.676 JLINK_IsHalted()
T4904 013:884.192 - 0.573ms returns FALSE
T4904 013:884.276 JLINK_IsHalted()
T4904 013:884.623 - 0.403ms returns FALSE
T4904 013:992.578 JLINK_IsHalted()
T4904 013:992.974 - 0.474ms returns FALSE
T4904 013:993.083 JLINK_IsHalted()
T4904 013:993.459 - 0.439ms returns FALSE
T4904 014:102.879 JLINK_IsHalted()
T4904 014:103.414 - 0.593ms returns FALSE
T4904 014:103.498 JLINK_IsHalted()
T4904 014:103.962 - 0.521ms returns FALSE
T4904 014:211.513 JLINK_IsHalted()
T4904 014:212.074 - 0.622ms returns FALSE
T4904 014:212.168 JLINK_IsHalted()
T4904 014:212.687 - 0.574ms returns FALSE
T57B8 014:318.378 JLINK_IsHalted()
T57B8 014:318.868 - 0.581ms returns FALSE
T57B8 014:319.014 JLINK_IsHalted()
T57B8 014:319.404 - 0.465ms returns FALSE
T4904 014:321.264 JLINK_IsHalted()
T4904 014:321.859 - 0.671ms returns FALSE
T4904 014:321.975 JLINK_IsHalted()
T4904 014:322.377 - 0.471ms returns FALSE
T4904 014:430.386 JLINK_IsHalted()
T4904 014:430.810 - 0.470ms returns FALSE
T4904 014:430.877 JLINK_IsHalted()
T4904 014:431.154 - 0.325ms returns FALSE
T4904 014:539.868 JLINK_IsHalted()
T4904 014:540.462 - 0.667ms returns FALSE
T4904 014:540.568 JLINK_IsHalted()
T4904 014:541.030 - 0.532ms returns FALSE
T4904 014:649.621 JLINK_IsHalted()
T4904 014:650.207 - 0.650ms returns FALSE
T4904 014:650.301 JLINK_IsHalted()
T4904 014:650.677 - 0.437ms returns FALSE
T4904 014:758.973 JLINK_IsHalted()
T4904 014:759.527 - 0.640ms returns FALSE
T4904 014:759.645 JLINK_IsHalted()
T4904 014:759.994 - 0.415ms returns FALSE
T4904 014:867.801 JLINK_IsHalted()
T4904 014:868.245 - 0.477ms returns FALSE
T4904 014:868.292 JLINK_IsHalted()
T4904 014:868.546 - 0.316ms returns FALSE
T4904 014:977.354 JLINK_IsHalted()
T4904 014:977.951 - 0.669ms returns FALSE
T4904 014:978.056 JLINK_IsHalted()
T4904 014:978.655 - 0.674ms returns FALSE
T4904 015:086.890 JLINK_IsHalted()
T4904 015:087.271 - 0.402ms returns FALSE
T4904 015:087.305 JLINK_IsHalted()
T4904 015:087.651 - 0.366ms returns FALSE
T4904 015:195.766 JLINK_IsHalted()
T4904 015:196.268 - 0.566ms returns FALSE
T4904 015:196.364 JLINK_IsHalted()
T4904 015:196.676 - 0.349ms returns FALSE
T4904 015:305.509 JLINK_IsHalted()
T4904 015:305.812 - 0.312ms returns FALSE
T4904 015:305.829 JLINK_IsHalted()
T4904 015:306.085 - 0.263ms returns FALSE
T57B8 015:321.073 JLINK_IsHalted()
T57B8 015:321.528 - 0.503ms returns FALSE
T57B8 015:321.599 JLINK_IsHalted()
T57B8 015:321.895 - 0.362ms returns FALSE
T4904 015:414.480 JLINK_IsHalted()
T4904 015:414.978 - 0.568ms returns FALSE
T4904 015:415.081 JLINK_IsHalted()
T4904 015:415.542 - 0.530ms returns FALSE
T4904 015:524.116 JLINK_IsHalted()
T4904 015:524.565 - 0.494ms returns FALSE
T4904 015:524.627 JLINK_IsHalted()
T4904 015:524.972 - 0.381ms returns FALSE
T4904 015:633.145 JLINK_IsHalted()
T4904 015:633.739 - 0.669ms returns FALSE
T4904 015:633.846 JLINK_IsHalted()
T4904 015:634.192 - 0.425ms returns FALSE
T4904 015:743.437 JLINK_IsHalted()
T4904 015:743.759 - 0.346ms returns FALSE
T4904 015:743.793 JLINK_IsHalted()
T4904 015:744.071 - 0.298ms returns FALSE
T4904 015:852.718 JLINK_IsHalted()
T4904 015:853.308 - 0.676ms returns FALSE
T4904 015:853.562 JLINK_IsHalted()
T4904 015:854.036 - 0.549ms returns FALSE
T4904 015:961.422 JLINK_IsHalted()
T4904 015:961.956 - 0.600ms returns FALSE
T4904 015:962.052 JLINK_IsHalted()
T4904 015:962.467 - 0.484ms returns FALSE
T4904 016:070.777 JLINK_IsHalted()
T4904 016:071.238 - 0.519ms returns FALSE
T4904 016:071.322 JLINK_IsHalted()
T4904 016:071.678 - 0.413ms returns FALSE
T4904 016:180.551 JLINK_IsHalted()
T4904 016:181.160 - 0.680ms returns FALSE
T4904 016:181.264 JLINK_IsHalted()
T4904 016:181.643 - 0.454ms returns FALSE
T4904 016:289.350 JLINK_IsHalted()
T4904 016:289.889 - 0.610ms returns FALSE
T4904 016:289.992 JLINK_IsHalted()
T4904 016:290.328 - 0.405ms returns FALSE
T57B8 016:322.755 JLINK_IsHalted()
T57B8 016:323.274 - 0.578ms returns FALSE
T57B8 016:323.360 JLINK_IsHalted()
T57B8 016:323.777 - 0.474ms returns FALSE
T4904 016:399.064 JLINK_IsHalted()
T4904 016:399.578 - 0.578ms returns FALSE
T4904 016:399.669 JLINK_IsHalted()
T4904 016:399.991 - 0.384ms returns FALSE
T4904 016:508.472 JLINK_IsHalted()
T4904 016:509.024 - 0.611ms returns FALSE
T4904 016:509.111 JLINK_IsHalted()
T4904 016:509.505 - 0.453ms returns FALSE
T4904 016:617.923 JLINK_IsHalted()
T4904 016:618.528 - 0.675ms returns FALSE
T4904 016:618.631 JLINK_IsHalted()
T4904 016:618.999 - 0.436ms returns FALSE
T4904 016:727.496 JLINK_IsHalted()
T4904 016:727.976 - 0.546ms returns FALSE
T4904 016:728.072 JLINK_IsHalted()
T4904 016:728.702 - 0.702ms returns FALSE
T4904 016:836.823 JLINK_IsHalted()
T4904 016:837.358 - 0.587ms returns FALSE
T4904 016:837.434 JLINK_IsHalted()
T4904 016:837.859 - 0.477ms returns FALSE
T4904 016:946.521 JLINK_IsHalted()
T4904 016:947.077 - 0.624ms returns FALSE
T4904 016:947.176 JLINK_IsHalted()
T4904 016:947.599 - 0.489ms returns FALSE
T4904 017:055.527 JLINK_IsHalted()
T4904 017:056.028 - 0.554ms returns FALSE
T4904 017:056.104 JLINK_IsHalted()
T4904 017:056.501 - 0.447ms returns FALSE
T4904 017:165.299 JLINK_IsHalted()
T4904 017:165.848 - 0.627ms returns FALSE
T4904 017:165.955 JLINK_IsHalted()
T4904 017:166.292 - 0.406ms returns FALSE
T4904 017:273.715 JLINK_IsHalted()
T4904 017:274.327 - 0.677ms returns FALSE
T4904 017:274.423 JLINK_IsHalted()
T4904 017:274.750 - 0.389ms returns FALSE
T57B8 017:324.718 JLINK_IsHalted()
T57B8 017:325.205 - 0.538ms returns FALSE
T57B8 017:325.278 JLINK_IsHalted()
T57B8 017:325.580 - 0.349ms returns FALSE
T4904 017:383.890 JLINK_IsHalted()
T4904 017:384.266 - 0.423ms returns FALSE
T4904 017:384.336 JLINK_IsHalted()
T4904 017:384.728 - 0.446ms returns FALSE
T4904 017:492.658 JLINK_IsHalted()
T4904 017:493.166 - 0.578ms returns FALSE
T4904 017:493.266 JLINK_IsHalted()
T4904 017:493.597 - 0.389ms returns FALSE
T4904 017:602.004 JLINK_IsHalted()
T4904 017:602.532 - 0.595ms returns FALSE
T4904 017:602.629 JLINK_IsHalted()
T4904 017:602.934 - 0.364ms returns FALSE
T4904 017:711.786 JLINK_IsHalted()
T4904 017:712.308 - 0.589ms returns FALSE
T4904 017:712.405 JLINK_IsHalted()
T4904 017:712.811 - 0.472ms returns FALSE
T4904 017:821.364 JLINK_IsHalted()
T4904 017:821.941 - 0.647ms returns FALSE
T4904 017:822.043 JLINK_IsHalted()
T4904 017:822.399 - 0.426ms returns FALSE
T4904 017:930.587 JLINK_IsHalted()
T4904 017:931.061 - 0.527ms returns FALSE
T4904 017:931.139 JLINK_IsHalted()
T4904 017:931.468 - 0.384ms returns FALSE
T4904 018:039.810 JLINK_IsHalted()
T4904 018:040.303 - 0.560ms returns FALSE
T4904 018:040.401 JLINK_IsHalted()
T4904 018:040.819 - 0.488ms returns FALSE
T4904 018:148.941 JLINK_IsHalted()
T4904 018:149.448 - 0.580ms returns FALSE
T4904 018:149.552 JLINK_IsHalted()
T4904 018:149.897 - 0.410ms returns FALSE
T4904 018:259.053 JLINK_IsHalted()
T4904 018:259.635 - 0.650ms returns FALSE
T4904 018:259.735 JLINK_IsHalted()
T4904 018:260.325 - 0.656ms returns FALSE
T57B8 018:326.327 JLINK_IsHalted()
T57B8 018:326.783 - 0.521ms returns FALSE
T57B8 018:326.877 JLINK_IsHalted()
T57B8 018:327.254 - 0.445ms returns FALSE
T4904 018:367.909 JLINK_IsHalted()
T4904 018:368.249 - 0.349ms returns FALSE
T4904 018:368.268 JLINK_IsHalted()
T4904 018:368.508 - 0.248ms returns FALSE
T4904 018:477.171 JLINK_IsHalted()
T4904 018:477.782 - 0.688ms returns FALSE
T4904 018:477.908 JLINK_IsHalted()
T4904 018:478.324 - 0.489ms returns FALSE
T4904 018:586.673 JLINK_IsHalted()
T4904 018:587.096 - 0.491ms returns FALSE
T4904 018:587.196 JLINK_IsHalted()
T4904 018:587.619 - 0.489ms returns FALSE
T4904 018:695.598 JLINK_IsHalted()
T4904 018:696.019 - 0.496ms returns FALSE
T4904 018:696.139 JLINK_IsHalted()
T4904 018:696.545 - 0.478ms returns FALSE
T4904 018:805.539 JLINK_IsHalted()
T4904 018:805.942 - 0.427ms returns FALSE
T4904 018:805.977 JLINK_IsHalted()
T4904 018:806.228 - 0.272ms returns FALSE
T4904 018:915.212 JLINK_IsHalted()
T4904 018:915.771 - 0.648ms returns FALSE
T4904 018:915.902 JLINK_IsHalted()
T4904 018:916.300 - 0.461ms returns FALSE
T4904 019:023.954 JLINK_IsHalted()
T4904 019:024.567 - 0.681ms returns FALSE
T4904 019:024.666 JLINK_IsHalted()
T4904 019:025.047 - 0.446ms returns FALSE
T4904 019:133.971 JLINK_IsHalted()
T4904 019:134.577 - 0.677ms returns FALSE
T4904 019:134.680 JLINK_IsHalted()
T4904 019:135.131 - 0.509ms returns FALSE
T4904 019:242.848 JLINK_IsHalted()
T4904 019:243.393 - 0.610ms returns FALSE
T4904 019:243.489 JLINK_IsHalted()
T4904 019:243.845 - 0.421ms returns FALSE
T57B8 019:327.418 JLINK_IsHalted()
T57B8 019:327.913 - 0.563ms returns FALSE
T57B8 019:328.015 JLINK_IsHalted()
T57B8 019:328.389 - 0.447ms returns FALSE
T4904 019:351.944 JLINK_IsHalted()
T4904 019:352.425 - 0.531ms returns FALSE
T4904 019:352.498 JLINK_IsHalted()
T4904 019:352.743 - 0.303ms returns FALSE
T4904 019:462.013 JLINK_IsHalted()
T4904 019:462.571 - 0.629ms returns FALSE
T4904 019:462.673 JLINK_IsHalted()
T4904 019:463.018 - 0.413ms returns FALSE
T4904 019:570.734 JLINK_IsHalted()
T4904 019:571.282 - 0.604ms returns FALSE
T4904 019:571.363 JLINK_IsHalted()
T4904 019:571.700 - 0.391ms returns FALSE
T4904 019:680.051 JLINK_IsHalted()
T4904 019:680.673 - 0.703ms returns FALSE
T4904 019:680.793 JLINK_IsHalted()
T4904 019:681.172 - 0.451ms returns FALSE
T4904 019:789.794 JLINK_IsHalted()
T4904 019:790.435 - 0.718ms returns FALSE
T4904 019:790.548 JLINK_IsHalted()
T4904 019:790.930 - 0.461ms returns FALSE
T4904 019:899.278 JLINK_IsHalted()
T4904 019:899.823 - 0.608ms returns FALSE
T4904 019:899.913 JLINK_IsHalted()
T4904 019:900.322 - 0.465ms returns FALSE
T4904 020:008.166 JLINK_IsHalted()
T4904 020:008.700 - 0.600ms returns FALSE
T4904 020:008.796 JLINK_IsHalted()
T4904 020:009.177 - 0.445ms returns FALSE
T4904 020:118.354 JLINK_IsHalted()
T4904 020:118.754 - 0.432ms returns FALSE
T4904 020:118.801 JLINK_IsHalted()
T4904 020:119.111 - 0.330ms returns FALSE
T4904 020:226.936 JLINK_IsHalted()
T4904 020:227.549 - 0.686ms returns FALSE
T4904 020:227.657 JLINK_IsHalted()
T4904 020:228.144 - 0.593ms returns FALSE
T57B8 020:330.266 JLINK_IsHalted()
T57B8 020:330.720 - 0.491ms returns FALSE
T57B8 020:330.773 JLINK_IsHalted()
T57B8 020:331.181 - 0.437ms returns FALSE
T4904 020:337.106 JLINK_IsHalted()
T4904 020:337.650 - 0.625ms returns FALSE
T4904 020:337.772 JLINK_IsHalted()
T4904 020:338.241 - 0.516ms returns FALSE
T4904 020:445.859 JLINK_IsHalted()
T4904 020:446.490 - 0.715ms returns FALSE
T4904 020:446.609 JLINK_IsHalted()
T4904 020:446.931 - 0.384ms returns FALSE
T4904 020:555.240 JLINK_IsHalted()
T4904 020:555.646 - 0.450ms returns FALSE
T4904 020:555.711 JLINK_IsHalted()
T4904 020:555.955 - 0.265ms returns FALSE
T4904 020:664.574 JLINK_IsHalted()
T4904 020:665.078 - 0.586ms returns FALSE
T4904 020:665.197 JLINK_IsHalted()
T4904 020:665.566 - 0.444ms returns FALSE
T4904 020:773.849 JLINK_IsHalted()
T4904 020:776.864 - 3.067ms returns FALSE
T4904 020:776.955 JLINK_IsHalted()
T4904 020:777.250 - 0.359ms returns FALSE
T4904 020:883.869 JLINK_IsHalted()
T4904 020:884.561 - 0.759ms returns FALSE
T4904 020:884.654 JLINK_IsHalted()
T4904 020:885.098 - 0.507ms returns FALSE
T4904 020:993.449 JLINK_IsHalted()
T4904 020:994.022 - 0.638ms returns FALSE
T4904 020:994.117 JLINK_IsHalted()
T4904 020:994.563 - 0.511ms returns FALSE
T4904 021:102.392 JLINK_IsHalted()
T4904 021:102.903 - 0.584ms returns FALSE
T4904 021:103.010 JLINK_IsHalted()
T4904 021:103.447 - 0.510ms returns FALSE
T4904 021:211.400 JLINK_IsHalted()
T4904 021:211.978 - 0.647ms returns FALSE
T4904 021:212.080 JLINK_IsHalted()
T4904 021:212.440 - 0.445ms returns FALSE
T4904 021:321.149 JLINK_IsHalted()
T4904 021:321.671 - 0.597ms returns FALSE
T4904 021:321.780 JLINK_IsHalted()
T4904 021:322.153 - 0.438ms returns FALSE
T57B8 021:331.935 JLINK_IsHalted()
T57B8 021:332.558 - 0.702ms returns FALSE
T57B8 021:332.672 JLINK_IsHalted()
T57B8 021:333.093 - 0.494ms returns FALSE
T4904 021:430.418 JLINK_IsHalted()
T4904 021:431.009 - 0.651ms returns FALSE
T4904 021:431.092 JLINK_IsHalted()
T4904 021:431.437 - 0.393ms returns FALSE
T4904 021:539.970 JLINK_IsHalted()
T4904 021:540.390 - 0.440ms returns FALSE
T4904 021:540.420 JLINK_IsHalted()
T4904 021:540.722 - 0.322ms returns FALSE
T4904 021:649.266 JLINK_IsHalted()
T4904 021:649.689 - 0.443ms returns FALSE
T4904 021:649.720 JLINK_IsHalted()
T4904 021:650.024 - 0.325ms returns FALSE
T4904 021:758.411 JLINK_IsHalted()
T4904 021:758.911 - 0.550ms returns FALSE
T4904 021:758.983 JLINK_IsHalted()
T4904 021:759.370 - 0.434ms returns FALSE
T4904 021:868.181 JLINK_IsHalted()
T4904 021:868.721 - 0.609ms returns FALSE
T4904 021:868.830 JLINK_IsHalted()
T4904 021:869.276 - 0.516ms returns FALSE
T4904 021:977.309 JLINK_IsHalted()
T4904 021:977.878 - 0.637ms returns FALSE
T4904 021:977.978 JLINK_IsHalted()
T4904 021:978.372 - 0.472ms returns FALSE
T4904 022:086.196 JLINK_IsHalted()
T4904 022:086.632 - 0.548ms returns FALSE
T4904 022:086.779 JLINK_IsHalted()
T4904 022:087.130 - 0.429ms returns FALSE
T4904 022:196.265 JLINK_IsHalted()
T4904 022:196.741 - 0.548ms returns FALSE
T4904 022:196.845 JLINK_IsHalted()
T4904 022:197.188 - 0.404ms returns FALSE
T4904 022:305.528 JLINK_IsHalted()
T4904 022:306.029 - 0.566ms returns FALSE
T4904 022:306.123 JLINK_IsHalted()
T4904 022:306.559 - 0.501ms returns FALSE
T57B8 022:334.437 JLINK_IsHalted()
T57B8 022:335.015 - 0.644ms returns FALSE
T57B8 022:335.110 JLINK_IsHalted()
T57B8 022:335.507 - 0.458ms returns FALSE
T4904 022:414.788 JLINK_IsHalted()
T4904 022:415.384 - 0.668ms returns FALSE
T4904 022:415.490 JLINK_IsHalted()
T4904 022:415.826 - 0.403ms returns FALSE
T4904 022:524.248 JLINK_IsHalted()
T4904 022:524.725 - 0.526ms returns FALSE
T4904 022:524.798 JLINK_IsHalted()
T4904 022:525.155 - 0.404ms returns FALSE
T4904 022:633.347 JLINK_IsHalted()
T4904 022:633.733 - 0.446ms returns FALSE
T4904 022:633.820 JLINK_IsHalted()
T4904 022:634.140 - 0.386ms returns FALSE
T4904 022:742.605 JLINK_IsHalted()
T4904 022:742.989 - 0.408ms returns FALSE
T4904 022:743.024 JLINK_IsHalted()
T4904 022:743.369 - 0.368ms returns FALSE
T4904 022:852.469 JLINK_IsHalted()
T4904 022:852.881 - 0.444ms returns FALSE
T4904 022:852.927 JLINK_IsHalted()
T4904 022:853.253 - 0.355ms returns FALSE
T4904 022:961.589 JLINK_IsHalted()
T4904 022:962.039 - 0.480ms returns FALSE
T4904 022:962.082 JLINK_IsHalted()
T4904 022:962.362 - 0.303ms returns FALSE
T4904 023:070.804 JLINK_IsHalted()
T4904 023:071.325 - 0.588ms returns FALSE
T4904 023:071.423 JLINK_IsHalted()
T4904 023:071.842 - 0.484ms returns FALSE
T4904 023:180.885 JLINK_IsHalted()
T4904 023:181.414 - 0.591ms returns FALSE
T4904 023:181.505 JLINK_IsHalted()
T4904 023:181.905 - 0.461ms returns FALSE
T4904 023:289.583 JLINK_IsHalted()
T4904 023:289.985 - 0.427ms returns FALSE
T4904 023:290.021 JLINK_IsHalted()
T4904 023:290.331 - 0.332ms returns FALSE
T57B8 023:336.276 JLINK_IsHalted()
T57B8 023:336.658 - 0.406ms returns FALSE
T57B8 023:336.698 JLINK_IsHalted()
T57B8 023:336.956 - 0.280ms returns FALSE
T4904 023:399.103 JLINK_IsHalted()
T4904 023:399.603 - 0.540ms returns FALSE
T4904 023:399.663 JLINK_IsHalted()
T4904 023:400.043 - 0.418ms returns FALSE
T4904 023:508.049 JLINK_IsHalted()
T4904 023:508.396 - 0.371ms returns FALSE
T4904 023:508.431 JLINK_IsHalted()
T4904 023:508.822 - 0.413ms returns FALSE
T4904 023:618.230 JLINK_IsHalted()
T4904 023:618.751 - 0.565ms returns FALSE
T4904 023:618.814 JLINK_IsHalted()
T4904 023:619.139 - 0.367ms returns FALSE
T4904 023:727.149 JLINK_IsHalted()
T4904 023:727.583 - 0.505ms returns FALSE
T4904 023:727.683 JLINK_IsHalted()
T4904 023:727.979 - 0.356ms returns FALSE
T4904 023:836.705 JLINK_IsHalted()
T4904 023:837.157 - 0.475ms returns FALSE
T4904 023:837.191 JLINK_IsHalted()
T4904 023:837.446 - 0.281ms returns FALSE
T4904 023:946.239 JLINK_IsHalted()
T4904 023:946.733 - 0.533ms returns FALSE
T4904 023:946.791 JLINK_IsHalted()
T4904 023:947.146 - 0.384ms returns FALSE
T4904 024:055.228 JLINK_IsHalted()
T4904 024:055.546 - 0.343ms returns FALSE
T4904 024:055.582 JLINK_IsHalted()
T4904 024:055.875 - 0.315ms returns FALSE
T4904 024:165.033 JLINK_IsHalted()
T4904 024:165.421 - 0.433ms returns FALSE
T4904 024:165.480 JLINK_IsHalted()
T4904 024:165.874 - 0.459ms returns FALSE
T4904 024:273.839 JLINK_IsHalted()
T4904 024:274.159 - 0.359ms returns FALSE
T4904 024:274.212 JLINK_IsHalted()
T4904 024:274.404 - 0.222ms returns FALSE
T57B8 024:337.965 JLINK_IsHalted()
T57B8 024:338.368 - 0.427ms returns FALSE
T57B8 024:338.404 JLINK_IsHalted()
T57B8 024:338.678 - 0.297ms returns FALSE
T4904 024:383.284 JLINK_IsHalted()
T4904 024:383.613 - 0.364ms returns FALSE
T4904 024:383.663 JLINK_IsHalted()
T4904 024:383.937 - 0.301ms returns FALSE
T4904 024:493.243 JLINK_IsHalted()
T4904 024:493.576 - 0.367ms returns FALSE
T4904 024:493.624 JLINK_IsHalted()
T4904 024:493.914 - 0.318ms returns FALSE
T4904 024:601.811 JLINK_IsHalted()
T4904 024:602.257 - 0.467ms returns FALSE
T4904 024:602.290 JLINK_IsHalted()
T4904 024:602.637 - 0.428ms returns FALSE
T4904 024:711.294 JLINK_IsHalted()
T4904 024:711.806 - 0.589ms returns FALSE
T4904 024:711.901 JLINK_IsHalted()
T4904 024:712.177 - 0.307ms returns FALSE
T4904 024:821.189 JLINK_IsHalted()
T4904 024:821.757 - 0.633ms returns FALSE
T4904 024:821.854 JLINK_IsHalted()
T4904 024:822.271 - 0.488ms returns FALSE
T4904 024:930.858 JLINK_IsHalted()
T4904 024:931.351 - 0.556ms returns FALSE
T4904 024:931.444 JLINK_IsHalted()
T4904 024:931.837 - 0.433ms returns FALSE
T4904 025:039.884 JLINK_IsHalted()
T4904 025:040.376 - 0.541ms returns FALSE
T4904 025:040.448 JLINK_IsHalted()
T4904 025:040.802 - 0.412ms returns FALSE
T4904 025:149.066 JLINK_IsHalted()
T4904 025:149.671 - 0.682ms returns FALSE
T4904 025:149.781 JLINK_IsHalted()
T4904 025:150.165 - 0.454ms returns FALSE
T4904 025:258.588 JLINK_IsHalted()
T4904 025:259.152 - 0.655ms returns FALSE
T4904 025:259.289 JLINK_IsHalted()
T4904 025:259.576 - 0.354ms returns FALSE
T57B8 025:339.380 JLINK_IsHalted()
T57B8 025:339.649 - 0.296ms returns FALSE
T57B8 025:339.688 JLINK_IsHalted()
T57B8 025:339.962 - 0.299ms returns FALSE
T4904 025:367.692 JLINK_IsHalted()
T4904 025:368.063 - 0.394ms returns FALSE
T4904 025:368.097 JLINK_IsHalted()
T4904 025:368.428 - 0.353ms returns FALSE
T4904 025:476.838 JLINK_IsHalted()
T4904 025:477.158 - 0.343ms returns FALSE
T4904 025:477.192 JLINK_IsHalted()
T4904 025:477.502 - 0.330ms returns FALSE
T4904 025:586.852 JLINK_IsHalted()
T4904 025:587.166 - 0.338ms returns FALSE
T4904 025:587.201 JLINK_IsHalted()
T4904 025:587.434 - 0.253ms returns FALSE
T4904 025:696.196 JLINK_IsHalted()
T4904 025:696.604 - 0.431ms returns FALSE
T4904 025:696.639 JLINK_IsHalted()
T4904 025:696.935 - 0.317ms returns FALSE
T4904 025:805.659 JLINK_IsHalted()
T4904 025:806.122 - 0.506ms returns FALSE
T4904 025:806.188 JLINK_IsHalted()
T4904 025:806.546 - 0.396ms returns FALSE
T4904 025:914.872 JLINK_IsHalted()
T4904 025:915.241 - 0.395ms returns FALSE
T4904 025:915.281 JLINK_IsHalted()
T4904 025:915.611 - 0.353ms returns FALSE
T4904 026:023.915 JLINK_IsHalted()
T4904 026:024.318 - 0.444ms returns FALSE
T4904 026:024.390 JLINK_IsHalted()
T4904 026:024.657 - 0.289ms returns FALSE
T4904 026:133.653 JLINK_IsHalted()
T4904 026:134.066 - 0.436ms returns FALSE
T4904 026:134.103 JLINK_IsHalted()
T4904 026:134.461 - 0.379ms returns FALSE
T4904 026:242.685 JLINK_IsHalted()
T4904 026:243.043 - 0.389ms returns FALSE
T4904 026:243.091 JLINK_IsHalted()
T4904 026:243.399 - 0.337ms returns FALSE
T57B8 026:340.645 JLINK_IsHalted()
T57B8 026:340.978 - 0.396ms returns FALSE
T57B8 026:341.066 JLINK_IsHalted()
T57B8 026:341.441 - 0.436ms returns FALSE
T4904 026:352.271 JLINK_IsHalted()
T4904 026:352.587 - 0.359ms returns FALSE
T4904 026:352.652 JLINK_IsHalted()
T4904 026:353.013 - 0.392ms returns FALSE
T4904 026:461.585 JLINK_IsHalted()
T4904 026:462.238 - 0.829ms returns FALSE
T4904 026:462.446 JLINK_IsHalted()
T4904 026:462.707 - 0.344ms returns FALSE
T4904 026:571.369 JLINK_IsHalted()
T4904 026:571.897 - 0.614ms returns FALSE
T4904 026:572.018 JLINK_IsHalted()
T4904 026:572.455 - 0.515ms returns FALSE
T4904 026:680.096 JLINK_IsHalted()
T4904 026:680.644 - 0.622ms returns FALSE
T4904 026:680.752 JLINK_IsHalted()
T4904 026:681.175 - 10.706ms returns FALSE
T4904 026:789.993 JLINK_IsHalted()
T4904 026:790.465 - 0.533ms returns FALSE
T4904 026:790.555 JLINK_IsHalted()
T4904 026:790.939 - 0.454ms returns FALSE
T4904 026:899.099 JLINK_IsHalted()
T4904 026:899.644 - 0.613ms returns FALSE
T4904 026:899.744 JLINK_IsHalted()
T4904 026:900.088 - 0.395ms returns FALSE
T4904 027:008.346 JLINK_IsHalted()
T4904 027:008.898 - 0.644ms returns FALSE
T4904 027:009.027 JLINK_IsHalted()
T4904 027:009.423 - 0.476ms returns FALSE
T4904 027:117.844 JLINK_IsHalted()
T4904 027:118.385 - 0.617ms returns FALSE
T4904 027:118.491 JLINK_IsHalted()
T4904 027:118.870 - 0.443ms returns FALSE
T4904 027:226.900 JLINK_IsHalted()
T4904 027:227.467 - 0.638ms returns FALSE
T4904 027:227.569 JLINK_IsHalted()
T4904 027:227.887 - 0.352ms returns FALSE
T4904 027:336.817 JLINK_IsHalted()
T4904 027:337.293 - 0.542ms returns FALSE
T4904 027:337.388 JLINK_IsHalted()
T4904 027:337.893 - 0.579ms returns FALSE
T57B8 027:342.287 JLINK_IsHalted()
T57B8 027:342.862 - 0.677ms returns FALSE
T57B8 027:343.007 JLINK_IsHalted()
T57B8 027:343.528 - 0.598ms returns FALSE
T4904 027:446.145 JLINK_IsHalted()
T4904 027:446.790 - 0.711ms returns FALSE
T4904 027:446.887 JLINK_IsHalted()
T4904 027:447.285 - 0.465ms returns FALSE
T4904 027:555.771 JLINK_IsHalted()
T4904 027:556.284 - 0.578ms returns FALSE
T4904 027:556.379 JLINK_IsHalted()
T4904 027:556.737 - 0.423ms returns FALSE
T4904 027:665.032 JLINK_IsHalted()
T4904 027:665.639 - 0.678ms returns FALSE
T4904 027:665.741 JLINK_IsHalted()
T4904 027:666.156 - 0.488ms returns FALSE
T4904 027:773.811 JLINK_IsHalted()
T4904 027:774.211 - 0.421ms returns FALSE
T4904 027:774.243 JLINK_IsHalted()
T4904 027:774.536 - 0.314ms returns FALSE
T4904 027:883.479 JLINK_IsHalted()
T4904 027:883.900 - 0.476ms returns FALSE
T4904 027:883.984 JLINK_IsHalted()
T4904 027:884.241 - 0.316ms returns FALSE
T4904 027:992.870 JLINK_IsHalted()
T4904 027:993.367 - 0.565ms returns FALSE
T4904 027:993.467 JLINK_IsHalted()
T4904 027:993.841 - 0.426ms returns FALSE
T4904 028:102.651 JLINK_IsHalted()
T4904 028:103.202 - 0.614ms returns FALSE
T4904 028:103.294 JLINK_IsHalted()
T4904 028:103.796 - 0.569ms returns FALSE
T4904 028:211.670 JLINK_IsHalted()
T4904 028:212.451 - 0.848ms returns FALSE
T4904 028:212.548 JLINK_IsHalted()
T4904 028:212.866 - 0.376ms returns FALSE
T4904 028:320.712 JLINK_IsHalted()
T4904 028:321.210 - 0.561ms returns FALSE
T4904 028:321.302 JLINK_IsHalted()
T4904 028:321.707 - 0.473ms returns FALSE
T57B8 028:344.676 JLINK_IsHalted()
T57B8 028:345.266 - 0.666ms returns FALSE
T57B8 028:345.378 JLINK_IsHalted()
T57B8 028:345.801 - 0.482ms returns FALSE
T4904 028:430.826 JLINK_IsHalted()
T4904 028:431.350 - 0.588ms returns FALSE
T4904 028:431.443 JLINK_IsHalted()
T4904 028:431.807 - 0.428ms returns FALSE
T4904 028:540.182 JLINK_IsHalted()
T4904 028:540.761 - 0.638ms returns FALSE
T4904 028:540.846 JLINK_IsHalted()
T4904 028:541.246 - 0.452ms returns FALSE
T4904 028:649.105 JLINK_IsHalted()
T4904 028:649.669 - 0.631ms returns FALSE
T4904 028:649.768 JLINK_IsHalted()
T4904 028:650.179 - 0.481ms returns FALSE
T4904 028:758.371 JLINK_IsHalted()
T4904 028:758.825 - 0.501ms returns FALSE
T4904 028:758.894 JLINK_IsHalted()
T4904 028:759.274 - 0.425ms returns FALSE
T4904 028:867.788 JLINK_IsHalted()
T4904 028:868.276 - 0.556ms returns FALSE
T4904 028:868.376 JLINK_IsHalted()
T4904 028:868.773 - 0.464ms returns FALSE
T4904 028:977.687 JLINK_IsHalted()
T4904 028:978.283 - 0.664ms returns FALSE
T4904 028:978.382 JLINK_IsHalted()
T4904 028:978.819 - 0.503ms returns FALSE
T4904 029:087.253 JLINK_IsHalted()
T4904 029:087.808 - 0.627ms returns FALSE
T4904 029:087.912 JLINK_IsHalted()
T4904 029:088.290 - 0.451ms returns FALSE
T4904 029:196.437 JLINK_IsHalted()
T4904 029:196.907 - 0.538ms returns FALSE
T4904 029:197.005 JLINK_IsHalted()
T4904 029:197.420 - 0.476ms returns FALSE
T4904 029:305.007 JLINK_IsHalted()
T4904 029:305.547 - 0.673ms returns FALSE
T4904 029:305.717 JLINK_IsHalted()
T4904 029:306.174 - 0.532ms returns FALSE
T57B8 029:347.179 JLINK_IsHalted()
T57B8 029:347.768 - 0.669ms returns FALSE
T57B8 029:347.889 JLINK_IsHalted()
T57B8 029:348.329 - 0.517ms returns FALSE
T4904 029:414.524 JLINK_IsHalted()
T4904 029:415.115 - 0.662ms returns FALSE
T4904 029:415.219 JLINK_IsHalted()
T4904 029:415.636 - 0.483ms returns FALSE
T4904 029:524.000 JLINK_IsHalted()
T4904 029:524.521 - 0.605ms returns FALSE
T4904 029:524.640 JLINK_IsHalted()
T4904 029:524.975 - 0.412ms returns FALSE
T4904 029:633.448 JLINK_IsHalted()
T4904 029:634.001 - 0.619ms returns FALSE
T4904 029:634.101 JLINK_IsHalted()
T4904 029:634.500 - 0.460ms returns FALSE
T4904 029:743.077 JLINK_IsHalted()
T4904 029:743.637 - 0.626ms returns FALSE
T4904 029:743.734 JLINK_IsHalted()
T4904 029:744.161 - 0.493ms returns FALSE
T4904 029:852.295 JLINK_IsHalted()
T4904 029:852.793 - 0.549ms returns FALSE
T4904 029:852.867 JLINK_IsHalted()
T4904 029:853.254 - 0.437ms returns FALSE
T4904 029:961.505 JLINK_IsHalted()
T4904 029:961.989 - 0.553ms returns FALSE
T4904 029:962.092 JLINK_IsHalted()
T4904 029:962.434 - 0.406ms returns FALSE
T4904 030:071.261 JLINK_IsHalted()
T4904 030:071.894 - 0.719ms returns FALSE
T4904 030:072.017 JLINK_IsHalted()
T4904 030:072.379 - 0.458ms returns FALSE
T4904 030:180.637 JLINK_IsHalted()
T4904 030:181.242 - 0.680ms returns FALSE
T4904 030:181.348 JLINK_IsHalted()
T4904 030:181.746 - 0.463ms returns FALSE
T4904 030:289.679 JLINK_IsHalted()
T4904 030:290.320 - 0.713ms returns FALSE
T4904 030:290.426 JLINK_IsHalted()
T4904 030:290.871 - 0.516ms returns FALSE
T57B8 030:349.588 JLINK_IsHalted()
T57B8 030:350.001 - 0.470ms returns FALSE
T57B8 030:350.078 JLINK_IsHalted()
T57B8 030:350.578 - 0.536ms returns FALSE
T4904 030:399.085 JLINK_IsHalted()
T4904 030:399.674 - 0.656ms returns FALSE
T4904 030:399.772 JLINK_IsHalted()
T4904 030:400.180 - 0.473ms returns FALSE
T4904 030:508.700 JLINK_IsHalted()
T4904 030:509.166 - 0.538ms returns FALSE
T4904 030:509.270 JLINK_IsHalted()
T4904 030:509.584 - 0.377ms returns FALSE
T4904 030:618.465 JLINK_IsHalted()
T4904 030:619.050 - 0.655ms returns FALSE
T4904 030:619.152 JLINK_IsHalted()
T4904 030:619.574 - 0.491ms returns FALSE
T4904 030:727.364 JLINK_IsHalted()
T4904 030:727.909 - 0.592ms returns FALSE
T4904 030:727.968 JLINK_IsHalted()
T4904 030:728.234 - 0.287ms returns FALSE
T4904 030:836.784 JLINK_IsHalted()
T4904 030:837.225 - 0.501ms returns FALSE
T4904 030:837.314 JLINK_IsHalted()
T4904 030:837.718 - 0.458ms returns FALSE
T4904 030:945.670 JLINK_IsHalted()
T4904 030:946.266 - 0.659ms returns FALSE
T4904 030:946.358 JLINK_IsHalted()
T4904 030:946.768 - 0.473ms returns FALSE
T4904 031:055.573 JLINK_IsHalted()
T4904 031:056.102 - 0.581ms returns FALSE
T4904 031:056.177 JLINK_IsHalted()
T4904 031:056.467 - 0.335ms returns FALSE
T4904 031:164.581 JLINK_IsHalted()
T4904 031:165.103 - 0.566ms returns FALSE
T4904 031:165.168 JLINK_IsHalted()
T4904 031:165.546 - 0.422ms returns FALSE
T4904 031:274.589 JLINK_IsHalted()
T4904 031:275.128 - 0.612ms returns FALSE
T4904 031:275.234 JLINK_IsHalted()
T4904 031:275.649 - 0.485ms returns FALSE
T57B8 031:350.430 JLINK_IsHalted()
T57B8 031:350.795 - 0.414ms returns FALSE
T57B8 031:350.855 JLINK_IsHalted()
T57B8 031:351.235 - 0.402ms returns FALSE
T4904 031:383.413 JLINK_IsHalted()
T4904 031:383.873 - 0.527ms returns FALSE
T4904 031:383.971 JLINK_IsHalted()
T4904 031:384.350 - 0.443ms returns FALSE
T4904 031:492.678 JLINK_IsHalted()
T4904 031:493.241 - 0.628ms returns FALSE
T4904 031:493.338 JLINK_IsHalted()
T4904 031:493.740 - 0.465ms returns FALSE
T4904 031:602.317 JLINK_IsHalted()
T4904 031:602.909 - 0.662ms returns FALSE
T4904 031:603.013 JLINK_IsHalted()
T4904 031:603.439 - 0.492ms returns FALSE
T4904 031:711.591 JLINK_IsHalted()
T4904 031:712.099 - 0.576ms returns FALSE
T4904 031:712.198 JLINK_IsHalted()
T4904 031:712.653 - 0.524ms returns FALSE
T4904 031:821.541 JLINK_IsHalted()
T4904 031:822.043 - 0.568ms returns FALSE
T4904 031:822.139 JLINK_IsHalted()
T4904 031:822.399 - 0.294ms returns FALSE
T4904 031:930.015 JLINK_IsHalted()
T4904 031:930.473 - 0.524ms returns FALSE
T4904 031:930.569 JLINK_IsHalted()
T4904 031:930.935 - 0.429ms returns FALSE
T4904 032:039.696 JLINK_IsHalted()
T4904 032:040.167 - 0.532ms returns FALSE
T4904 032:040.255 JLINK_IsHalted()
T4904 032:040.534 - 0.340ms returns FALSE
T4904 032:149.217 JLINK_IsHalted()
T4904 032:149.773 - 0.617ms returns FALSE
T4904 032:149.863 JLINK_IsHalted()
T4904 032:150.213 - 0.414ms returns FALSE
T4904 032:259.020 JLINK_IsHalted()
T4904 032:259.564 - 0.612ms returns FALSE
T4904 032:259.662 JLINK_IsHalted()
T4904 032:260.226 - 0.635ms returns FALSE
T57B8 032:351.964 JLINK_IsHalted()
T57B8 032:352.533 - 0.643ms returns FALSE
T57B8 032:352.640 JLINK_IsHalted()
T57B8 032:353.013 - 0.442ms returns FALSE
T4904 032:368.391 JLINK_IsHalted()
T4904 032:368.813 - 0.446ms returns FALSE
T4904 032:368.855 JLINK_IsHalted()
T4904 032:369.295 - 0.472ms returns FALSE
T4904 032:477.357 JLINK_IsHalted()
T4904 032:477.944 - 0.659ms returns FALSE
T4904 032:478.049 JLINK_IsHalted()
T4904 032:478.517 - 0.540ms returns FALSE
T4904 032:586.786 JLINK_IsHalted()
T4904 032:587.218 - 0.498ms returns FALSE
T4904 032:587.315 JLINK_IsHalted()
T4904 032:587.634 - 0.366ms returns FALSE
T4904 032:696.449 JLINK_IsHalted()
T4904 032:696.916 - 0.545ms returns FALSE
T4904 032:697.028 JLINK_IsHalted()
T4904 032:697.411 - 0.456ms returns FALSE
T4904 032:805.276 JLINK_IsHalted()
T4904 032:805.797 - 0.584ms returns FALSE
T4904 032:805.889 JLINK_IsHalted()
T4904 032:806.243 - 0.420ms returns FALSE
T4904 032:914.857 JLINK_IsHalted()
T4904 032:915.441 - 0.652ms returns FALSE
T4904 032:915.542 JLINK_IsHalted()
T4904 032:915.981 - 0.509ms returns FALSE
T4904 033:024.131 JLINK_IsHalted()
T4904 033:024.759 - 0.702ms returns FALSE
T4904 033:024.866 JLINK_IsHalted()
T4904 033:025.279 - 0.500ms returns FALSE
T4904 033:133.420 JLINK_IsHalted()
T4904 033:133.801 - 0.393ms returns FALSE
T4904 033:133.824 JLINK_IsHalted()
T4904 033:134.132 - 0.318ms returns FALSE
T4904 033:242.514 JLINK_IsHalted()
T4904 033:243.031 - 0.588ms returns FALSE
T4904 033:243.134 JLINK_IsHalted()
T4904 033:243.581 - 0.518ms returns FALSE
T4904 033:351.922 JLINK_IsHalted()
T4904 033:352.471 - 0.629ms returns FALSE
T4904 033:352.586 JLINK_IsHalted()
T4904 033:353.041 - 0.555ms returns FALSE
T57B8 033:354.745 JLINK_IsHalted()
T57B8 033:355.301 - 0.628ms returns FALSE
T57B8 033:355.409 JLINK_IsHalted()
T57B8 033:355.792 - 0.458ms returns FALSE
T4904 033:462.060 JLINK_IsHalted()
T4904 033:462.670 - 0.673ms returns FALSE
T4904 033:462.761 JLINK_IsHalted()
T4904 033:463.092 - 0.391ms returns FALSE
T4904 033:570.846 JLINK_IsHalted()
T4904 033:571.371 - 0.584ms returns FALSE
T4904 033:571.457 JLINK_IsHalted()
T4904 033:571.946 - 0.546ms returns FALSE
T4904 033:680.229 JLINK_IsHalted()
T4904 033:680.709 - 0.538ms returns FALSE
T4904 033:680.794 JLINK_IsHalted()
T4904 033:681.232 - 0.499ms returns FALSE
T4904 033:789.942 JLINK_IsHalted()
T4904 033:790.407 - 0.492ms returns FALSE
T4904 033:790.455 JLINK_IsHalted()
T4904 033:790.744 - 0.321ms returns FALSE
T4904 033:898.863 JLINK_IsHalted()
T4904 033:899.322 - 0.532ms returns FALSE
T4904 033:899.427 JLINK_IsHalted()
T4904 033:899.787 - 0.434ms returns FALSE
T4904 034:008.616 JLINK_IsHalted()
T4904 034:009.043 - 0.491ms returns FALSE
T4904 034:009.137 JLINK_IsHalted()
T4904 034:009.438 - 0.367ms returns FALSE
T4904 034:118.039 JLINK_IsHalted()
T4904 034:118.520 - 0.574ms returns FALSE
T4904 034:118.661 JLINK_IsHalted()
T4904 034:119.108 - 0.534ms returns FALSE
T4904 034:227.637 JLINK_IsHalted()
T4904 034:228.280 - 0.710ms returns FALSE
T4904 034:228.378 JLINK_IsHalted()
T4904 034:228.796 - 0.484ms returns FALSE
T4904 034:336.318 JLINK_IsHalted()
T4904 034:336.794 - 0.546ms returns FALSE
T4904 034:336.895 JLINK_IsHalted()
T4904 034:337.278 - 0.461ms returns FALSE
T57B8 034:356.601 JLINK_IsHalted()
T57B8 034:357.211 - 0.698ms returns FALSE
T57B8 034:357.335 JLINK_IsHalted()
T57B8 034:357.795 - 0.534ms returns FALSE
T4904 034:445.924 JLINK_IsHalted()
T4904 034:446.558 - 0.700ms returns FALSE
T4904 034:446.655 JLINK_IsHalted()
T4904 034:446.988 - 0.396ms returns FALSE
T4904 034:555.337 JLINK_IsHalted()
T4904 034:555.676 - 0.348ms returns FALSE
T4904 034:555.695 JLINK_IsHalted()
T4904 034:556.015 - 0.328ms returns FALSE
T4904 034:664.723 JLINK_IsHalted()
T4904 034:665.275 - 0.621ms returns FALSE
T4904 034:665.377 JLINK_IsHalted()
T4904 034:665.805 - 0.498ms returns FALSE
T4904 034:774.083 JLINK_IsHalted()
T4904 034:774.628 - 0.603ms returns FALSE
T4904 034:774.712 JLINK_IsHalted()
T4904 034:775.141 - 0.488ms returns FALSE
T4904 034:884.042 JLINK_IsHalted()
T4904 034:884.507 - 0.525ms returns FALSE
T4904 034:884.601 JLINK_IsHalted()
T4904 034:884.975 - 0.455ms returns FALSE
T4904 034:992.491 JLINK_IsHalted()
T4904 034:993.040 - 0.616ms returns FALSE
T4904 034:993.136 JLINK_IsHalted()
T4904 034:993.536 - 0.466ms returns FALSE
T4904 035:102.409 JLINK_IsHalted()
T4904 035:103.048 - 0.708ms returns FALSE
T4904 035:103.149 JLINK_IsHalted()
T4904 035:103.563 - 0.479ms returns FALSE
T4904 035:211.354 JLINK_IsHalted()
T4904 035:211.926 - 0.649ms returns FALSE
T4904 035:212.038 JLINK_IsHalted()
T4904 035:212.393 - 0.435ms returns FALSE
T4904 035:321.016 JLINK_IsHalted()
T4904 035:321.598 - 0.659ms returns FALSE
T4904 035:321.709 JLINK_IsHalted()
T4904 035:322.068 - 0.438ms returns FALSE
T57B8 035:358.994 JLINK_IsHalted()
T57B8 035:359.329 - 0.365ms returns FALSE
T57B8 035:359.372 JLINK_IsHalted()
T57B8 035:359.600 - 0.250ms returns FALSE
T4904 035:430.732 JLINK_IsHalted()
T4904 035:431.342 - 0.676ms returns FALSE
T4904 035:431.440 JLINK_IsHalted()
T4904 035:431.898 - 0.525ms returns FALSE
T4904 035:540.268 JLINK_IsHalted()
T4904 035:540.829 - 0.639ms returns FALSE
T4904 035:540.942 JLINK_IsHalted()
T4904 035:541.362 - 0.496ms returns FALSE
T4904 035:648.882 JLINK_IsHalted()
T4904 035:649.428 - 0.615ms returns FALSE
T4904 035:649.528 JLINK_IsHalted()
T4904 035:649.878 - 0.418ms returns FALSE
T4904 035:758.858 JLINK_IsHalted()
T4904 035:759.378 - 0.572ms returns FALSE
T4904 035:759.455 JLINK_IsHalted()
T4904 035:759.804 - 0.400ms returns FALSE
T4904 035:867.822 JLINK_IsHalted()
T4904 035:868.402 - 0.646ms returns FALSE
T4904 035:868.500 JLINK_IsHalted()
T4904 035:868.935 - 0.498ms returns FALSE
T4904 035:977.495 JLINK_IsHalted()
T4904 035:978.012 - 0.588ms returns FALSE
T4904 035:978.116 JLINK_IsHalted()
T4904 035:978.488 - 0.456ms returns FALSE
T4904 036:086.660 JLINK_IsHalted()
T4904 036:087.215 - 0.616ms returns FALSE
T4904 036:087.306 JLINK_IsHalted()
T4904 036:087.709 - 0.467ms returns FALSE
T4904 036:195.927 JLINK_IsHalted()
T4904 036:196.515 - 0.654ms returns FALSE
T4904 036:196.611 JLINK_IsHalted()
T4904 036:197.011 - 0.470ms returns FALSE
T4904 036:305.531 JLINK_IsHalted()
T4904 036:305.979 - 0.504ms returns FALSE
T4904 036:306.059 JLINK_IsHalted()
T4904 036:306.454 - 0.445ms returns FALSE
T57B8 036:360.207 JLINK_IsHalted()
T57B8 036:360.823 - 0.692ms returns FALSE
T57B8 036:360.936 JLINK_IsHalted()
T57B8 036:361.326 - 0.463ms returns FALSE
T4904 036:414.701 JLINK_IsHalted()
T4904 036:415.281 - 0.656ms returns FALSE
T4904 036:415.390 JLINK_IsHalted()
T4904 036:415.863 - 0.557ms returns FALSE
T4904 036:524.644 JLINK_IsHalted()
T4904 036:525.171 - 0.583ms returns FALSE
T4904 036:525.254 JLINK_IsHalted()
T4904 036:525.621 - 0.426ms returns FALSE
T4904 036:633.709 JLINK_IsHalted()
T4904 036:634.168 - 0.528ms returns FALSE
T4904 036:634.266 JLINK_IsHalted()
T4904 036:634.713 - 0.507ms returns FALSE
T4904 036:742.593 JLINK_IsHalted()
T4904 036:743.074 - 0.522ms returns FALSE
T4904 036:743.134 JLINK_IsHalted()
T4904 036:743.503 - 0.406ms returns FALSE
T4904 036:852.388 JLINK_IsHalted()
T4904 036:852.861 - 0.547ms returns FALSE
T4904 036:852.966 JLINK_IsHalted()
T4904 036:853.288 - 0.379ms returns FALSE
T4904 036:961.440 JLINK_IsHalted()
T4904 036:961.981 - 0.589ms returns FALSE
T4904 036:962.051 JLINK_IsHalted()
T4904 036:962.423 - 0.423ms returns FALSE
T4904 037:070.932 JLINK_IsHalted()
T4904 037:071.505 - 0.643ms returns FALSE
T4904 037:071.606 JLINK_IsHalted()
T4904 037:072.039 - 0.503ms returns FALSE
T4904 037:180.647 JLINK_IsHalted()
T4904 037:181.062 - 0.437ms returns FALSE
T4904 037:181.095 JLINK_IsHalted()
T4904 037:181.373 - 0.300ms returns FALSE
T4904 037:289.928 JLINK_IsHalted()
T4904 037:290.379 - 0.522ms returns FALSE
T4904 037:290.483 JLINK_IsHalted()
T4904 037:290.937 - 0.550ms returns FALSE
T57B8 037:362.782 JLINK_IsHalted()
T57B8 037:363.430 - 0.723ms returns FALSE
T57B8 037:363.538 JLINK_IsHalted()
T57B8 037:364.039 - 0.574ms returns FALSE
T4904 037:399.279 JLINK_IsHalted()
T4904 037:399.821 - 0.617ms returns FALSE
T4904 037:399.927 JLINK_IsHalted()
T4904 037:400.296 - 0.431ms returns FALSE
T4904 037:508.793 JLINK_IsHalted()
T4904 037:509.388 - 0.653ms returns FALSE
T4904 037:509.473 JLINK_IsHalted()
T4904 037:509.870 - 0.452ms returns FALSE
T4904 037:618.376 JLINK_IsHalted()
T4904 037:618.720 - 0.367ms returns FALSE
T4904 037:618.754 JLINK_IsHalted()
T4904 037:619.032 - 0.299ms returns FALSE
T4904 037:727.341 JLINK_IsHalted()
T4904 037:727.843 - 0.512ms returns FALSE
T4904 037:727.865 JLINK_IsHalted()
T4904 037:728.156 - 0.298ms returns FALSE
T4904 037:836.969 JLINK_IsHalted()
T4904 037:837.552 - 0.655ms returns FALSE
T4904 037:837.657 JLINK_IsHalted()
T4904 037:838.066 - 0.480ms returns FALSE
T4904 037:946.049 JLINK_IsHalted()
T4904 037:946.667 - 0.689ms returns FALSE
T4904 037:946.771 JLINK_IsHalted()
T4904 037:947.237 - 0.537ms returns FALSE
T4904 038:055.007 JLINK_IsHalted()
T4904 038:055.604 - 0.659ms returns FALSE
T4904 038:055.694 JLINK_IsHalted()
T4904 038:056.085 - 0.450ms returns FALSE
T4904 038:164.548 JLINK_IsHalted()
T4904 038:165.155 - 0.676ms returns FALSE
T4904 038:165.256 JLINK_IsHalted()
T4904 038:165.615 - 0.433ms returns FALSE
T4904 038:274.077 JLINK_IsHalted()
T4904 038:274.691 - 0.690ms returns FALSE
T4904 038:274.804 JLINK_IsHalted()
T4904 038:275.231 - 0.503ms returns FALSE
T57B8 038:365.083 JLINK_IsHalted()
T57B8 038:365.552 - 0.566ms returns FALSE
T57B8 038:365.701 JLINK_IsHalted()
T57B8 038:366.049 - 0.418ms returns FALSE
T4904 038:383.685 JLINK_IsHalted()
T4904 038:384.266 - 0.662ms returns FALSE
T4904 038:384.383 JLINK_IsHalted()
T4904 038:384.816 - 0.510ms returns FALSE
T4904 038:492.880 JLINK_IsHalted()
T4904 038:493.440 - 0.626ms returns FALSE
T4904 038:493.537 JLINK_IsHalted()
T4904 038:494.020 - 0.550ms returns FALSE
T4904 038:601.835 JLINK_IsHalted()
T4904 038:602.194 - 0.370ms returns FALSE
T4904 038:602.213 JLINK_IsHalted()
T4904 038:602.531 - 0.327ms returns FALSE
T4904 038:711.743 JLINK_IsHalted()
T4904 038:712.380 - 0.723ms returns FALSE
T4904 038:712.503 JLINK_IsHalted()
T4904 038:712.841 - 0.412ms returns FALSE
T4904 038:821.165 JLINK_IsHalted()
T4904 038:821.747 - 0.644ms returns FALSE
T4904 038:821.838 JLINK_IsHalted()
T4904 038:822.208 - 0.434ms returns FALSE
T4904 038:930.094 JLINK_IsHalted()
T4904 038:930.571 - 0.548ms returns FALSE
T4904 038:930.675 JLINK_IsHalted()
T4904 038:931.268 - 0.673ms returns FALSE
T4904 039:040.054 JLINK_IsHalted()
T4904 039:040.667 - 0.686ms returns FALSE
T4904 039:040.774 JLINK_IsHalted()
T4904 039:041.175 - 0.471ms returns FALSE
T4904 039:149.389 JLINK_IsHalted()
T4904 039:149.998 - 0.685ms returns FALSE
T4904 039:150.110 JLINK_IsHalted()
T4904 039:150.573 - 0.532ms returns FALSE
T4904 039:258.805 JLINK_IsHalted()
T4904 039:259.297 - 0.551ms returns FALSE
T4904 039:259.381 JLINK_IsHalted()
T4904 039:259.687 - 0.359ms returns FALSE
T57B8 039:367.510 JLINK_IsHalted()
T57B8 039:368.111 - 0.683ms returns FALSE
T57B8 039:368.220 JLINK_IsHalted()
T57B8 039:368.607 - 0.443ms returns FALSE
T4904 039:368.780 JLINK_IsHalted()
T4904 039:369.277 - 0.552ms returns FALSE
T4904 039:369.358 JLINK_IsHalted()
T4904 039:369.799 - 0.496ms returns FALSE
T4904 039:477.785 JLINK_IsHalted()
T4904 039:478.384 - 0.667ms returns FALSE
T4904 039:478.481 JLINK_IsHalted()
T4904 039:478.891 - 0.477ms returns FALSE
T4904 039:587.236 JLINK_IsHalted()
T4904 039:588.158 - 0.995ms returns FALSE
T4904 039:588.263 JLINK_IsHalted()
T4904 039:588.725 - 0.576ms returns FALSE
T4904 039:695.750 JLINK_IsHalted()
T4904 039:696.185 - 0.492ms returns FALSE
T4904 039:696.268 JLINK_IsHalted()
T4904 039:696.641 - 0.441ms returns FALSE
T4904 039:804.976 JLINK_IsHalted()
T4904 039:805.610 - 0.705ms returns FALSE
T4904 039:805.715 JLINK_IsHalted()
T4904 039:806.148 - 0.507ms returns FALSE
T4904 039:914.818 JLINK_IsHalted()
T4904 039:915.421 - 0.678ms returns FALSE
T4904 039:915.531 JLINK_IsHalted()
T4904 039:915.890 - 0.445ms returns FALSE
T4904 040:024.668 JLINK_IsHalted()
T4904 040:025.236 - 0.638ms returns FALSE
T4904 040:025.339 JLINK_IsHalted()
T4904 040:025.694 - 0.423ms returns FALSE
T4904 040:133.200 JLINK_IsHalted()
T4904 040:133.788 - 0.650ms returns FALSE
T4904 040:133.878 JLINK_IsHalted()
T4904 040:134.304 - 0.487ms returns FALSE
T4904 040:242.739 JLINK_IsHalted()
T4904 040:243.276 - 0.609ms returns FALSE
T4904 040:243.381 JLINK_IsHalted()
T4904 040:243.789 - 0.489ms returns FALSE
T4904 040:352.705 JLINK_IsHalted()
T4904 040:353.257 - 0.628ms returns FALSE
T4904 040:353.368 JLINK_IsHalted()
T4904 040:353.732 - 0.439ms returns FALSE
T57B8 040:369.466 JLINK_IsHalted()
T57B8 040:369.885 - 0.464ms returns FALSE
T57B8 040:369.945 JLINK_IsHalted()
T57B8 040:370.259 - 0.346ms returns FALSE
T4904 040:461.735 JLINK_IsHalted()
T4904 040:462.293 - 0.624ms returns FALSE
T4904 040:462.389 JLINK_IsHalted()
T4904 040:462.798 - 0.472ms returns FALSE
T4904 040:571.471 JLINK_IsHalted()
T4904 040:571.889 - 0.488ms returns FALSE
T4904 040:571.992 JLINK_IsHalted()
T4904 040:572.344 - 0.401ms returns FALSE
T4904 040:680.313 JLINK_IsHalted()
T4904 040:680.787 - 0.535ms returns FALSE
T4904 040:680.887 JLINK_IsHalted()
T4904 040:681.256 - 0.431ms returns FALSE
T4904 040:789.885 JLINK_IsHalted()
T4904 040:790.287 - 0.462ms returns FALSE
T4904 040:790.376 JLINK_IsHalted()
T4904 040:790.758 - 0.449ms returns FALSE
T4904 040:899.551 JLINK_IsHalted()
T4904 040:900.277 - 0.803ms returns FALSE
T4904 040:900.388 JLINK_IsHalted()
T4904 040:900.699 - 0.378ms returns FALSE
T4904 041:008.128 JLINK_IsHalted()
T4904 041:008.722 - 0.665ms returns FALSE
T4904 041:008.825 JLINK_IsHalted()
T4904 041:009.288 - 0.536ms returns FALSE
T4904 041:118.150 JLINK_IsHalted()
T4904 041:118.759 - 0.681ms returns FALSE
T4904 041:118.864 JLINK_IsHalted()
T4904 041:119.283 - 0.489ms returns FALSE
T4904 041:226.935 JLINK_IsHalted()
T4904 041:227.411 - 0.564ms returns FALSE
T4904 041:227.530 JLINK_IsHalted()
T4904 041:227.967 - 0.511ms returns FALSE
T4904 041:337.386 JLINK_IsHalted()
T4904 041:337.996 - 0.694ms returns FALSE
T4904 041:338.123 JLINK_IsHalted()
T4904 041:338.480 - 0.432ms returns FALSE
T57B8 041:371.044 JLINK_IsHalted()
T57B8 041:371.529 - 0.561ms returns FALSE
T57B8 041:371.640 JLINK_IsHalted()
T57B8 041:372.050 - 0.484ms returns FALSE
T4904 041:446.424 JLINK_IsHalted()
T4904 041:446.812 - 0.424ms returns FALSE
T4904 041:446.871 JLINK_IsHalted()
T4904 041:447.217 - 0.369ms returns FALSE
T4904 041:555.539 JLINK_IsHalted()
T4904 041:556.370 - 0.902ms returns FALSE
T4904 041:556.477 JLINK_IsHalted()
T4904 041:556.816 - 0.399ms returns FALSE
T4904 041:665.395 JLINK_IsHalted()
T4904 041:665.728 - 0.375ms returns FALSE
T4904 041:665.791 JLINK_IsHalted()
T4904 041:665.964 - 0.194ms returns FALSE
T4904 041:774.501 JLINK_IsHalted()
T4904 041:774.916 - 0.467ms returns FALSE
T4904 041:774.994 JLINK_IsHalted()
T4904 041:775.336 - 0.393ms returns FALSE
T4904 041:883.607 JLINK_IsHalted()
T4904 041:884.076 - 0.524ms returns FALSE
T4904 041:884.157 JLINK_IsHalted()
T4904 041:884.514 - 0.413ms returns FALSE
T4904 041:993.203 JLINK_IsHalted()
T4904 041:993.640 - 0.504ms returns FALSE
T4904 041:993.740 JLINK_IsHalted()
T4904 041:994.140 - 0.463ms returns FALSE
T4904 042:102.262 JLINK_IsHalted()
T4904 042:102.620 - 0.370ms returns FALSE
T4904 042:102.641 JLINK_IsHalted()
T4904 042:102.916 - 0.289ms returns FALSE
T4904 042:211.882 JLINK_IsHalted()
T4904 042:212.478 - 0.683ms returns FALSE
T4904 042:212.609 JLINK_IsHalted()
T4904 042:213.003 - 0.496ms returns FALSE
T4904 042:321.432 JLINK_IsHalted()
T4904 042:321.771 - 0.349ms returns FALSE
T4904 042:321.789 JLINK_IsHalted()
T4904 042:322.129 - 0.352ms returns FALSE
T57B8 042:372.814 JLINK_IsHalted()
T57B8 042:373.138 - 0.347ms returns FALSE
T57B8 042:373.172 JLINK_IsHalted()
T57B8 042:373.429 - 0.279ms returns FALSE
T4904 042:430.377 JLINK_IsHalted()
T4904 042:430.811 - 0.448ms returns FALSE
T4904 042:430.835 JLINK_IsHalted()
T4904 042:431.113 - 0.287ms returns FALSE
T4904 042:540.131 JLINK_IsHalted()
T4904 042:540.706 - 0.644ms returns FALSE
T4904 042:540.807 JLINK_IsHalted()
T4904 042:541.147 - 0.408ms returns FALSE
T4904 042:648.685 JLINK_IsHalted()
T4904 042:649.037 - 0.387ms returns FALSE
T4904 042:649.091 JLINK_IsHalted()
T4904 042:649.507 - 0.445ms returns FALSE
T4904 042:758.458 JLINK_IsHalted()
T4904 042:758.845 - 0.419ms returns FALSE
T4904 042:758.888 JLINK_IsHalted()
T4904 042:759.210 - 0.343ms returns FALSE
T4904 042:868.355 JLINK_IsHalted()
T4904 042:869.321 - 1.077ms returns FALSE
T4904 042:869.444 JLINK_IsHalted()
T4904 042:869.745 - 0.325ms returns FALSE
T4904 042:977.379 JLINK_IsHalted()
T4904 042:978.060 - 0.899ms returns FALSE
T4904 042:978.362 JLINK_IsHalted()
T4904 042:978.737 - 0.442ms returns FALSE
T4904 043:086.489 JLINK_IsHalted()
T4904 043:086.927 - 0.459ms returns FALSE
T4904 043:086.958 JLINK_IsHalted()
T4904 043:087.243 - 0.305ms returns FALSE
T4904 043:196.234 JLINK_IsHalted()
T4904 043:196.777 - 0.614ms returns FALSE
T4904 043:196.882 JLINK_IsHalted()
T4904 043:197.311 - 0.501ms returns FALSE
T4904 043:305.530 JLINK_IsHalted()
T4904 043:305.869 - 0.360ms returns FALSE
T4904 043:305.900 JLINK_IsHalted()
T4904 043:306.207 - 0.332ms returns FALSE
T57B8 043:374.145 JLINK_IsHalted()
T57B8 043:374.742 - 0.672ms returns FALSE
T57B8 043:374.851 JLINK_IsHalted()
T57B8 043:375.265 - 0.483ms returns FALSE
T4904 043:414.542 JLINK_IsHalted()
T4904 043:414.892 - 0.359ms returns FALSE
T4904 043:414.909 JLINK_IsHalted()
T4904 043:415.134 - 0.233ms returns FALSE
T4904 043:524.281 JLINK_IsHalted()
T4904 043:524.793 - 0.599ms returns FALSE
T4904 043:524.913 JLINK_IsHalted()
T4904 043:525.397 - 0.552ms returns FALSE
T4904 043:633.354 JLINK_IsHalted()
T4904 043:633.762 - 0.436ms returns FALSE
T4904 043:633.803 JLINK_IsHalted()
T4904 043:634.085 - 0.308ms returns FALSE
T4904 043:743.401 JLINK_IsHalted()
T4904 043:744.000 - 0.690ms returns FALSE
T4904 043:744.145 JLINK_IsHalted()
T4904 043:744.499 - 0.424ms returns FALSE
T4904 043:852.239 JLINK_IsHalted()
T4904 043:852.725 - 0.529ms returns FALSE
T4904 043:852.788 JLINK_IsHalted()
T4904 043:853.136 - 0.443ms returns FALSE
T4904 043:961.848 JLINK_IsHalted()
T4904 043:962.685 - 0.898ms returns FALSE
T4904 043:962.762 JLINK_IsHalted()
T4904 043:963.042 - 0.315ms returns FALSE
T4904 044:070.867 JLINK_IsHalted()
T4904 044:071.244 - 0.387ms returns FALSE
T4904 044:071.265 JLINK_IsHalted()
T4904 044:071.479 - 0.221ms returns FALSE
T4904 044:180.712 JLINK_IsHalted()
T4904 044:181.116 - 0.453ms returns FALSE
T4904 044:181.187 JLINK_IsHalted()
T4904 044:181.533 - 0.396ms returns FALSE
T4904 044:289.937 JLINK_IsHalted()
T4904 044:290.300 - 0.401ms returns FALSE
T4904 044:290.354 JLINK_IsHalted()
T4904 044:290.711 - 0.387ms returns FALSE
T57B8 044:375.930 JLINK_IsHalted()
T57B8 044:376.256 - 0.351ms returns FALSE
T57B8 044:376.293 JLINK_IsHalted()
T57B8 044:376.566 - 0.295ms returns FALSE
T4904 044:398.741 JLINK_IsHalted()
T4904 044:399.263 - 0.588ms returns FALSE
T4904 044:399.362 JLINK_IsHalted()
T4904 044:399.777 - 0.462ms returns FALSE
T4904 044:508.037 JLINK_IsHalted()
T4904 044:508.585 - 0.589ms returns FALSE
T4904 044:508.646 JLINK_IsHalted()
T4904 044:509.067 - 0.460ms returns FALSE
T4904 044:617.618 JLINK_IsHalted()
T4904 044:618.098 - 0.538ms returns FALSE
T4904 044:618.183 JLINK_IsHalted()
T4904 044:618.524 - 0.395ms returns FALSE
T4904 044:727.144 JLINK_IsHalted()
T4904 044:727.454 - 0.319ms returns FALSE
T4904 044:727.472 JLINK_IsHalted()
T4904 044:727.634 - 0.186ms returns FALSE
T4904 044:836.699 JLINK_IsHalted()
T4904 044:837.236 - 0.589ms returns FALSE
T4904 044:837.312 JLINK_IsHalted()
T4904 044:837.722 - 0.468ms returns FALSE
T4904 044:946.114 JLINK_IsHalted()
T4904 044:946.494 - 0.403ms returns FALSE
T4904 044:946.527 JLINK_IsHalted()
T4904 044:946.848 - 0.342ms returns FALSE
T4904 045:055.073 JLINK_IsHalted()
T4904 045:055.617 - 0.596ms returns FALSE
T4904 045:055.694 JLINK_IsHalted()
T4904 045:056.147 - 0.504ms returns FALSE
T53E4 045:661.369 JLINK_Halt()
T53E4 045:666.794 - 5.981ms returns 0x00
T53E4 045:667.452 JLINK_ReadRegs_64(NumRegs = 1, Indexes: 
T53E4 045:667.481   41)
T53E4 045:667.570    -- CPSR=0x6000000C
T53E4 045:667.605 - 0.164ms returns 0
T53E4 045:670.383 JLINK_Close()
T53E4 045:714.846 - 44.543ms
T53E4 045:714.941   
T53E4 045:714.962   Closed
