T4C04 000:001.114   SEGGER J-Link V7.82c Log File
T4C04 000:001.295   DLL Compiled: Nov 16 2022 16:56:50
T4C04 000:001.308   Logging started @ 2023-09-07 05:14
T4C04 000:001.321 - 1.327ms
T4C04 000:001.340 JLINK_GetDLLVersion()
T4C04 000:001.354 - 0.020ms returns 78203
T4C04 000:002.008 JLINK_OpenEx(...)
T4C04 000:020.775   Firmware: J-Link V11 compiled Aug  2 2023 10:34:01
T4C04 000:021.100   Firmware: J-Link V11 compiled Aug  2 2023 10:34:01
T4C04 000:023.705   Hardware: V11.00
T4C04 000:023.765   S/N: 51026937
T4C04 000:023.797   OEM: SEGGER
T4C04 000:023.828   Feature(s): GDB
T4C04 000:027.437   USB speed mode: High speed (480 MBit/s)
T4C04 000:027.843   TELNET listener socket opened on port 19021
T4C04 000:028.062   WEBSRV WEBSRV_Init(): Starting webserver thread(s)
T4C04 000:028.281   WEBSRV Webserver running on local port 19080
T4C04 000:053.853 - 51.890ms returns "O.K."
T4C04 000:054.181 JLINK_ExecCommand("ProjectFile=C:\work_rza3ul\rza3ul_azure_demo_r1.0\netx_demo_http_server_rza3_fsp/netx_demo_http_server_rza3_fsp Debug.jlink", ...). 
T4C04 000:086.230 - 32.129ms returns 0x00
T4C04 000:087.816 JLINK_ExecCommand("device=R9A07G063U02GBG?BankAddr=0x20000000&Loader=QuadSPI", ...). 
T4C04 000:087.897   Flash bank @ 0x20000000: Stored loader selection. Loader = QuadSPI
T4C04 000:091.538   Device "R9A07G063U02GBG" selected.
T4C04 000:094.184 - 6.374ms returns 0x00
T4C04 000:094.400 JLINK_ExecCommand("SetCPUConnectIDCODE = FFFFFFFFFFFFFFFFFFFFFFFFFFFFFFFF", ...). 
T4C04 000:094.429 - 0.015ms returns 0x00
T4C04 000:094.447 JLINK_TIF_GetAvailable(...)
T4C04 000:094.797 - 0.423ms
T4C04 000:094.893 JLINK_TIF_Select(JLINKARM_TIF_JTAG)
T4C04 000:096.129 - 1.299ms returns 0x00
T4C04 000:096.217 JLINK_SetSpeed(15000)
T4C04 000:096.367 - 0.176ms
T4C04 000:096.407 JLINK_SetEndian(ARM_ENDIAN_LITTLE)
T4C04 000:096.421 - 0.020ms returns 0
T4C04 000:096.441 JLINK_SetInitRegsOnReset(OFF)
T4C04 000:096.455 - 0.020ms returns 1
T4C04 000:096.469 JLINK_SetResetType(JLINKARM_RESET_TYPE_NORMAL)
T4C04 000:096.485 - 0.029ms returns JLINKARM_RESET_TYPE_NORMAL
T4C04 000:096.519 JLINK_ExecCommand("EnableFlashBPs", ...). 
T4C04 000:096.535 - 0.006ms returns 0x00
T4C04 000:096.552 JLINK_ExecCommand("SetAllowFlashCache = 1", ...). 
T4C04 000:096.569 - 0.007ms returns 0x01
T4C04 000:096.582 JLINK_ExecCommand("SetRestartOnClose = 0", ...). 
T4C04 000:096.596 - 0.007ms returns 0x01
T4C04 000:096.612 JLINK_EnableSoftBPs(ON)
T4C04 000:096.624 - 0.018ms
T4C04 000:096.637 JLINK_Connect()
T4C04 000:098.035   TotalIRLen = 4, IRPrint = 0x01
T4C04 000:098.579   JTAG chain detection found 1 devices:
T4C04 000:098.634    #0 Id: 0x6BA00477, IRLen: 04, CoreSight JTAG-DP
T4C04 000:099.602   DPv0 detected
T4C04 000:099.642   Scanning AP map to find all available APs
T4C04 000:100.913   AP[4]: Stopped AP scan as end of AP map has been reached
T4C04 000:101.032   AP[0]: APB-AP (IDR: 0x54770002)
T4C04 000:101.056   AP[1]: AXI-AP (IDR: 0x44770004)
T4C04 000:101.075   AP[2]: AHB-AP (IDR: 0x84770001)
T4C04 000:101.095   AP[3]: AHB-AP (IDR: 0x84770001)
T4C04 000:101.117   Iterating through AP map to find APB-AP to use
T4C04 000:101.150   AP[0]: APB-AP found
T4C04 000:101.508   Scanning ROMTbl @ 0x10C00000
T4C04 000:102.576   [0]Comp[0] @ 0x10C10000: TSG
T4C04 000:103.219   [0]Comp[1] @ 0x10C20000: TMC
T4C04 000:103.694   [0]Comp[2] @ 0x10C30000: ETB
T4C04 000:104.168   [0]Comp[3] @ 0x10C40000: CSTF
T4C04 000:104.660   [0]Comp[4] @ 0x10C50000: CTI (?)
T4C04 000:105.187   [0]Comp[5] @ 0x10C60000: CTI (?)
T4C04 000:105.667   [0]Comp[6] @ 0x10E00000: ROM Table
T4C04 000:105.727   Scanning ROMTbl @ 0x10E00000
T4C04 000:106.760   [1]Comp[0] @ 0x10E10000: Cortex-A55
T4C04 000:107.286   [1]Comp[1] @ 0x10E20000: CSS600-CTI
T4C04 000:107.327   Core found. Stopped ROM table scan: https://wiki.segger.com/ROMTableScan
T4C04 000:107.372   Cortex-A55 @ 0x10E10000 (detected)
T4C04 000:107.395   CoreCTI @ 0x10E20000 (detected)
T4C04 000:107.962   Debug architecture: ARMv8.2
T4C04 000:107.997   6 code breakpoints, 4 data breakpoints
T4C04 000:108.208   Processor features:
T4C04 000:108.233     EL0 support: AArch64 + AArch32
T4C04 000:108.253     EL1 support: AArch64 + AArch32
T4C04 000:108.272     EL2 support: AArch64 + AArch32
T4C04 000:108.292     EL3 support: AArch64 + AArch32
T4C04 000:108.313     FPU support: Single + Double + Conversion + single arithmetic
T4C04 000:108.680   -- Max. mem block: 0x00004E50
T4C04 000:111.906   Current exception level: EL3
T4C04 000:111.961   Exception level AArch usage:
T4C04 000:111.980     EL0: AArch64
T4C04 000:112.000     EL1: AArch64
T4C04 000:112.021     EL2: AArch64
T4C04 000:112.044     EL3: AArch64
T4C04 000:112.064   Non-secure status: Secure
T4C04 000:112.257   Cache info:
T4C04 000:112.302     Inner cache boundary: L2
T4C04 000:112.321     LoU Uniprocessor: 0
T4C04 000:112.343     LoC: 2
T4C04 000:112.363     LoU Inner Shareable: 0
T4C04 000:112.840   I-Cache L1: 32 KB, 128 Sets, 64 Bytes/Line, 4-Way
T4C04 000:112.865   D-Cache L1: 32 KB, 128 Sets, 64 Bytes/Line, 4-Way
T4C04 000:112.885   Unified-Cache L2: 256 KB, 256 Sets, 64 Bytes/Line, 16-Way
T4C04 000:113.127   VMSAv8-64: Supports 48-bit VAs
T4C04 000:113.167 - 16.537ms returns 0x00
T4C04 000:113.221 JLINK_ResetPullsRESET(ON)
T4C04 000:113.237 - 0.022ms
T4C04 000:113.254 JLINK_Halt()
T4C04 000:113.269 - 0.022ms returns 0x00
T4C04 000:113.284 JLINK_IsHalted()
T4C04 000:113.301 - 0.024ms returns TRUE
T4C04 000:113.316 JLINK_Reset()
T4C04 000:236.067   Reset confused the core.
T4C04 000:236.612   Disabled core power domain detected.
T4C04 000:237.719   CPU not halted after Reset, halting using Halt request
T4C04 000:243.879 - 130.790ms
T4C04 000:244.161 JLINK_SetEndian(ARM_ENDIAN_LITTLE)
T4C04 000:244.178 - 0.023ms returns 0
T4C04 000:244.302 JLINK_IsHalted()
T4C04 000:244.327 - 0.031ms returns TRUE
T4C04 000:244.982 JLINK_MeasureCPUSpeed(RAMAddr = 0xFFFFFFFF)
T4C04 000:245.026 - 0.058ms returns 0
T4C04 000:245.201 JLINK_ReadRegs_64(NumRegs = 1, Indexes: 
T4C04 000:245.216   41)
T4C04 000:245.241    -- CPSR=0x400003CD
T4C04 000:245.259 - 0.064ms returns 0
T3028 000:464.813 JLINK_BeginDownload(Flags = 0x00000000)
T3028 000:464.896 - 0.089ms
T3028 000:484.770 JLINK_WriteMem(0x00012000, 0xBD0 Bytes, ...)
T3028 000:484.903   Data:  04 06 81 D2 A4 18 A6 F2 04 10 1E D5 DF 3F 03 D5 ...
T3028 000:485.438   CPU_WriteMem(3024 bytes @ 0x00012000)
T3028 000:489.732 - 5.049ms returns 0xBD0
T3028 000:490.572 JLINK_WriteMem(0x00012BD0, 0xBC0 Bytes, ...)
T3028 000:490.658   Data:  C0 03 5F D6 FD 7B BE A9 FD 03 00 91 F3 0B 00 F9 ...
T3028 000:490.725   CPU_WriteMem(3008 bytes @ 0x00012BD0)
T3028 000:495.059 - 4.558ms returns 0xBC0
T3028 000:495.611 JLINK_WriteMem(0x00013790, 0xBB0 Bytes, ...)
T3028 000:495.681   Data:  5F 04 00 71 61 00 00 54 02 8C 43 A9 43 00 00 F9 ...
T3028 000:495.726   CPU_WriteMem(2992 bytes @ 0x00013790)
T3028 000:499.960 - 4.425ms returns 0xBB0
T3028 000:500.659 JLINK_WriteMem(0x00014340, 0xBB0 Bytes, ...)
T3028 000:500.689   Data:  24 6C 1C 53 84 00 00 32 7F 00 13 6B 21 05 00 54 ...
T3028 000:500.723   CPU_WriteMem(2992 bytes @ 0x00014340)
T3028 000:505.080 - 4.519ms returns 0xBB0
T3028 000:505.857 JLINK_WriteMem(0x00014EF0, 0xBA0 Bytes, ...)
T3028 000:505.939   Data:  07 C0 80 52 2A 68 66 38 21 00 00 90 21 28 26 91 ...
T3028 000:505.997   CPU_WriteMem(2976 bytes @ 0x00014EF0)
T3028 000:510.145 - 4.376ms returns 0xBA0
T3028 000:510.732 JLINK_WriteMem(0x00015A90, 0xBC0 Bytes, ...)
T3028 000:510.775   Data:  21 04 04 32 01 80 00 B9 01 84 40 B9 21 70 15 12 ...
T3028 000:510.818   CPU_WriteMem(3008 bytes @ 0x00015A90)
T3028 000:514.981 - 4.314ms returns 0xBC0
T3028 000:515.385 JLINK_WriteMem(0x00016650, 0xB90 Bytes, ...)
T3028 000:515.418   Data:  24 68 23 F8 21 20 00 91 3F 80 00 F1 61 FF FF 54 ...
T3028 000:515.451   CPU_WriteMem(2960 bytes @ 0x00016650)
T3028 000:519.568 - 4.227ms returns 0xB90
T3028 000:519.966 JLINK_WriteMem(0x000171E0, 0xBE0 Bytes, ...)
T3028 000:519.996   Data:  FF 4F 00 B9 E3 93 06 A9 E2 0F 43 A9 E2 0F 01 A9 ...
T3028 000:520.020   CPU_WriteMem(3040 bytes @ 0x000171E0)
T3028 000:524.320 - 4.448ms returns 0xBE0
T3028 000:524.967 JLINK_WriteMem(0x00017DC0, 0xBE0 Bytes, ...)
T3028 000:525.020   Data:  98 01 00 00 00 00 00 00 9C 01 00 00 00 00 00 00 ...
T3028 000:525.101   CPU_WriteMem(3040 bytes @ 0x00017DC0)
T3028 000:529.468 - 4.573ms returns 0xBE0
T3028 000:529.999 JLINK_WriteMem(0x000189A0, 0xBE0 Bytes, ...)
T3028 000:530.035   Data:  2C 20 44 65 63 20 31 36 20 32 30 32 32 00 00 00 ...
T3028 000:530.066   CPU_WriteMem(3040 bytes @ 0x000189A0)
T3028 000:534.376 - 4.485ms returns 0xBE0
T3028 000:535.127 JLINK_WriteMem(0x00019580, 0xA80 Bytes, ...)
T3028 000:535.205   Data:  60 01 80 D2 9C E3 FF 97 9D E3 FF 97 00 00 00 00 ...
T3028 000:535.308   CPU_WriteMem(2688 bytes @ 0x00019580)
T3028 000:539.252 - 4.223ms returns 0xA80
T3028 000:540.105 JLINK_WriteMem(0x0001A000, 0x665 Bytes, ...)
T3028 000:540.307   Data:  90 72 01 00 00 00 00 00 00 00 00 00 00 00 00 00 ...
T3028 000:540.392   CPU_WriteMem(1637 bytes @ 0x0001A000)
T3028 000:543.236 - 3.217ms returns 0x665
T3028 000:549.756 JLINK_WriteMem(0x20020000, 0xBE0 Bytes, ...)
T3028 000:549.834   Data:  00 00 20 40 00 00 00 00 FF FF DF BF FF FF FF FF ...
T3028 000:550.214   completely In flash
T3028 000:550.259 - 0.511ms returns 0xBE0
T3028 000:550.636 JLINK_WriteMem(0x20020BE0, 0xBE0 Bytes, ...)
T3028 000:550.669   Data:  00 00 00 00 00 00 00 00 00 00 00 00 00 00 00 00 ...
T3028 000:550.704   completely In flash
T3028 000:550.732 - 0.103ms returns 0xBE0
T3028 000:550.934 JLINK_WriteMem(0x200217C0, 0xBE0 Bytes, ...)
T3028 000:550.958   Data:  1F 20 03 D5 1F 20 03 D5 1F 20 03 D5 1F 20 03 D5 ...
T3028 000:550.984   completely In flash
T3028 000:551.008 - 0.082ms returns 0xBE0
T3028 000:551.209 JLINK_WriteMem(0x200223A0, 0xBE0 Bytes, ...)
T3028 000:551.233   Data:  1F 20 03 D5 1F 20 03 D5 1F 20 03 D5 1F 20 03 D5 ...
T3028 000:551.273   completely In flash
T3028 000:551.297 - 0.095ms returns 0xBE0
T3028 000:551.492 JLINK_WriteMem(0x20022F80, 0xBB0 Bytes, ...)
T3028 000:551.531   Data:  E4 17 BF A9 E6 1F BF A9 E4 03 00 AA E1 8F 1F F8 ...
T3028 000:551.556   completely In flash
T3028 000:551.604 - 0.119ms returns 0xBB0
T3028 000:551.843 JLINK_WriteMem(0x20023B30, 0xBB0 Bytes, ...)
T3028 000:551.886   Data:  A0 00 08 36 01 00 00 90 21 E0 44 F9 22 00 80 52 ...
T3028 000:551.908   completely In flash
T3028 000:551.928 - 0.090ms returns 0xBB0
T3028 000:552.105 JLINK_WriteMem(0x200246E0, 0xBA0 Bytes, ...)
T3028 000:552.138   Data:  02 00 00 14 A6 00 01 0A 66 10 00 34 44 6D 40 F9 ...
T3028 000:552.165   completely In flash
T3028 000:552.184 - 0.085ms returns 0xBA0
T3028 000:552.371 JLINK_WriteMem(0x20025280, 0xBA0 Bytes, ...)
T3028 000:552.405   Data:  9F 00 13 EB 61 F8 FF 54 23 8C 00 F9 C1 FF FF 17 ...
T3028 000:552.424   completely In flash
T3028 000:552.443 - 0.078ms returns 0xBA0
T3028 000:552.625 JLINK_WriteMem(0x20025E20, 0xBA0 Bytes, ...)
T3028 000:552.655   Data:  22 01 00 35 C0 01 00 35 21 7C 40 92 21 42 1B D5 ...
T3028 000:552.695   completely In flash
T3028 000:552.717 - 0.098ms returns 0xBA0
T3028 000:552.899 JLINK_WriteMem(0x200269C0, 0xBB0 Bytes, ...)
T3028 000:552.928   Data:  02 00 00 90 42 10 44 F9 42 00 40 F9 21 7C 7D 92 ...
T3028 000:552.947   completely In flash
T3028 000:552.966 - 0.072ms returns 0xBB0
T3028 000:553.140 JLINK_WriteMem(0x20027570, 0xBB0 Bytes, ...)
T3028 000:553.157   Data:  63 9C 00 12 62 20 C2 4A 02 10 00 B9 03 14 40 B9 ...
T3028 000:553.191   completely In flash
T3028 000:553.210 - 0.075ms returns 0xBB0
T3028 000:553.345 JLINK_WriteMem(0x20028120, 0xBA0 Bytes, ...)
T3028 000:553.362   Data:  04 60 40 F9 03 64 40 F9 83 64 00 F9 04 60 40 F9 ...
T3028 000:553.381   completely In flash
T3028 000:553.400 - 0.061ms returns 0xBA0
T3028 000:553.520 JLINK_WriteMem(0x20028CC0, 0xB90 Bytes, ...)
T3028 000:553.537   Data:  41 20 01 2A 61 3E 00 79 E4 23 02 91 E3 03 17 AA ...
T3028 000:553.557   completely In flash
T3028 000:553.576 - 0.062ms returns 0xB90
T3028 000:553.692 JLINK_WriteMem(0x20029850, 0xBB0 Bytes, ...)
T3028 000:553.709   Data:  A0 32 40 F9 F7 02 00 4B 98 00 00 14 A1 00 80 52 ...
T3028 000:553.751   completely In flash
T3028 000:553.771 - 0.085ms returns 0xBB0
T3028 000:553.894 JLINK_WriteMem(0x2002A400, 0xBB0 Bytes, ...)
T3028 000:553.912   Data:  21 50 00 51 61 4A 00 B9 01 08 40 F9 21 50 00 91 ...
T3028 000:553.933   completely In flash
T3028 000:553.952 - 0.064ms returns 0xBB0
T3028 000:554.068 JLINK_WriteMem(0x2002AFB0, 0xBB0 Bytes, ...)
T3028 000:554.085   Data:  40 00 00 B4 94 02 1D 32 53 FB 3F 36 E0 03 17 2A ...
T3028 000:554.108   completely In flash
T3028 000:554.126 - 0.064ms returns 0xBB0
T3028 000:554.245 JLINK_WriteMem(0x2002BB60, 0xBD0 Bytes, ...)
T3028 000:554.263   Data:  E1 47 00 F9 60 02 00 8B 01 C4 49 F9 E0 83 01 91 ...
T3028 000:554.282   completely In flash
T3028 000:554.300 - 0.061ms returns 0xBD0
T3028 000:554.465 JLINK_WriteMem(0x2002C730, 0xBC0 Bytes, ...)
T3028 000:554.483   Data:  38 03 00 94 E0 03 13 AA AD 03 00 94 E0 03 15 AA ...
T3028 000:554.502   completely In flash
T3028 000:554.521 - 0.063ms returns 0xBC0
T3028 000:554.638 JLINK_WriteMem(0x2002D2F0, 0xBC0 Bytes, ...)
T3028 000:554.654   Data:  C0 01 00 35 F3 01 00 34 02 04 80 52 53 00 13 4B ...
T3028 000:554.675   completely In flash
T3028 000:554.694 - 0.062ms returns 0xBC0
T3028 000:554.810 JLINK_WriteMem(0x2002DEB0, 0xBB0 Bytes, ...)
T3028 000:554.827   Data:  1F 7C 05 A9 01 04 00 F9 09 18 00 F9 06 38 00 B9 ...
T3028 000:554.848   completely In flash
T3028 000:554.867 - 0.062ms returns 0xBB0
T3028 000:554.994 JLINK_WriteMem(0x2002EA60, 0xBC0 Bytes, ...)
T3028 000:555.011   Data:  21 04 00 51 E0 03 13 AA FA 03 00 94 DE FF FF 17 ...
T3028 000:555.030   completely In flash
T3028 000:555.049 - 0.061ms returns 0xBC0
T3028 000:555.168 JLINK_WriteMem(0x2002F620, 0xBC0 Bytes, ...)
T3028 000:555.185   Data:  0A 00 00 94 00 00 00 90 00 20 42 F9 00 00 40 B9 ...
T3028 000:555.205   completely In flash
T3028 000:555.224 - 0.062ms returns 0xBC0
T3028 000:555.341 JLINK_WriteMem(0x200301E0, 0xBD0 Bytes, ...)
T3028 000:555.358   Data:  78 1E 00 B9 38 0B 40 F9 00 0F 40 B9 80 00 88 36 ...
T3028 000:555.378   completely In flash
T3028 000:555.398 - 0.063ms returns 0xBD0
T3028 000:555.582 JLINK_WriteMem(0x20030DB0, 0xBD0 Bytes, ...)
T3028 000:555.620   Data:  E0 03 13 AA 41 06 00 94 F5 03 00 2A E0 03 13 AA ...
T3028 000:555.641   completely In flash
T3028 000:555.660 - 0.084ms returns 0xBD0
T3028 000:555.988 JLINK_WriteMem(0x20031980, 0xBD0 Bytes, ...)
T3028 000:556.029   Data:  E1 4A 00 B9 01 0C 40 F9 02 08 40 F9 22 00 02 CB ...
T3028 000:556.055   completely In flash
T3028 000:556.079 - 0.098ms returns 0xBD0
T3028 000:556.281 JLINK_WriteMem(0x20032550, 0xBD0 Bytes, ...)
T3028 000:556.312   Data:  F4 08 24 40 00 00 00 00 03 48 40 B9 7F 00 01 6B ...
T3028 000:556.334   completely In flash
T3028 000:556.354 - 0.078ms returns 0xBD0
T3028 000:556.496 JLINK_WriteMem(0x20033120, 0xBC0 Bytes, ...)
T3028 000:556.518   Data:  3F 00 00 6B 22 02 00 54 1F 00 01 6B E0 01 00 54 ...
T3028 000:556.538   completely In flash
T3028 000:556.557 - 0.067ms returns 0xBC0
T3028 000:556.677 JLINK_WriteMem(0x20033CE0, 0xBB0 Bytes, ...)
T3028 000:556.696   Data:  3F B4 00 71 E6 17 9F 1A 63 00 06 2A 23 01 00 35 ...
T3028 000:556.715   completely In flash
T3028 000:556.735 - 0.063ms returns 0xBB0
T3028 000:556.858 JLINK_WriteMem(0x20034890, 0xBB0 Bytes, ...)
T3028 000:556.876   Data:  7C 0E 23 40 00 00 00 00 FF 03 02 D1 FD 7B 01 A9 ...
T3028 000:556.896   completely In flash
T3028 000:556.914 - 0.062ms returns 0xBB0
T3028 000:557.049 JLINK_WriteMem(0x20035440, 0xB90 Bytes, ...)
T3028 000:557.067   Data:  E3 17 9F 1A 9F 14 01 71 E4 17 9F 1A 63 00 04 2A ...
T3028 000:557.087   completely In flash
T3028 000:557.105 - 0.063ms returns 0xB90
T3028 000:557.229 JLINK_WriteMem(0x20035FD0, 0xBA0 Bytes, ...)
T3028 000:557.247   Data:  0E F7 FF 97 E1 03 18 2A 06 00 80 52 02 00 00 14 ...
T3028 000:557.267   completely In flash
T3028 000:557.285 - 0.062ms returns 0xBA0
T3028 000:557.403 JLINK_WriteMem(0x20036B70, 0xB90 Bytes, ...)
T3028 000:557.473   Data:  A0 0E 00 35 3C 00 80 52 22 02 80 D2 00 00 00 90 ...
T3028 000:557.496   completely In flash
T3028 000:557.514 - 0.117ms returns 0xB90
T3028 000:557.636 JLINK_WriteMem(0x20037700, 0xBA0 Bytes, ...)
T3028 000:557.655   Data:  D0 FE FF 17 F7 23 40 F9 CE FE FF 17 F7 23 40 F9 ...
T3028 000:557.674   completely In flash
T3028 000:557.693 - 0.063ms returns 0xBA0
T3028 000:557.809 JLINK_WriteMem(0x200382A0, 0xBC0 Bytes, ...)
T3028 000:557.830   Data:  61 0A 00 54 61 08 40 39 3F 4C 01 71 01 0A 00 54 ...
T3028 000:557.849   completely In flash
T3028 000:557.868 - 0.064ms returns 0xBC0
T3028 000:557.985 JLINK_WriteMem(0x20038E60, 0xBB0 Bytes, ...)
T3028 000:558.003   Data:  43 48 21 38 21 04 00 11 3F 28 00 71 68 01 00 54 ...
T3028 000:558.023   completely In flash
T3028 000:558.042 - 0.062ms returns 0xBB0
T3028 000:558.156 JLINK_WriteMem(0x20039A10, 0xBC0 Bytes, ...)
T3028 000:558.173   Data:  49 FE FF 54 F2 FF FF 17 A1 06 00 11 81 9A 00 B9 ...
T3028 000:558.193   completely In flash
T3028 000:558.213 - 0.063ms returns 0xBC0
T3028 000:558.329 JLINK_WriteMem(0x2003A5D0, 0xBB0 Bytes, ...)
T3028 000:558.346   Data:  A0 82 40 39 80 03 20 36 02 0F 80 D2 E1 03 15 AA ...
T3028 000:558.365   completely In flash
T3028 000:558.384 - 0.061ms returns 0xBB0
T3028 000:558.500 JLINK_WriteMem(0x2003B180, 0xBB0 Bytes, ...)
T3028 000:558.519   Data:  61 32 6D B9 1F 00 01 6B C2 FB FF 54 80 2A 00 B9 ...
T3028 000:558.538   completely In flash
T3028 000:558.557 - 0.063ms returns 0xBB0
T3028 000:558.672 JLINK_WriteMem(0x2003BD30, 0xBA0 Bytes, ...)
T3028 000:558.690   Data:  60 2A 40 F9 60 5E 00 F9 5F 03 00 EB 09 0A 00 54 ...
T3028 000:558.709   completely In flash
T3028 000:558.728 - 0.061ms returns 0xBA0
T3028 000:558.843 JLINK_WriteMem(0x2003C8D0, 0xBB0 Bytes, ...)
T3028 000:558.860   Data:  62 0A 40 F9 E1 03 17 AA E0 03 13 AA 45 02 00 94 ...
T3028 000:558.881   completely In flash
T3028 000:558.900 - 0.063ms returns 0xBB0
T3028 000:559.018 JLINK_WriteMem(0x2003D480, 0xBB0 Bytes, ...)
T3028 000:559.036   Data:  00 12 80 52 60 AE 00 B9 75 5A 00 F9 76 BA 00 B9 ...
T3028 000:559.101   completely In flash
T3028 000:559.121 - 0.109ms returns 0xBB0
T3028 000:559.243 JLINK_WriteMem(0x2003E030, 0xB90 Bytes, ...)
T3028 000:559.262   Data:  45 02 00 58 A6 00 40 F9 01 00 80 D2 E0 07 BF A9 ...
T3028 000:559.283   completely In flash
T3028 000:559.302 - 0.064ms returns 0xB90
T3028 000:559.419 JLINK_WriteMem(0x2003EBC0, 0xBC0 Bytes, ...)
T3028 000:559.436   Data:  60 02 40 F9 00 00 40 F9 D7 AB FF 97 F3 0B 40 F9 ...
T3028 000:559.457   completely In flash
T3028 000:559.476 - 0.062ms returns 0xBC0
T3028 000:559.590 JLINK_WriteMem(0x2003F780, 0xBB0 Bytes, ...)
T3028 000:559.607   Data:  60 16 40 F9 00 2C 40 B9 47 11 00 94 80 06 40 B9 ...
T3028 000:559.627   completely In flash
T3028 000:559.646 - 0.062ms returns 0xBB0
T3028 000:559.761 JLINK_WriteMem(0x20040330, 0xB90 Bytes, ...)
T3028 000:559.778   Data:  F5 5B 02 A9 F7 63 03 A9 F9 6B 04 A9 FB 2B 00 F9 ...
T3028 000:559.799   completely In flash
T3028 000:559.819 - 0.063ms returns 0xB90
T3028 000:559.933 JLINK_WriteMem(0x20040EC0, 0xBC0 Bytes, ...)
T3028 000:559.950   Data:  C1 01 80 52 E0 03 13 AA D4 01 00 94 82 02 12 32 ...
T3028 000:559.969   completely In flash
T3028 000:559.988 - 0.061ms returns 0xBC0
T3028 000:560.102 JLINK_WriteMem(0x20041A80, 0xBC0 Bytes, ...)
T3028 000:560.119   Data:  FD 7B C1 A8 C0 03 5F D6 20 F4 81 52 FD FF FF 17 ...
T3028 000:560.182   completely In flash
T3028 000:560.203 - 0.107ms returns 0xBC0
T3028 000:560.327 JLINK_WriteMem(0x20042640, 0xBB0 Bytes, ...)
T3028 000:560.345   Data:  01 18 40 B9 01 10 00 B9 02 10 40 B9 01 18 40 B9 ...
T3028 000:560.364   completely In flash
T3028 000:560.383 - 0.062ms returns 0xBB0
T3028 000:560.499 JLINK_WriteMem(0x200431F0, 0xBC0 Bytes, ...)
T3028 000:560.516   Data:  60 02 40 B9 00 7C 1C 53 1F 20 00 71 80 07 00 54 ...
T3028 000:560.537   completely In flash
T3028 000:560.556 - 0.062ms returns 0xBC0
T3028 000:560.674 JLINK_WriteMem(0x20043DB0, 0xBA0 Bytes, ...)
T3028 000:560.694   Data:  60 02 00 8B 85 FF FF 97 E3 03 14 AA E2 03 15 2A ...
T3028 000:560.716   completely In flash
T3028 000:560.735 - 0.067ms returns 0xBA0
T3028 000:560.890 JLINK_WriteMem(0x20044950, 0xBB0 Bytes, ...)
T3028 000:560.908   Data:  01 0C 40 F9 3F 00 00 EB 81 21 00 54 84 12 40 F9 ...
T3028 000:560.928   completely In flash
T3028 000:560.947 - 0.064ms returns 0xBB0
T3028 000:561.062 JLINK_WriteMem(0x20045500, 0xBC0 Bytes, ...)
T3028 000:561.079   Data:  82 00 00 B4 01 00 00 39 42 00 08 36 81 E0 1F 78 ...
T3028 000:561.098   completely In flash
T3028 000:561.117 - 0.061ms returns 0xBC0
T3028 000:561.231 JLINK_WriteMem(0x200460C0, 0xBC0 Bytes, ...)
T3028 000:561.247   Data:  FC 83 07 91 E0 BB 40 F9 97 EE 47 36 1F 20 03 D5 ...
T3028 000:561.267   completely In flash
T3028 000:561.286 - 0.061ms returns 0xBC0
T3028 000:561.400 JLINK_WriteMem(0x20046C80, 0xBB0 Bytes, ...)
T3028 000:561.418   Data:  4C 81 00 54 E1 A3 40 B9 1F 03 00 71 18 A3 9F 1A ...
T3028 000:561.448   completely In flash
T3028 000:561.474 - 0.080ms returns 0xBB0
T3028 000:561.590 JLINK_WriteMem(0x20047830, 0xBC0 Bytes, ...)
T3028 000:561.608   Data:  02 2C 00 91 41 F0 7D 92 E1 4B 00 F9 0E FB FF 17 ...
T3028 000:561.628   completely In flash
T3028 000:561.647 - 0.062ms returns 0xBC0
T3028 000:561.763 JLINK_WriteMem(0x200483F0, 0xBC0 Bytes, ...)
T3028 000:561.781   Data:  04 FB FF 17 EB AF 00 F9 E1 03 00 AA 83 3C 40 39 ...
T3028 000:561.800   completely In flash
T3028 000:561.820 - 0.063ms returns 0xBC0
T3028 000:561.936 JLINK_WriteMem(0x20048FB0, 0xBB0 Bytes, ...)
T3028 000:561.953   Data:  EA E3 00 B9 E7 13 01 B9 F4 8F 00 F9 F4 03 16 AA ...
T3028 000:561.973   completely In flash
T3028 000:561.991 - 0.061ms returns 0xBB0
T3028 000:562.107 JLINK_WriteMem(0x20049B60, 0xBB0 Bytes, ...)
T3028 000:562.124   Data:  44 FF FF 17 1F 03 00 71 4D E8 FF 54 23 00 00 F0 ...
T3028 000:562.144   completely In flash
T3028 000:562.163 - 0.061ms returns 0xBB0
T3028 000:562.279 JLINK_WriteMem(0x2004A710, 0xBD0 Bytes, ...)
T3028 000:562.298   Data:  3F 00 00 71 E1 BF 40 B9 20 D8 40 7A AD 79 00 54 ...
T3028 000:562.318   completely In flash
T3028 000:562.337 - 0.064ms returns 0xBD0
T3028 000:562.451 JLINK_WriteMem(0x2004B2E0, 0xBC0 Bytes, ...)
T3028 000:562.468   Data:  E1 8F 00 B9 40 C0 20 8B 68 FA FF 17 E0 8F 40 B9 ...
T3028 000:562.488   completely In flash
T3028 000:562.507 - 0.062ms returns 0xBC0
T3028 000:562.623 JLINK_WriteMem(0x2004BEA0, 0xBC0 Bytes, ...)
T3028 000:562.640   Data:  00 7C 01 13 21 20 00 91 40 FF FF 35 21 18 60 1E ...
T3028 000:562.660   completely In flash
T3028 000:562.680 - 0.062ms returns 0xBC0
T3028 000:562.795 JLINK_WriteMem(0x2004CA60, 0xBC0 Bytes, ...)
T3028 000:562.814   Data:  15 04 00 11 23 FE FF 17 20 06 80 52 B5 06 00 11 ...
T3028 000:562.833   completely In flash
T3028 000:562.852 - 0.063ms returns 0xBC0
T3028 000:562.963 JLINK_WriteMem(0x2004D620, 0xBD0 Bytes, ...)
T3028 000:562.981   Data:  DF FF FF 17 62 22 40 79 5F 00 79 F2 01 80 80 D2 ...
T3028 000:563.000   completely In flash
T3028 000:563.019 - 0.061ms returns 0xBD0
T3028 000:563.131 JLINK_WriteMem(0x2004E1F0, 0xBD0 Bytes, ...)
T3028 000:563.148   Data:  63 60 2B 91 00 20 2F 91 02 00 80 D2 01 48 80 52 ...
T3028 000:563.167   completely In flash
T3028 000:563.186 - 0.061ms returns 0xBD0
T3028 000:563.300 JLINK_WriteMem(0x2004EDC0, 0xBD0 Bytes, ...)
T3028 000:563.317   Data:  75 0E 40 B9 D6 92 99 9A 63 22 40 B9 1F 00 01 EB ...
T3028 000:563.337   completely In flash
T3028 000:563.356 - 0.062ms returns 0xBD0
T3028 000:563.468 JLINK_WriteMem(0x2004F990, 0xBD0 Bytes, ...)
T3028 000:563.486   Data:  62 00 02 4B 01 20 C1 9A 81 00 01 AA 24 10 84 9A ...
T3028 000:563.507   completely In flash
T3028 000:563.525 - 0.063ms returns 0xBD0
T3028 000:563.784 JLINK_WriteMem(0x20050560, 0xBC0 Bytes, ...)
T3028 000:563.818   Data:  72 6E 61 6C 20 53 65 72 76 65 72 20 45 72 72 6F ...
T3028 000:563.839   completely In flash
T3028 000:563.859 - 0.081ms returns 0xBC0
T3028 000:564.070 JLINK_WriteMem(0x20051120, 0xBD0 Bytes, ...)
T3028 000:564.098   Data:  50 05 23 40 00 00 00 00 58 05 23 40 00 00 00 00 ...
T3028 000:564.121   completely In flash
T3028 000:564.140 - 0.075ms returns 0xBD0
T3028 000:564.258 JLINK_WriteMem(0x20051CF0, 0xAD0 Bytes, ...)
T3028 000:564.276   Data:  00 00 00 00 00 00 00 00 00 00 00 00 00 00 00 00 ...
T3028 000:564.296   completely In flash
T3028 000:564.315 - 0.063ms returns 0xAD0
T3028 000:564.429 JLINK_WriteMem(0x200527C0, 0xBB0 Bytes, ...)
T3028 000:564.446   Data:  B0 25 23 40 00 00 00 00 B0 25 23 40 00 00 00 00 ...
T3028 000:564.466   completely In flash
T3028 000:564.485 - 0.062ms returns 0xBB0
T3028 000:564.599 JLINK_WriteMem(0x20053370, 0xB78 Bytes, ...)
T3028 000:564.616   Data:  80 43 22 40 00 00 00 00 80 43 22 40 00 00 00 00 ...
T3028 000:564.635   completely In flash
T3028 000:564.654 - 0.061ms returns 0xB78
T3028 000:589.243 JLINK_EndDownload()
T3028 000:589.517    -- --------------------------------------
T3028 000:589.558   Flash bank @ 0x20000000: Default: L2 verify disabled because algorithm performs L1 verify
T3028 000:589.582    -- Start of determining dirty areas in flash cache
T3028 000:589.622    -- Filling invalid ranges in sector buffer (flash cache) for sector @ 0x20020000 if necessary
T3028 000:589.643    -- Filling invalid ranges in sector buffer (flash cache) for sector @ 0x20030000 if necessary
T3028 000:589.662    -- Filling invalid ranges in sector buffer (flash cache) for sector @ 0x20040000 if necessary
T3028 000:589.681    -- Filling invalid ranges in sector buffer (flash cache) for sector @ 0x20050000 if necessary
T3028 000:591.400    -- End of determining dirty areas
T3028 000:591.426    -- Start of preparing flash programming
T3028 000:591.445    -- Calculating RAM usage
T3028 000:591.551    -- RAM usage = 20656 Bytes
T3028 000:591.572    -- Preserving CPU registers
T3028 000:591.604    -- Preparing target
T3028 000:591.624    -- Preserving target RAM temporarily used for programming
T3028 000:703.123    -- Downloading RAMCode
T3028 000:725.920    -- Checking target RAM
T3028 000:739.378    -- End of preparing flash programming
T3028 000:739.669   Looking for J-Link GUI Server exe at: C:\Users\a5134593\.eclipse\com.renesas.platform_1855088138\DebugComp\RZ\ARM\Segger_v7.82.3\JLinkGUIServer.exe
T3028 000:739.876   Looking for J-Link GUI Server exe at: \JLinkGUIServer.exe
T3028 001:040.915   Failed to connect to J-Link GUI Server.
T3028 001:047.830    -- CPU speed could not be measured.
T3028 001:047.896    -- Start of comparing flash
T3028 001:047.916    -- CRC check was estimated as fastest method
T3028 001:050.568    -- Comparing range 0x20020000 - 0x2003FFFF (2 Sectors, 128 KB), using single-block CRC calculation
T3028 001:247.142    -- CRC does not match, checking individual sectors
T3028 001:347.019    -- CRC does not match for sector 2
T3028 001:447.109    -- CRC does not match for sector 3
T3028 001:447.203    -- Comparing range 0x20040000 - 0x2005FFFF (2 Sectors, 128 KB), using single-block CRC calculation
T3028 001:643.670    -- CRC does not match, checking individual sectors
T3028 001:743.432    -- CRC does not match for sector 4
T3028 001:843.306    -- CRC does not match for sector 5
T3028 001:843.382    -- End of comparing flash
T3028 001:843.440    -- Start of erasing sectors
T3028 001:843.466    -- Erasing range 0x20020000 - 0x2003FFFF (  2 Sectors, 128 KB)
T3028 002:746.271    -- Erasing range 0x20040000 - 0x2005FFFF (  2 Sectors, 128 KB)
T3028 003:632.779    -- End of erasing sectors
T3028 003:632.837    -- Start of flash programming
T3028 003:632.861    -- Programming range 0x20020000 - 0x2002FFFF (  1 Sector, 64 KB)
T3028 004:113.315    -- Programming range 0x20030000 - 0x2003FFFF (  1 Sector, 64 KB)
T3028 004:589.904    -- Programming range 0x20040000 - 0x2004FFFF (  1 Sector, 64 KB)
T3028 005:065.241    -- Programming range 0x20050000 - 0x2005FFFF (  1 Sector, 64 KB)
T3028 005:187.105    -- End of flash programming
T3028 005:187.175    -- 0x20020000 - 0x2005FFFF (  4 Sectors, 256 KiB)
T3028 005:187.195    -- Start of restoring
T3028 005:187.221    -- Restoring RAMCode
T3028 005:190.284    -- Restoring target memory
T3028 005:214.740    -- Restore target
T3028 005:214.813    -- Restoring CPU registers
T3028 005:214.849    -- End of restoring
T3028 005:214.868    -- Bank 0 @ 0x20000000: 1 range affected (262144 bytes)
T3028 005:214.886    -- Total: 4.623s (Prepare: 0.456s, Compare: 0.795s, Erase: 1.789s, Program & Verify: 1.554s, Restore: 0.027s)
T3028 005:214.905    -- Program & Verify speed: 164 KB/s
T3028 005:217.058 - 4627.864ms returns 262144 (0x40000)
T3028 005:217.736 JLINK_WriteRegs_64(NumRegs = 1, Indexes: 
T3028 005:217.769   33)
T3028 005:217.791    -- PC=0x012000
T3028 005:217.810 - 0.081ms returns 0
T3028 005:217.828 JLINK_WriteRegs_64(NumRegs = 1, Indexes: 
T3028 005:217.841   33)
T3028 005:217.861    -- PC=0x020020000
T3028 005:217.879 - 0.056ms returns 0
T3028 005:218.370 JLINK_SetEndian(ARM_ENDIAN_LITTLE)
T3028 005:218.418 - 0.057ms returns 0
T3028 005:234.774 JLINK_ReadMem(0x20020000, 0x4 Bytes, ...)
T3028 005:235.101    -- Read from flash cache (4 bytes @ 0x20020000)
T3028 005:235.130   Data:  00 00 20 40
T3028 005:235.164 - 0.397ms returns 0
T3028 005:500.088 JLINK_GetNumBPUnits(Type = 0xFFFFFF00)
T3028 005:500.343 - 0.267ms returns 0x06
T3028 005:500.368 JLINK_GetNumWPUnits()
T3028 005:500.390 - 0.029ms returns 4
T3028 005:500.406 JLINK_GetNumWPUnits()
T3028 005:500.419 - 0.019ms returns 4
T3028 005:500.446 JLINK_GetNumBPUnits(Type = 0xFFFFFF00)
T3028 005:500.461 - 0.022ms returns 0x06
T3028 005:500.476 JLINK_GetNumWPUnits()
T3028 005:500.489 - 0.018ms returns 4
T3028 005:500.502 JLINK_GetNumWPUnits()
T3028 005:500.515 - 0.019ms returns 4
T3028 005:500.543 JLINK_GetNumBPUnits(Type = 0xFFFFFF00)
T3028 005:500.558 - 0.025ms returns 0x06
T3028 005:500.579 JLINK_GetNumWPUnits()
T3028 005:500.591 - 0.019ms returns 4
T3028 005:500.607 JLINK_GetNumWPUnits()
T3028 005:500.621 - 0.021ms returns 4
T3028 005:500.755 JLINK_SetBPEx(Addr = 0x40203FD8, Type = 0xFFFFFF00)
T3028 005:500.808 - 0.064ms returns 0x00000001
T3028 005:500.840 JLINK_ClrBPEx(BPHandle = 0x00000001)
T3028 005:500.865 - 0.037ms returns 0x00
T3028 005:527.976 JLINK_SetBPEx(Addr = 0x40203FE0, Type = 0xFFFFFF00)
T3028 005:528.088 - 0.122ms returns 0x00000002
T3028 005:543.463 JLINK_ResetPullsRESET(ON)
T3028 005:543.714 - 0.262ms
T3028 005:543.740 JLINK_Halt()
T3028 005:543.770 - 0.039ms returns 0x00
T3028 005:543.790 JLINK_IsHalted()
T3028 005:543.809 - 0.028ms returns TRUE
T3028 005:543.828 JLINK_Reset()
T3028 005:666.124   Reset confused the core.
T3028 005:666.864   Disabled core power domain detected.
T3028 005:668.024   CPU not halted after Reset, halting using Halt request
T3028 005:673.902 - 130.121ms
T3028 005:673.964 JLINK_SetEndian(ARM_ENDIAN_LITTLE)
T3028 005:673.978 - 0.021ms returns 0
T3028 005:777.037 JLINK_ReadRegs_64(NumRegs = 49, Indexes: 
T3028 005:777.145   0, 
T3028 005:777.192   1, 
T3028 005:777.240   2, 
T3028 005:777.288   3, 
T3028 005:777.335   4, 
T3028 005:777.378   5, 
T3028 005:777.425   6, 
T3028 005:777.471   7, 
T3028 005:777.521   8, 
T3028 005:777.565   9, 
T3028 005:777.609   10, 
T3028 005:777.655   11, 
T3028 005:777.705   12, 
T3028 005:777.749   13, 
T3028 005:777.797   14, 
T3028 005:777.841   15, 
T3028 005:777.886   16, 
T3028 005:777.931   17, 
T3028 005:777.982   18, 
T3028 005:778.019   19, 
T3028 005:778.055   20, 
T3028 005:778.099   21, 
T3028 005:778.133   22, 
T3028 005:778.166   23, 
T3028 005:778.199   24, 
T3028 005:778.418   25, 
T3028 005:778.472   26, 
T3028 005:778.506   27, 
T3028 005:778.535   28, 
T3028 005:778.561   29, 
T3028 005:778.582   30, 
T3028 005:778.605   31, 
T3028 005:778.626   32, 
T3028 005:778.649   33, 
T3028 005:778.671   34, 
T3028 005:778.693   35, 
T3028 005:778.714   36, 
T3028 005:778.736   37, 
T3028 005:778.761   38, 
T3028 005:778.783   39, 
T3028 005:778.809   40, 
T3028 005:778.832   41, 
T3028 005:778.854   42, 
T3028 005:778.885   43, 
T3028 005:778.920   44, 
T3028 005:779.041   45, 
T3028 005:779.074   46, 
T3028 005:779.108   47, 
T3028 005:779.143   48)
T3028 005:779.222   
 -- R0=0xF699DFF7, R1=0x00, R2=0x00, R3=0x00, R4=0xA15FF8, R5=0x203, R6=0x3FFFFFFF, R7=0x03, R8=0x11010550, R9=0x01, R10=0x31511144, R11=0x00, R12=0x30000, R13=0x1A668, R14=0x01, R15=0x00, R16=0x00, R17=0x00, R18=0x00, R19=0x03, R20=0x10002, R21=0x00, R22=0x00, R23=0x00, R24=0x00, R25=0x00, R26=0x00, R27=0x00, R28=0x00, R29=0x00, R30=0x38FC, R31=0x00, SP=0x2FFD0, PC=0x12028, ELR_EL1=0x00, ELR_EL2=0x00, ELR_EL3=0x00, SP_EL0=0x00, SP_EL1=0x00, SP_EL2=0x00, SP_EL3=0x2FFD0, CPSR=0x400003CD, SPSR_abt=0xFACFBFFF, SPSR_EL1=0xFEB6F96F, SPSR_EL2=0xEABFEFFF, SPSR_EL3=0x1CD, SPSR_fiq=0x7CDFF54F, SPSR_irq=0xBA8FBFFD, SPSR_und=0xF699DFF7

T3028 005:779.321 - 2.294ms returns 0
T3028 005:780.045 JLINK_ReadMem(0x00012028, 0x4 Bytes, ...)
T3028 005:780.140   CPU_ReadMem(64 bytes @ 0x00012000)
T3028 005:780.886    -- Updating C cache (64 bytes @ 0x00012000)
T3028 005:780.956    -- Read from C cache (4 bytes @ 0x00012028)
T3028 005:780.994   Data:  64 00 00 B4
T3028 005:781.030 - 0.998ms returns 0
T3028 005:784.256 JLINK_ReadMem(0x000038FC, 0x4 Bytes, ...)
T3028 005:784.379   CPU_ReadMem(4 bytes @ 0x000038FC)
T3028 005:784.840   Data:  E0 03 1F 2A
T3028 005:784.909 - 0.665ms returns 0
T41D8 005:798.042 JLINK_GetNumBPUnits(Type = 0xFFFFFF00)
T41D8 005:798.101 - 0.066ms returns 0x06
T41D8 005:798.118 JLINK_GetNumWPUnits()
T41D8 005:798.131 - 0.018ms returns 4
T41D8 005:798.144 JLINK_GetNumWPUnits()
T41D8 005:798.159 - 0.020ms returns 4
T41D8 005:798.356 JLINK_GetNumBPUnits(Type = 0xFFFFFF00)
T41D8 005:798.389 - 0.039ms returns 0x06
T41D8 005:798.404 JLINK_GetNumWPUnits()
T41D8 005:798.417 - 0.019ms returns 4
T41D8 005:798.431 JLINK_GetNumWPUnits()
T41D8 005:798.444 - 0.019ms returns 4
T41D8 005:798.615 JLINK_GetNumBPUnits(Type = 0xFFFFFF00)
T41D8 005:798.641 - 0.032ms returns 0x06
T41D8 005:798.658 JLINK_GetNumWPUnits()
T41D8 005:798.670 - 0.018ms returns 4
T41D8 005:798.683 JLINK_GetNumWPUnits()
T41D8 005:798.696 - 0.020ms returns 4
T41D8 005:798.889 JLINK_GetNumBPUnits(Type = 0xFFFFFF00)
T41D8 005:798.932 - 0.053ms returns 0x06
T41D8 005:798.955 JLINK_GetNumWPUnits()
T41D8 005:798.976 - 0.029ms returns 4
T41D8 005:798.996 JLINK_GetNumWPUnits()
T41D8 005:799.017 - 0.030ms returns 4
T41D8 005:799.290 JLINK_GetNumBPUnits(Type = 0xFFFFFF00)
T41D8 005:799.318 - 0.035ms returns 0x06
T41D8 005:799.335 JLINK_GetNumWPUnits()
T41D8 005:799.352 - 0.023ms returns 4
T41D8 005:799.365 JLINK_GetNumWPUnits()
T41D8 005:799.378 - 0.019ms returns 4
T41D8 005:799.793 JLINK_GetNumBPUnits(Type = 0xFFFFFF00)
T41D8 005:799.840 - 0.057ms returns 0x06
T41D8 005:799.863 JLINK_GetNumWPUnits()
T41D8 005:799.882 - 0.029ms returns 4
T41D8 005:799.903 JLINK_GetNumWPUnits()
T41D8 005:799.924 - 0.031ms returns 4
T41D8 005:800.809 JLINK_GetNumBPUnits(Type = 0xFFFFFF00)
T41D8 005:800.857 - 0.056ms returns 0x06
T41D8 005:800.872 JLINK_GetNumWPUnits()
T41D8 005:800.886 - 0.020ms returns 4
T41D8 005:800.900 JLINK_GetNumWPUnits()
T41D8 005:800.914 - 0.021ms returns 4
T41D8 005:801.064 JLINK_GetNumBPUnits(Type = 0xFFFFFF00)
T41D8 005:801.096 - 0.038ms returns 0x06
T41D8 005:801.113 JLINK_GetNumWPUnits()
T41D8 005:801.131 - 0.026ms returns 4
T41D8 005:801.150 JLINK_GetNumWPUnits()
T41D8 005:801.166 - 0.024ms returns 4
T3028 023:923.249 JLINK_STRACE_Read(..., NumItems = 0x10000)
T3028 023:923.342   
  ***** Error: 
T3028 023:923.375   Debugger tries to use on-chip trace buffer but the connected MCU does not provide an on-chip trace buffer (e.g. ETB/MTB/...)
T3028 023:923.395 - 0.152ms NumItemsRead = 0xFFFFFFFF
T3028 023:923.416 JLINK_IsHalted()
T3028 023:923.656 - 0.256ms returns TRUE
T3028 023:923.683 JLINK_GoEx(MaxEmulInsts = 0, Flags = 0x01)
T3028 023:933.817 - 10.280ms
T3028 024:036.392 JLINK_IsHalted()
T3028 024:036.764 - 0.400ms returns FALSE
T3028 024:036.806 JLINK_IsHalted()
T3028 024:037.084 - 0.306ms returns FALSE
T3028 024:145.501 JLINK_IsHalted()
T3028 024:148.514 - 3.030ms returns TRUE
T3028 024:148.548 JLINK_ReadRegs_64(NumRegs = 1, Indexes: 
T3028 024:148.564   33)
T3028 024:148.584    -- PC=0x40203FE0
T3028 024:148.601 - 0.058ms returns 0
T3028 024:148.655 JLINK_ReadRegs_64(NumRegs = 1, Indexes: 
T3028 024:148.668   41)
T3028 024:148.685    -- CPSR=0x6000000D
T3028 024:148.701 - 0.051ms returns 0
T3028 024:148.713 JLINK_ReadRegs_64(NumRegs = 1, Indexes: 
T3028 024:148.725   33)
T3028 024:148.742    -- PC=0x40203FE0
T3028 024:148.758 - 0.050ms returns 0
T3028 024:148.771 JLINK_ReadRegs_64(NumRegs = 1, Indexes: 
T3028 024:148.782   41)
T3028 024:148.799    -- CPSR=0x6000000D
T3028 024:148.815 - 0.049ms returns 0
T3028 024:148.827 JLINK_IsHalted()
T3028 024:148.838 - 0.016ms returns TRUE
T3028 024:148.850 JLINK_ReadRegs_64(NumRegs = 1, Indexes: 
T3028 024:148.861   41)
T3028 024:148.878    -- CPSR=0x6000000D
T3028 024:148.894 - 0.051ms returns 0
T3028 024:148.908 JLINK_ReadRegs_64(NumRegs = 1, Indexes: 
T3028 024:148.919   33)
T3028 024:148.936    -- PC=0x40203FE0
T3028 024:148.952 - 0.049ms returns 0
T3028 024:148.964 JLINK_ReadRegs_64(NumRegs = 1, Indexes: 
T3028 024:148.975   41)
T3028 024:148.992    -- CPSR=0x6000000D
T3028 024:149.009 - 0.049ms returns 0
T3028 024:149.820 JLINK_ReadRegs_64(NumRegs = 49, Indexes: 
T3028 024:149.851   0, 
T3028 024:149.873   1, 
T3028 024:149.894   2, 
T3028 024:149.917   3, 
T3028 024:149.938   4, 
T3028 024:149.959   5, 
T3028 024:149.975   6, 
T3028 024:149.991   7, 
T3028 024:150.007   8, 
T3028 024:150.023   9, 
T3028 024:150.039   10, 
T3028 024:150.056   11, 
T3028 024:150.071   12, 
T3028 024:150.087   13, 
T3028 024:150.104   14, 
T3028 024:150.120   15, 
T3028 024:150.136   16, 
T3028 024:150.152   17, 
T3028 024:150.168   18, 
T3028 024:150.185   19, 
T3028 024:150.200   20, 
T3028 024:150.217   21, 
T3028 024:150.232   22, 
T3028 024:150.248   23, 
T3028 024:150.264   24, 
T3028 024:150.281   25, 
T3028 024:150.297   26, 
T3028 024:150.313   27, 
T3028 024:150.329   28, 
T3028 024:150.346   29, 
T3028 024:150.362   30, 
T3028 024:150.378   31, 
T3028 024:150.394   32, 
T3028 024:150.410   33, 
T3028 024:150.426   34, 
T3028 024:150.443   35, 
T3028 024:150.464   36, 
T3028 024:150.485   37, 
T3028 024:150.522   38, 
T3028 024:150.543   39, 
T3028 024:150.564   40, 
T3028 024:150.585   41, 
T3028 024:150.606   42, 
T3028 024:150.627   43, 
T3028 024:150.647   44, 
T3028 024:150.668   45, 
T3028 024:150.689   46, 
T3028 024:150.710   47, 
T3028 024:150.731   48)
T3028 024:150.764   
 -- R0=0x401815, R1=0x01, R2=0x00, R3=0xFFFFFFFF, R4=0x06, R5=0x200, R6=0x200000, R7=0xFFFFFFC0, R8=0x01, R9=0xF0000000, R10=0x04, R11=0x02, R12=0xB8, R13=0xA00000, R14=0xA222D400, R15=0x04, R16=0x10000000, R17=0x40, R18=0x114001AC, R19=0x12064, R20=0x1A030, R21=0x00, R22=0x00, R23=0x00, R24=0x00, R25=0x00, R26=0x00, R27=0x00, R28=0x00, R29=0x40235CA0, R30=0x40202CC8, R31=0x00, SP=0x40235CA0, PC=0x40203FE0, ELR_EL1=0x00, ELR_EL2=0x00, ELR_EL3=0x40200000, SP_EL0=0x1B680, SP_EL1=0x00, SP_EL2=0x00, SP_EL3=0x40235CA0, CPSR=0x6000000D, SPSR_abt=0xFACFBFFF, SPSR_EL1=0xFEB6F96F, SPSR_EL2=0xEABFEFFF, SPSR_EL3=0x3CD, SPSR_fiq=0x7CDFF54F, SPSR_irq=0xBA8FBFFD, SPSR_und=0xF699DFF7

T3028 024:150.802 - 0.989ms returns 0
T3028 024:151.178 JLINK_ReadMem(0x40203FE0, 0x4 Bytes, ...)
T3028 024:151.209   CPU_ReadMem(64 bytes @ 0x40203FC0)
T3028 024:151.939    -- Updating DA cache (64 bytes @ 0x40203FC0)
T3028 024:151.960    -- Read from DA cache (4 bytes @ 0x40203FE0)
T3028 024:151.977   Data:  D4 01 00 94
T3028 024:151.994 - 0.821ms returns 0
T3028 024:154.181 JLINK_ClrBPEx(BPHandle = 0x00000002)
T3028 024:154.261 - 0.089ms returns 0x00
T3028 026:333.274 JLINK_STRACE_Read(..., NumItems = 0x10000)
T3028 026:333.357 - 0.089ms NumItemsRead = 0xFFFFFFFF
T3028 026:333.377 JLINK_IsHalted()
T3028 026:333.748 - 0.403ms returns TRUE
T3028 026:333.792 JLINK_GoEx(MaxEmulInsts = 0, Flags = 0x01)
T3028 026:335.766 - 2.033ms
T3028 026:442.544 JLINK_IsHalted()
T3028 026:443.186 - 0.726ms returns FALSE
T3028 026:443.309 JLINK_IsHalted()
T3028 026:443.627 - 0.351ms returns FALSE
T3028 026:551.451 JLINK_IsHalted()
T3028 026:551.742 - 0.317ms returns FALSE
T3028 026:551.786 JLINK_IsHalted()
T3028 026:552.083 - 0.305ms returns FALSE
T3028 026:661.407 JLINK_IsHalted()
T3028 026:661.727 - 0.344ms returns FALSE
T3028 026:661.762 JLINK_IsHalted()
T3028 026:661.999 - 0.244ms returns FALSE
T3028 026:770.801 JLINK_IsHalted()
T3028 026:771.263 - 0.526ms returns FALSE
T3028 026:771.356 JLINK_IsHalted()
T3028 026:771.684 - 0.407ms returns FALSE
T3028 026:880.182 JLINK_IsHalted()
T3028 026:880.569 - 0.408ms returns FALSE
T3028 026:880.601 JLINK_IsHalted()
T3028 026:880.945 - 0.364ms returns FALSE
T3028 026:989.420 JLINK_IsHalted()
T3028 026:990.088 - 0.745ms returns FALSE
T3028 026:990.201 JLINK_IsHalted()
T3028 026:990.583 - 0.459ms returns FALSE
T3028 027:098.873 JLINK_IsHalted()
T3028 027:099.241 - 0.404ms returns FALSE
T3028 027:099.298 JLINK_IsHalted()
T3028 027:099.725 - 0.455ms returns FALSE
T3028 027:208.173 JLINK_IsHalted()
T3028 027:208.771 - 0.666ms returns FALSE
T3028 027:208.869 JLINK_IsHalted()
T3028 027:209.289 - 0.485ms returns FALSE
T3028 027:317.155 JLINK_IsHalted()
T3028 027:317.703 - 0.607ms returns FALSE
T3028 027:317.788 JLINK_IsHalted()
T3028 027:318.160 - 0.424ms returns FALSE
T41D8 027:335.678 JLINK_IsHalted()
T41D8 027:336.181 - 0.553ms returns FALSE
T41D8 027:336.261 JLINK_IsHalted()
T41D8 027:336.664 - 0.452ms returns FALSE
T3028 027:426.896 JLINK_IsHalted()
T3028 027:427.535 - 0.719ms returns FALSE
T3028 027:427.652 JLINK_IsHalted()
T3028 027:428.085 - 0.507ms returns FALSE
T3028 027:536.089 JLINK_IsHalted()
T3028 027:536.527 - 0.497ms returns FALSE
T3028 027:536.613 JLINK_IsHalted()
T3028 027:536.991 - 0.436ms returns FALSE
T3028 027:646.103 JLINK_IsHalted()
T3028 027:646.606 - 0.571ms returns FALSE
T3028 027:646.702 JLINK_IsHalted()
T3028 027:647.136 - 0.500ms returns FALSE
T3028 027:755.033 JLINK_IsHalted()
T3028 027:755.571 - 0.603ms returns FALSE
T3028 027:755.666 JLINK_IsHalted()
T3028 027:756.092 - 0.501ms returns FALSE
T3028 027:864.209 JLINK_IsHalted()
T3028 027:864.839 - 0.703ms returns FALSE
T3028 027:864.944 JLINK_IsHalted()
T3028 027:865.299 - 0.425ms returns FALSE
T3028 027:973.400 JLINK_IsHalted()
T3028 027:973.832 - 0.456ms returns FALSE
T3028 027:973.875 JLINK_IsHalted()
T3028 027:974.225 - 0.358ms returns FALSE
T3028 028:083.272 JLINK_IsHalted()
T3028 028:083.782 - 0.591ms returns FALSE
T3028 028:083.901 JLINK_IsHalted()
T3028 028:084.376 - 0.552ms returns FALSE
T3028 028:192.250 JLINK_IsHalted()
T3028 028:192.774 - 0.580ms returns FALSE
T3028 028:192.857 JLINK_IsHalted()
T3028 028:193.253 - 0.451ms returns FALSE
T3028 028:301.801 JLINK_IsHalted()
T3028 028:302.359 - 0.647ms returns FALSE
T3028 028:302.480 JLINK_IsHalted()
T3028 028:302.986 - 0.576ms returns FALSE
T41D8 028:337.163 JLINK_IsHalted()
T41D8 028:337.711 - 0.621ms returns FALSE
T41D8 028:337.816 JLINK_IsHalted()
T41D8 028:338.212 - 0.453ms returns FALSE
T3028 028:410.957 JLINK_IsHalted()
T3028 028:411.551 - 0.661ms returns FALSE
T3028 028:411.650 JLINK_IsHalted()
T3028 028:412.091 - 0.507ms returns FALSE
T3028 028:520.349 JLINK_IsHalted()
T3028 028:520.960 - 0.688ms returns FALSE
T3028 028:521.070 JLINK_IsHalted()
T3028 028:521.485 - 0.486ms returns FALSE
T3028 028:630.213 JLINK_IsHalted()
T3028 028:630.769 - 0.611ms returns FALSE
T3028 028:630.851 JLINK_IsHalted()
T3028 028:631.157 - 0.365ms returns FALSE
T3028 028:739.980 JLINK_IsHalted()
T3028 028:740.499 - 0.597ms returns FALSE
T3028 028:740.610 JLINK_IsHalted()
T3028 028:740.991 - 0.435ms returns FALSE
T3028 028:849.519 JLINK_IsHalted()
T3028 028:849.868 - 0.400ms returns FALSE
T3028 028:849.943 JLINK_IsHalted()
T3028 028:850.230 - 0.339ms returns FALSE
T3028 028:957.720 JLINK_IsHalted()
T3028 028:958.280 - 0.643ms returns FALSE
T3028 028:958.401 JLINK_IsHalted()
T3028 028:958.791 - 0.487ms returns FALSE
T3028 029:067.076 JLINK_IsHalted()
T3028 029:067.518 - 0.512ms returns FALSE
T3028 029:067.624 JLINK_IsHalted()
T3028 029:068.013 - 0.452ms returns FALSE
T3028 029:176.892 JLINK_IsHalted()
T3028 029:177.369 - 0.533ms returns FALSE
T3028 029:177.451 JLINK_IsHalted()
T3028 029:177.842 - 0.423ms returns FALSE
T3028 029:285.844 JLINK_IsHalted()
T3028 029:286.351 - 0.579ms returns FALSE
T3028 029:286.453 JLINK_IsHalted()
T3028 029:286.862 - 0.474ms returns FALSE
T41D8 029:339.283 JLINK_IsHalted()
T41D8 029:339.728 - 0.472ms returns FALSE
T41D8 029:339.767 JLINK_IsHalted()
T41D8 029:340.085 - 0.342ms returns FALSE
T3028 029:395.980 JLINK_IsHalted()
T3028 029:396.463 - 0.552ms returns FALSE
T3028 029:396.563 JLINK_IsHalted()
T3028 029:396.980 - 0.485ms returns FALSE
T3028 029:504.974 JLINK_IsHalted()
T3028 029:505.432 - 0.500ms returns FALSE
T3028 029:505.494 JLINK_IsHalted()
T3028 029:505.835 - 0.382ms returns FALSE
T3028 029:614.313 JLINK_IsHalted()
T3028 029:614.919 - 0.681ms returns FALSE
T3028 029:615.027 JLINK_IsHalted()
T3028 029:615.314 - 0.346ms returns FALSE
T3028 029:723.936 JLINK_IsHalted()
T3028 029:724.497 - 0.636ms returns FALSE
T3028 029:724.606 JLINK_IsHalted()
T3028 029:725.067 - 0.538ms returns FALSE
T3028 029:833.673 JLINK_IsHalted()
T3028 029:834.255 - 0.661ms returns FALSE
T3028 029:834.366 JLINK_IsHalted()
T3028 029:834.635 - 0.324ms returns FALSE
T3028 029:942.290 JLINK_IsHalted()
T3028 029:942.684 - 0.407ms returns FALSE
T3028 029:942.705 JLINK_IsHalted()
T3028 029:942.960 - 0.262ms returns FALSE
T3028 030:052.193 JLINK_IsHalted()
T3028 030:052.726 - 0.591ms returns FALSE
T3028 030:052.812 JLINK_IsHalted()
T3028 030:053.234 - 0.479ms returns FALSE
T3028 030:160.976 JLINK_IsHalted()
T3028 030:161.528 - 0.619ms returns FALSE
T3028 030:161.627 JLINK_IsHalted()
T3028 030:162.052 - 0.493ms returns FALSE
T3028 030:270.263 JLINK_IsHalted()
T3028 030:270.708 - 0.493ms returns FALSE
T3028 030:270.780 JLINK_IsHalted()
T3028 030:271.132 - 0.398ms returns FALSE
T41D8 030:340.552 JLINK_IsHalted()
T41D8 030:340.999 - 0.567ms returns FALSE
T41D8 030:341.161 JLINK_IsHalted()
T41D8 030:341.565 - 0.472ms returns FALSE
T3028 030:380.038 JLINK_IsHalted()
T3028 030:380.484 - 0.472ms returns FALSE
T3028 030:380.521 JLINK_IsHalted()
T3028 030:380.777 - 0.301ms returns FALSE
T3028 030:489.004 JLINK_IsHalted()
T3028 030:489.577 - 0.644ms returns FALSE
T3028 030:489.678 JLINK_IsHalted()
T3028 030:490.138 - 0.531ms returns FALSE
T3028 030:598.930 JLINK_IsHalted()
T3028 030:599.925 - 1.085ms returns FALSE
T3028 030:600.041 JLINK_IsHalted()
T3028 030:600.364 - 0.347ms returns FALSE
T3028 030:708.370 JLINK_IsHalted()
T3028 030:708.887 - 0.581ms returns FALSE
T3028 030:708.980 JLINK_IsHalted()
T3028 030:709.434 - 0.524ms returns FALSE
T3028 030:817.242 JLINK_IsHalted()
T3028 030:817.857 - 0.683ms returns FALSE
T3028 030:817.955 JLINK_IsHalted()
T3028 030:818.321 - 0.430ms returns FALSE
T3028 030:926.521 JLINK_IsHalted()
T3028 030:927.043 - 0.593ms returns FALSE
T3028 030:927.148 JLINK_IsHalted()
T3028 030:927.590 - 0.512ms returns FALSE
T3028 031:036.325 JLINK_IsHalted()
T3028 031:036.937 - 0.686ms returns FALSE
T3028 031:037.043 JLINK_IsHalted()
T3028 031:037.451 - 0.484ms returns FALSE
T3028 031:146.133 JLINK_IsHalted()
T3028 031:146.665 - 0.599ms returns FALSE
T3028 031:146.766 JLINK_IsHalted()
T3028 031:147.095 - 0.396ms returns FALSE
T3028 031:255.050 JLINK_IsHalted()
T3028 031:255.633 - 0.654ms returns FALSE
T3028 031:255.736 JLINK_IsHalted()
T3028 031:256.142 - 0.475ms returns FALSE
T41D8 031:341.579 JLINK_IsHalted()
T41D8 031:342.101 - 0.547ms returns FALSE
T41D8 031:342.137 JLINK_IsHalted()
T41D8 031:342.545 - 0.432ms returns FALSE
T3028 031:364.519 JLINK_IsHalted()
T3028 031:365.092 - 0.644ms returns FALSE
T3028 031:365.196 JLINK_IsHalted()
T3028 031:365.588 - 0.462ms returns FALSE
T3028 031:473.392 JLINK_IsHalted()
T3028 031:473.824 - 0.491ms returns FALSE
T3028 031:473.909 JLINK_IsHalted()
T3028 031:474.235 - 0.384ms returns FALSE
T3028 031:583.315 JLINK_IsHalted()
T3028 031:583.928 - 0.698ms returns FALSE
T3028 031:584.049 JLINK_IsHalted()
T3028 031:584.581 - 0.609ms returns FALSE
T3028 031:692.783 JLINK_IsHalted()
T3028 031:693.428 - 0.720ms returns FALSE
T3028 031:693.913 JLINK_IsHalted()
T3028 031:694.285 - 0.440ms returns FALSE
T3028 031:802.452 JLINK_IsHalted()
T3028 031:803.051 - 0.682ms returns FALSE
T3028 031:803.168 JLINK_IsHalted()
T3028 031:803.497 - 0.412ms returns FALSE
T3028 031:911.065 JLINK_IsHalted()
T3028 031:911.620 - 0.613ms returns FALSE
T3028 031:911.706 JLINK_IsHalted()
T3028 031:912.089 - 0.441ms returns FALSE
T3028 032:020.631 JLINK_IsHalted()
T3028 032:021.248 - 0.683ms returns FALSE
T3028 032:021.344 JLINK_IsHalted()
T3028 032:021.743 - 0.461ms returns FALSE
T3028 032:130.207 JLINK_IsHalted()
T3028 032:130.613 - 0.479ms returns FALSE
T3028 032:130.716 JLINK_IsHalted()
T3028 032:131.072 - 0.414ms returns FALSE
T3028 032:239.240 JLINK_IsHalted()
T3028 032:239.591 - 0.383ms returns FALSE
T3028 032:239.634 JLINK_IsHalted()
T3028 032:240.007 - 0.393ms returns FALSE
T41D8 032:343.697 JLINK_IsHalted()
T41D8 032:344.287 - 0.663ms returns FALSE
T41D8 032:344.394 JLINK_IsHalted()
T41D8 032:344.794 - 0.478ms returns FALSE
T3028 032:349.387 JLINK_IsHalted()
T3028 032:349.974 - 0.660ms returns FALSE
T3028 032:350.083 JLINK_IsHalted()
T3028 032:350.513 - 0.506ms returns FALSE
T3028 032:458.422 JLINK_IsHalted()
T3028 032:459.019 - 0.676ms returns FALSE
T3028 032:459.140 JLINK_IsHalted()
T3028 032:459.464 - 0.407ms returns FALSE
T3028 032:567.508 JLINK_IsHalted()
T3028 032:567.821 - 0.322ms returns FALSE
T3028 032:567.839 JLINK_IsHalted()
T3028 032:568.149 - 0.318ms returns FALSE
T3028 032:676.433 JLINK_IsHalted()
T3028 032:676.907 - 0.543ms returns FALSE
T3028 032:677.017 JLINK_IsHalted()
T3028 032:677.360 - 0.424ms returns FALSE
T3028 032:786.779 JLINK_IsHalted()
T3028 032:787.307 - 0.598ms returns FALSE
T3028 032:787.408 JLINK_IsHalted()
T3028 032:787.818 - 0.480ms returns FALSE
T3028 032:895.654 JLINK_IsHalted()
T3028 032:896.106 - 0.496ms returns FALSE
T3028 032:896.176 JLINK_IsHalted()
T3028 032:896.475 - 0.357ms returns FALSE
T3028 033:005.121 JLINK_IsHalted()
T3028 033:005.767 - 0.714ms returns FALSE
T3028 033:005.865 JLINK_IsHalted()
T3028 033:006.261 - 0.461ms returns FALSE
T3028 033:114.175 JLINK_IsHalted()
T3028 033:114.700 - 0.595ms returns FALSE
T3028 033:114.802 JLINK_IsHalted()
T3028 033:115.179 - 0.443ms returns FALSE
T3028 033:224.380 JLINK_IsHalted()
T3028 033:224.912 - 0.603ms returns FALSE
T3028 033:225.017 JLINK_IsHalted()
T3028 033:225.391 - 0.442ms returns FALSE
T3028 033:332.638 JLINK_IsHalted()
T3028 033:333.050 - 0.466ms returns FALSE
T3028 033:333.130 JLINK_IsHalted()
T3028 033:333.586 - 0.528ms returns FALSE
T41D8 033:346.377 JLINK_IsHalted()
T41D8 033:346.884 - 0.576ms returns FALSE
T41D8 033:346.986 JLINK_IsHalted()
T41D8 033:347.344 - 0.425ms returns FALSE
T3028 033:442.498 JLINK_IsHalted()
T3028 033:443.000 - 0.582ms returns FALSE
T3028 033:443.114 JLINK_IsHalted()
T3028 033:443.483 - 0.439ms returns FALSE
T3028 033:551.521 JLINK_IsHalted()
T3028 033:552.027 - 0.565ms returns FALSE
T3028 033:552.114 JLINK_IsHalted()
T3028 033:552.529 - 0.473ms returns FALSE
T3028 033:661.217 JLINK_IsHalted()
T3028 033:662.090 - 0.950ms returns FALSE
T3028 033:662.209 JLINK_IsHalted()
T3028 033:662.513 - 0.388ms returns FALSE
T3028 033:770.408 JLINK_IsHalted()
T3028 033:770.809 - 0.423ms returns FALSE
T3028 033:770.840 JLINK_IsHalted()
T3028 033:771.097 - 0.278ms returns FALSE
T3028 033:880.277 JLINK_IsHalted()
T3028 033:881.442 - 1.387ms returns FALSE
T3028 033:881.731 JLINK_IsHalted()
T3028 033:882.027 - 0.325ms returns FALSE
T3028 033:990.180 JLINK_IsHalted()
T3028 033:990.969 - 0.822ms returns FALSE
T3028 033:991.019 JLINK_IsHalted()
T3028 033:991.408 - 0.433ms returns FALSE
T3028 034:099.054 JLINK_IsHalted()
T3028 034:099.722 - 0.720ms returns FALSE
T3028 034:099.792 JLINK_IsHalted()
T3028 034:100.102 - 0.353ms returns FALSE
T3028 034:208.654 JLINK_IsHalted()
T3028 034:209.328 - 0.791ms returns FALSE
T3028 034:209.485 JLINK_IsHalted()
T3028 034:209.949 - 0.539ms returns FALSE
T3028 034:317.346 JLINK_IsHalted()
T3028 034:317.808 - 0.508ms returns FALSE
T3028 034:317.875 JLINK_IsHalted()
T3028 034:318.264 - 0.432ms returns FALSE
T41D8 034:348.256 JLINK_IsHalted()
T41D8 034:348.639 - 0.406ms returns FALSE
T41D8 034:348.672 JLINK_IsHalted()
T41D8 034:348.994 - 0.343ms returns FALSE
T3028 034:426.605 JLINK_IsHalted()
T3028 034:427.210 - 0.685ms returns FALSE
T3028 034:427.327 JLINK_IsHalted()
T3028 034:427.759 - 0.521ms returns FALSE
T3028 034:535.915 JLINK_IsHalted()
T3028 034:536.539 - 0.692ms returns FALSE
T3028 034:536.649 JLINK_IsHalted()
T3028 034:537.019 - 0.435ms returns FALSE
T3028 034:645.679 JLINK_IsHalted()
T3028 034:646.289 - 0.689ms returns FALSE
T3028 034:646.405 JLINK_IsHalted()
T3028 034:646.881 - 0.554ms returns FALSE
T3028 034:755.444 JLINK_IsHalted()
T3028 034:756.079 - 0.719ms returns FALSE
T3028 034:756.200 JLINK_IsHalted()
T3028 034:756.634 - 0.514ms returns FALSE
T3028 034:864.325 JLINK_IsHalted()
T3028 034:864.902 - 0.647ms returns FALSE
T3028 034:865.005 JLINK_IsHalted()
T3028 034:865.399 - 0.461ms returns FALSE
T3028 034:973.782 JLINK_IsHalted()
T3028 034:974.267 - 0.543ms returns FALSE
T3028 034:974.350 JLINK_IsHalted()
T3028 034:974.628 - 0.333ms returns FALSE
T3028 035:082.662 JLINK_IsHalted()
T3028 035:083.199 - 0.593ms returns FALSE
T3028 035:083.281 JLINK_IsHalted()
T3028 035:083.650 - 0.427ms returns FALSE
T3028 035:192.165 JLINK_IsHalted()
T3028 035:192.802 - 0.723ms returns FALSE
T3028 035:192.923 JLINK_IsHalted()
T3028 035:193.400 - 0.553ms returns FALSE
T3028 035:301.681 JLINK_IsHalted()
T3028 035:302.123 - 0.480ms returns FALSE
T3028 035:302.179 JLINK_IsHalted()
T3028 035:302.471 - 0.329ms returns FALSE
T41D8 035:349.748 JLINK_IsHalted()
T41D8 035:350.266 - 0.605ms returns FALSE
T41D8 035:350.395 JLINK_IsHalted()
T41D8 035:350.853 - 0.524ms returns FALSE
T3028 035:411.889 JLINK_IsHalted()
T3028 035:412.438 - 0.617ms returns FALSE
T3028 035:412.537 JLINK_IsHalted()
T3028 035:412.944 - 0.482ms returns FALSE
T3028 035:520.436 JLINK_IsHalted()
T3028 035:521.240 - 0.877ms returns FALSE
T3028 035:521.367 JLINK_IsHalted()
T3028 035:521.683 - 0.413ms returns FALSE
T3028 035:629.697 JLINK_IsHalted()
T3028 035:630.642 - 0.994ms returns FALSE
T3028 035:630.712 JLINK_IsHalted()
T3028 035:631.065 - 0.389ms returns FALSE
T3028 035:738.980 JLINK_IsHalted()
T3028 035:739.512 - 0.603ms returns FALSE
T3028 035:739.617 JLINK_IsHalted()
T3028 035:740.080 - 0.534ms returns FALSE
T3028 035:849.335 JLINK_IsHalted()
T3028 035:849.849 - 0.577ms returns FALSE
T3028 035:849.942 JLINK_IsHalted()
T3028 035:850.387 - 0.510ms returns FALSE
T3028 035:957.834 JLINK_IsHalted()
T3028 035:958.423 - 0.668ms returns FALSE
T3028 035:958.537 JLINK_IsHalted()
T3028 035:958.892 - 0.423ms returns FALSE
T3028 036:067.073 JLINK_IsHalted()
T3028 036:067.353 - 0.308ms returns FALSE
T3028 036:067.393 JLINK_IsHalted()
T3028 036:067.622 - 0.251ms returns FALSE
T3028 036:176.514 JLINK_IsHalted()
T3028 036:176.885 - 0.388ms returns FALSE
T3028 036:176.917 JLINK_IsHalted()
T3028 036:177.220 - 0.333ms returns FALSE
T3028 036:285.875 JLINK_IsHalted()
T3028 036:286.125 - 0.260ms returns FALSE
T3028 036:286.144 JLINK_IsHalted()
T3028 036:286.480 - 0.344ms returns FALSE
T41D8 036:352.228 JLINK_IsHalted()
T41D8 036:352.488 - 0.298ms returns FALSE
T41D8 036:352.545 JLINK_IsHalted()
T41D8 036:352.788 - 0.291ms returns FALSE
T3028 036:395.772 JLINK_IsHalted()
T3028 036:396.162 - 0.418ms returns FALSE
T3028 036:396.214 JLINK_IsHalted()
T3028 036:396.497 - 0.305ms returns FALSE
T3028 036:504.971 JLINK_IsHalted()
T3028 036:505.294 - 0.351ms returns FALSE
T3028 036:505.335 JLINK_IsHalted()
T3028 036:505.520 - 0.200ms returns FALSE
T3028 036:614.684 JLINK_IsHalted()
T3028 036:615.048 - 0.386ms returns FALSE
T3028 036:615.082 JLINK_IsHalted()
T3028 036:615.373 - 0.314ms returns FALSE
T3028 036:723.910 JLINK_IsHalted()
T3028 036:724.178 - 0.291ms returns FALSE
T3028 036:724.213 JLINK_IsHalted()
T3028 036:724.426 - 0.235ms returns FALSE
T3028 036:833.442 JLINK_IsHalted()
T3028 036:834.414 - 1.107ms returns FALSE
T3028 036:834.577 JLINK_IsHalted()
T3028 036:834.821 - 0.264ms returns FALSE
T3028 036:942.279 JLINK_IsHalted()
T3028 036:942.527 - 0.277ms returns FALSE
T3028 036:942.572 JLINK_IsHalted()
T3028 036:942.765 - 0.206ms returns FALSE
T3028 037:052.338 JLINK_IsHalted()
T3028 037:052.751 - 0.467ms returns FALSE
T3028 037:052.832 JLINK_IsHalted()
T3028 037:053.099 - 0.322ms returns FALSE
T3028 037:161.466 JLINK_IsHalted()
T3028 037:161.760 - 0.317ms returns FALSE
T3028 037:161.797 JLINK_IsHalted()
T3028 037:162.102 - 0.330ms returns FALSE
T3028 037:270.878 JLINK_IsHalted()
T3028 037:271.266 - 0.404ms returns FALSE
T3028 037:271.296 JLINK_IsHalted()
T3028 037:271.502 - 0.219ms returns FALSE
T41D8 037:354.163 JLINK_IsHalted()
T41D8 037:354.459 - 0.327ms returns FALSE
T41D8 037:354.506 JLINK_IsHalted()
T41D8 037:354.801 - 0.327ms returns FALSE
T3028 037:380.208 JLINK_IsHalted()
T3028 037:380.629 - 0.445ms returns FALSE
T3028 037:380.664 JLINK_IsHalted()
T3028 037:380.978 - 0.340ms returns FALSE
T3028 037:489.462 JLINK_IsHalted()
T3028 037:489.818 - 0.386ms returns FALSE
T3028 037:489.862 JLINK_IsHalted()
T3028 037:490.196 - 0.364ms returns FALSE
T3028 037:598.638 JLINK_IsHalted()
T3028 037:599.167 - 0.594ms returns FALSE
T3028 037:599.264 JLINK_IsHalted()
T3028 037:599.659 - 0.466ms returns FALSE
T3028 037:708.022 JLINK_IsHalted()
T3028 037:708.346 - 0.352ms returns FALSE
T3028 037:708.394 JLINK_IsHalted()
T3028 037:708.678 - 0.296ms returns FALSE
T3028 037:817.068 JLINK_IsHalted()
T3028 037:817.620 - 0.614ms returns FALSE
T3028 037:817.712 JLINK_IsHalted()
T3028 037:818.004 - 0.353ms returns FALSE
T3028 037:926.561 JLINK_IsHalted()
T3028 037:927.152 - 0.663ms returns FALSE
T3028 037:927.258 JLINK_IsHalted()
T3028 037:927.609 - 0.427ms returns FALSE
T3028 038:036.246 JLINK_IsHalted()
T3028 038:036.776 - 0.601ms returns FALSE
T3028 038:036.880 JLINK_IsHalted()
T3028 038:037.244 - 0.437ms returns FALSE
T3028 038:146.113 JLINK_IsHalted()
T3028 038:146.682 - 0.640ms returns FALSE
T3028 038:146.787 JLINK_IsHalted()
T3028 038:147.143 - 0.443ms returns FALSE
T3028 038:255.410 JLINK_IsHalted()
T3028 038:255.934 - 0.580ms returns FALSE
T3028 038:256.016 JLINK_IsHalted()
T3028 038:256.445 - 0.484ms returns FALSE
T41D8 038:355.871 JLINK_IsHalted()
T41D8 038:356.301 - 0.451ms returns FALSE
T41D8 038:356.332 JLINK_IsHalted()
T41D8 038:356.599 - 0.288ms returns FALSE
T3028 038:364.720 JLINK_IsHalted()
T3028 038:365.040 - 0.341ms returns FALSE
T3028 038:365.071 JLINK_IsHalted()
T3028 038:365.407 - 0.356ms returns FALSE
T3028 038:473.597 JLINK_IsHalted()
T3028 038:473.892 - 0.319ms returns FALSE
T3028 038:473.928 JLINK_IsHalted()
T3028 038:474.254 - 0.349ms returns FALSE
T3028 038:583.389 JLINK_IsHalted()
T3028 038:583.840 - 0.501ms returns FALSE
T3028 038:583.919 JLINK_IsHalted()
T3028 038:584.314 - 0.469ms returns FALSE
T3028 038:692.704 JLINK_IsHalted()
T3028 038:693.245 - 0.627ms returns FALSE
T3028 038:693.371 JLINK_IsHalted()
T3028 038:693.700 - 0.401ms returns FALSE
T3028 038:801.973 JLINK_IsHalted()
T3028 038:802.424 - 0.521ms returns FALSE
T3028 038:802.526 JLINK_IsHalted()
T3028 038:802.982 - 0.510ms returns FALSE
T3028 038:910.747 JLINK_IsHalted()
T3028 038:911.201 - 0.501ms returns FALSE
T3028 038:911.269 JLINK_IsHalted()
T3028 038:911.678 - 0.451ms returns FALSE
T3028 039:020.753 JLINK_IsHalted()
T3028 039:021.768 - 1.094ms returns FALSE
T3028 039:021.883 JLINK_IsHalted()
T3028 039:022.362 - 0.560ms returns FALSE
T3028 039:129.833 JLINK_IsHalted()
T3028 039:130.389 - 0.617ms returns FALSE
T3028 039:130.479 JLINK_IsHalted()
T3028 039:130.873 - 0.454ms returns FALSE
T3028 039:239.622 JLINK_IsHalted()
T3028 039:240.204 - 0.664ms returns FALSE
T3028 039:240.320 JLINK_IsHalted()
T3028 039:240.787 - 0.541ms returns FALSE
T3028 039:348.989 JLINK_IsHalted()
T3028 039:349.439 - 0.484ms returns FALSE
T3028 039:349.490 JLINK_IsHalted()
T3028 039:349.788 - 0.332ms returns FALSE
T41D8 039:357.458 JLINK_IsHalted()
T41D8 039:357.918 - 0.523ms returns FALSE
T41D8 039:357.995 JLINK_IsHalted()
T41D8 039:358.230 - 0.273ms returns FALSE
T3028 039:458.709 JLINK_IsHalted()
T3028 039:459.243 - 0.609ms returns FALSE
T3028 039:459.351 JLINK_IsHalted()
T3028 039:459.744 - 0.467ms returns FALSE
T3028 039:567.752 JLINK_IsHalted()
T3028 039:568.279 - 0.580ms returns FALSE
T3028 039:568.357 JLINK_IsHalted()
T3028 039:568.773 - 0.471ms returns FALSE
T3028 039:676.538 JLINK_IsHalted()
T3028 039:676.967 - 0.450ms returns FALSE
T3028 039:676.997 JLINK_IsHalted()
T3028 039:677.260 - 0.283ms returns FALSE
T3028 039:786.123 JLINK_IsHalted()
T3028 039:786.595 - 0.536ms returns FALSE
T3028 039:786.688 JLINK_IsHalted()
T3028 039:787.089 - 0.466ms returns FALSE
T3028 039:895.518 JLINK_IsHalted()
T3028 039:896.025 - 0.568ms returns FALSE
T3028 039:896.115 JLINK_IsHalted()
T3028 039:896.506 - 0.454ms returns FALSE
T3028 040:005.053 JLINK_IsHalted()
T3028 040:005.506 - 0.514ms returns FALSE
T3028 040:005.597 JLINK_IsHalted()
T3028 040:006.027 - 0.487ms returns FALSE
T3028 040:114.030 JLINK_IsHalted()
T3028 040:114.516 - 0.542ms returns FALSE
T3028 040:114.597 JLINK_IsHalted()
T3028 040:114.926 - 0.383ms returns FALSE
T3028 040:223.606 JLINK_IsHalted()
T3028 040:224.172 - 0.650ms returns FALSE
T3028 040:224.288 JLINK_IsHalted()
T3028 040:224.622 - 0.396ms returns FALSE
T3028 040:332.792 JLINK_IsHalted()
T3028 040:333.750 - 1.035ms returns FALSE
T3028 040:333.861 JLINK_IsHalted()
T3028 040:334.212 - 0.419ms returns FALSE
T41D8 040:359.743 JLINK_IsHalted()
T41D8 040:360.305 - 0.638ms returns FALSE
T41D8 040:360.414 JLINK_IsHalted()
T41D8 040:360.814 - 0.470ms returns FALSE
T3028 040:442.184 JLINK_IsHalted()
T3028 040:442.650 - 0.518ms returns FALSE
T3028 040:442.726 JLINK_IsHalted()
T3028 040:443.116 - 0.439ms returns FALSE
T3028 040:551.583 JLINK_IsHalted()
T3028 040:552.126 - 0.614ms returns FALSE
T3028 040:552.228 JLINK_IsHalted()
T3028 040:552.632 - 0.474ms returns FALSE
T3028 040:661.796 JLINK_IsHalted()
T3028 040:662.306 - 0.575ms returns FALSE
T3028 040:662.402 JLINK_IsHalted()
T3028 040:662.831 - 0.498ms returns FALSE
T3028 040:770.327 JLINK_IsHalted()
T3028 040:770.824 - 0.573ms returns FALSE
T3028 040:770.931 JLINK_IsHalted()
T3028 040:771.251 - 0.384ms returns FALSE
T3028 040:879.920 JLINK_IsHalted()
T3028 040:880.525 - 0.683ms returns FALSE
T3028 040:880.643 JLINK_IsHalted()
T3028 040:881.074 - 0.501ms returns FALSE
T3028 040:989.390 JLINK_IsHalted()
T3028 040:989.930 - 0.632ms returns FALSE
T3028 040:990.061 JLINK_IsHalted()
T3028 040:990.500 - 0.499ms returns FALSE
T3028 041:098.628 JLINK_IsHalted()
T3028 041:099.178 - 0.623ms returns FALSE
T3028 041:099.284 JLINK_IsHalted()
T3028 041:099.583 - 0.369ms returns FALSE
T3028 041:208.453 JLINK_IsHalted()
T3028 041:209.016 - 0.635ms returns FALSE
T3028 041:209.123 JLINK_IsHalted()
T3028 041:209.507 - 0.453ms returns FALSE
T3028 041:317.537 JLINK_IsHalted()
T3028 041:318.077 - 0.615ms returns FALSE
T3028 041:318.187 JLINK_IsHalted()
T3028 041:318.562 - 0.442ms returns FALSE
T41D8 041:361.924 JLINK_IsHalted()
T41D8 041:362.586 - 0.749ms returns FALSE
T41D8 041:362.709 JLINK_IsHalted()
T41D8 041:363.032 - 0.413ms returns FALSE
T3028 041:427.143 JLINK_IsHalted()
T3028 041:427.665 - 0.589ms returns FALSE
T3028 041:427.762 JLINK_IsHalted()
T3028 041:428.152 - 0.450ms returns FALSE
T3028 041:536.257 JLINK_IsHalted()
T3028 041:546.682 - 10.497ms returns FALSE
T3028 041:546.795 JLINK_IsHalted()
T3028 041:547.181 - 0.458ms returns FALSE
T3028 041:645.381 JLINK_IsHalted()
T3028 041:645.913 - 0.603ms returns FALSE
T3028 041:646.014 JLINK_IsHalted()
T3028 041:646.364 - 0.425ms returns FALSE
T3028 041:754.917 JLINK_IsHalted()
T3028 041:755.370 - 0.499ms returns FALSE
T3028 041:755.436 JLINK_IsHalted()
T3028 041:755.705 - 0.326ms returns FALSE
T3028 041:864.735 JLINK_IsHalted()
T3028 041:865.306 - 0.638ms returns FALSE
T3028 041:865.403 JLINK_IsHalted()
T3028 041:865.814 - 0.480ms returns FALSE
T3028 041:973.415 JLINK_IsHalted()
T3028 041:974.351 - 0.979ms returns FALSE
T3028 041:974.403 JLINK_IsHalted()
T3028 041:974.695 - 0.313ms returns FALSE
T3028 042:083.086 JLINK_IsHalted()
T3028 042:083.479 - 0.420ms returns FALSE
T3028 042:083.516 JLINK_IsHalted()
T3028 042:083.787 - 0.292ms returns FALSE
T3028 042:192.499 JLINK_IsHalted()
T3028 042:192.916 - 0.443ms returns FALSE
T3028 042:192.959 JLINK_IsHalted()
T3028 042:193.165 - 0.225ms returns FALSE
T3028 042:301.602 JLINK_IsHalted()
T3028 042:301.962 - 0.396ms returns FALSE
T3028 042:302.011 JLINK_IsHalted()
T3028 042:302.348 - 0.372ms returns FALSE
T41D8 042:364.069 JLINK_IsHalted()
T41D8 042:364.675 - 0.682ms returns FALSE
T41D8 042:364.785 JLINK_IsHalted()
T41D8 042:365.184 - 0.469ms returns FALSE
T3028 042:410.973 JLINK_IsHalted()
T3028 042:411.613 - 0.699ms returns FALSE
T3028 042:411.701 JLINK_IsHalted()
T3028 042:412.029 - 0.365ms returns FALSE
T3028 042:520.421 JLINK_IsHalted()
T3028 042:521.014 - 0.665ms returns FALSE
T3028 042:521.119 JLINK_IsHalted()
T3028 042:521.469 - 0.432ms returns FALSE
T3028 042:630.518 JLINK_IsHalted()
T3028 042:631.045 - 0.590ms returns FALSE
T3028 042:631.136 JLINK_IsHalted()
T3028 042:631.572 - 0.498ms returns FALSE
T3028 042:739.843 JLINK_IsHalted()
T3028 042:740.291 - 0.511ms returns FALSE
T3028 042:740.382 JLINK_IsHalted()
T3028 042:740.669 - 0.351ms returns FALSE
T3028 042:849.218 JLINK_IsHalted()
T3028 042:849.775 - 0.635ms returns FALSE
T3028 042:849.886 JLINK_IsHalted()
T3028 042:850.364 - 0.552ms returns FALSE
T3028 042:958.310 JLINK_IsHalted()
T3028 042:958.817 - 0.568ms returns FALSE
T3028 042:958.907 JLINK_IsHalted()
T3028 042:959.229 - 0.387ms returns FALSE
T3028 043:067.729 JLINK_IsHalted()
T3028 043:068.266 - 0.604ms returns FALSE
T3028 043:068.364 JLINK_IsHalted()
T3028 043:068.772 - 0.479ms returns FALSE
T3028 043:176.993 JLINK_IsHalted()
T3028 043:177.516 - 0.580ms returns FALSE
T3028 043:177.598 JLINK_IsHalted()
T3028 043:177.912 - 0.378ms returns FALSE
T3028 043:286.414 JLINK_IsHalted()
T3028 043:286.874 - 0.534ms returns FALSE
T3028 043:286.978 JLINK_IsHalted()
T3028 043:287.427 - 0.537ms returns FALSE
T41D8 043:366.895 JLINK_IsHalted()
T41D8 043:367.289 - 0.470ms returns FALSE
T41D8 043:367.397 JLINK_IsHalted()
T41D8 043:367.752 - 0.433ms returns FALSE
T3028 043:395.963 JLINK_IsHalted()
T3028 043:396.425 - 0.528ms returns FALSE
T3028 043:396.522 JLINK_IsHalted()
T3028 043:396.912 - 0.454ms returns FALSE
T3028 043:504.987 JLINK_IsHalted()
T3028 043:505.509 - 0.590ms returns FALSE
T3028 043:505.609 JLINK_IsHalted()
T3028 043:505.991 - 0.449ms returns FALSE
T3028 043:614.434 JLINK_IsHalted()
T3028 043:614.961 - 0.599ms returns FALSE
T3028 043:615.066 JLINK_IsHalted()
T3028 043:615.473 - 0.485ms returns FALSE
T3028 043:723.427 JLINK_IsHalted()
T3028 043:723.780 - 0.392ms returns FALSE
T3028 043:723.843 JLINK_IsHalted()
T3028 043:724.060 - 0.269ms returns FALSE
T3028 043:832.846 JLINK_IsHalted()
T3028 043:833.430 - 0.652ms returns FALSE
T3028 043:833.528 JLINK_IsHalted()
T3028 043:833.916 - 0.454ms returns FALSE
T3028 043:942.241 JLINK_IsHalted()
T3028 043:942.788 - 0.584ms returns FALSE
T3028 043:942.842 JLINK_IsHalted()
T3028 043:943.192 - 0.417ms returns FALSE
T3028 044:051.830 JLINK_IsHalted()
T3028 044:052.363 - 0.600ms returns FALSE
T3028 044:052.462 JLINK_IsHalted()
T3028 044:052.767 - 0.370ms returns FALSE
T3028 044:161.068 JLINK_IsHalted()
T3028 044:161.625 - 0.627ms returns FALSE
T3028 044:161.728 JLINK_IsHalted()
T3028 044:162.102 - 0.441ms returns FALSE
T3028 044:271.084 JLINK_IsHalted()
T3028 044:271.638 - 0.610ms returns FALSE
T3028 044:271.718 JLINK_IsHalted()
T3028 044:272.194 - 0.526ms returns FALSE
T41D8 044:368.447 JLINK_IsHalted()
T41D8 044:369.053 - 0.677ms returns FALSE
T41D8 044:369.158 JLINK_IsHalted()
T41D8 044:369.514 - 0.436ms returns FALSE
T3028 044:380.421 JLINK_IsHalted()
T3028 044:380.915 - 0.559ms returns FALSE
T3028 044:381.009 JLINK_IsHalted()
T3028 044:381.424 - 0.482ms returns FALSE
T3028 044:489.488 JLINK_IsHalted()
T3028 044:489.880 - 0.414ms returns FALSE
T3028 044:489.912 JLINK_IsHalted()
T3028 044:490.200 - 0.310ms returns FALSE
T3028 044:598.987 JLINK_IsHalted()
T3028 044:599.418 - 0.472ms returns FALSE
T3028 044:599.481 JLINK_IsHalted()
T3028 044:599.802 - 0.361ms returns FALSE
T3028 044:707.844 JLINK_IsHalted()
T3028 044:708.364 - 0.580ms returns FALSE
T3028 044:708.451 JLINK_IsHalted()
T3028 044:708.946 - 0.555ms returns FALSE
T3028 044:817.416 JLINK_IsHalted()
T3028 044:817.996 - 0.653ms returns FALSE
T3028 044:818.101 JLINK_IsHalted()
T3028 044:818.542 - 0.515ms returns FALSE
T3028 044:926.911 JLINK_IsHalted()
T3028 044:927.383 - 0.536ms returns FALSE
T3028 044:927.476 JLINK_IsHalted()
T3028 044:927.854 - 0.444ms returns FALSE
T3028 045:036.171 JLINK_IsHalted()
T3028 045:036.747 - 0.654ms returns FALSE
T3028 045:036.858 JLINK_IsHalted()
T3028 045:037.262 - 0.475ms returns FALSE
T3028 045:145.414 JLINK_IsHalted()
T3028 045:145.766 - 0.375ms returns FALSE
T3028 045:145.802 JLINK_IsHalted()
T3028 045:146.119 - 0.338ms returns FALSE
T3028 045:254.557 JLINK_IsHalted()
T3028 045:255.067 - 0.540ms returns FALSE
T3028 045:255.110 JLINK_IsHalted()
T3028 045:255.418 - 0.336ms returns FALSE
T3028 045:364.665 JLINK_IsHalted()
T3028 045:365.149 - 0.544ms returns FALSE
T3028 045:365.236 JLINK_IsHalted()
T3028 045:365.521 - 0.351ms returns FALSE
T41D8 045:371.216 JLINK_IsHalted()
T41D8 045:371.884 - 0.743ms returns FALSE
T41D8 045:371.991 JLINK_IsHalted()
T41D8 045:372.378 - 0.462ms returns FALSE
T3028 045:473.471 JLINK_IsHalted()
T3028 045:473.841 - 0.397ms returns FALSE
T3028 045:473.880 JLINK_IsHalted()
T3028 045:474.183 - 0.328ms returns FALSE
T3028 045:583.175 JLINK_IsHalted()
T3028 045:583.734 - 0.623ms returns FALSE
T3028 045:583.828 JLINK_IsHalted()
T3028 045:584.255 - 0.490ms returns FALSE
T3028 045:692.500 JLINK_IsHalted()
T3028 045:693.080 - 0.657ms returns FALSE
T3028 045:693.190 JLINK_IsHalted()
T3028 045:693.889 - 0.771ms returns FALSE
T3028 045:801.721 JLINK_IsHalted()
T3028 045:802.213 - 0.572ms returns FALSE
T3028 045:802.327 JLINK_IsHalted()
T3028 045:802.670 - 0.415ms returns FALSE
T3028 045:911.033 JLINK_IsHalted()
T3028 045:911.519 - 0.533ms returns FALSE
T3028 045:911.589 JLINK_IsHalted()
T3028 045:911.855 - 0.313ms returns FALSE
T3028 046:020.486 JLINK_IsHalted()
T3028 046:020.773 - 0.318ms returns FALSE
T3028 046:020.823 JLINK_IsHalted()
T3028 046:021.768 - 0.977ms returns FALSE
T3028 046:129.728 JLINK_IsHalted()
T3028 046:130.117 - 0.417ms returns FALSE
T3028 046:130.167 JLINK_IsHalted()
T3028 046:130.395 - 0.266ms returns FALSE
T3028 046:238.949 JLINK_IsHalted()
T3028 046:239.215 - 0.296ms returns FALSE
T3028 046:239.263 JLINK_IsHalted()
T3028 046:239.757 - 0.523ms returns FALSE
T3028 046:348.490 JLINK_IsHalted()
T3028 046:348.740 - 0.261ms returns FALSE
T3028 046:348.762 JLINK_IsHalted()
T3028 046:349.025 - 0.275ms returns FALSE
T41D8 046:373.231 JLINK_IsHalted()
T41D8 046:373.520 - 0.317ms returns FALSE
T41D8 046:373.559 JLINK_IsHalted()
T41D8 046:373.719 - 0.169ms returns FALSE
T3028 046:457.885 JLINK_IsHalted()
T3028 046:458.149 - 0.274ms returns FALSE
T3028 046:458.168 JLINK_IsHalted()
T3028 046:458.354 - 0.194ms returns FALSE
T3028 046:567.099 JLINK_IsHalted()
T3028 046:567.348 - 0.268ms returns FALSE
T3028 046:567.384 JLINK_IsHalted()
T3028 046:567.718 - 0.373ms returns FALSE
T3028 046:677.147 JLINK_IsHalted()
T3028 046:677.610 - 0.510ms returns FALSE
T3028 046:677.679 JLINK_IsHalted()
T3028 046:678.000 - 0.366ms returns FALSE
T3028 046:786.044 JLINK_IsHalted()
T3028 046:786.548 - 0.571ms returns FALSE
T3028 046:786.647 JLINK_IsHalted()
T3028 046:787.035 - 0.454ms returns FALSE
T3028 046:895.410 JLINK_IsHalted()
T3028 046:895.995 - 0.659ms returns FALSE
T3028 046:896.104 JLINK_IsHalted()
T3028 046:896.535 - 0.517ms returns FALSE
T3028 047:004.483 JLINK_IsHalted()
T3028 047:004.802 - 0.329ms returns FALSE
T3028 047:004.821 JLINK_IsHalted()
T3028 047:005.076 - 0.263ms returns FALSE
T3028 047:114.498 JLINK_IsHalted()
T3028 047:115.094 - 0.671ms returns FALSE
T3028 047:115.205 JLINK_IsHalted()
T3028 047:115.651 - 0.521ms returns FALSE
T3028 047:224.281 JLINK_IsHalted()
T3028 047:224.639 - 0.388ms returns FALSE
T3028 047:224.681 JLINK_IsHalted()
T3028 047:224.924 - 0.265ms returns FALSE
T3028 047:333.634 JLINK_IsHalted()
T3028 047:334.037 - 0.450ms returns FALSE
T3028 047:334.106 JLINK_IsHalted()
T3028 047:334.401 - 0.380ms returns FALSE
T41D8 047:374.094 JLINK_IsHalted()
T41D8 047:374.541 - 0.490ms returns FALSE
T41D8 047:374.603 JLINK_IsHalted()
T41D8 047:375.044 - 0.482ms returns FALSE
T3028 047:442.427 JLINK_IsHalted()
T3028 047:442.896 - 0.527ms returns FALSE
T3028 047:442.983 JLINK_IsHalted()
T3028 047:443.416 - 0.489ms returns FALSE
T3028 047:552.242 JLINK_IsHalted()
T3028 047:552.803 - 0.631ms returns FALSE
T3028 047:552.907 JLINK_IsHalted()
T3028 047:553.357 - 0.531ms returns FALSE
T3028 047:661.298 JLINK_IsHalted()
T3028 047:661.813 - 0.539ms returns FALSE
T3028 047:661.848 JLINK_IsHalted()
T3028 047:662.104 - 0.278ms returns FALSE
T3028 047:771.168 JLINK_IsHalted()
T3028 047:771.712 - 0.599ms returns FALSE
T3028 047:771.788 JLINK_IsHalted()
T3028 047:772.064 - 0.320ms returns FALSE
T3028 047:880.527 JLINK_IsHalted()
T3028 047:881.028 - 0.553ms returns FALSE
T3028 047:881.108 JLINK_IsHalted()
T3028 047:881.403 - 0.351ms returns FALSE
T3028 047:988.966 JLINK_IsHalted()
T3028 047:989.279 - 0.357ms returns FALSE
T3028 047:989.342 JLINK_IsHalted()
T3028 047:989.572 - 0.254ms returns FALSE
T3028 048:099.717 JLINK_IsHalted()
T3028 048:100.025 - 0.338ms returns FALSE
T3028 048:100.070 JLINK_IsHalted()
T3028 048:100.385 - 0.345ms returns FALSE
T3028 048:208.350 JLINK_IsHalted()
T3028 048:208.584 - 0.244ms returns FALSE
T3028 048:208.603 JLINK_IsHalted()
T3028 048:208.762 - 0.167ms returns FALSE
T3028 048:317.749 JLINK_IsHalted()
T3028 048:318.094 - 0.389ms returns FALSE
T3028 048:318.163 JLINK_IsHalted()
T3028 048:318.502 - 0.379ms returns FALSE
T41D8 048:375.976 JLINK_IsHalted()
T41D8 048:376.414 - 0.498ms returns FALSE
T41D8 048:376.504 JLINK_IsHalted()
T41D8 048:376.782 - 0.338ms returns FALSE
T3028 048:427.043 JLINK_IsHalted()
T3028 048:427.524 - 0.551ms returns FALSE
T3028 048:427.625 JLINK_IsHalted()
T3028 048:427.978 - 0.421ms returns FALSE
T3028 048:536.271 JLINK_IsHalted()
T3028 048:536.519 - 0.272ms returns FALSE
T3028 048:536.555 JLINK_IsHalted()
T3028 048:536.731 - 0.185ms returns FALSE
T3028 048:645.268 JLINK_IsHalted()
T3028 048:645.762 - 0.541ms returns FALSE
T3028 048:645.831 JLINK_IsHalted()
T3028 048:646.223 - 0.434ms returns FALSE
T3028 048:755.357 JLINK_IsHalted()
T3028 048:755.934 - 0.630ms returns FALSE
T3028 048:756.010 JLINK_IsHalted()
T3028 048:756.389 - 0.430ms returns FALSE
T3028 048:864.237 JLINK_IsHalted()
T3028 048:864.737 - 0.521ms returns FALSE
T3028 048:864.768 JLINK_IsHalted()
T3028 048:865.111 - 0.364ms returns FALSE
T3028 048:973.345 JLINK_IsHalted()
T3028 048:973.727 - 0.402ms returns FALSE
T3028 048:973.758 JLINK_IsHalted()
T3028 048:974.136 - 0.399ms returns FALSE
T3028 049:082.697 JLINK_IsHalted()
T3028 049:082.936 - 0.260ms returns FALSE
T3028 049:082.966 JLINK_IsHalted()
T3028 049:083.303 - 0.344ms returns FALSE
T3028 049:192.716 JLINK_IsHalted()
T3028 049:192.979 - 0.295ms returns FALSE
T3028 049:193.026 JLINK_IsHalted()
T3028 049:193.271 - 0.270ms returns FALSE
T3028 049:301.921 JLINK_IsHalted()
T3028 049:302.299 - 0.435ms returns FALSE
T3028 049:302.376 JLINK_IsHalted()
T3028 049:302.599 - 0.248ms returns FALSE
T41D8 049:376.965 JLINK_IsHalted()
T41D8 049:377.224 - 0.282ms returns FALSE
T41D8 049:377.258 JLINK_IsHalted()
T41D8 049:377.484 - 0.237ms returns FALSE
T3028 049:411.574 JLINK_IsHalted()
T3028 049:412.213 - 0.718ms returns FALSE
T3028 049:412.329 JLINK_IsHalted()
T3028 049:412.635 - 0.385ms returns FALSE
T3028 049:520.573 JLINK_IsHalted()
T3028 049:520.846 - 0.296ms returns FALSE
T3028 049:520.880 JLINK_IsHalted()
T3028 049:521.139 - 0.280ms returns FALSE
T3028 049:630.569 JLINK_IsHalted()
T3028 049:631.105 - 0.612ms returns FALSE
T3028 049:631.211 JLINK_IsHalted()
T3028 049:631.574 - 0.422ms returns FALSE
T3028 049:739.873 JLINK_IsHalted()
T3028 049:740.344 - 0.518ms returns FALSE
T3028 049:740.413 JLINK_IsHalted()
T3028 049:740.697 - 0.357ms returns FALSE
T3028 049:848.597 JLINK_IsHalted()
T3028 049:848.963 - 0.404ms returns FALSE
T3028 049:849.020 JLINK_IsHalted()
T3028 049:849.258 - 0.273ms returns FALSE
T3028 049:957.998 JLINK_IsHalted()
T3028 049:958.426 - 0.443ms returns FALSE
T3028 049:958.469 JLINK_IsHalted()
T3028 049:958.734 - 0.284ms returns FALSE
T3028 050:067.560 JLINK_IsHalted()
T3028 050:068.071 - 0.579ms returns FALSE
T3028 050:068.172 JLINK_IsHalted()
T3028 050:068.673 - 0.569ms returns FALSE
T3028 050:176.839 JLINK_IsHalted()
T3028 050:177.114 - 0.284ms returns FALSE
T3028 050:177.132 JLINK_IsHalted()
T3028 050:177.370 - 0.246ms returns FALSE
T3028 050:286.066 JLINK_IsHalted()
T3028 050:286.396 - 0.354ms returns FALSE
T3028 050:286.431 JLINK_IsHalted()
T3028 050:286.656 - 0.247ms returns FALSE
T41D8 050:379.751 JLINK_IsHalted()
T41D8 050:380.661 - 0.990ms returns FALSE
T41D8 050:380.765 JLINK_IsHalted()
T41D8 050:380.987 - 0.234ms returns FALSE
T3028 050:395.292 JLINK_IsHalted()
T3028 050:395.598 - 0.337ms returns FALSE
T3028 050:395.640 JLINK_IsHalted()
T3028 050:395.795 - 0.165ms returns FALSE
T3028 050:505.388 JLINK_IsHalted()
T3028 050:505.817 - 0.473ms returns FALSE
T3028 050:505.880 JLINK_IsHalted()
T3028 050:506.251 - 0.413ms returns FALSE
T3028 050:614.665 JLINK_IsHalted()
T3028 050:615.080 - 0.438ms returns FALSE
T3028 050:615.114 JLINK_IsHalted()
T3028 050:615.392 - 0.342ms returns FALSE
T3028 050:723.927 JLINK_IsHalted()
T3028 050:724.395 - 0.497ms returns FALSE
T3028 050:724.436 JLINK_IsHalted()
T3028 050:724.719 - 0.308ms returns FALSE
T3028 050:833.128 JLINK_IsHalted()
T3028 050:833.426 - 0.323ms returns FALSE
T3028 050:833.463 JLINK_IsHalted()
T3028 050:833.679 - 0.238ms returns FALSE
T3028 050:942.475 JLINK_IsHalted()
T3028 050:942.987 - 0.545ms returns FALSE
T3028 050:943.034 JLINK_IsHalted()
T3028 050:943.337 - 0.331ms returns FALSE
T3028 051:051.492 JLINK_IsHalted()
T3028 051:051.938 - 0.505ms returns FALSE
T3028 051:052.023 JLINK_IsHalted()
T3028 051:052.417 - 0.454ms returns FALSE
T3028 051:160.864 JLINK_IsHalted()
T3028 051:161.470 - 0.663ms returns FALSE
T3028 051:161.551 JLINK_IsHalted()
T3028 051:161.963 - 0.461ms returns FALSE
T3028 051:270.701 JLINK_IsHalted()
T3028 051:271.161 - 0.512ms returns FALSE
T3028 051:271.226 JLINK_IsHalted()
T3028 051:271.450 - 0.248ms returns FALSE
T3028 051:380.057 JLINK_IsHalted()
T3028 051:380.390 - 0.376ms returns FALSE
T3028 051:380.454 JLINK_IsHalted()
T3028 051:380.810 - 0.403ms returns FALSE
T41D8 051:382.585 JLINK_IsHalted()
T41D8 051:382.898 - 0.353ms returns FALSE
T41D8 051:382.950 JLINK_IsHalted()
T41D8 051:383.254 - 0.328ms returns FALSE
T3028 051:489.789 JLINK_IsHalted()
T3028 051:490.251 - 0.499ms returns FALSE
T3028 051:490.314 JLINK_IsHalted()
T3028 051:490.709 - 0.410ms returns FALSE
T3028 051:598.815 JLINK_IsHalted()
T3028 051:599.928 - 1.192ms returns FALSE
T3028 051:600.022 JLINK_IsHalted()
T3028 051:600.261 - 0.262ms returns FALSE
T3028 051:707.882 JLINK_IsHalted()
T3028 051:708.247 - 0.388ms returns FALSE
T3028 051:708.281 JLINK_IsHalted()
T3028 051:708.596 - 0.336ms returns FALSE
T3028 051:817.575 JLINK_IsHalted()
T3028 051:817.924 - 0.400ms returns FALSE
T3028 051:817.986 JLINK_IsHalted()
T3028 051:818.280 - 0.317ms returns FALSE
T3028 051:926.891 JLINK_IsHalted()
T3028 051:927.922 - 1.118ms returns FALSE
T3028 051:928.067 JLINK_IsHalted()
T3028 051:928.337 - 0.350ms returns FALSE
T3028 052:036.279 JLINK_IsHalted()
T3028 052:036.564 - 0.295ms returns FALSE
T3028 052:036.582 JLINK_IsHalted()
T3028 052:036.742 - 0.168ms returns FALSE
T3028 052:145.387 JLINK_IsHalted()
T3028 052:145.858 - 0.545ms returns FALSE
T3028 052:145.974 JLINK_IsHalted()
T3028 052:146.397 - 0.527ms returns FALSE
T3028 052:255.252 JLINK_IsHalted()
T3028 052:256.226 - 1.034ms returns FALSE
T3028 052:256.309 JLINK_IsHalted()
T3028 052:256.632 - 0.366ms returns FALSE
T3028 052:364.276 JLINK_IsHalted()
T3028 052:365.397 - 1.160ms returns FALSE
T3028 052:365.458 JLINK_IsHalted()
T3028 052:365.755 - 0.332ms returns FALSE
T41D8 052:384.383 JLINK_IsHalted()
T41D8 052:384.989 - 0.717ms returns FALSE
T41D8 052:385.129 JLINK_IsHalted()
T41D8 052:385.464 - 0.383ms returns FALSE
T3028 052:473.349 JLINK_IsHalted()
T3028 052:473.813 - 0.555ms returns FALSE
T3028 052:473.948 JLINK_IsHalted()
T3028 052:474.274 - 0.381ms returns FALSE
T3028 052:583.471 JLINK_IsHalted()
T3028 052:583.728 - 0.266ms returns FALSE
T3028 052:583.745 JLINK_IsHalted()
T3028 052:583.912 - 0.174ms returns FALSE
T3028 052:692.963 JLINK_IsHalted()
T3028 052:693.309 - 0.370ms returns FALSE
T3028 052:693.343 JLINK_IsHalted()
T3028 052:693.597 - 0.274ms returns FALSE
T3028 052:802.516 JLINK_IsHalted()
T3028 052:802.866 - 0.401ms returns FALSE
T3028 052:802.940 JLINK_IsHalted()
T3028 052:803.227 - 0.331ms returns FALSE
T3028 052:911.771 JLINK_IsHalted()
T3028 052:912.189 - 0.442ms returns FALSE
T3028 052:912.224 JLINK_IsHalted()
T3028 052:912.487 - 0.295ms returns FALSE
T3028 053:020.884 JLINK_IsHalted()
T3028 053:021.289 - 0.463ms returns FALSE
T3028 053:021.371 JLINK_IsHalted()
T3028 053:022.643 - 1.298ms returns FALSE
T3028 053:130.298 JLINK_IsHalted()
T3028 053:130.587 - 0.301ms returns FALSE
T3028 053:130.608 JLINK_IsHalted()
T3028 053:130.796 - 0.198ms returns FALSE
T3028 053:239.449 JLINK_IsHalted()
T3028 053:239.824 - 0.408ms returns FALSE
T3028 053:239.873 JLINK_IsHalted()
T3028 053:240.070 - 0.210ms returns FALSE
T3028 053:349.203 JLINK_IsHalted()
T3028 053:349.596 - 0.454ms returns FALSE
T3028 053:349.688 JLINK_IsHalted()
T3028 053:349.987 - 0.357ms returns FALSE
T41D8 053:387.094 JLINK_IsHalted()
T41D8 053:387.677 - 0.660ms returns FALSE
T41D8 053:387.789 JLINK_IsHalted()
T41D8 053:388.183 - 0.470ms returns FALSE
T3028 053:457.663 JLINK_IsHalted()
T3028 053:457.997 - 0.362ms returns FALSE
T3028 053:458.051 JLINK_IsHalted()
T3028 053:458.223 - 0.202ms returns FALSE
T3028 053:567.153 JLINK_IsHalted()
T3028 053:567.477 - 0.361ms returns FALSE
T3028 053:567.534 JLINK_IsHalted()
T3028 053:567.764 - 0.260ms returns FALSE
T3028 053:676.671 JLINK_IsHalted()
T3028 053:676.973 - 0.332ms returns FALSE
T3028 053:677.019 JLINK_IsHalted()
T3028 053:677.242 - 0.256ms returns FALSE
T3028 053:785.889 JLINK_IsHalted()
T3028 053:786.769 - 0.923ms returns FALSE
T3028 053:786.829 JLINK_IsHalted()
T3028 053:787.014 - 0.199ms returns FALSE
T3028 053:896.312 JLINK_IsHalted()
T3028 053:896.563 - 0.272ms returns FALSE
T3028 053:896.598 JLINK_IsHalted()
T3028 053:896.764 - 0.186ms returns FALSE
T3028 054:004.538 JLINK_IsHalted()
T3028 054:004.814 - 0.306ms returns FALSE
T3028 054:004.856 JLINK_IsHalted()
T3028 054:005.098 - 0.280ms returns FALSE
T3028 054:114.010 JLINK_IsHalted()
T3028 054:114.424 - 0.481ms returns FALSE
T3028 054:114.521 JLINK_IsHalted()
T3028 054:114.722 - 0.224ms returns FALSE
T3028 054:224.592 JLINK_IsHalted()
T3028 054:224.847 - 0.276ms returns FALSE
T3028 054:224.884 JLINK_IsHalted()
T3028 054:225.101 - 0.246ms returns FALSE
T3028 054:333.456 JLINK_IsHalted()
T3028 054:333.870 - 0.471ms returns FALSE
T3028 054:333.959 JLINK_IsHalted()
T3028 054:334.208 - 0.300ms returns FALSE
T41D8 054:389.391 JLINK_IsHalted()
T41D8 054:389.861 - 0.539ms returns FALSE
T41D8 054:389.960 JLINK_IsHalted()
T41D8 054:390.366 - 0.472ms returns FALSE
T3028 054:442.428 JLINK_IsHalted()
T3028 054:442.689 - 0.290ms returns FALSE
T3028 054:442.730 JLINK_IsHalted()
T3028 054:442.916 - 0.200ms returns FALSE
T3028 054:551.581 JLINK_IsHalted()
T3028 054:551.925 - 0.369ms returns FALSE
T3028 054:551.967 JLINK_IsHalted()
T3028 054:552.190 - 0.243ms returns FALSE
T3028 054:661.227 JLINK_IsHalted()
T3028 054:661.583 - 0.388ms returns FALSE
T3028 054:661.628 JLINK_IsHalted()
T3028 054:661.821 - 0.224ms returns FALSE
T3028 054:770.219 JLINK_IsHalted()
T3028 054:770.465 - 0.260ms returns FALSE
T3028 054:770.488 JLINK_IsHalted()
T3028 054:770.730 - 0.261ms returns FALSE
T3028 054:880.819 JLINK_IsHalted()
T3028 054:881.122 - 0.346ms returns FALSE
T3028 054:881.184 JLINK_IsHalted()
T3028 054:881.396 - 0.245ms returns FALSE
T3028 054:988.945 JLINK_IsHalted()
T3028 054:989.208 - 0.292ms returns FALSE
T3028 054:989.254 JLINK_IsHalted()
T3028 054:989.434 - 0.203ms returns FALSE
T3028 055:098.694 JLINK_IsHalted()
T3028 055:098.940 - 0.260ms returns FALSE
T3028 055:098.965 JLINK_IsHalted()
T3028 055:099.118 - 0.168ms returns FALSE
T3028 055:208.004 JLINK_IsHalted()
T3028 055:208.707 - 0.731ms returns FALSE
T3028 055:208.745 JLINK_IsHalted()
T3028 055:208.902 - 0.171ms returns FALSE
T3028 055:317.102 JLINK_IsHalted()
T3028 055:317.389 - 0.320ms returns FALSE
T3028 055:317.435 JLINK_IsHalted()
T3028 055:317.645 - 0.232ms returns FALSE
T41D8 055:392.356 JLINK_IsHalted()
T41D8 055:393.608 - 1.297ms returns FALSE
T41D8 055:393.671 JLINK_IsHalted()
T41D8 055:393.857 - 0.241ms returns FALSE
T3028 055:426.966 JLINK_IsHalted()
T3028 055:427.374 - 0.453ms returns FALSE
T3028 055:427.436 JLINK_IsHalted()
T3028 055:427.644 - 0.230ms returns FALSE
T3028 055:536.200 JLINK_IsHalted()
T3028 055:536.500 - 0.339ms returns FALSE
T3028 055:536.563 JLINK_IsHalted()
T3028 055:536.769 - 0.234ms returns FALSE
T3028 055:645.822 JLINK_IsHalted()
T3028 055:648.063 - 2.284ms returns FALSE
T3028 055:648.126 JLINK_IsHalted()
T3028 055:648.365 - 0.278ms returns FALSE
T3028 055:754.658 JLINK_IsHalted()
T3028 055:754.953 - 0.316ms returns FALSE
T3028 055:754.991 JLINK_IsHalted()
T3028 055:755.178 - 0.214ms returns FALSE
T3028 055:864.967 JLINK_IsHalted()
T3028 055:865.691 - 0.757ms returns FALSE
T3028 055:865.754 JLINK_IsHalted()
T3028 055:865.993 - 0.269ms returns FALSE
T3028 055:973.791 JLINK_IsHalted()
T3028 055:975.127 - 1.467ms returns FALSE
T3028 055:975.295 JLINK_IsHalted()
T3028 055:975.565 - 0.309ms returns FALSE
T3028 056:082.990 JLINK_IsHalted()
T3028 056:083.803 - 0.855ms returns FALSE
T3028 056:083.869 JLINK_IsHalted()
T3028 056:084.051 - 0.203ms returns FALSE
T3028 056:192.751 JLINK_IsHalted()
T3028 056:195.859 - 3.402ms returns FALSE
T3028 056:196.213 JLINK_IsHalted()
T3028 056:196.529 - 0.346ms returns FALSE
T3028 056:302.111 JLINK_IsHalted()
T3028 056:302.343 - 0.244ms returns FALSE
T3028 056:302.364 JLINK_IsHalted()
T3028 056:302.531 - 0.178ms returns FALSE
T41D8 056:394.613 JLINK_IsHalted()
T41D8 056:394.928 - 0.357ms returns FALSE
T41D8 056:394.987 JLINK_IsHalted()
T41D8 056:395.183 - 0.220ms returns FALSE
T3028 056:410.965 JLINK_IsHalted()
T3028 056:411.237 - 0.304ms returns FALSE
T3028 056:411.286 JLINK_IsHalted()
T3028 056:411.489 - 0.227ms returns FALSE
T3028 056:521.039 JLINK_IsHalted()
T3028 056:521.596 - 0.600ms returns FALSE
T3028 056:521.661 JLINK_IsHalted()
T3028 056:521.917 - 0.298ms returns FALSE
T3028 056:629.649 JLINK_IsHalted()
T3028 056:630.159 - 0.575ms returns FALSE
T3028 056:630.270 JLINK_IsHalted()
T3028 056:630.638 - 0.452ms returns FALSE
T3028 056:739.288 JLINK_IsHalted()
T3028 056:739.670 - 0.422ms returns FALSE
T3028 056:739.730 JLINK_IsHalted()
T3028 056:740.032 - 0.325ms returns FALSE
T3028 056:848.425 JLINK_IsHalted()
T3028 056:848.770 - 0.373ms returns FALSE
T3028 056:848.810 JLINK_IsHalted()
T3028 056:849.156 - 0.368ms returns FALSE
T3028 056:957.707 JLINK_IsHalted()
T3028 056:958.053 - 0.378ms returns FALSE
T3028 056:958.099 JLINK_IsHalted()
T3028 056:958.467 - 0.401ms returns FALSE
T3028 057:067.170 JLINK_IsHalted()
T3028 057:067.521 - 0.376ms returns FALSE
T3028 057:067.556 JLINK_IsHalted()
T3028 057:067.837 - 0.303ms returns FALSE
T3028 057:176.418 JLINK_IsHalted()
T3028 057:176.800 - 0.434ms returns FALSE
T3028 057:176.884 JLINK_IsHalted()
T3028 057:177.122 - 0.267ms returns FALSE
T3028 057:286.579 JLINK_IsHalted()
T3028 057:287.070 - 0.550ms returns FALSE
T3028 057:287.158 JLINK_IsHalted()
T3028 057:287.572 - 0.471ms returns FALSE
T3028 057:396.128 JLINK_IsHalted()
T3028 057:397.116 - 1.027ms returns FALSE
T3028 057:397.172 JLINK_IsHalted()
T3028 057:397.413 - 0.270ms returns FALSE
T41D8 057:397.558 JLINK_IsHalted()
T41D8 057:397.877 - 0.345ms returns FALSE
T41D8 057:397.915 JLINK_IsHalted()
T41D8 057:398.151 - 0.258ms returns FALSE
T3028 057:504.843 JLINK_IsHalted()
T3028 057:505.122 - 0.317ms returns FALSE
T3028 057:505.172 JLINK_IsHalted()
T3028 057:505.454 - 0.293ms returns FALSE
T3028 057:614.331 JLINK_IsHalted()
T3028 057:614.624 - 0.303ms returns FALSE
T3028 057:614.643 JLINK_IsHalted()
T3028 057:614.843 - 0.209ms returns FALSE
T3028 057:724.018 JLINK_IsHalted()
T3028 057:724.437 - 0.441ms returns FALSE
T3028 057:724.469 JLINK_IsHalted()
T3028 057:724.750 - 0.301ms returns FALSE
T3028 057:833.155 JLINK_IsHalted()
T3028 057:833.668 - 0.564ms returns FALSE
T3028 057:833.741 JLINK_IsHalted()
T3028 057:833.940 - 0.221ms returns FALSE
T3028 057:942.163 JLINK_IsHalted()
T3028 057:942.523 - 0.394ms returns FALSE
T3028 057:942.575 JLINK_IsHalted()
T3028 057:942.766 - 0.220ms returns FALSE
T3028 058:051.452 JLINK_IsHalted()
T3028 058:051.690 - 0.260ms returns FALSE
T3028 058:051.729 JLINK_IsHalted()
T3028 058:051.975 - 0.271ms returns FALSE
T3028 058:161.156 JLINK_IsHalted()
T3028 058:161.439 - 0.318ms returns FALSE
T3028 058:161.490 JLINK_IsHalted()
T3028 058:161.686 - 0.215ms returns FALSE
T3028 058:270.352 JLINK_IsHalted()
T3028 058:270.579 - 0.254ms returns FALSE
T3028 058:270.614 JLINK_IsHalted()
T3028 058:270.785 - 0.179ms returns FALSE
T3028 058:380.119 JLINK_IsHalted()
T3028 058:380.518 - 0.480ms returns FALSE
T3028 058:380.636 JLINK_IsHalted()
T3028 058:380.964 - 0.409ms returns FALSE
T41D8 058:398.834 JLINK_IsHalted()
T41D8 058:399.278 - 0.523ms returns FALSE
T41D8 058:399.384 JLINK_IsHalted()
T41D8 058:399.931 - 0.594ms returns FALSE
T3028 058:489.863 JLINK_IsHalted()
T3028 058:490.255 - 0.413ms returns FALSE
T3028 058:490.293 JLINK_IsHalted()
T3028 058:490.483 - 0.205ms returns FALSE
T3028 058:599.257 JLINK_IsHalted()
T3028 058:599.555 - 0.320ms returns FALSE
T3028 058:599.588 JLINK_IsHalted()
T3028 058:599.801 - 0.222ms returns FALSE
T3028 058:708.338 JLINK_IsHalted()
T3028 058:708.807 - 0.534ms returns FALSE
T3028 058:708.903 JLINK_IsHalted()
T3028 058:709.211 - 0.359ms returns FALSE
T3028 058:817.748 JLINK_IsHalted()
T3028 058:818.255 - 0.536ms returns FALSE
T3028 058:818.295 JLINK_IsHalted()
T3028 058:818.500 - 0.258ms returns FALSE
T3028 058:926.349 JLINK_IsHalted()
T3028 058:926.645 - 0.321ms returns FALSE
T3028 058:926.685 JLINK_IsHalted()
T3028 058:926.863 - 0.206ms returns FALSE
T3028 059:035.894 JLINK_IsHalted()
T3028 059:036.156 - 0.275ms returns FALSE
T3028 059:036.179 JLINK_IsHalted()
T3028 059:036.651 - 0.487ms returns FALSE
T3028 059:145.489 JLINK_IsHalted()
T3028 059:145.913 - 0.465ms returns FALSE
T3028 059:145.980 JLINK_IsHalted()
T3028 059:146.187 - 0.237ms returns FALSE
T3028 059:255.162 JLINK_IsHalted()
T3028 059:255.429 - 0.288ms returns FALSE
T3028 059:255.462 JLINK_IsHalted()
T3028 059:255.698 - 0.246ms returns FALSE
T3028 059:365.165 JLINK_IsHalted()
T3028 059:365.621 - 0.532ms returns FALSE
T3028 059:365.731 JLINK_IsHalted()
T3028 059:366.126 - 0.462ms returns FALSE
T41D8 059:400.785 JLINK_IsHalted()
T41D8 059:401.209 - 0.500ms returns FALSE
T41D8 059:401.319 JLINK_IsHalted()
T41D8 059:401.722 - 0.476ms returns FALSE
T3028 059:473.446 JLINK_IsHalted()
T3028 059:474.084 - 0.726ms returns FALSE
T3028 059:474.207 JLINK_IsHalted()
T3028 059:474.632 - 0.509ms returns FALSE
T3028 059:583.142 JLINK_IsHalted()
T3028 059:583.632 - 0.575ms returns FALSE
T3028 059:583.762 JLINK_IsHalted()
T3028 059:584.159 - 0.451ms returns FALSE
T3028 059:692.240 JLINK_IsHalted()
T3028 059:692.862 - 0.715ms returns FALSE
T3028 059:693.001 JLINK_IsHalted()
T3028 059:693.451 - 0.548ms returns FALSE
T3028 059:801.708 JLINK_IsHalted()
T3028 059:802.180 - 0.495ms returns FALSE
T3028 059:802.213 JLINK_IsHalted()
T3028 059:802.620 - 0.432ms returns FALSE
T3028 059:911.022 JLINK_IsHalted()
T3028 059:911.597 - 0.646ms returns FALSE
T3028 059:911.702 JLINK_IsHalted()
T3028 059:912.061 - 0.432ms returns FALSE
T3028 060:020.672 JLINK_IsHalted()
T3028 060:021.090 - 0.494ms returns FALSE
T3028 060:021.209 JLINK_IsHalted()
T3028 060:021.586 - 0.460ms returns FALSE
T3028 060:129.785 JLINK_IsHalted()
T3028 060:130.053 - 0.296ms returns FALSE
T3028 060:130.097 JLINK_IsHalted()
T3028 060:130.263 - 0.193ms returns FALSE
T3028 060:239.326 JLINK_IsHalted()
T3028 060:239.948 - 0.673ms returns FALSE
T3028 060:240.035 JLINK_IsHalted()
T3028 060:240.349 - 0.353ms returns FALSE
T3028 060:348.474 JLINK_IsHalted()
T3028 060:349.061 - 0.659ms returns FALSE
T3028 060:349.166 JLINK_IsHalted()
T3028 060:349.557 - 0.474ms returns FALSE
T41D8 060:401.783 JLINK_IsHalted()
T41D8 060:402.169 - 0.445ms returns FALSE
T41D8 060:402.260 JLINK_IsHalted()
T41D8 060:402.600 - 0.422ms returns FALSE
T3028 060:458.065 JLINK_IsHalted()
T3028 060:458.565 - 0.605ms returns FALSE
T3028 060:458.729 JLINK_IsHalted()
T3028 060:459.140 - 0.473ms returns FALSE
T3028 060:567.874 JLINK_IsHalted()
T3028 060:568.302 - 0.494ms returns FALSE
T3028 060:568.399 JLINK_IsHalted()
T3028 060:568.662 - 0.326ms returns FALSE
T3028 060:676.681 JLINK_IsHalted()
T3028 060:677.032 - 0.408ms returns FALSE
T3028 060:677.122 JLINK_IsHalted()
T3028 060:677.369 - 0.294ms returns FALSE
T3028 060:785.905 JLINK_IsHalted()
T3028 060:786.382 - 0.558ms returns FALSE
T3028 060:786.500 JLINK_IsHalted()
T3028 060:786.842 - 0.425ms returns FALSE
T3028 060:895.747 JLINK_IsHalted()
T3028 060:896.074 - 0.383ms returns FALSE
T3028 060:896.159 JLINK_IsHalted()
T3028 060:896.395 - 0.288ms returns FALSE
T3028 061:005.249 JLINK_IsHalted()
T3028 061:005.825 - 0.679ms returns FALSE
T3028 061:005.977 JLINK_IsHalted()
T3028 061:006.371 - 0.451ms returns FALSE
T3028 061:114.094 JLINK_IsHalted()
T3028 061:114.569 - 0.519ms returns FALSE
T3028 061:114.633 JLINK_IsHalted()
T3028 061:115.021 - 0.424ms returns FALSE
T3028 061:223.814 JLINK_IsHalted()
T3028 061:224.492 - 0.799ms returns FALSE
T3028 061:224.653 JLINK_IsHalted()
T3028 061:225.202 - 0.625ms returns FALSE
T3028 061:333.705 JLINK_IsHalted()
T3028 061:334.079 - 0.448ms returns FALSE
T3028 061:334.194 JLINK_IsHalted()
T3028 061:334.538 - 0.389ms returns FALSE
T41D8 061:404.164 JLINK_IsHalted()
T41D8 061:404.540 - 0.421ms returns FALSE
T41D8 061:404.607 JLINK_IsHalted()
T41D8 061:404.975 - 0.415ms returns FALSE
T3028 061:442.539 JLINK_IsHalted()
T3028 061:442.865 - 0.336ms returns FALSE
T3028 061:442.885 JLINK_IsHalted()
T3028 061:443.104 - 0.227ms returns FALSE
T3028 061:552.070 JLINK_IsHalted()
T3028 061:552.559 - 0.561ms returns FALSE
T3028 061:552.664 JLINK_IsHalted()
T3028 061:553.013 - 0.415ms returns FALSE
T3028 061:661.005 JLINK_IsHalted()
T3028 061:661.433 - 0.507ms returns FALSE
T3028 061:661.556 JLINK_IsHalted()
T3028 061:661.949 - 0.447ms returns FALSE
T3028 061:770.519 JLINK_IsHalted()
T3028 061:770.990 - 0.542ms returns FALSE
T3028 061:771.095 JLINK_IsHalted()
T3028 061:771.415 - 0.391ms returns FALSE
T3028 061:879.730 JLINK_IsHalted()
T3028 061:880.138 - 0.472ms returns FALSE
T3028 061:880.235 JLINK_IsHalted()
T3028 061:880.529 - 0.360ms returns FALSE
T3028 061:989.134 JLINK_IsHalted()
T3028 061:989.498 - 0.398ms returns FALSE
T3028 061:989.549 JLINK_IsHalted()
T3028 061:989.742 - 0.222ms returns FALSE
T3028 062:098.245 JLINK_IsHalted()
T3028 062:098.677 - 0.490ms returns FALSE
T3028 062:098.765 JLINK_IsHalted()
T3028 062:099.132 - 0.419ms returns FALSE
T3028 062:208.505 JLINK_IsHalted()
T3028 062:208.793 - 0.309ms returns FALSE
T3028 062:208.824 JLINK_IsHalted()
T3028 062:209.122 - 0.362ms returns FALSE
T3028 062:317.265 JLINK_IsHalted()
T3028 062:317.656 - 0.426ms returns FALSE
T3028 062:317.705 JLINK_IsHalted()
T3028 062:317.888 - 0.221ms returns FALSE
T41D8 062:406.037 JLINK_IsHalted()
T41D8 062:408.842 - 2.889ms returns ERROR
T41D8 062:408.950 JLINK_IsHalted()
T41D8 062:412.703 - 3.815ms returns ERROR
T3028 062:426.430 JLINK_IsHalted()
T3028 062:430.602 - 4.476ms returns ERROR
T3028 062:430.957 JLINK_IsHalted()
T3028 062:434.518 - 3.608ms returns ERROR
T4C04 062:444.169 JLINK_Halt()
T4C04 062:453.358   CPU could not be halted
T4C04 062:453.800 - 9.643ms returns 0x01
T4C04 062:453.906 JLINK_ReadRegs_64(NumRegs = 1, Indexes: 
T4C04 062:453.940   41)
T4C04 062:453.985   CPU is running
T4C04 062:454.014   
  ***** Error: 
T4C04 062:454.040   Cannot read register 41 (CPSR) while CPU is running
T4C04 062:454.066    -- CPSR=0xDEADBEEF (failed)
T4C04 062:454.093 - 0.197ms returns 0
T4C04 062:463.519 JLINK_Close()
T4C04 062:509.287 - 45.928ms
T4C04 062:509.461   
T4C04 062:509.487   Closed
