T074C 000:001.092   SEGGER J-Link V7.92c Log File
T074C 000:001.230   DLL Compiled: Aug 30 2023 14:52:37
T074C 000:001.243   Logging started @ 2023-10-25 07:54
T074C 000:001.257 - 1.255ms
T074C 000:001.275 JLINK_GetDLLVersion()
T074C 000:001.290 - 0.013ms returns 79203
T074C 000:001.878 JLINK_OpenEx(...)
T074C 000:014.789   Firmware: J-Link V11 compiled Aug  2 2023 10:34:01
T074C 000:015.330   Firmware: J-Link V11 compiled Aug  2 2023 10:34:01
T074C 000:018.114   Hardware: V11.00
T074C 000:018.151   S/N: 51026937
T074C 000:018.169   OEM: SEGGER
T074C 000:018.188   Feature(s): GDB
T074C 000:021.198   Bootloader: 2019 Jul 04
T074C 000:021.705   USB speed mode: High speed (480 MBit/s)
T074C 000:022.096   TELNET listener socket opened on port 19021
T074C 000:022.289   WEBSRV WEBSRV_Init(): Starting webserver thread(s)
T074C 000:022.504   WEBSRV Webserver running on local port 19080
T074C 000:022.677   Looking for J-Link GUI Server exe at: C:\Users\a5134593\.eclipse\com.renesas.platform_1855088138\DebugComp\RZ\ARM\Segger_v7.92.3\JLinkGUIServer.exe
T074C 000:022.835   Looking for J-Link GUI Server exe at: \JLinkGUIServer.exe
T074C 000:324.612   Failed to connect to J-Link GUI Server.
T074C 000:324.724 - 322.838ms returns "O.K."
T074C 000:324.970 JLINK_ExecCommand("ProjectFile=C:\work_rza3ul\rza3ul_demo_azure_iot-v1.1\RZA3UL_demo_azure_iot/RZA3UL_demo_azure_iot Debug.jlink", ...). 
T074C 000:344.512 - 19.542ms returns 0x00
T074C 000:346.072 JLINK_ExecCommand("device=R9A07G063U02GBG?BankAddr=0x20000000&Loader=QuadSPI", ...). 
T074C 000:346.103   Flash bank @ 0x20000000: Stored loader selection. Loader = QuadSPI
T074C 000:354.481   Device "R9A07G063U02GBG" selected.
T074C 000:355.926 - 9.828ms returns 0x00
T074C 000:355.992 JLINK_ExecCommand("SetCPUConnectIDCODE = FFFFFFFFFFFFFFFFFFFFFFFFFFFFFFFF", ...). 
T074C 000:356.013 - 0.004ms returns 0x00
T074C 000:356.027 JLINK_TIF_GetAvailable(...)
T074C 000:356.400 - 0.372ms
T074C 000:356.435 JLINK_TIF_Select(JLINKARM_TIF_JTAG)
T074C 000:358.057 - 1.621ms returns 0x00
T074C 000:358.124 JLINK_SetSpeed(15000)
T074C 000:358.275 - 0.151ms
T074C 000:358.307 JLINK_SetEndian(ARM_ENDIAN_LITTLE)
T074C 000:358.321 - 0.014ms returns 0
T074C 000:358.339 JLINK_SetInitRegsOnReset(OFF)
T074C 000:358.352 - 0.014ms returns 1
T074C 000:358.368 JLINK_SetResetType(JLINKARM_RESET_TYPE_NORMAL)
T074C 000:358.382 - 0.014ms returns JLINKARM_RESET_TYPE_NORMAL
T074C 000:358.396 JLINK_ExecCommand("EnableFlashBPs", ...). 
T074C 000:358.410 - 0.000ms returns 0x00
T074C 000:358.425 JLINK_ExecCommand("SetAllowFlashCache = 1", ...). 
T074C 000:358.439 - 0.000ms returns 0x01
T074C 000:358.453 JLINK_ExecCommand("SetRestartOnClose = 0", ...). 
T074C 000:358.467 - 0.001ms returns 0x01
T074C 000:358.481 JLINK_EnableSoftBPs(ON)
T074C 000:358.494 - 0.012ms
T074C 000:358.507 JLINK_Connect()
T074C 000:359.679   TotalIRLen = 4, IRPrint = 0x01
T074C 000:360.264   JTAG chain detection found 1 devices:
T074C 000:360.321    #0 Id: 0x6BA00477, IRLen: 04, CoreSight JTAG-DP
T074C 000:361.505   DPv0 detected
T074C 000:361.545   Scanning AP map to find all available APs
T074C 000:363.225   AP[4]: Stopped AP scan as end of AP map has been reached
T074C 000:363.269   AP[0]: APB-AP (IDR: 0x54770002)
T074C 000:363.290   AP[1]: AXI-AP (IDR: 0x44770004)
T074C 000:363.312   AP[2]: AHB-AP (IDR: 0x84770001)
T074C 000:363.332   AP[3]: AHB-AP (IDR: 0x84770001)
T074C 000:363.352   Iterating through AP map to find APB-AP to use
T074C 000:363.374   AP[0]: APB-AP found
T074C 000:363.408   No AP map specified by user. Setting auto-detected AP map.
T074C 000:363.635   Scanning ROMTbl @ 0x10C00000
T074C 000:364.824   [0]Comp[0] @ 0x10C10000: TSG
T074C 000:365.539   [0]Comp[1] @ 0x10C20000: TMC
T074C 000:366.281   [0]Comp[2] @ 0x10C30000: ETB
T074C 000:366.934   [0]Comp[3] @ 0x10C40000: CSTF
T074C 000:367.427   [0]Comp[4] @ 0x10C50000: CTI (?)
T074C 000:367.879   [0]Comp[5] @ 0x10C60000: CTI (?)
T074C 000:368.391   [0]Comp[6] @ 0x10E00000: ROM Table
T074C 000:368.414   Scanning ROMTbl @ 0x10E00000
T074C 000:369.554   [1]Comp[0] @ 0x10E10000: Cortex-A55
T074C 000:370.014   [1]Comp[1] @ 0x10E20000: CSS600-CTI
T074C 000:370.037   Core found. Stopped ROM table scan: https://wiki.segger.com/ROMTableScan
T074C 000:370.063   Cortex-A55 @ 0x10E10000 (detected)
T074C 000:370.083   CoreCTI @ 0x10E20000 (detected)
T074C 000:370.380   Debug architecture: ARMv8.2
T074C 000:370.423   6 code breakpoints, 4 data breakpoints
T074C 000:370.613   Processor features:
T074C 000:370.639     EL0 support: AArch64 + AArch32
T074C 000:370.661     EL1 support: AArch64 + AArch32
T074C 000:370.681     EL2 support: AArch64 + AArch32
T074C 000:370.700     EL3 support: AArch64 + AArch32
T074C 000:370.720     FPU support: Single + Double + Conversion + single arithmetic
T074C 000:371.083   -- Max. mem block: 0x00004E50
T074C 000:374.508   Current exception level: EL3
T074C 000:374.533   Exception level AArch usage:
T074C 000:374.553     EL0: AArch64
T074C 000:374.573     EL1: AArch64
T074C 000:374.593     EL2: AArch64
T074C 000:374.613     EL3: AArch64
T074C 000:374.633   Non-secure status: Secure
T074C 000:374.823   Cache info:
T074C 000:374.845     Inner cache boundary: L2
T074C 000:374.865     LoU Uniprocessor: 0
T074C 000:374.885     LoC: 2
T074C 000:374.905     LoU Inner Shareable: 0
T074C 000:375.429   I-Cache L1: 32 KB, 128 Sets, 64 Bytes/Line, 4-Way
T074C 000:375.452   D-Cache L1: 32 KB, 128 Sets, 64 Bytes/Line, 4-Way
T074C 000:375.473   Unified-Cache L2: 256 KB, 256 Sets, 64 Bytes/Line, 16-Way
T074C 000:375.706   VMSAv8-64: Supports 48-bit VAs
T074C 000:375.743 - 17.235ms returns 0x00
T074C 000:375.799 JLINK_ResetPullsRESET(ON)
T074C 000:375.815 - 0.016ms
T074C 000:375.830 JLINK_Halt()
T074C 000:375.845 - 0.015ms returns 0x00
T074C 000:375.859 JLINK_IsHalted()
T074C 000:375.877 - 0.017ms returns TRUE
T074C 000:375.891 JLINK_Reset()
T074C 000:497.451   Reset confused the core.
T074C 000:498.177   Disabled core power domain detected.
T074C 000:499.702   
  ***** Warning: 
T074C 000:499.798   CPU not halted after Reset, halting using Halt request
T074C 000:505.950 - 130.058ms
T074C 000:505.985 JLINK_SetEndian(ARM_ENDIAN_LITTLE)
T074C 000:505.999 - 0.014ms returns 0
T074C 000:506.021 JLINK_IsHalted()
T074C 000:506.036 - 0.014ms returns TRUE
T074C 000:506.325 JLINK_MeasureCPUSpeed(RAMAddr = 0xFFFFFFFF)
T074C 000:506.348 - 0.023ms returns 0
T074C 000:506.471 JLINK_ReadRegs_64(NumRegs = 1, Indexes: 
T074C 000:506.486   41)
T074C 000:506.510    -- CPSR=0x400003CD
T074C 000:506.530 - 0.059ms returns 0
T4370 000:768.135 JLINK_BeginDownload(Flags = 0x00000000)
T4370 000:768.257 - 0.123ms
T4370 000:786.059 JLINK_WriteMem(0x00012000, 0xBD0 Bytes, ...)
T4370 000:786.148   Data:  04 06 81 D2 A4 18 A6 F2 04 10 1E D5 DF 3F 03 D5 ...
T4370 000:786.455   CPU_WriteMem(3024 bytes @ 0x00012000)
T4370 000:790.744 - 4.686ms returns 0xBD0
T4370 000:791.258 JLINK_WriteMem(0x00012BD0, 0xBC0 Bytes, ...)
T4370 000:791.321   Data:  C0 03 5F D6 FD 7B BE A9 FD 03 00 91 F3 0B 00 F9 ...
T4370 000:791.369   CPU_WriteMem(3008 bytes @ 0x00012BD0)
T4370 000:795.822 - 4.556ms returns 0xBC0
T4370 000:797.492 JLINK_WriteMem(0x00013790, 0xBB0 Bytes, ...)
T4370 000:797.574   Data:  5F 04 00 71 61 00 00 54 02 8C 43 A9 43 00 00 F9 ...
T4370 000:797.720   CPU_WriteMem(2992 bytes @ 0x00013790)
T4370 000:802.086 - 4.596ms returns 0xBB0
T4370 000:802.656 JLINK_WriteMem(0x00014340, 0xBB0 Bytes, ...)
T4370 000:802.722   Data:  24 6C 1C 53 84 00 00 32 7F 00 13 6B 21 05 00 54 ...
T4370 000:802.777   CPU_WriteMem(2992 bytes @ 0x00014340)
T4370 000:806.880 - 4.223ms returns 0xBB0
T4370 000:807.385 JLINK_WriteMem(0x00014EF0, 0xBA0 Bytes, ...)
T4370 000:807.442   Data:  07 C0 80 52 2A 68 66 38 21 00 00 90 21 28 26 91 ...
T4370 000:807.484   CPU_WriteMem(2976 bytes @ 0x00014EF0)
T4370 000:811.644 - 4.257ms returns 0xBA0
T4370 000:812.138 JLINK_WriteMem(0x00015A90, 0xBC0 Bytes, ...)
T4370 000:812.199   Data:  21 04 04 32 01 80 00 B9 01 84 40 B9 21 70 15 12 ...
T4370 000:812.236   CPU_WriteMem(3008 bytes @ 0x00015A90)
T4370 000:816.399 - 4.260ms returns 0xBC0
T4370 000:817.013 JLINK_WriteMem(0x00016650, 0xB90 Bytes, ...)
T4370 000:817.110   Data:  24 68 23 F8 21 20 00 91 3F 80 00 F1 61 FF FF 54 ...
T4370 000:817.187   CPU_WriteMem(2960 bytes @ 0x00016650)
T4370 000:821.309 - 4.296ms returns 0xB90
T4370 000:821.667 JLINK_WriteMem(0x000171E0, 0xBE0 Bytes, ...)
T4370 000:821.709   Data:  FF 4F 00 B9 E3 93 06 A9 E2 0F 43 A9 E2 0F 01 A9 ...
T4370 000:821.740   CPU_WriteMem(3040 bytes @ 0x000171E0)
T4370 000:825.948 - 4.279ms returns 0xBE0
T4370 000:826.562 JLINK_WriteMem(0x00017DC0, 0xBE0 Bytes, ...)
T4370 000:826.640   Data:  98 01 00 00 00 00 00 00 9C 01 00 00 00 00 00 00 ...
T4370 000:826.705   CPU_WriteMem(3040 bytes @ 0x00017DC0)
T4370 000:830.873 - 4.310ms returns 0xBE0
T4370 000:831.398 JLINK_WriteMem(0x000189A0, 0xBE0 Bytes, ...)
T4370 000:831.468   Data:  2C 20 44 65 63 20 31 36 20 32 30 32 32 00 00 00 ...
T4370 000:831.526   CPU_WriteMem(3040 bytes @ 0x000189A0)
T4370 000:835.855 - 4.456ms returns 0xBE0
T4370 000:836.270 JLINK_WriteMem(0x00019580, 0xA80 Bytes, ...)
T4370 000:836.332   Data:  60 01 80 D2 9C E3 FF 97 9D E3 FF 97 00 00 00 00 ...
T4370 000:836.370   CPU_WriteMem(2688 bytes @ 0x00019580)
T4370 000:840.213 - 3.942ms returns 0xA80
T4370 000:840.699 JLINK_WriteMem(0x0001A000, 0x665 Bytes, ...)
T4370 000:840.765   Data:  90 72 01 00 00 00 00 00 00 00 00 00 00 00 00 00 ...
T4370 000:840.818   CPU_WriteMem(1637 bytes @ 0x0001A000)
T4370 000:843.558 - 2.857ms returns 0x665
T4370 000:855.527 JLINK_WriteMem(0x20020000, 0xBE0 Bytes, ...)
T4370 000:855.624   Data:  00 00 20 40 00 00 00 00 FF FF DF BF FF FF FF FF ...
T4370 000:855.935   completely In flash
T4370 000:855.974 - 0.448ms returns 0xBE0
T4370 000:856.524 JLINK_WriteMem(0x20020BE0, 0xBE0 Bytes, ...)
T4370 000:856.593   Data:  00 00 00 00 00 00 00 00 00 00 00 00 00 00 00 00 ...
T4370 000:856.620   completely In flash
T4370 000:856.642 - 0.118ms returns 0xBE0
T4370 000:856.962 JLINK_WriteMem(0x200217C0, 0xBE0 Bytes, ...)
T4370 000:856.997   Data:  1F 20 03 D5 1F 20 03 D5 1F 20 03 D5 1F 20 03 D5 ...
T4370 000:857.035   completely In flash
T4370 000:857.058 - 0.096ms returns 0xBE0
T4370 000:857.379 JLINK_WriteMem(0x200223A0, 0xBE0 Bytes, ...)
T4370 000:857.415   Data:  1F 20 03 D5 1F 20 03 D5 1F 20 03 D5 1F 20 03 D5 ...
T4370 000:857.467   completely In flash
T4370 000:857.490 - 0.111ms returns 0xBE0
T4370 000:857.779 JLINK_WriteMem(0x20022F80, 0xBB0 Bytes, ...)
T4370 000:857.823   Data:  E4 17 BF A9 E6 1F BF A9 E4 03 00 AA E1 8F 1F F8 ...
T4370 000:857.877   completely In flash
T4370 000:857.903 - 0.124ms returns 0xBB0
T4370 000:858.259 JLINK_WriteMem(0x20023B30, 0xBB0 Bytes, ...)
T4370 000:858.312   Data:  B4 4E 01 94 E4 B3 00 91 E3 C3 00 91 C2 00 80 52 ...
T4370 000:858.355   completely In flash
T4370 000:858.380 - 0.121ms returns 0xBB0
T4370 000:858.704 JLINK_WriteMem(0x200246E0, 0xBA0 Bytes, ...)
T4370 000:858.739   Data:  90 16 2B 40 00 00 00 00 48 8C 26 40 00 00 00 00 ...
T4370 000:858.779   completely In flash
T4370 000:858.801 - 0.096ms returns 0xBA0
T4370 000:859.094 JLINK_WriteMem(0x20025280, 0xBC0 Bytes, ...)
T4370 000:859.125   Data:  21 00 00 FD 02 00 62 1E 21 18 62 1E 00 00 00 90 ...
T4370 000:859.148   completely In flash
T4370 000:859.170 - 0.075ms returns 0xBC0
T4370 000:859.377 JLINK_WriteMem(0x20025E40, 0xBC0 Bytes, ...)
T4370 000:859.420   Data:  28 99 26 40 00 00 00 00 FD 7B BE A9 FD 03 00 91 ...
T4370 000:859.444   completely In flash
T4370 000:859.469 - 0.092ms returns 0xBC0
T4370 000:859.781 JLINK_WriteMem(0x20026A00, 0xBB0 Bytes, ...)
T4370 000:859.814   Data:  A0 20 40 B9 60 00 00 34 A0 0C 40 F9 C0 00 00 B4 ...
T4370 000:859.840   completely In flash
T4370 000:859.867 - 0.086ms returns 0xBB0
T4370 000:860.038 JLINK_WriteMem(0x200275B0, 0xBC0 Bytes, ...)
T4370 000:860.062   Data:  01 00 00 90 21 6C 42 F9 35 00 40 F9 76 4A 40 B9 ...
T4370 000:860.089   completely In flash
T4370 000:860.111 - 0.072ms returns 0xBC0
T4370 000:860.380 JLINK_WriteMem(0x20028170, 0xBD0 Bytes, ...)
T4370 000:860.423   Data:  81 00 00 B9 65 00 00 B4 01 0C 41 B9 A1 00 00 B9 ...
T4370 000:860.454   completely In flash
T4370 000:860.475 - 0.095ms returns 0xBD0
T4370 000:860.653 JLINK_WriteMem(0x20028D40, 0xBC0 Bytes, ...)
T4370 000:860.688   Data:  61 2A 41 B9 94 7E 40 92 34 42 1B D5 62 00 00 B4 ...
T4370 000:860.710   completely In flash
T4370 000:860.738 - 0.085ms returns 0xBC0
T4370 000:860.977 JLINK_WriteMem(0x20029900, 0xBD0 Bytes, ...)
T4370 000:861.025   Data:  21 00 40 B9 61 00 00 34 60 02 80 52 C0 03 5F D6 ...
T4370 000:861.052   completely In flash
T4370 000:861.079 - 0.103ms returns 0xBD0
T4370 000:861.338 JLINK_WriteMem(0x2002A4D0, 0xBC0 Bytes, ...)
T4370 000:861.398   Data:  94 26 40 F9 00 04 00 11 F7 FF FF 17 20 42 3B D5 ...
T4370 000:861.434   completely In flash
T4370 000:861.463 - 0.125ms returns 0xBC0
T4370 000:861.640 JLINK_WriteMem(0x2002B090, 0xBD0 Bytes, ...)
T4370 000:861.680   Data:  FF 0B 00 B9 FF 03 00 F9 07 00 80 D2 E5 03 13 AA ...
T4370 000:861.707   completely In flash
T4370 000:861.733 - 0.093ms returns 0xBD0
T4370 000:861.901 JLINK_WriteMem(0x2002BC60, 0xBA0 Bytes, ...)
T4370 000:861.921   Data:  C0 02 19 0B 00 00 18 0B 00 00 00 0B 1F 00 02 6B ...
T4370 000:861.948   completely In flash
T4370 000:861.978 - 0.077ms returns 0xBA0
T4370 000:862.125 JLINK_WriteMem(0x2002C800, 0xBC0 Bytes, ...)
T4370 000:862.143   Data:  60 9E 43 F9 20 00 3F D6 F5 5B 45 A9 F7 63 46 A9 ...
T4370 000:862.167   completely In flash
T4370 000:862.192 - 0.067ms returns 0xBC0
T4370 000:862.356 JLINK_WriteMem(0x2002D3C0, 0xBD0 Bytes, ...)
T4370 000:862.377   Data:  FA FF FF 17 1F 20 03 D5 50 30 2B 40 00 00 00 00 ...
T4370 000:862.401   completely In flash
T4370 000:862.423 - 0.066ms returns 0xBD0
T4370 000:862.574 JLINK_WriteMem(0x2002DF90, 0xBB0 Bytes, ...)
T4370 000:862.603   Data:  48 F0 FF 54 00 00 02 0B E1 02 40 B9 00 00 01 0B ...
T4370 000:862.629   completely In flash
T4370 000:862.659 - 0.085ms returns 0xBB0
T4370 000:862.855 JLINK_WriteMem(0x2002EB40, 0xBB0 Bytes, ...)
T4370 000:862.895   Data:  40 21 80 52 F8 FF FF 17 03 A8 40 79 63 00 00 34 ...
T4370 000:862.921   completely In flash
T4370 000:862.945 - 0.090ms returns 0xBB0
T4370 000:863.138 JLINK_WriteMem(0x2002F6F0, 0xBC0 Bytes, ...)
T4370 000:863.176   Data:  F9 6B 45 A9 FB 33 40 F9 E4 FF FF 17 1F 20 03 D5 ...
T4370 000:863.199   completely In flash
T4370 000:863.221 - 0.084ms returns 0xBC0
T4370 000:863.400 JLINK_WriteMem(0x200302B0, 0xBC0 Bytes, ...)
T4370 000:863.433   Data:  E0 0B 00 F9 00 02 80 52 E0 0B 00 B9 00 00 00 90 ...
T4370 000:863.458   completely In flash
T4370 000:863.479 - 0.079ms returns 0xBC0
T4370 000:863.617 JLINK_WriteMem(0x20030E70, 0xBB0 Bytes, ...)
T4370 000:863.637   Data:  F4 4A 38 38 61 03 00 79 55 03 00 B9 00 00 80 52 ...
T4370 000:863.659   completely In flash
T4370 000:863.681 - 0.063ms returns 0xBB0
T4370 000:863.823 JLINK_WriteMem(0x20031A20, 0xBB0 Bytes, ...)
T4370 000:863.852   Data:  7F 1A 00 71 61 FD FF 54 E0 47 40 F9 E0 1E 00 F9 ...
T4370 000:863.875   completely In flash
T4370 000:863.897 - 0.074ms returns 0xBB0
T4370 000:864.019 JLINK_WriteMem(0x200325D0, 0xBB0 Bytes, ...)
T4370 000:864.039   Data:  F6 FF FF 17 00 4D 40 B9 1F 04 00 71 A1 FE FF 54 ...
T4370 000:864.099   completely In flash
T4370 000:864.121 - 0.102ms returns 0xBB0
T4370 000:864.243 JLINK_WriteMem(0x20033180, 0xBC0 Bytes, ...)
T4370 000:864.262   Data:  E5 43 01 91 E4 63 01 91 E3 73 01 91 E2 7B 01 91 ...
T4370 000:864.284   completely In flash
T4370 000:864.304 - 0.062ms returns 0xBC0
T4370 000:864.424 JLINK_WriteMem(0x20033D40, 0xBB0 Bytes, ...)
T4370 000:864.444   Data:  E0 27 00 F9 94 02 02 4B C1 02 40 B9 21 00 02 0B ...
T4370 000:864.469   completely In flash
T4370 000:864.491 - 0.066ms returns 0xBB0
T4370 000:864.612 JLINK_WriteMem(0x200348F0, 0xBD0 Bytes, ...)
T4370 000:864.634   Data:  E1 53 40 F9 80 00 80 52 00 01 3F D6 F4 03 00 2A ...
T4370 000:864.658   completely In flash
T4370 000:864.680 - 0.069ms returns 0xBD0
T4370 000:864.807 JLINK_WriteMem(0x200354C0, 0xBC0 Bytes, ...)
T4370 000:864.891   Data:  43 3C 40 92 04 00 00 90 84 84 41 F9 84 00 40 F9 ...
T4370 000:864.918   completely In flash
T4370 000:864.941 - 0.134ms returns 0xBC0
T4370 000:865.080 JLINK_WriteMem(0x20036080, 0xBB0 Bytes, ...)
T4370 000:865.106   Data:  F3 03 00 2A C0 05 00 35 E0 BB 40 79 20 05 00 35 ...
T4370 000:865.167   completely In flash
T4370 000:865.191 - 0.111ms returns 0xBB0
T4370 000:865.319 JLINK_WriteMem(0x20036C30, 0xBC0 Bytes, ...)
T4370 000:865.342   Data:  0D 08 0D 8B AD 05 40 B9 E7 00 0D 4A E8 7C 40 B3 ...
T4370 000:865.366   completely In flash
T4370 000:865.416 - 0.097ms returns 0xBC0
T4370 000:865.580 JLINK_WriteMem(0x200377F0, 0xBC0 Bytes, ...)
T4370 000:865.606   Data:  40 00 A0 72 F5 5B 42 A9 B1 FF FF 17 E0 00 80 52 ...
T4370 000:865.630   completely In flash
T4370 000:865.652 - 0.072ms returns 0xBC0
T4370 000:865.777 JLINK_WriteMem(0x200383B0, 0xBB0 Bytes, ...)
T4370 000:865.798   Data:  34 04 00 91 42 04 00 51 53 7C 01 53 E2 03 13 2A ...
T4370 000:865.819   completely In flash
T4370 000:865.842 - 0.065ms returns 0xBB0
T4370 000:865.957 JLINK_WriteMem(0x20038F60, 0xBC0 Bytes, ...)
T4370 000:865.980   Data:  E0 03 15 AA DA FD FF 97 E1 63 01 91 E0 E3 02 91 ...
T4370 000:866.011   completely In flash
T4370 000:866.034 - 0.076ms returns 0xBC0
T4370 000:866.223 JLINK_WriteMem(0x20039B20, 0xBB0 Bytes, ...)
T4370 000:866.249   Data:  C0 03 5F D6 1F 20 03 D5 08 98 27 40 00 00 00 00 ...
T4370 000:866.272   completely In flash
T4370 000:866.294 - 0.071ms returns 0xBB0
T4370 000:866.413 JLINK_WriteMem(0x2003A6D0, 0xBB0 Bytes, ...)
T4370 000:866.435   Data:  FF DB 00 B9 E3 DF 00 B9 FF E3 00 B9 B5 02 00 8B ...
T4370 000:866.458   completely In flash
T4370 000:866.479 - 0.066ms returns 0xBB0
T4370 000:866.599 JLINK_WriteMem(0x2003B280, 0xBB0 Bytes, ...)
T4370 000:866.622   Data:  F5 5B 45 A9 F7 63 46 A9 F9 6B 47 A9 FB 43 40 F9 ...
T4370 000:866.644   completely In flash
T4370 000:866.666 - 0.067ms returns 0xBB0
T4370 000:866.791 JLINK_WriteMem(0x2003BE30, 0xBB0 Bytes, ...)
T4370 000:866.819   Data:  E4 58 23 B8 63 04 00 11 21 09 40 B9 3F 00 03 6B ...
T4370 000:866.842   completely In flash
T4370 000:866.864 - 0.073ms returns 0xBB0
T4370 000:866.988 JLINK_WriteMem(0x2003C9E0, 0xBD0 Bytes, ...)
T4370 000:867.016   Data:  41 04 00 11 21 74 1E 53 E0 3F 00 F9 FF 83 00 B9 ...
T4370 000:867.040   completely In flash
T4370 000:867.062 - 0.073ms returns 0xBD0
T4370 000:867.192 JLINK_WriteMem(0x2003D5B0, 0xBB0 Bytes, ...)
T4370 000:867.212   Data:  E0 8B 00 B9 63 02 40 F9 42 74 1E 53 E1 02 40 F9 ...
T4370 000:867.235   completely In flash
T4370 000:867.257 - 0.065ms returns 0xBB0
T4370 000:867.376 JLINK_WriteMem(0x2003E160, 0xBC0 Bytes, ...)
T4370 000:867.395   Data:  AD 59 C9 4A C3 00 0A 4A 63 00 09 0A C4 00 0A 0A ...
T4370 000:867.418   completely In flash
T4370 000:867.440 - 0.064ms returns 0xBC0
T4370 000:867.562 JLINK_WriteMem(0x2003ED20, 0xBC0 Bytes, ...)
T4370 000:867.580   Data:  C0 04 00 54 1F 14 00 71 40 03 00 54 80 01 80 52 ...
T4370 000:867.603   completely In flash
T4370 000:867.623 - 0.061ms returns 0xBC0
T4370 000:867.737 JLINK_WriteMem(0x2003F8E0, 0xBC0 Bytes, ...)
T4370 000:867.756   Data:  60 00 A0 72 3F 00 00 6B 20 03 00 54 00 01 80 52 ...
T4370 000:867.777   completely In flash
T4370 000:867.798 - 0.061ms returns 0xBC0
T4370 000:867.947 JLINK_WriteMem(0x200404A0, 0xBB0 Bytes, ...)
T4370 000:867.968   Data:  7A 3E 00 B9 77 42 00 B9 7F 06 00 B9 7F 0A 00 B9 ...
T4370 000:867.991   completely In flash
T4370 000:868.012 - 0.065ms returns 0xBB0
T4370 000:868.134 JLINK_WriteMem(0x20041050, 0xBA0 Bytes, ...)
T4370 000:868.153   Data:  F5 5B 42 A9 F7 63 43 A9 F9 23 40 F9 F6 FF FF 17 ...
T4370 000:868.174   completely In flash
T4370 000:868.196 - 0.062ms returns 0xBA0
T4370 000:868.311 JLINK_WriteMem(0x20041BF0, 0xBB0 Bytes, ...)
T4370 000:868.330   Data:  FD 7B BD A9 FD 03 00 91 F3 53 01 A9 F5 5B 02 A9 ...
T4370 000:868.353   completely In flash
T4370 000:868.374 - 0.062ms returns 0xBB0
T4370 000:868.490 JLINK_WriteMem(0x200427A0, 0xBA0 Bytes, ...)
T4370 000:868.558   Data:  44 00 01 0A 9F 00 03 6B 60 05 00 54 01 18 40 B9 ...
T4370 000:868.584   completely In flash
T4370 000:868.605 - 0.114ms returns 0xBA0
T4370 000:868.729 JLINK_WriteMem(0x20043340, 0xBC0 Bytes, ...)
T4370 000:868.751   Data:  40 00 00 B4 94 02 1B 32 F3 09 40 37 9F 02 13 6B ...
T4370 000:868.773   completely In flash
T4370 000:868.795 - 0.065ms returns 0xBC0
T4370 000:868.909 JLINK_WriteMem(0x20043F00, 0xBD0 Bytes, ...)
T4370 000:868.928   Data:  20 00 3F D6 E0 5F 40 B9 00 78 18 12 E0 5F 00 B9 ...
T4370 000:868.951   completely In flash
T4370 000:868.973 - 0.064ms returns 0xBD0
T4370 000:869.130 JLINK_WriteMem(0x20044AD0, 0xBC0 Bytes, ...)
T4370 000:869.155   Data:  FD 03 00 91 F3 53 01 A9 E8 03 00 AA F4 03 06 AA ...
T4370 000:869.179   completely In flash
T4370 000:869.200 - 0.070ms returns 0xBC0
T4370 000:869.330 JLINK_WriteMem(0x20045690, 0xBC0 Bytes, ...)
T4370 000:869.354   Data:  40 04 40 39 00 04 00 11 00 70 1D 53 A3 32 40 F9 ...
T4370 000:869.377   completely In flash
T4370 000:869.398 - 0.068ms returns 0xBC0
T4370 000:869.534 JLINK_WriteMem(0x20046250, 0xBC0 Bytes, ...)
T4370 000:869.554   Data:  20 14 40 F9 21 0C 40 F9 00 00 01 CB B5 02 00 0B ...
T4370 000:869.577   completely In flash
T4370 000:869.598 - 0.064ms returns 0xBC0
T4370 000:869.715 JLINK_WriteMem(0x20046E10, 0xBD0 Bytes, ...)
T4370 000:869.734   Data:  00 00 80 52 EE FF FF 17 E0 03 16 AA 35 82 FF 97 ...
T4370 000:869.756   completely In flash
T4370 000:869.777 - 0.062ms returns 0xBD0
T4370 000:869.895 JLINK_WriteMem(0x200479E0, 0xBC0 Bytes, ...)
T4370 000:869.915   Data:  20 F5 FF 34 E0 7F 40 B9 E0 01 00 35 A0 52 41 39 ...
T4370 000:869.937   completely In flash
T4370 000:869.958 - 0.062ms returns 0xBC0
T4370 000:870.077 JLINK_WriteMem(0x200485A0, 0xBD0 Bytes, ...)
T4370 000:870.097   Data:  00 04 00 54 06 00 80 D2 05 20 80 52 25 20 A0 72 ...
T4370 000:870.119   completely In flash
T4370 000:870.141 - 0.064ms returns 0xBD0
T4370 000:870.264 JLINK_WriteMem(0x20049170, 0xBD0 Bytes, ...)
T4370 000:870.283   Data:  0B 09 00 94 C6 FF FF 17 E1 03 14 AA E0 03 13 AA ...
T4370 000:870.304   completely In flash
T4370 000:870.325 - 0.061ms returns 0xBD0
T4370 000:870.438 JLINK_WriteMem(0x20049D40, 0xBD0 Bytes, ...)
T4370 000:870.457   Data:  60 9A 00 B9 20 48 40 B9 62 9E 40 B9 00 00 02 0B ...
T4370 000:870.478   completely In flash
T4370 000:870.499 - 0.060ms returns 0xBD0
T4370 000:870.615 JLINK_WriteMem(0x2004A910, 0xBD0 Bytes, ...)
T4370 000:870.635   Data:  5F 00 00 6B 80 00 00 54 F3 0B 40 F9 FD 7B C2 A8 ...
T4370 000:870.656   completely In flash
T4370 000:870.677 - 0.061ms returns 0xBD0
T4370 000:870.792 JLINK_WriteMem(0x2004B4E0, 0xBD0 Bytes, ...)
T4370 000:870.811   Data:  80 05 00 B4 01 00 80 52 60 42 05 91 75 00 00 94 ...
T4370 000:870.832   completely In flash
T4370 000:870.853 - 0.061ms returns 0xBD0
T4370 000:870.967 JLINK_WriteMem(0x2004C0B0, 0xBD0 Bytes, ...)
T4370 000:870.987   Data:  62 4E 40 B9 40 04 00 11 60 4E 00 B9 63 52 40 B9 ...
T4370 000:871.008   completely In flash
T4370 000:871.030 - 0.062ms returns 0xBD0
T4370 000:871.149 JLINK_WriteMem(0x2004CC80, 0xB90 Bytes, ...)
T4370 000:871.168   Data:  E0 03 01 2A 1C 00 00 14 85 04 00 51 46 48 E5 38 ...
T4370 000:871.190   completely In flash
T4370 000:871.211 - 0.062ms returns 0xB90
T4370 000:871.327 JLINK_WriteMem(0x2004D810, 0xBC0 Bytes, ...)
T4370 000:871.345   Data:  3F 00 00 6B 40 01 00 54 E0 03 13 2A 01 0D 80 D2 ...
T4370 000:871.390   completely In flash
T4370 000:871.412 - 0.084ms returns 0xBC0
T4370 000:871.558 JLINK_WriteMem(0x2004E3D0, 0xBC0 Bytes, ...)
T4370 000:871.579   Data:  F7 63 44 A9 F0 FF FF 17 40 01 80 52 F5 5B 43 A9 ...
T4370 000:871.609   completely In flash
T4370 000:871.630 - 0.072ms returns 0xBC0
T4370 000:871.758 JLINK_WriteMem(0x2004EF90, 0xBB0 Bytes, ...)
T4370 000:871.778   Data:  BF AC 04 F1 0D 02 00 54 FD 7B BF A9 FD 03 00 91 ...
T4370 000:871.801   completely In flash
T4370 000:871.822 - 0.063ms returns 0xBB0
T4370 000:871.942 JLINK_WriteMem(0x2004FB40, 0xB90 Bytes, ...)
T4370 000:872.019   Data:  17 03 00 B9 F9 23 40 F9 0D 00 00 14 E2 03 14 2A ...
T4370 000:872.045   completely In flash
T4370 000:872.067 - 0.124ms returns 0xB90
T4370 000:872.199 JLINK_WriteMem(0x200506D0, 0xBA0 Bytes, ...)
T4370 000:872.220   Data:  01 4C 43 F9 E0 03 1C AA 91 D6 FF 97 E0 6F 40 B9 ...
T4370 000:872.241   completely In flash
T4370 000:872.262 - 0.063ms returns 0xBA0
T4370 000:872.380 JLINK_WriteMem(0x20051270, 0xBB0 Bytes, ...)
T4370 000:872.399   Data:  00 A0 00 91 20 0C 00 F9 20 48 40 B9 00 A0 00 11 ...
T4370 000:872.421   completely In flash
T4370 000:872.442 - 0.062ms returns 0xBB0
T4370 000:872.588 JLINK_WriteMem(0x20051E20, 0xBD0 Bytes, ...)
T4370 000:872.609   Data:  75 2E 00 B9 95 96 23 B9 01 01 80 52 80 0A 40 91 ...
T4370 000:872.632   completely In flash
T4370 000:872.653 - 0.064ms returns 0xBD0
T4370 000:872.773 JLINK_WriteMem(0x200529F0, 0xBC0 Bytes, ...)
T4370 000:872.791   Data:  02 03 00 B4 E1 03 14 2A E0 03 13 AA 40 00 3F D6 ...
T4370 000:872.813   completely In flash
T4370 000:872.835 - 0.062ms returns 0xBC0
T4370 000:872.955 JLINK_WriteMem(0x200535B0, 0xBC0 Bytes, ...)
T4370 000:872.974   Data:  40 00 00 54 C0 03 5F D6 FD 7B BF A9 FD 03 00 91 ...
T4370 000:872.997   completely In flash
T4370 000:873.018 - 0.063ms returns 0xBC0
T4370 000:873.138 JLINK_WriteMem(0x20054170, 0xBB0 Bytes, ...)
T4370 000:873.157   Data:  E0 33 40 F9 60 AE 02 F9 A8 FF FF 17 74 00 80 52 ...
T4370 000:873.178   completely In flash
T4370 000:873.199 - 0.062ms returns 0xBB0
T4370 000:873.327 JLINK_WriteMem(0x20054D20, 0xBB0 Bytes, ...)
T4370 000:873.346   Data:  74 00 80 52 34 00 A0 72 F8 FF FF 17 40 02 00 B4 ...
T4370 000:873.367   completely In flash
T4370 000:873.389 - 0.062ms returns 0xBB0
T4370 000:873.509 JLINK_WriteMem(0x200558D0, 0xBC0 Bytes, ...)
T4370 000:873.527   Data:  82 01 00 54 60 02 00 8B EC FF FF 97 00 3C 00 12 ...
T4370 000:873.549   completely In flash
T4370 000:873.572 - 0.062ms returns 0xBC0
T4370 000:873.709 JLINK_WriteMem(0x20056490, 0xBA0 Bytes, ...)
T4370 000:873.730   Data:  7F 7E 02 A9 3F 7C 01 A9 3F 7C 02 A9 3F 7C 03 A9 ...
T4370 000:873.752   completely In flash
T4370 000:873.773 - 0.063ms returns 0xBA0
T4370 000:873.904 JLINK_WriteMem(0x20057030, 0xBB0 Bytes, ...)
T4370 000:873.923   Data:  F3 FF FF 17 1F 20 03 D5 60 9A 27 40 00 00 00 00 ...
T4370 000:873.945   completely In flash
T4370 000:873.966 - 0.062ms returns 0xBB0
T4370 000:874.094 JLINK_WriteMem(0x20057BE0, 0xB80 Bytes, ...)
T4370 000:874.114   Data:  3F 00 00 6B C3 00 00 54 1F 04 00 31 80 05 00 54 ...
T4370 000:874.136   completely In flash
T4370 000:874.158 - 0.064ms returns 0xB80
T4370 000:874.284 JLINK_WriteMem(0x20058760, 0xBA0 Bytes, ...)
T4370 000:874.304   Data:  3F 00 02 6B 03 04 00 54 E0 03 13 2A 03 36 80 D2 ...
T4370 000:874.326   completely In flash
T4370 000:874.347 - 0.063ms returns 0xBA0
T4370 000:874.472 JLINK_WriteMem(0x20059300, 0xBC0 Bytes, ...)
T4370 000:874.494   Data:  40 0A 80 52 F3 53 41 A9 F5 13 40 F9 FD 7B C3 A8 ...
T4370 000:874.516   completely In flash
T4370 000:874.538 - 0.066ms returns 0xBC0
T4370 000:874.688 JLINK_WriteMem(0x20059EC0, 0xBD0 Bytes, ...)
T4370 000:874.709   Data:  00 00 80 52 02 00 00 14 00 00 80 52 C0 00 00 34 ...
T4370 000:874.732   completely In flash
T4370 000:874.753 - 0.065ms returns 0xBD0
T4370 000:874.888 JLINK_WriteMem(0x2005AA90, 0xBD0 Bytes, ...)
T4370 000:874.907   Data:  E0 03 36 AA 1F C0 35 EB A2 08 00 54 01 00 80 52 ...
T4370 000:874.930   completely In flash
T4370 000:874.951 - 0.063ms returns 0xBD0
T4370 000:875.083 JLINK_WriteMem(0x2005B660, 0xBE0 Bytes, ...)
T4370 000:875.101   Data:  F3 53 41 A9 F5 5B 42 A9 F7 1B 40 F9 FD 7B C4 A8 ...
T4370 000:875.124   completely In flash
T4370 000:875.146 - 0.063ms returns 0xBE0
T4370 000:875.277 JLINK_WriteMem(0x2005C240, 0xBD0 Bytes, ...)
T4370 000:875.309   Data:  02 06 00 54 01 00 80 52 02 00 00 14 01 00 80 52 ...
T4370 000:875.331   completely In flash
T4370 000:875.352 - 0.075ms returns 0xBD0
T4370 000:875.505 JLINK_WriteMem(0x2005CE10, 0xBD0 Bytes, ...)
T4370 000:875.535   Data:  00 00 3F D6 D2 FF FF 17 A2 12 00 94 00 00 3F D6 ...
T4370 000:875.562   completely In flash
T4370 000:875.586 - 0.081ms returns 0xBD0
T4370 000:875.740 JLINK_WriteMem(0x2005D9E0, 0xBD0 Bytes, ...)
T4370 000:875.761   Data:  D0 FF FF 17 E3 27 40 F9 63 02 03 4B 02 00 80 52 ...
T4370 000:875.783   completely In flash
T4370 000:875.804 - 0.064ms returns 0xBD0
T4370 000:875.927 JLINK_WriteMem(0x2005E5B0, 0xBC0 Bytes, ...)
T4370 000:875.946   Data:  F3 03 00 AA 00 78 40 B9 1F FC 00 71 4C 05 00 54 ...
T4370 000:875.968   completely In flash
T4370 000:876.034 - 0.105ms returns 0xBC0
T4370 000:876.284 JLINK_WriteMem(0x2005F170, 0xBC0 Bytes, ...)
T4370 000:876.334   Data:  1F 00 00 71 ED 03 00 54 82 0E 40 A9 16 04 00 B4 ...
T4370 000:876.370   completely In flash
T4370 000:876.402 - 0.118ms returns 0xBC0
T4370 000:876.618 JLINK_WriteMem(0x2005FD30, 0xBD0 Bytes, ...)
T4370 000:876.656   Data:  20 05 00 B4 75 05 00 B4 60 12 40 B9 1F 1C 00 71 ...
T4370 000:876.681   completely In flash
T4370 000:876.709 - 0.091ms returns 0xBD0
T4370 000:876.940 JLINK_WriteMem(0x20060900, 0xBD0 Bytes, ...)
T4370 000:876.991   Data:  00 00 80 52 C0 00 00 34 E0 03 37 AA 1F C0 36 EB ...
T4370 000:877.029   completely In flash
T4370 000:877.061 - 0.121ms returns 0xBD0
T4370 000:877.239 JLINK_WriteMem(0x200614D0, 0xBC0 Bytes, ...)
T4370 000:877.272   Data:  94 02 01 4B E0 23 40 F9 16 00 16 CB 9F 02 16 6B ...
T4370 000:877.295   completely In flash
T4370 000:877.316 - 0.077ms returns 0xBC0
T4370 000:877.472 JLINK_WriteMem(0x20062090, 0xBD0 Bytes, ...)
T4370 000:877.498   Data:  A2 7E 40 93 E1 03 16 AA E0 03 17 AA A9 54 00 94 ...
T4370 000:877.621   completely In flash
T4370 000:877.647 - 0.175ms returns 0xBD0
T4370 000:877.790 JLINK_WriteMem(0x20062C60, 0xBC0 Bytes, ...)
T4370 000:877.815   Data:  09 00 00 14 21 00 80 52 F7 FF FF 17 0D FB FF 97 ...
T4370 000:877.838   completely In flash
T4370 000:877.859 - 0.069ms returns 0xBC0
T4370 000:877.978 JLINK_WriteMem(0x20063820, 0xBB0 Bytes, ...)
T4370 000:877.999   Data:  01 01 80 52 00 00 00 90 00 4C 43 F9 C7 FD FF 97 ...
T4370 000:878.024   completely In flash
T4370 000:878.044 - 0.066ms returns 0xBB0
T4370 000:878.161 JLINK_WriteMem(0x200643D0, 0xBC0 Bytes, ...)
T4370 000:878.181   Data:  01 0C 54 F9 E0 03 18 AA 2A 4B 00 94 00 FF FF 35 ...
T4370 000:878.204   completely In flash
T4370 000:878.226 - 0.064ms returns 0xBC0
T4370 000:878.341 JLINK_WriteMem(0x20064F90, 0xBC0 Bytes, ...)
T4370 000:878.361   Data:  7F E2 04 B9 E0 03 13 AA 02 FE FF 97 56 00 00 14 ...
T4370 000:878.384   completely In flash
T4370 000:878.405 - 0.064ms returns 0xBC0
T4370 000:878.520 JLINK_WriteMem(0x20065B50, 0xBD0 Bytes, ...)
T4370 000:878.541   Data:  D9 5A 01 F9 D8 BA 02 B9 D7 62 01 F9 B7 D2 15 91 ...
T4370 000:878.564   completely In flash
T4370 000:878.585 - 0.064ms returns 0xBD0
T4370 000:878.702 JLINK_WriteMem(0x20066720, 0xBB0 Bytes, ...)
T4370 000:878.723   Data:  B9 1B 00 94 F4 03 00 2A 20 19 00 35 E0 03 13 AA ...
T4370 000:878.746   completely In flash
T4370 000:878.768 - 0.066ms returns 0xBB0
T4370 000:878.886 JLINK_WriteMem(0x200672D0, 0xB80 Bytes, ...)
T4370 000:878.906   Data:  E0 42 21 8B 18 03 01 4B FB 03 17 AA F7 03 00 AA ...
T4370 000:878.932   completely In flash
T4370 000:878.953 - 0.067ms returns 0xB80
T4370 000:879.073 JLINK_WriteMem(0x20067E50, 0xB60 Bytes, ...)
T4370 000:879.093   Data:  73 42 20 8B D6 02 00 4B 21 00 00 14 77 08 80 52 ...
T4370 000:879.115   completely In flash
T4370 000:879.137 - 0.064ms returns 0xB60
T4370 000:879.253 JLINK_WriteMem(0x200689B0, 0xBD0 Bytes, ...)
T4370 000:879.272   Data:  61 D2 15 91 E0 03 13 AA A0 FC FF 97 F4 03 00 2A ...
T4370 000:879.295   completely In flash
T4370 000:879.316 - 0.064ms returns 0xBD0
T4370 000:879.435 JLINK_WriteMem(0x20069580, 0xBB0 Bytes, ...)
T4370 000:879.456   Data:  B4 00 00 35 E0 03 14 2A F3 53 41 A9 FD 7B C3 A8 ...
T4370 000:879.481   completely In flash
T4370 000:879.503 - 0.068ms returns 0xBB0
T4370 000:879.666 JLINK_WriteMem(0x2006A130, 0xBB0 Bytes, ...)
T4370 000:879.695   Data:  86 E3 FF 97 DF FF FF 17 5A FA FF 34 E0 03 1A 2A ...
T4370 000:879.724   completely In flash
T4370 000:879.749 - 0.084ms returns 0xBB0
T4370 000:879.888 JLINK_WriteMem(0x2006ACE0, 0xBB0 Bytes, ...)
T4370 000:879.912   Data:  F5 5B 42 A9 15 00 00 14 63 03 80 52 00 00 00 90 ...
T4370 000:880.093   completely In flash
T4370 000:880.130 - 0.241ms returns 0xBB0
T4370 000:880.306 JLINK_WriteMem(0x2006B890, 0xBA0 Bytes, ...)
T4370 000:880.330   Data:  06 E0 FF 97 F3 03 00 2A 00 06 00 35 E4 03 17 2A ...
T4370 000:880.356   completely In flash
T4370 000:880.377 - 0.071ms returns 0xBA0
T4370 000:880.497 JLINK_WriteMem(0x2006C430, 0xBB0 Bytes, ...)
T4370 000:880.518   Data:  D3 01 80 52 53 00 A0 72 ED FF FF 17 E0 E3 00 91 ...
T4370 000:880.541   completely In flash
T4370 000:880.562 - 0.065ms returns 0xBB0
T4370 000:880.680 JLINK_WriteMem(0x2006CFE0, 0xBC0 Bytes, ...)
T4370 000:880.699   Data:  C8 11 27 40 00 00 00 00 FD 7B BF A9 FD 03 00 91 ...
T4370 000:880.722   completely In flash
T4370 000:880.743 - 0.062ms returns 0xBC0
T4370 000:880.863 JLINK_WriteMem(0x2006DBA0, 0xBC0 Bytes, ...)
T4370 000:880.883   Data:  FD 03 00 91 03 06 80 52 00 00 00 90 02 E8 44 F9 ...
T4370 000:880.908   completely In flash
T4370 000:880.930 - 0.066ms returns 0xBC0
T4370 000:881.067 JLINK_WriteMem(0x2006E760, 0xBA0 Bytes, ...)
T4370 000:881.090   Data:  FD 7B BD A9 FD 03 00 91 F3 53 01 A9 F5 5B 02 A9 ...
T4370 000:881.114   completely In flash
T4370 000:881.136 - 0.068ms returns 0xBA0
T4370 000:881.265 JLINK_WriteMem(0x2006F300, 0xBC0 Bytes, ...)
T4370 000:881.285   Data:  80 52 01 F9 20 00 80 52 60 0A 00 B9 80 4E 41 F9 ...
T4370 000:881.307   completely In flash
T4370 000:881.328 - 0.063ms returns 0xBC0
T4370 000:881.448 JLINK_WriteMem(0x2006FEC0, 0xBA0 Bytes, ...)
T4370 000:881.467   Data:  B8 29 2B 40 00 00 00 00 00 2B 2B 40 00 00 00 00 ...
T4370 000:881.490   completely In flash
T4370 000:881.511 - 0.062ms returns 0xBA0
T4370 000:881.630 JLINK_WriteMem(0x20070A60, 0xBC0 Bytes, ...)
T4370 000:881.648   Data:  7F 00 04 6B 40 03 00 54 7F 00 20 71 00 03 00 54 ...
T4370 000:881.671   completely In flash
T4370 000:881.693 - 0.062ms returns 0xBC0
T4370 000:881.807 JLINK_WriteMem(0x20071620, 0xBA0 Bytes, ...)
T4370 000:881.825   Data:  60 16 40 F9 15 28 40 F9 11 12 00 94 F6 03 00 AA ...
T4370 000:881.848   completely In flash
T4370 000:881.869 - 0.062ms returns 0xBA0
T4370 000:881.993 JLINK_WriteMem(0x200721C0, 0xBA0 Bytes, ...)
T4370 000:882.013   Data:  F9 6B 04 A9 FB 73 05 A9 F3 03 01 2A E2 3B 02 91 ...
T4370 000:882.035   completely In flash
T4370 000:882.056 - 0.063ms returns 0xBA0
T4370 000:882.184 JLINK_WriteMem(0x20072D60, 0xBC0 Bytes, ...)
T4370 000:882.208   Data:  C1 01 80 52 E0 03 13 AA CC 01 00 94 F3 53 41 A9 ...
T4370 000:882.232   completely In flash
T4370 000:882.254 - 0.069ms returns 0xBC0
T4370 000:882.375 JLINK_WriteMem(0x20073920, 0xBC0 Bytes, ...)
T4370 000:882.395   Data:  00 40 40 B9 1F 04 00 71 A0 00 00 54 20 F4 81 52 ...
T4370 000:882.428   completely In flash
T4370 000:882.449 - 0.074ms returns 0xBC0
T4370 000:882.574 JLINK_WriteMem(0x200744E0, 0xBB0 Bytes, ...)
T4370 000:882.595   Data:  00 78 1F 12 60 76 03 B9 60 76 43 B9 80 FF 07 37 ...
T4370 000:882.619   completely In flash
T4370 000:882.641 - 0.066ms returns 0xBB0
T4370 000:882.772 JLINK_WriteMem(0x20075090, 0xBC0 Bytes, ...)
T4370 000:882.792   Data:  20 00 00 B9 61 02 40 B9 22 00 80 52 41 0C 08 33 ...
T4370 000:882.947   completely In flash
T4370 000:882.981 - 0.209ms returns 0xBC0
T4370 000:883.141 JLINK_WriteMem(0x20075C50, 0xBB0 Bytes, ...)
T4370 000:883.164   Data:  7E FF FF 97 F3 53 41 A9 F5 5B 42 A9 FD 7B C3 A8 ...
T4370 000:883.190   completely In flash
T4370 000:883.211 - 0.071ms returns 0xBB0
T4370 000:883.336 JLINK_WriteMem(0x20076800, 0xBB0 Bytes, ...)
T4370 000:883.356   Data:  82 0A 02 A9 23 1F F8 B6 3F FC 07 F1 28 24 00 54 ...
T4370 000:883.380   completely In flash
T4370 000:883.401 - 0.065ms returns 0xBB0
T4370 000:883.532 JLINK_WriteMem(0x200773B0, 0xBC0 Bytes, ...)
T4370 000:883.558   Data:  42 00 01 F1 E8 FE FF 54 22 14 43 A9 86 1C 3F A9 ...
T4370 000:883.581   completely In flash
T4370 000:883.602 - 0.070ms returns 0xBC0
T4370 000:883.724 JLINK_WriteMem(0x20077F70, 0xBB0 Bytes, ...)
T4370 000:883.744   Data:  C0 03 5F D6 00 F0 7D 92 21 F0 7D 92 03 84 40 F8 ...
T4370 000:883.768   completely In flash
T4370 000:883.790 - 0.065ms returns 0xBB0
T4370 000:883.947 JLINK_WriteMem(0x20078B20, 0xBC0 Bytes, ...)
T4370 000:883.991   Data:  01 3C 00 91 21 F0 7D 92 E1 4B 00 F9 1A 00 40 F9 ...
T4370 000:884.017   completely In flash
T4370 000:884.040 - 0.093ms returns 0xBC0
T4370 000:884.187 JLINK_WriteMem(0x200796E0, 0xBC0 Bytes, ...)
T4370 000:884.215   Data:  94 06 00 91 43 FB FF 17 88 06 40 39 F7 02 17 32 ...
T4370 000:884.239   completely In flash
T4370 000:884.261 - 0.074ms returns 0xBC0
T4370 000:884.389 JLINK_WriteMem(0x2007A2A0, 0xBC0 Bytes, ...)
T4370 000:884.409   Data:  5F CB 20 38 E1 BF 44 39 81 0C FF 34 F7 F9 FF 17 ...
T4370 000:884.432   completely In flash
T4370 000:884.452 - 0.064ms returns 0xBC0
T4370 000:884.577 JLINK_WriteMem(0x2007AE60, 0xBD0 Bytes, ...)
T4370 000:884.599   Data:  C1 FA FF 17 E2 63 40 F9 E0 B3 40 B9 E1 B3 00 B9 ...
T4370 000:884.623   completely In flash
T4370 000:884.645 - 0.068ms returns 0xBD0
T4370 000:884.768 JLINK_WriteMem(0x2007BA30, 0xBC0 Bytes, ...)
T4370 000:884.789   Data:  73 06 00 11 A0 6F 00 34 40 0B 40 B9 00 04 00 51 ...
T4370 000:884.813   completely In flash
T4370 000:884.834 - 0.066ms returns 0xBC0
T4370 000:884.958 JLINK_WriteMem(0x2007C5F0, 0xBB0 Bytes, ...)
T4370 000:884.980   Data:  40 FC FF 54 1F 00 00 71 6C FE FF 54 E1 03 1A AA ...
T4370 000:885.003   completely In flash
T4370 000:885.026 - 0.068ms returns 0xBB0
T4370 000:885.146 JLINK_WriteMem(0x2007D1A0, 0xBC0 Bytes, ...)
T4370 000:885.168   Data:  4E FF FF 17 A0 DB 40 B9 02 20 00 11 5F 00 00 71 ...
T4370 000:885.192   completely In flash
T4370 000:885.214 - 0.068ms returns 0xBC0
T4370 000:885.338 JLINK_WriteMem(0x2007DD60, 0xBC0 Bytes, ...)
T4370 000:885.361   Data:  E0 CB 40 F9 CE FE FF 17 E0 FF 40 B9 E7 03 15 2A ...
T4370 000:885.385   completely In flash
T4370 000:885.408 - 0.070ms returns 0xBC0
T4370 000:885.534 JLINK_WriteMem(0x2007E920, 0xBC0 Bytes, ...)
T4370 000:885.558   Data:  00 20 00 11 1F 00 00 71 4D 89 00 54 E3 4F 40 F9 ...
T4370 000:885.582   completely In flash
T4370 000:885.605 - 0.071ms returns 0xBC0
T4370 000:885.731 JLINK_WriteMem(0x2007F4E0, 0xBC0 Bytes, ...)
T4370 000:885.758   Data:  BF 02 00 EB 41 6E 00 54 E0 83 40 B9 07 00 80 52 ...
T4370 000:885.782   completely In flash
T4370 000:885.805 - 0.074ms returns 0xBC0
T4370 000:885.935 JLINK_WriteMem(0x200800A0, 0xBC0 Bytes, ...)
T4370 000:885.960   Data:  E3 F9 FF 17 E0 8F 40 B9 01 20 00 11 3F 00 00 71 ...
T4370 000:885.987   completely In flash
T4370 000:886.021 - 0.086ms returns 0xBC0
T4370 000:886.261 JLINK_WriteMem(0x20080C60, 0xBD0 Bytes, ...)
T4370 000:886.314   Data:  1F CC 40 F2 E1 01 00 54 96 00 00 D0 58 4B 00 B4 ...
T4370 000:886.536   completely In flash
T4370 000:886.563 - 0.302ms returns 0xBD0
T4370 000:886.739 JLINK_WriteMem(0x20081830, 0xBD0 Bytes, ...)
T4370 000:886.767   Data:  15 04 00 11 83 14 00 38 9D FE FF 17 E5 7B 00 B9 ...
T4370 000:886.795   completely In flash
T4370 000:886.817 - 0.078ms returns 0xBD0
T4370 000:886.949 JLINK_WriteMem(0x20082400, 0xBD0 Bytes, ...)
T4370 000:886.976   Data:  00 00 80 12 F3 53 41 A9 F5 5B 42 A9 F7 63 43 A9 ...
T4370 000:887.003   completely In flash
T4370 000:887.026 - 0.076ms returns 0xBD0
T4370 000:887.159 JLINK_WriteMem(0x20082FD0, 0xBC0 Bytes, ...)
T4370 000:887.183   Data:  C0 03 5F D6 00 04 80 52 C0 03 5F D6 21 7C 02 53 ...
T4370 000:887.204   completely In flash
T4370 000:887.226 - 0.066ms returns 0xBC0
T4370 000:887.350 JLINK_WriteMem(0x20083B90, 0xBD0 Bytes, ...)
T4370 000:887.374   Data:  C0 03 5F D6 20 00 80 52 C0 03 5F D6 00 00 00 00 ...
T4370 000:887.397   completely In flash
T4370 000:887.420 - 0.070ms returns 0xBD0
T4370 000:887.552 JLINK_WriteMem(0x20084760, 0xBC0 Bytes, ...)
T4370 000:887.592   Data:  60 D0 80 1A 14 00 66 9E 7F 24 00 71 0D 01 00 54 ...
T4370 000:887.617   completely In flash
T4370 000:887.641 - 0.089ms returns 0xBC0
T4370 000:887.793 JLINK_WriteMem(0x20085320, 0xBC0 Bytes, ...)
T4370 000:887.825   Data:  F7 03 01 2A 00 78 1F 53 5F 20 00 71 C9 FE FF 54 ...
T4370 000:887.848   completely In flash
T4370 000:887.870 - 0.077ms returns 0xBC0
T4370 000:888.002 JLINK_WriteMem(0x20085EE0, 0xBC0 Bytes, ...)
T4370 000:888.025   Data:  40 00 00 54 CB EF FF 97 60 72 40 B9 60 0A 00 B9 ...
T4370 000:888.056   completely In flash
T4370 000:888.080 - 0.078ms returns 0xBC0
T4370 000:888.214 JLINK_WriteMem(0x20086AA0, 0xBC0 Bytes, ...)
T4370 000:888.234   Data:  F3 53 41 A9 F7 63 43 A9 F9 6B 44 A9 FB 73 45 A9 ...
T4370 000:888.259   completely In flash
T4370 000:888.285 - 0.071ms returns 0xBC0
T4370 000:888.414 JLINK_WriteMem(0x20087660, 0xBC0 Bytes, ...)
T4370 000:888.434   Data:  F3 03 01 AA 64 F0 7D D3 DF 34 7F F2 00 07 00 54 ...
T4370 000:888.457   completely In flash
T4370 000:888.479 - 0.064ms returns 0xBC0
T4370 000:888.606 JLINK_WriteMem(0x20088220, 0xBD0 Bytes, ...)
T4370 000:888.627   Data:  47 2A 3D 99 2F BB 5C BB B5 D4 20 E1 99 5F 53 46 ...
T4370 000:888.650   completely In flash
T4370 000:888.672 - 0.065ms returns 0xBD0
T4370 000:888.795 JLINK_WriteMem(0x20088DF0, 0xBE0 Bytes, ...)
T4370 000:888.815   Data:  67 2E 6E 65 74 00 00 00 46 61 69 6C 65 64 20 6F ...
T4370 000:888.839   completely In flash
T4370 000:888.861 - 0.066ms returns 0xBE0
T4370 000:888.992 JLINK_WriteMem(0x200899D0, 0xBC0 Bytes, ...)
T4370 000:889.013   Data:  74 61 72 67 65 74 54 65 6D 70 65 72 61 74 75 72 ...
T4370 000:889.036   completely In flash
T4370 000:889.058 - 0.066ms returns 0xBC0
T4370 000:889.188 JLINK_WriteMem(0x2008A590, 0xBC0 Bytes, ...)
T4370 000:889.208   Data:  EE 77 77 99 F6 7B 7B 8D FF F2 F2 0D D6 6B 6B BD ...
T4370 000:889.233   completely In flash
T4370 000:889.255 - 0.067ms returns 0xBC0
T4370 000:889.387 JLINK_WriteMem(0x2008B150, 0xBE0 Bytes, ...)
T4370 000:889.415   Data:  B7 0A 76 72 38 5E 54 3A 6C 29 55 BF 5D F2 02 55 ...
T4370 000:889.441   completely In flash
T4370 000:889.466 - 0.079ms returns 0xBE0
T4370 000:889.631 JLINK_WriteMem(0x2008BD30, 0xBC0 Bytes, ...)
T4370 000:889.661   Data:  E3 BD A9 58 F4 3A 79 9B 6D 9A 99 44 F0 8A 44 A8 ...
T4370 000:889.689   completely In flash
T4370 000:889.714 - 0.083ms returns 0xBC0
T4370 000:889.848 JLINK_WriteMem(0x2008C8F0, 0xBE0 Bytes, ...)
T4370 000:889.877   Data:  0C 00 00 00 30 00 00 00 00 00 00 00 00 00 00 00 ...
T4370 000:889.904   completely In flash
T4370 000:889.928 - 0.080ms returns 0xBE0
T4370 000:890.083 JLINK_WriteMem(0x2008D4D0, 0xBC0 Bytes, ...)
T4370 000:890.117   Data:  C5 A0 CE A9 9D 8E 20 A7 EC 98 8B A4 BD 44 B5 6B ...
T4370 000:890.141   completely In flash
T4370 000:890.164 - 0.081ms returns 0xBC0
T4370 000:890.313 JLINK_WriteMem(0x2008E090, 0xBD0 Bytes, ...)
T4370 000:890.337   Data:  10 A9 65 55 24 06 99 D6 2A 20 71 57 85 35 0E F4 ...
T4370 000:890.490   completely In flash
T4370 000:890.527 - 0.213ms returns 0xBD0
T4370 000:890.722 JLINK_WriteMem(0x2008EC60, 0xBE0 Bytes, ...)
T4370 000:890.756   Data:  65 64 00 00 00 00 00 00 64 69 73 61 62 6C 65 64 ...
T4370 000:890.781   completely In flash
T4370 000:890.804 - 0.082ms returns 0xBE0
T4370 000:890.938 JLINK_WriteMem(0x2008F840, 0xBD0 Bytes, ...)
T4370 000:890.959   Data:  42 55 46 46 45 52 20 45 52 52 4F 52 00 00 00 00 ...
T4370 000:890.984   completely In flash
T4370 000:891.006 - 0.067ms returns 0xBD0
T4370 000:891.125 JLINK_WriteMem(0x20090410, 0xBE0 Bytes, ...)
T4370 000:891.144   Data:  4E 54 45 52 00 00 00 00 49 6F 54 48 75 62 20 6D ...
T4370 000:891.167   completely In flash
T4370 000:891.188 - 0.063ms returns 0xBE0
T4370 000:891.305 JLINK_WriteMem(0x20090FF0, 0xBE0 Bytes, ...)
T4370 000:891.325   Data:  6E 20 66 61 69 6C 65 64 20 74 6F 20 67 65 74 20 ...
T4370 000:891.348   completely In flash
T4370 000:891.370 - 0.065ms returns 0xBE0
T4370 000:891.491 JLINK_WriteMem(0x20091BD0, 0xBE0 Bytes, ...)
T4370 000:891.514   Data:  73 69 6F 6E 69 6E 67 20 63 6C 69 65 6E 74 20 69 ...
T4370 000:891.537   completely In flash
T4370 000:891.559 - 0.067ms returns 0xBE0
T4370 000:891.679 JLINK_WriteMem(0x200927B0, 0xBC0 Bytes, ...)
T4370 000:891.699   Data:  61 43 6F 63 A7 87 D2 3F B3 C8 60 8B 28 8A C6 3F ...
T4370 000:891.723   completely In flash
T4370 000:891.744 - 0.064ms returns 0xBC0
T4370 000:891.866 JLINK_WriteMem(0x20093370, 0xBC0 Bytes, ...)
T4370 000:891.886   Data:  AB 66 8B 6B D5 4E D4 4E 3A 4F 7F 4F 3A 52 F8 53 ...
T4370 000:891.908   completely In flash
T4370 000:891.929 - 0.062ms returns 0xBC0
T4370 000:892.125 JLINK_WriteMem(0x20093F30, 0xBD0 Bytes, ...)
T4370 000:892.176   Data:  AA 80 A8 81 00 8B 8C 8C BF 8C 7E 92 32 96 20 54 ...
T4370 000:892.215   completely In flash
T4370 000:892.247 - 0.122ms returns 0xBD0
T4370 000:892.410 JLINK_WriteMem(0x20094B00, 0xBA0 Bytes, ...)
T4370 000:892.437   Data:  0F 69 8D 68 7E 68 01 69 CA 68 08 69 D8 68 22 69 ...
T4370 000:892.461   completely In flash
T4370 000:892.482 - 0.072ms returns 0xBA0
T4370 000:892.605 JLINK_WriteMem(0x200956A0, 0xBD0 Bytes, ...)
T4370 000:892.624   Data:  E0 8A E2 8A F7 8A DE 8A DB 8A 0C 8B 07 8B 1A 8B ...
T4370 000:892.647   completely In flash
T4370 000:892.667 - 0.062ms returns 0xBD0
T4370 000:892.781 JLINK_WriteMem(0x20096270, 0xBE0 Bytes, ...)
T4370 000:892.801   Data:  03 00 00 00 17 84 03 00 01 00 03 86 03 00 00 00 ...
T4370 000:892.823   completely In flash
T4370 000:892.844 - 0.063ms returns 0xBE0
T4370 000:892.962 JLINK_WriteMem(0x20096E50, 0xBC0 Bytes, ...)
T4370 000:893.021   Data:  05 D7 17 00 00 00 14 D8 17 00 02 00 16 DB 17 00 ...
T4370 000:893.087   completely In flash
T4370 000:893.127 - 0.165ms returns 0xBC0
T4370 000:893.384 JLINK_WriteMem(0x20097A10, 0xBE0 Bytes, ...)
T4370 000:893.441   Data:  2E 00 19 00 19 9B 2E 00 58 00 19 00 2F 00 D5 00 ...
T4370 000:893.475   completely In flash
T4370 000:893.505 - 0.121ms returns 0xBE0
T4370 000:893.667 JLINK_WriteMem(0x200985F0, 0xBE0 Bytes, ...)
T4370 000:893.697   Data:  09 82 10 01 00 00 06 83 10 01 2C 00 09 B0 10 01 ...
T4370 000:893.721   completely In flash
T4370 000:893.742 - 0.074ms returns 0xBE0
T4370 000:893.856 JLINK_WriteMem(0x200991D0, 0xBE0 Bytes, ...)
T4370 000:893.876   Data:  00 00 00 00 00 00 00 00 00 00 00 00 00 00 00 00 ...
T4370 000:893.898   completely In flash
T4370 000:893.919 - 0.062ms returns 0xBE0
T4370 000:894.029 JLINK_WriteMem(0x20099DB0, 0xBE0 Bytes, ...)
T4370 000:894.051   Data:  02 00 00 00 02 00 00 00 02 00 00 00 02 00 00 00 ...
T4370 000:894.075   completely In flash
T4370 000:894.099 - 0.069ms returns 0xBE0
T4370 000:894.214 JLINK_WriteMem(0x2009A990, 0xBE0 Bytes, ...)
T4370 000:894.233   Data:  00 00 00 00 00 00 00 00 00 00 00 00 00 00 00 00 ...
T4370 000:894.257   completely In flash
T4370 000:894.279 - 0.065ms returns 0xBE0
T4370 000:894.389 JLINK_WriteMem(0x2009B570, 0xBE0 Bytes, ...)
T4370 000:894.409   Data:  20 79 26 40 00 00 00 00 20 79 26 40 00 00 00 00 ...
T4370 000:894.433   completely In flash
T4370 000:894.456 - 0.067ms returns 0xBE0
T4370 000:894.581 JLINK_WriteMem(0x2009C150, 0xBE0 Bytes, ...)
T4370 000:894.611   Data:  00 62 25 40 00 00 00 00 00 62 25 40 00 00 00 00 ...
T4370 000:894.803   completely In flash
T4370 000:894.836 - 0.255ms returns 0xBE0
T4370 000:895.041 JLINK_WriteMem(0x2009CD30, 0xBE0 Bytes, ...)
T4370 000:895.065   Data:  00 00 00 00 00 00 00 00 00 00 00 00 00 00 00 00 ...
T4370 000:895.088   completely In flash
T4370 000:895.110 - 0.069ms returns 0xBE0
T4370 000:895.223 JLINK_WriteMem(0x2009D910, 0xBE0 Bytes, ...)
T4370 000:895.243   Data:  00 00 00 00 00 00 00 00 00 00 00 00 00 00 00 00 ...
T4370 000:895.265   completely In flash
T4370 000:895.287 - 0.063ms returns 0xBE0
T4370 000:895.399 JLINK_WriteMem(0x2009E4F0, 0xBE0 Bytes, ...)
T4370 000:895.418   Data:  00 00 00 00 00 00 00 00 00 00 00 00 00 00 00 00 ...
T4370 000:895.440   completely In flash
T4370 000:895.462 - 0.062ms returns 0xBE0
T4370 000:895.587 JLINK_WriteMem(0x2009F0D0, 0xBE0 Bytes, ...)
T4370 000:895.612   Data:  00 00 00 00 00 00 00 00 00 00 00 00 00 00 00 00 ...
T4370 000:895.635   completely In flash
T4370 000:895.656 - 0.070ms returns 0xBE0
T4370 000:895.763 JLINK_WriteMem(0x2009FCB0, 0x968 Bytes, ...)
T4370 000:895.785   Data:  00 00 00 00 00 00 00 00 00 00 00 00 00 00 00 00 ...
T4370 000:895.808   completely In flash
T4370 000:895.829 - 0.066ms returns 0x968
T4370 000:908.155 JLINK_EndDownload()
T4370 000:908.419    -- --------------------------------------
T4370 000:908.467    -- Flash bank @ 0x20000000: Default: L2 verify disabled because algorithm performs L1 verify
T4370 000:908.492    -- Start of determining dirty areas in flash cache
T4370 000:908.537    -- Filling invalid ranges in sector buffer (flash cache) for sector @ 0x20020000 if necessary
T4370 000:908.561    -- Filling invalid ranges in sector buffer (flash cache) for sector @ 0x20030000 if necessary
T4370 000:908.583    -- Filling invalid ranges in sector buffer (flash cache) for sector @ 0x20040000 if necessary
T4370 000:908.607    -- Filling invalid ranges in sector buffer (flash cache) for sector @ 0x20050000 if necessary
T4370 000:908.630    -- Filling invalid ranges in sector buffer (flash cache) for sector @ 0x20060000 if necessary
T4370 000:908.653    -- Filling invalid ranges in sector buffer (flash cache) for sector @ 0x20070000 if necessary
T4370 000:908.676    -- Filling invalid ranges in sector buffer (flash cache) for sector @ 0x20080000 if necessary
T4370 000:908.699    -- Filling invalid ranges in sector buffer (flash cache) for sector @ 0x20090000 if necessary
T4370 000:908.722    -- Filling invalid ranges in sector buffer (flash cache) for sector @ 0x200A0000 if necessary
T4370 000:910.489    -- End of determining dirty areas
T4370 000:910.573    -- Start of preparing flash programming
T4370 000:910.596    -- Calculating RAM usage
T4370 000:911.047    -- RAM usage = 20656 Bytes
T4370 000:911.135    -- Preserving CPU registers
T4370 000:911.226    -- Preparing target
T4370 000:911.272    -- Preserving target RAM temporarily used for programming
T4370 001:023.301    -- Downloading RAMCode
T4370 001:046.629    -- Preparing RAMCode
T4370 001:054.722    -- End of preparing flash programming
T4370 001:054.799    -- CPU speed could not be measured.
T4370 001:054.822    -- Start of comparing flash
T4370 001:054.843    -- CRC check was estimated as fastest method
T4370 001:054.868    -- Comparing range 0x20020000 - 0x2003FFFF (2 Sectors, 128 KB), using single-block CRC calculation
T4370 001:254.573    -- CRC does not match, checking individual sectors
T4370 001:356.128    -- CRC does not match for sector 2
T4370 001:457.709    -- CRC does not match for sector 3
T4370 001:457.805    -- Comparing range 0x20040000 - 0x2005FFFF (2 Sectors, 128 KB), using single-block CRC calculation
T4370 001:657.305    -- CRC does not match, checking individual sectors
T4370 001:758.455    -- CRC does not match for sector 4
T4370 001:860.080    -- CRC does not match for sector 5
T4370 001:860.148    -- Comparing range 0x20060000 - 0x2007FFFF (2 Sectors, 128 KB), using single-block CRC calculation
T4370 002:059.940    -- CRC does not match, checking individual sectors
T4370 002:162.062    -- CRC does not match for sector 6
T4370 002:263.419    -- CRC does not match for sector 7
T4370 002:263.495    -- Comparing range 0x20080000 - 0x2009FFFF (2 Sectors, 128 KB), using single-block CRC calculation
T4370 002:463.102    -- CRC does not match, checking individual sectors
T4370 002:564.861    -- CRC does not match for sector 8
T4370 002:666.343    -- CRC does not match for sector 9
T4370 002:666.467    -- Comparing range 0x200A0000 - 0x200AFFFF (1 Sector, 64 KB), using single-block CRC calculation
T4370 002:767.909    -- CRC does not match for sector 10
T4370 002:768.005    -- End of comparing flash
T4370 002:768.034    -- Start of erasing sectors
T4370 002:768.060    -- Erasing range 0x20020000 - 0x2003FFFF (  2 Sectors, 128 KB)
T4370 003:653.674    -- Erasing range 0x20040000 - 0x2005FFFF (  2 Sectors, 128 KB)
T4370 004:543.271    -- Erasing range 0x20060000 - 0x2007FFFF (  2 Sectors, 128 KB)
T4370 005:429.901    -- Erasing range 0x20080000 - 0x2009FFFF (  2 Sectors, 128 KB)
T4370 006:309.797    -- Erasing range 0x200A0000 - 0x200AFFFF (  1 Sector, 64 KB)
T4370 006:756.451    -- End of erasing sectors
T4370 006:756.528    -- Start of flash programming
T4370 006:756.552    -- Programming range 0x20020000 - 0x2002FFFF (  1 Sector, 64 KB)
T4370 007:235.123    -- Programming range 0x20030000 - 0x2003FFFF (  1 Sector, 64 KB)
T4370 007:711.930    -- Programming range 0x20040000 - 0x2004FFFF (  1 Sector, 64 KB)
T4370 008:189.887    -- Programming range 0x20050000 - 0x2005FFFF (  1 Sector, 64 KB)
T4370 008:665.341    -- Programming range 0x20060000 - 0x2006FFFF (  1 Sector, 64 KB)
T4370 009:139.170    -- Programming range 0x20070000 - 0x2007FFFF (  1 Sector, 64 KB)
T4370 009:614.653    -- Programming range 0x20080000 - 0x2008FFFF (  1 Sector, 64 KB)
T4370 010:086.301    -- Programming range 0x20090000 - 0x2009FFFF (  1 Sector, 64 KB)
T4370 010:566.635    -- Programming range 0x200A0000 - 0x200AFFFF (  1 Sector, 64 KB)
T4370 010:656.737    -- End of flash programming
T4370 010:656.817    -- 0x20020000 - 0x200AFFFF (  9 Sectors, 576 KB)
T4370 010:656.845    -- Start of restoring
T4370 010:656.866    -- Restoring RAMCode
T4370 010:659.989    -- Restoring target memory
T4370 010:684.822    -- Restore target
T4370 010:685.008    -- Restoring CPU registers
T4370 010:685.124    -- End of restoring
T4370 010:685.214    -- Bank 0 @ 0x20000000: 1 range affected (589824 bytes)
T4370 010:685.291    -- Total: 9.774s (Prepare: 0.144s, Compare: 1.713s, Erase: 3.988s, Program & Verify: 3.900s, Restore: 0.028s)
T4370 010:685.352    -- Program & Verify speed: 147 KB/s
T4370 010:686.109 - 9777.953ms returns 589824 (0x90000)
T4370 010:686.700 JLINK_WriteRegs_64(NumRegs = 1, Indexes: 
T4370 010:686.771   33)
T4370 010:686.841    -- PC=0x012000
T4370 010:686.903 - 0.203ms returns 0
T4370 010:686.955 JLINK_WriteRegs_64(NumRegs = 1, Indexes: 
T4370 010:687.007   33)
T4370 010:687.076    -- PC=0x020020000
T4370 010:687.139 - 0.184ms returns 0
T4370 010:688.391 JLINK_SetEndian(ARM_ENDIAN_LITTLE)
T4370 010:688.514 - 0.123ms returns 0
T4370 010:705.566 JLINK_ReadMem(0x20020000, 0x4 Bytes, ...)
T4370 010:705.674    -- Read from flash cache (4 bytes @ 0x20020000)
T4370 010:705.717   Data:  00 00 20 40
T4370 010:705.758 - 0.192ms returns 0
T4370 011:216.853 JLINK_GetNumBPUnits(Type = 0xFFFFFF00)
T4370 011:216.919 - 0.066ms returns 0x06
T4370 011:216.937 JLINK_GetNumWPUnits()
T4370 011:216.953 - 0.015ms returns 4
T4370 011:216.969 JLINK_GetNumWPUnits()
T4370 011:216.985 - 0.015ms returns 4
T4370 011:217.008 JLINK_GetNumBPUnits(Type = 0xFFFFFF00)
T4370 011:217.026 - 0.018ms returns 0x06
T4370 011:217.044 JLINK_GetNumWPUnits()
T4370 011:217.061 - 0.016ms returns 4
T4370 011:217.078 JLINK_GetNumWPUnits()
T4370 011:217.096 - 0.017ms returns 4
T4370 011:217.118 JLINK_GetNumBPUnits(Type = 0xFFFFFF00)
T4370 011:217.135 - 0.017ms returns 0x06
T4370 011:217.151 JLINK_GetNumWPUnits()
T4370 011:217.167 - 0.015ms returns 4
T4370 011:217.183 JLINK_GetNumWPUnits()
T4370 011:217.198 - 0.015ms returns 4
T4370 011:217.269 JLINK_SetBPEx(Addr = 0x40206318, Type = 0xFFFFFF00)
T4370 011:217.293 - 0.024ms returns 0x00000001
T4370 011:217.313 JLINK_ClrBPEx(BPHandle = 0x00000001)
T4370 011:217.551 - 0.237ms returns 0x00
T4370 011:233.666 JLINK_SetBPEx(Addr = 0x40206320, Type = 0xFFFFFF00)
T4370 011:233.737 - 0.070ms returns 0x00000002
T4370 011:248.470 JLINK_ResetPullsRESET(ON)
T4370 011:248.589 - 0.118ms
T4370 011:248.635 JLINK_Halt()
T4370 011:248.679 - 0.043ms returns 0x00
T4370 011:248.720 JLINK_IsHalted()
T4370 011:248.764 - 0.043ms returns TRUE
T4370 011:248.805 JLINK_Reset()
T4370 011:370.695   Reset confused the core.
T4370 011:371.512   Disabled core power domain detected.
T4370 011:372.989   
  ***** Warning: 
T4370 011:373.043   CPU not halted after Reset, halting using Halt request
T4370 011:379.260 - 130.453ms
T4370 011:379.370 JLINK_SetEndian(ARM_ENDIAN_LITTLE)
T4370 011:379.432 - 0.062ms returns 0
T4370 011:469.657 JLINK_ReadRegs_64(NumRegs = 49, Indexes: 
T4370 011:470.094   0, 
T4370 011:470.167   1, 
T4370 011:470.239   2, 
T4370 011:470.298   3, 
T4370 011:470.342   4, 
T4370 011:470.398   5, 
T4370 011:470.438   6, 
T4370 011:470.476   7, 
T4370 011:470.524   8, 
T4370 011:470.571   9, 
T4370 011:470.627   10, 
T4370 011:470.697   11, 
T4370 011:470.756   12, 
T4370 011:470.821   13, 
T4370 011:470.882   14, 
T4370 011:470.934   15, 
T4370 011:470.985   16, 
T4370 011:471.042   17, 
T4370 011:471.178   18, 
T4370 011:471.258   19, 
T4370 011:471.305   20, 
T4370 011:471.350   21, 
T4370 011:471.390   22, 
T4370 011:471.419   23, 
T4370 011:471.448   24, 
T4370 011:471.485   25, 
T4370 011:471.531   26, 
T4370 011:471.576   27, 
T4370 011:471.628   28, 
T4370 011:471.700   29, 
T4370 011:471.732   30, 
T4370 011:471.757   31, 
T4370 011:471.788   32, 
T4370 011:471.817   33, 
T4370 011:471.850   34, 
T4370 011:471.926   35, 
T4370 011:471.957   36, 
T4370 011:472.007   37, 
T4370 011:472.037   38, 
T4370 011:472.065   39, 
T4370 011:472.093   40, 
T4370 011:472.124   41, 
T4370 011:472.176   42, 
T4370 011:472.212   43, 
T4370 011:472.244   44, 
T4370 011:472.294   45, 
T4370 011:472.344   46, 
T4370 011:472.383   47, 
T4370 011:472.416   48)
T4370 011:472.473   
 -- R0=0xF699DFFF, R1=0x00, R2=0x00, R3=0x00, R4=0xA0E364, R5=0x203, R6=0x3FFFFFFF, R7=0x03, R8=0x11010550, R9=0x01, R10=0x31511144, R11=0x00, R12=0x30000, R13=0x1A668, R14=0x01, R15=0x00, R16=0x00, R17=0x00, R18=0x00, R19=0x03, R20=0x10002, R21=0x00, R22=0x00, R23=0x00, R24=0x00, R25=0x00, R26=0x00, R27=0x00, R28=0x00, R29=0x00, R30=0x38FC, R31=0x00, SP=0x2FFD0, PC=0x12028, ELR_EL1=0x00, ELR_EL2=0x00, ELR_EL3=0x00, SP_EL0=0x00, SP_EL1=0x00, SP_EL2=0x00, SP_EL3=0x2FFD0, CPSR=0x400003CD, SPSR_abt=0xFADFBFFF, SPSR_EL1=0xFCB6F96F, SPSR_EL2=0xEEBFEFFB, SPSR_EL3=0x1CD, SPSR_fiq=0x3EDFF5CF, SPSR_irq=0xBA8FBFFD, SPSR_und=0xF699DFFF

T4370 011:472.552 - 2.894ms returns 0
T4370 011:473.057 JLINK_ReadMem(0x00012028, 0x4 Bytes, ...)
T4370 011:473.174   CPU_ReadMem(64 bytes @ 0x00012000)
T4370 011:473.962    -- Updating C cache (64 bytes @ 0x00012000)
T4370 011:474.013    -- Read from C cache (4 bytes @ 0x00012028)
T4370 011:474.036   Data:  64 00 00 B4
T4370 011:474.058 - 1.000ms returns 0
T51F4 011:512.091 JLINK_GetNumBPUnits(Type = 0xFFFFFF00)
T51F4 011:512.163 - 0.082ms returns 0x06
T51F4 011:512.179 JLINK_GetNumWPUnits()
T51F4 011:512.193 - 0.014ms returns 4
T51F4 011:512.207 JLINK_GetNumWPUnits()
T51F4 011:512.221 - 0.013ms returns 4
T51F4 011:512.577 JLINK_GetNumBPUnits(Type = 0xFFFFFF00)
T51F4 011:512.634 - 0.056ms returns 0x06
T51F4 011:512.649 JLINK_GetNumWPUnits()
T51F4 011:512.665 - 0.015ms returns 4
T51F4 011:512.681 JLINK_GetNumWPUnits()
T51F4 011:512.695 - 0.014ms returns 4
T51F4 011:513.273 JLINK_GetNumBPUnits(Type = 0xFFFFFF00)
T51F4 011:513.351 - 0.077ms returns 0x06
T51F4 011:513.383 JLINK_GetNumWPUnits()
T51F4 011:513.412 - 0.028ms returns 4
T51F4 011:513.438 JLINK_GetNumWPUnits()
T51F4 011:513.463 - 0.025ms returns 4
T51F4 011:514.080 JLINK_GetNumBPUnits(Type = 0xFFFFFF00)
T51F4 011:514.128 - 0.048ms returns 0x06
T51F4 011:514.151 JLINK_GetNumWPUnits()
T51F4 011:514.171 - 0.019ms returns 4
T51F4 011:514.192 JLINK_GetNumWPUnits()
T51F4 011:514.210 - 0.018ms returns 4
T51F4 011:514.601 JLINK_GetNumBPUnits(Type = 0xFFFFFF00)
T51F4 011:514.665 - 0.063ms returns 0x06
T51F4 011:514.681 JLINK_GetNumWPUnits()
T51F4 011:514.694 - 0.013ms returns 4
T51F4 011:514.709 JLINK_GetNumWPUnits()
T51F4 011:514.723 - 0.014ms returns 4
T51F4 011:515.104 JLINK_GetNumBPUnits(Type = 0xFFFFFF00)
T51F4 011:515.146 - 0.042ms returns 0x06
T51F4 011:515.167 JLINK_GetNumWPUnits()
T51F4 011:515.186 - 0.019ms returns 4
T51F4 011:515.207 JLINK_GetNumWPUnits()
T51F4 011:515.227 - 0.019ms returns 4
T51F4 011:515.483 JLINK_GetNumBPUnits(Type = 0xFFFFFF00)
T51F4 011:515.529 - 0.045ms returns 0x06
T51F4 011:515.551 JLINK_GetNumWPUnits()
T51F4 011:515.570 - 0.018ms returns 4
T51F4 011:515.591 JLINK_GetNumWPUnits()
T51F4 011:515.607 - 0.016ms returns 4
T51F4 011:515.897 JLINK_GetNumBPUnits(Type = 0xFFFFFF00)
T51F4 011:515.963 - 0.065ms returns 0x06
T51F4 011:515.985 JLINK_GetNumWPUnits()
T51F4 011:516.004 - 0.018ms returns 4
T51F4 011:516.024 JLINK_GetNumWPUnits()
T51F4 011:516.048 - 0.023ms returns 4
T4370 011:530.321 JLINK_ReadMem(0x000038FC, 0x4 Bytes, ...)
T4370 011:530.402   CPU_ReadMem(4 bytes @ 0x000038FC)
T4370 011:530.804   Data:  E0 03 1F 2A
T4370 011:530.868 - 0.547ms returns 0
T4370 019:420.978 JLINK_STRACE_Read(..., NumItems = 0x10000)
T4370 019:421.071   
  ***** Error: 
T4370 019:421.093   Debugger tries to use on-chip trace buffer but the connected MCU does not provide an on-chip trace buffer (e.g. ETB/MTB/...)
T4370 019:421.115 - 0.138ms NumItemsRead = 0xFFFFFFFF
T4370 019:421.137 JLINK_IsHalted()
T4370 019:421.345 - 0.207ms returns TRUE
T4370 019:421.398 JLINK_GoEx(MaxEmulInsts = 0, Flags = 0x01)
T4370 019:423.269 - 1.870ms
T4370 019:526.028 JLINK_IsHalted()
T4370 019:526.604 - 0.575ms returns FALSE
T4370 019:526.657 JLINK_IsHalted()
T4370 019:526.986 - 0.323ms returns FALSE
T4370 019:636.240 JLINK_IsHalted()
T4370 019:640.094 - 3.853ms returns TRUE
T4370 019:640.203 JLINK_ReadRegs_64(NumRegs = 1, Indexes: 
T4370 019:640.246   33)
T4370 019:640.318    -- PC=0x40206320
T4370 019:640.378 - 0.175ms returns 0
T4370 019:640.431 JLINK_ReadRegs_64(NumRegs = 1, Indexes: 
T4370 019:640.474   41)
T4370 019:640.533    -- CPSR=0x6000000D
T4370 019:640.599 - 0.167ms returns 0
T4370 019:640.644 JLINK_ReadRegs_64(NumRegs = 1, Indexes: 
T4370 019:640.688   33)
T4370 019:640.752    -- PC=0x40206320
T4370 019:640.815 - 0.171ms returns 0
T4370 019:640.862 JLINK_ReadRegs_64(NumRegs = 1, Indexes: 
T4370 019:640.906   41)
T4370 019:640.980    -- CPSR=0x6000000D
T4370 019:641.044 - 0.182ms returns 0
T4370 019:641.089 JLINK_IsHalted()
T4370 019:641.135 - 0.046ms returns TRUE
T4370 019:641.181 JLINK_ReadRegs_64(NumRegs = 1, Indexes: 
T4370 019:641.223   41)
T4370 019:641.286    -- CPSR=0x6000000D
T4370 019:641.349 - 0.168ms returns 0
T4370 019:641.394 JLINK_ReadRegs_64(NumRegs = 1, Indexes: 
T4370 019:641.437   33)
T4370 019:641.502    -- PC=0x40206320
T4370 019:641.565 - 0.171ms returns 0
T4370 019:641.611 JLINK_ReadRegs_64(NumRegs = 1, Indexes: 
T4370 019:641.652   41)
T4370 019:641.714    -- CPSR=0x6000000D
T4370 019:641.775 - 0.163ms returns 0
T4370 019:643.174 JLINK_ReadRegs_64(NumRegs = 49, Indexes: 
T4370 019:643.270   0, 
T4370 019:643.321   1, 
T4370 019:643.371   2, 
T4370 019:643.420   3, 
T4370 019:643.469   4, 
T4370 019:643.518   5, 
T4370 019:643.568   6, 
T4370 019:643.616   7, 
T4370 019:643.664   8, 
T4370 019:643.713   9, 
T4370 019:643.762   10, 
T4370 019:643.810   11, 
T4370 019:643.859   12, 
T4370 019:643.910   13, 
T4370 019:643.958   14, 
T4370 019:644.007   15, 
T4370 019:644.060   16, 
T4370 019:644.114   17, 
T4370 019:644.163   18, 
T4370 019:644.211   19, 
T4370 019:644.260   20, 
T4370 019:644.310   21, 
T4370 019:644.359   22, 
T4370 019:644.408   23, 
T4370 019:644.458   24, 
T4370 019:644.507   25, 
T4370 019:644.556   26, 
T4370 019:644.605   27, 
T4370 019:644.655   28, 
T4370 019:644.704   29, 
T4370 019:644.753   30, 
T4370 019:644.802   31, 
T4370 019:644.853   32, 
T4370 019:644.902   33, 
T4370 019:644.951   34, 
T4370 019:645.003   35, 
T4370 019:645.052   36, 
T4370 019:645.103   37, 
T4370 019:645.156   38, 
T4370 019:645.205   39, 
T4370 019:645.255   40, 
T4370 019:645.304   41, 
T4370 019:645.352   42, 
T4370 019:645.401   43, 
T4370 019:645.449   44, 
T4370 019:645.499   45, 
T4370 019:645.548   46, 
T4370 019:645.597   47, 
T4370 019:645.645   48)
T4370 019:645.722   
 -- R0=0x401815, R1=0x01, R2=0x00, R3=0xFFFFFFFF, R4=0x06, R5=0x200, R6=0x200000, R7=0xFFFFFFC0, R8=0x01, R9=0xF0000000, R10=0x04, R11=0x02, R12=0xB8, R13=0xA00000, R14=0xA222D400, R15=0x04, R16=0x10000000, R17=0x40, R18=0x114001AC, R19=0x12064, R20=0x1A030, R21=0x00, R22=0x00, R23=0x00, R24=0x00, R25=0x00, R26=0x00, R27=0x00, R28=0x00, R29=0x402823D0, R30=0x40202CC8, R31=0x00, SP=0x402823D0, PC=0x40206320, ELR_EL1=0x00, ELR_EL2=0x00, ELR_EL3=0x40200000, SP_EL0=0x1B680, SP_EL1=0x00, SP_EL2=0x00, SP_EL3=0x402823D0, CPSR=0x6000000D, SPSR_abt=0xFADFBFFF, SPSR_EL1=0xFCB6F96F, SPSR_EL2=0xEEBFEFFB, SPSR_EL3=0x3CD, SPSR_fiq=0x3EDFF5CF, SPSR_irq=0xBA8FBFFD, SPSR_und=0xF699DFFF

T4370 019:645.819 - 2.644ms returns 0
T4370 019:646.516 JLINK_ReadMem(0x40206320, 0x4 Bytes, ...)
T4370 019:646.575   CPU_ReadMem(64 bytes @ 0x40206300)
T4370 019:647.570    -- Updating DA cache (64 bytes @ 0x40206300)
T4370 019:647.677    -- Read from DA cache (4 bytes @ 0x40206320)
T4370 019:647.707   Data:  22 02 00 94
T4370 019:647.736 - 1.220ms returns 0
T4370 019:649.890 JLINK_ClrBPEx(BPHandle = 0x00000002)
T4370 019:649.956 - 0.066ms returns 0x00
T4370 020:751.160 JLINK_STRACE_Read(..., NumItems = 0x10000)
T4370 020:751.263 - 0.103ms NumItemsRead = 0xFFFFFFFF
T4370 020:751.284 JLINK_IsHalted()
T4370 020:751.599 - 0.314ms returns TRUE
T4370 020:751.670 JLINK_GoEx(MaxEmulInsts = 0, Flags = 0x01)
T4370 020:753.732 - 2.061ms
T4370 020:854.490 JLINK_IsHalted()
T4370 020:855.045 - 0.554ms returns FALSE
T4370 020:855.103 JLINK_IsHalted()
T4370 020:855.387 - 0.282ms returns FALSE
T4370 020:964.280 JLINK_IsHalted()
T4370 020:964.845 - 0.564ms returns FALSE
T4370 020:964.953 JLINK_IsHalted()
T4370 020:965.422 - 0.467ms returns FALSE
T4370 021:073.235 JLINK_IsHalted()
T4370 021:073.854 - 0.617ms returns FALSE
T4370 021:073.972 JLINK_IsHalted()
T4370 021:074.408 - 0.434ms returns FALSE
T4370 021:182.188 JLINK_IsHalted()
T4370 021:182.738 - 0.550ms returns FALSE
T4370 021:182.829 JLINK_IsHalted()
T4370 021:183.236 - 0.405ms returns FALSE
T4370 021:291.665 JLINK_IsHalted()
T4370 021:292.254 - 0.587ms returns FALSE
T4370 021:292.361 JLINK_IsHalted()
T4370 021:292.736 - 0.373ms returns FALSE
T4370 021:401.723 JLINK_IsHalted()
T4370 021:402.380 - 0.655ms returns FALSE
T4370 021:402.505 JLINK_IsHalted()
T4370 021:402.952 - 0.446ms returns FALSE
T4370 021:510.418 JLINK_IsHalted()
T4370 021:510.931 - 0.511ms returns FALSE
T4370 021:511.045 JLINK_IsHalted()
T4370 021:511.429 - 0.382ms returns FALSE
T4370 021:620.399 JLINK_IsHalted()
T4370 021:620.977 - 0.577ms returns FALSE
T4370 021:621.013 JLINK_IsHalted()
T4370 021:621.337 - 0.322ms returns FALSE
T4370 021:729.981 JLINK_IsHalted()
T4370 021:730.558 - 0.576ms returns FALSE
T4370 021:730.652 JLINK_IsHalted()
T4370 021:730.977 - 0.324ms returns FALSE
T51F4 021:759.540 JLINK_IsHalted()
T51F4 021:760.058 - 0.515ms returns FALSE
T51F4 021:760.216 JLINK_IsHalted()
T51F4 021:760.566 - 0.348ms returns FALSE
T4370 021:838.669 JLINK_IsHalted()
T4370 021:839.378 - 0.707ms returns FALSE
T4370 021:839.490 JLINK_IsHalted()
T4370 021:839.962 - 0.470ms returns FALSE
T4370 021:947.803 JLINK_IsHalted()
T4370 021:948.434 - 0.629ms returns FALSE
T4370 021:948.558 JLINK_IsHalted()
T4370 021:948.979 - 0.419ms returns FALSE
T4370 022:057.644 JLINK_IsHalted()
T4370 022:058.221 - 0.576ms returns FALSE
T4370 022:058.336 JLINK_IsHalted()
T4370 022:058.785 - 0.447ms returns FALSE
T4370 022:167.458 JLINK_IsHalted()
T4370 022:168.065 - 0.605ms returns FALSE
T4370 022:168.166 JLINK_IsHalted()
T4370 022:168.591 - 0.423ms returns FALSE
T4370 022:276.081 JLINK_IsHalted()
T4370 022:276.602 - 0.520ms returns FALSE
T4370 022:276.724 JLINK_IsHalted()
T4370 022:277.165 - 0.439ms returns FALSE
T4370 022:386.131 JLINK_IsHalted()
T4370 022:386.627 - 0.495ms returns FALSE
T4370 022:386.731 JLINK_IsHalted()
T4370 022:387.104 - 0.372ms returns FALSE
T4370 022:495.091 JLINK_IsHalted()
T4370 022:496.180 - 1.088ms returns FALSE
T4370 022:496.296 JLINK_IsHalted()
T4370 022:496.865 - 0.567ms returns FALSE
T4370 022:604.128 JLINK_IsHalted()
T4370 022:604.627 - 0.499ms returns FALSE
T4370 022:604.739 JLINK_IsHalted()
T4370 022:605.174 - 0.435ms returns FALSE
T4370 022:714.165 JLINK_IsHalted()
T4370 022:714.731 - 0.565ms returns FALSE
T4370 022:714.832 JLINK_IsHalted()
T4370 022:715.211 - 0.377ms returns FALSE
T51F4 022:761.821 JLINK_IsHalted()
T51F4 022:762.501 - 0.680ms returns FALSE
T51F4 022:762.543 JLINK_IsHalted()
T51F4 022:762.824 - 0.281ms returns FALSE
T4370 022:823.472 JLINK_IsHalted()
T4370 022:823.879 - 0.406ms returns FALSE
T4370 022:823.951 JLINK_IsHalted()
T4370 022:824.257 - 0.304ms returns FALSE
T4370 022:932.180 JLINK_IsHalted()
T4370 022:932.632 - 0.451ms returns FALSE
T4370 022:932.681 JLINK_IsHalted()
T4370 022:932.980 - 0.298ms returns FALSE
T4370 023:042.229 JLINK_IsHalted()
T4370 023:042.656 - 0.425ms returns FALSE
T4370 023:042.733 JLINK_IsHalted()
T4370 023:043.049 - 0.313ms returns FALSE
T4370 023:151.110 JLINK_IsHalted()
T4370 023:151.536 - 0.426ms returns FALSE
T4370 023:151.589 JLINK_IsHalted()
T4370 023:151.898 - 0.307ms returns FALSE
T4370 023:260.217 JLINK_IsHalted()
T4370 023:260.665 - 0.447ms returns FALSE
T4370 023:260.725 JLINK_IsHalted()
T4370 023:260.977 - 0.251ms returns FALSE
T4370 023:370.136 JLINK_IsHalted()
T4370 023:370.651 - 0.513ms returns FALSE
T4370 023:370.760 JLINK_IsHalted()
T4370 023:371.181 - 0.419ms returns FALSE
T4370 023:479.650 JLINK_IsHalted()
T4370 023:480.213 - 0.561ms returns FALSE
T4370 023:480.324 JLINK_IsHalted()
T4370 023:480.777 - 0.451ms returns FALSE
T4370 023:588.531 JLINK_IsHalted()
T4370 023:588.978 - 0.441ms returns FALSE
T4370 023:589.044 JLINK_IsHalted()
T4370 023:589.403 - 0.358ms returns FALSE
T4370 023:698.137 JLINK_IsHalted()
T4370 023:698.690 - 0.551ms returns FALSE
T4370 023:698.799 JLINK_IsHalted()
T4370 023:699.177 - 0.377ms returns FALSE
T51F4 023:763.692 JLINK_IsHalted()
T51F4 023:764.258 - 0.564ms returns FALSE
T51F4 023:764.385 JLINK_IsHalted()
T51F4 023:764.832 - 0.445ms returns FALSE
T4370 023:807.487 JLINK_IsHalted()
T4370 023:808.139 - 0.651ms returns FALSE
T4370 023:808.258 JLINK_IsHalted()
T4370 023:808.704 - 0.445ms returns FALSE
T4370 023:917.238 JLINK_IsHalted()
T4370 023:917.817 - 0.577ms returns FALSE
T4370 023:917.926 JLINK_IsHalted()
T4370 023:918.374 - 0.446ms returns FALSE
T4370 024:026.507 JLINK_IsHalted()
T4370 024:027.083 - 0.574ms returns FALSE
T4370 024:027.216 JLINK_IsHalted()
T4370 024:027.685 - 0.468ms returns FALSE
T4370 024:136.088 JLINK_IsHalted()
T4370 024:136.637 - 0.547ms returns FALSE
T4370 024:136.743 JLINK_IsHalted()
T4370 024:137.190 - 0.446ms returns FALSE
T4370 024:245.245 JLINK_IsHalted()
T4370 024:245.817 - 0.571ms returns FALSE
T4370 024:245.925 JLINK_IsHalted()
T4370 024:246.398 - 0.472ms returns FALSE
T4370 024:354.337 JLINK_IsHalted()
T4370 024:354.907 - 0.568ms returns FALSE
T4370 024:355.011 JLINK_IsHalted()
T4370 024:355.393 - 0.380ms returns FALSE
T4370 024:464.182 JLINK_IsHalted()
T4370 024:464.705 - 0.522ms returns FALSE
T4370 024:464.813 JLINK_IsHalted()
T4370 024:465.188 - 0.373ms returns FALSE
T4370 024:573.709 JLINK_IsHalted()
T4370 024:574.256 - 0.545ms returns FALSE
T4370 024:574.435 JLINK_IsHalted()
T4370 024:574.850 - 0.413ms returns FALSE
T4370 024:682.435 JLINK_IsHalted()
T4370 024:682.983 - 0.546ms returns FALSE
T4370 024:683.091 JLINK_IsHalted()
T4370 024:683.518 - 0.426ms returns FALSE
T51F4 024:765.878 JLINK_IsHalted()
T51F4 024:766.453 - 0.574ms returns FALSE
T51F4 024:766.572 JLINK_IsHalted()
T51F4 024:766.958 - 0.384ms returns FALSE
T4370 024:791.636 JLINK_IsHalted()
T4370 024:792.198 - 0.559ms returns FALSE
T4370 024:792.303 JLINK_IsHalted()
T4370 024:792.755 - 0.450ms returns FALSE
T4370 024:901.244 JLINK_IsHalted()
T4370 024:901.804 - 0.558ms returns FALSE
T4370 024:901.918 JLINK_IsHalted()
T4370 024:902.363 - 0.443ms returns FALSE
T4370 025:010.479 JLINK_IsHalted()
T4370 025:011.017 - 0.536ms returns FALSE
T4370 025:011.125 JLINK_IsHalted()
T4370 025:011.633 - 0.507ms returns FALSE
T4370 025:120.101 JLINK_IsHalted()
T4370 025:120.985 - 0.883ms returns FALSE
T4370 025:121.122 JLINK_IsHalted()
T4370 025:121.572 - 0.449ms returns FALSE
T4370 025:229.503 JLINK_IsHalted()
T4370 025:230.096 - 0.592ms returns FALSE
T4370 025:230.220 JLINK_IsHalted()
T4370 025:230.590 - 0.368ms returns FALSE
T4370 025:338.640 JLINK_IsHalted()
T4370 025:339.268 - 0.627ms returns FALSE
T4370 025:339.395 JLINK_IsHalted()
T4370 025:339.899 - 0.502ms returns FALSE
T4370 025:448.348 JLINK_IsHalted()
T4370 025:448.963 - 0.613ms returns FALSE
T4370 025:449.081 JLINK_IsHalted()
T4370 025:449.599 - 0.516ms returns FALSE
T4370 025:557.968 JLINK_IsHalted()
T4370 025:558.516 - 0.546ms returns FALSE
T4370 025:558.623 JLINK_IsHalted()
T4370 025:559.095 - 0.470ms returns FALSE
T4370 025:666.626 JLINK_IsHalted()
T4370 025:667.123 - 0.495ms returns FALSE
T4370 025:667.222 JLINK_IsHalted()
T4370 025:667.683 - 0.460ms returns FALSE
T51F4 025:768.782 JLINK_IsHalted()
T51F4 025:769.365 - 0.581ms returns FALSE
T51F4 025:769.482 JLINK_IsHalted()
T51F4 025:769.813 - 0.329ms returns FALSE
T4370 025:776.398 JLINK_IsHalted()
T4370 025:776.975 - 0.575ms returns FALSE
T4370 025:777.097 JLINK_IsHalted()
T4370 025:777.531 - 0.431ms returns FALSE
T4370 025:885.436 JLINK_IsHalted()
T4370 025:885.962 - 0.525ms returns FALSE
T4370 025:886.067 JLINK_IsHalted()
T4370 025:886.524 - 0.455ms returns FALSE
T4370 025:995.087 JLINK_IsHalted()
T4370 025:995.695 - 0.606ms returns FALSE
T4370 025:995.803 JLINK_IsHalted()
T4370 025:996.271 - 0.467ms returns FALSE
T4370 026:104.746 JLINK_IsHalted()
T4370 026:105.310 - 0.563ms returns FALSE
T4370 026:105.421 JLINK_IsHalted()
T4370 026:105.839 - 0.416ms returns FALSE
T4370 026:213.540 JLINK_IsHalted()
T4370 026:214.172 - 0.630ms returns FALSE
T4370 026:214.318 JLINK_IsHalted()
T4370 026:214.776 - 0.456ms returns FALSE
T4370 026:323.279 JLINK_IsHalted()
T4370 026:323.852 - 0.571ms returns FALSE
T4370 026:323.965 JLINK_IsHalted()
T4370 026:324.415 - 0.449ms returns FALSE
T4370 026:432.954 JLINK_IsHalted()
T4370 026:433.545 - 0.590ms returns FALSE
T4370 026:433.653 JLINK_IsHalted()
T4370 026:434.107 - 0.452ms returns FALSE
T4370 026:541.868 JLINK_IsHalted()
T4370 026:542.386 - 0.517ms returns FALSE
T4370 026:542.494 JLINK_IsHalted()
T4370 026:542.891 - 0.395ms returns FALSE
T4370 026:650.877 JLINK_IsHalted()
T4370 026:651.563 - 0.685ms returns FALSE
T4370 026:651.686 JLINK_IsHalted()
T4370 026:652.104 - 0.416ms returns FALSE
T4370 026:761.224 JLINK_IsHalted()
T4370 026:761.854 - 0.629ms returns FALSE
T4370 026:762.026 JLINK_IsHalted()
T4370 026:762.495 - 0.468ms returns FALSE
T51F4 026:771.638 JLINK_IsHalted()
T51F4 026:772.259 - 0.620ms returns FALSE
T51F4 026:772.390 JLINK_IsHalted()
T51F4 026:772.815 - 0.422ms returns FALSE
T4370 026:870.700 JLINK_IsHalted()
T4370 026:871.229 - 0.527ms returns FALSE
T4370 026:871.341 JLINK_IsHalted()
T4370 026:871.803 - 0.460ms returns FALSE
T4370 026:979.320 JLINK_IsHalted()
T4370 026:979.879 - 0.558ms returns FALSE
T4370 026:979.986 JLINK_IsHalted()
T4370 026:980.418 - 0.430ms returns FALSE
T4370 027:089.121 JLINK_IsHalted()
T4370 027:089.733 - 0.610ms returns FALSE
T4370 027:089.845 JLINK_IsHalted()
T4370 027:090.253 - 0.406ms returns FALSE
T4370 027:198.257 JLINK_IsHalted()
T4370 027:198.800 - 0.542ms returns FALSE
T4370 027:198.906 JLINK_IsHalted()
T4370 027:199.374 - 0.466ms returns FALSE
T4370 027:307.532 JLINK_IsHalted()
T4370 027:308.072 - 0.539ms returns FALSE
T4370 027:308.190 JLINK_IsHalted()
T4370 027:308.609 - 0.417ms returns FALSE
T4370 027:417.304 JLINK_IsHalted()
T4370 027:417.814 - 0.510ms returns FALSE
T4370 027:417.921 JLINK_IsHalted()
T4370 027:418.310 - 0.388ms returns FALSE
T4370 027:526.434 JLINK_IsHalted()
T4370 027:526.998 - 0.563ms returns FALSE
T4370 027:527.106 JLINK_IsHalted()
T4370 027:527.495 - 0.388ms returns FALSE
T4370 027:636.335 JLINK_IsHalted()
T4370 027:636.931 - 0.595ms returns FALSE
T4370 027:637.045 JLINK_IsHalted()
T4370 027:637.533 - 0.486ms returns FALSE
T4370 027:745.145 JLINK_IsHalted()
T4370 027:745.658 - 0.511ms returns FALSE
T4370 027:745.798 JLINK_IsHalted()
T4370 027:746.242 - 0.442ms returns FALSE
T51F4 027:774.028 JLINK_IsHalted()
T51F4 027:774.538 - 0.509ms returns FALSE
T51F4 027:774.653 JLINK_IsHalted()
T51F4 027:775.096 - 0.440ms returns FALSE
T4370 027:853.997 JLINK_IsHalted()
T4370 027:854.544 - 0.546ms returns FALSE
T4370 027:854.656 JLINK_IsHalted()
T4370 027:855.118 - 0.460ms returns FALSE
T4370 027:963.756 JLINK_IsHalted()
T4370 027:964.273 - 0.515ms returns FALSE
T4370 027:964.379 JLINK_IsHalted()
T4370 027:964.814 - 0.433ms returns FALSE
T4370 028:073.262 JLINK_IsHalted()
T4370 028:073.848 - 0.584ms returns FALSE
T4370 028:073.966 JLINK_IsHalted()
T4370 028:074.407 - 0.440ms returns FALSE
T4370 028:182.741 JLINK_IsHalted()
T4370 028:183.281 - 0.538ms returns FALSE
T4370 028:183.400 JLINK_IsHalted()
T4370 028:183.835 - 0.433ms returns FALSE
T4370 028:292.400 JLINK_IsHalted()
T4370 028:292.921 - 0.519ms returns FALSE
T4370 028:293.010 JLINK_IsHalted()
T4370 028:293.415 - 0.403ms returns FALSE
T4370 028:401.067 JLINK_IsHalted()
T4370 028:401.653 - 0.584ms returns FALSE
T4370 028:401.763 JLINK_IsHalted()
T4370 028:402.175 - 0.410ms returns FALSE
T4370 028:510.477 JLINK_IsHalted()
T4370 028:511.078 - 0.599ms returns FALSE
T4370 028:511.173 JLINK_IsHalted()
T4370 028:511.531 - 0.357ms returns FALSE
T4370 028:620.266 JLINK_IsHalted()
T4370 028:620.828 - 0.559ms returns FALSE
T4370 028:620.956 JLINK_IsHalted()
T4370 028:621.396 - 0.438ms returns FALSE
T4370 028:729.919 JLINK_IsHalted()
T4370 028:730.532 - 0.611ms returns FALSE
T4370 028:730.638 JLINK_IsHalted()
T4370 028:731.037 - 0.397ms returns FALSE
T51F4 028:776.115 JLINK_IsHalted()
T51F4 028:776.612 - 0.496ms returns FALSE
T51F4 028:776.734 JLINK_IsHalted()
T51F4 028:777.097 - 0.361ms returns FALSE
T4370 028:839.071 JLINK_IsHalted()
T4370 028:839.710 - 0.637ms returns FALSE
T4370 028:839.821 JLINK_IsHalted()
T4370 028:840.337 - 0.514ms returns FALSE
T4370 028:947.737 JLINK_IsHalted()
T4370 028:948.283 - 0.545ms returns FALSE
T4370 028:948.392 JLINK_IsHalted()
T4370 028:948.863 - 0.469ms returns FALSE
T4370 029:057.857 JLINK_IsHalted()
T4370 029:058.397 - 0.538ms returns FALSE
T4370 029:058.504 JLINK_IsHalted()
T4370 029:058.942 - 0.437ms returns FALSE
T4370 029:166.597 JLINK_IsHalted()
T4370 029:167.155 - 0.557ms returns FALSE
T4370 029:167.266 JLINK_IsHalted()
T4370 029:167.644 - 0.376ms returns FALSE
T4370 029:276.554 JLINK_IsHalted()
T4370 029:277.193 - 0.638ms returns FALSE
T4370 029:277.297 JLINK_IsHalted()
T4370 029:277.821 - 0.522ms returns FALSE
T4370 029:386.228 JLINK_IsHalted()
T4370 029:386.721 - 0.492ms returns FALSE
T4370 029:386.800 JLINK_IsHalted()
T4370 029:387.179 - 0.378ms returns FALSE
T4370 029:495.467 JLINK_IsHalted()
T4370 029:496.068 - 0.600ms returns FALSE
T4370 029:496.184 JLINK_IsHalted()
T4370 029:496.579 - 0.393ms returns FALSE
T4370 029:604.880 JLINK_IsHalted()
T4370 029:605.361 - 0.479ms returns FALSE
T4370 029:605.428 JLINK_IsHalted()
T4370 029:605.788 - 0.359ms returns FALSE
T4370 029:713.914 JLINK_IsHalted()
T4370 029:714.506 - 0.590ms returns FALSE
T4370 029:714.613 JLINK_IsHalted()
T4370 029:715.052 - 0.437ms returns FALSE
T51F4 029:777.424 JLINK_IsHalted()
T51F4 029:778.049 - 0.624ms returns FALSE
T51F4 029:778.168 JLINK_IsHalted()
T51F4 029:778.544 - 0.374ms returns FALSE
T4370 029:823.050 JLINK_IsHalted()
T4370 029:823.597 - 0.545ms returns FALSE
T4370 029:823.707 JLINK_IsHalted()
T4370 029:824.084 - 0.376ms returns FALSE
T4370 029:933.048 JLINK_IsHalted()
T4370 029:933.469 - 0.420ms returns FALSE
T4370 029:933.542 JLINK_IsHalted()
T4370 029:933.881 - 0.337ms returns FALSE
T4370 030:042.361 JLINK_IsHalted()
T4370 030:042.813 - 0.452ms returns FALSE
T4370 030:042.868 JLINK_IsHalted()
T4370 030:043.127 - 0.257ms returns FALSE
T4370 030:151.407 JLINK_IsHalted()
T4370 030:151.981 - 0.573ms returns FALSE
T4370 030:152.079 JLINK_IsHalted()
T4370 030:152.497 - 0.417ms returns FALSE
T4370 030:260.914 JLINK_IsHalted()
T4370 030:261.522 - 0.606ms returns FALSE
T4370 030:261.670 JLINK_IsHalted()
T4370 030:262.064 - 0.392ms returns FALSE
T4370 030:369.637 JLINK_IsHalted()
T4370 030:370.097 - 0.459ms returns FALSE
T4370 030:370.208 JLINK_IsHalted()
T4370 030:370.505 - 0.295ms returns FALSE
T4370 030:479.725 JLINK_IsHalted()
T4370 030:480.278 - 0.552ms returns FALSE
T4370 030:480.386 JLINK_IsHalted()
T4370 030:480.882 - 0.494ms returns FALSE
T4370 030:588.899 JLINK_IsHalted()
T4370 030:589.570 - 0.670ms returns FALSE
T4370 030:589.720 JLINK_IsHalted()
T4370 030:590.228 - 0.505ms returns FALSE
T4370 030:697.863 JLINK_IsHalted()
T4370 030:698.442 - 0.578ms returns FALSE
T4370 030:698.551 JLINK_IsHalted()
T4370 030:699.016 - 0.464ms returns FALSE
T51F4 030:780.108 JLINK_IsHalted()
T51F4 030:780.723 - 0.613ms returns FALSE
T51F4 030:780.847 JLINK_IsHalted()
T51F4 030:781.302 - 0.453ms returns FALSE
T4370 030:807.957 JLINK_IsHalted()
T4370 030:808.494 - 0.536ms returns FALSE
T4370 030:808.604 JLINK_IsHalted()
T4370 030:809.033 - 0.427ms returns FALSE
T4370 030:916.918 JLINK_IsHalted()
T4370 030:917.540 - 0.621ms returns FALSE
T4370 030:917.660 JLINK_IsHalted()
T4370 030:918.233 - 0.571ms returns FALSE
T4370 031:025.990 JLINK_IsHalted()
T4370 031:026.522 - 0.531ms returns FALSE
T4370 031:026.631 JLINK_IsHalted()
T4370 031:027.056 - 0.422ms returns FALSE
T4370 031:136.123 JLINK_IsHalted()
T4370 031:136.693 - 0.568ms returns FALSE
T4370 031:136.800 JLINK_IsHalted()
T4370 031:137.319 - 0.518ms returns FALSE
T4370 031:245.214 JLINK_IsHalted()
T4370 031:245.764 - 0.549ms returns FALSE
T4370 031:245.871 JLINK_IsHalted()
T4370 031:246.242 - 0.369ms returns FALSE
T4370 031:354.426 JLINK_IsHalted()
T4370 031:354.977 - 0.550ms returns FALSE
T4370 031:355.086 JLINK_IsHalted()
T4370 031:355.533 - 0.445ms returns FALSE
T4370 031:464.348 JLINK_IsHalted()
T4370 031:465.027 - 0.677ms returns FALSE
T4370 031:465.140 JLINK_IsHalted()
T4370 031:465.655 - 0.513ms returns FALSE
T4370 031:572.754 JLINK_IsHalted()
T4370 031:573.341 - 0.585ms returns FALSE
T4370 031:573.449 JLINK_IsHalted()
T4370 031:573.905 - 0.455ms returns FALSE
T4370 031:682.482 JLINK_IsHalted()
T4370 031:683.043 - 0.559ms returns FALSE
T4370 031:683.151 JLINK_IsHalted()
T4370 031:683.501 - 0.348ms returns FALSE
T51F4 031:782.258 JLINK_IsHalted()
T51F4 031:782.836 - 0.577ms returns FALSE
T51F4 031:782.962 JLINK_IsHalted()
T51F4 031:783.413 - 0.449ms returns FALSE
T4370 031:791.860 JLINK_IsHalted()
T4370 031:792.477 - 0.615ms returns FALSE
T4370 031:792.594 JLINK_IsHalted()
T4370 031:793.126 - 0.530ms returns FALSE
T4370 031:901.226 JLINK_IsHalted()
T4370 031:901.912 - 0.684ms returns FALSE
T4370 031:902.062 JLINK_IsHalted()
T4370 031:902.613 - 0.549ms returns FALSE
T4370 032:010.834 JLINK_IsHalted()
T4370 032:011.474 - 0.638ms returns FALSE
T4370 032:011.582 JLINK_IsHalted()
T4370 032:012.040 - 0.456ms returns FALSE
T4370 032:119.739 JLINK_IsHalted()
T4370 032:120.805 - 1.067ms returns FALSE
T4370 032:120.920 JLINK_IsHalted()
T4370 032:121.268 - 0.346ms returns FALSE
T4370 032:229.080 JLINK_IsHalted()
T4370 032:229.665 - 0.583ms returns FALSE
T4370 032:229.785 JLINK_IsHalted()
T4370 032:230.135 - 0.348ms returns FALSE
T4370 032:339.240 JLINK_IsHalted()
T4370 032:339.828 - 0.586ms returns FALSE
T4370 032:339.935 JLINK_IsHalted()
T4370 032:340.325 - 0.388ms returns FALSE
T4370 032:447.850 JLINK_IsHalted()
T4370 032:448.427 - 0.575ms returns FALSE
T4370 032:448.534 JLINK_IsHalted()
T4370 032:448.959 - 0.423ms returns FALSE
T4370 032:557.724 JLINK_IsHalted()
T4370 032:558.315 - 0.589ms returns FALSE
T4370 032:558.438 JLINK_IsHalted()
T4370 032:558.852 - 0.411ms returns FALSE
T4370 032:667.090 JLINK_IsHalted()
T4370 032:667.616 - 0.524ms returns FALSE
T4370 032:667.754 JLINK_IsHalted()
T4370 032:668.225 - 0.469ms returns FALSE
T4370 032:776.288 JLINK_IsHalted()
T4370 032:776.835 - 0.546ms returns FALSE
T4370 032:776.943 JLINK_IsHalted()
T4370 032:777.324 - 0.379ms returns FALSE
T51F4 032:784.530 JLINK_IsHalted()
T51F4 032:785.129 - 0.598ms returns FALSE
T51F4 032:785.257 JLINK_IsHalted()
T51F4 032:785.764 - 0.505ms returns FALSE
T4370 032:886.051 JLINK_IsHalted()
T4370 032:886.537 - 0.484ms returns FALSE
T4370 032:886.652 JLINK_IsHalted()
T4370 032:887.047 - 0.394ms returns FALSE
T4370 032:995.019 JLINK_IsHalted()
T4370 032:995.563 - 0.543ms returns FALSE
T4370 032:995.673 JLINK_IsHalted()
T4370 032:996.054 - 0.380ms returns FALSE
T4370 033:104.188 JLINK_IsHalted()
T4370 033:104.755 - 0.565ms returns FALSE
T4370 033:104.871 JLINK_IsHalted()
T4370 033:105.258 - 0.385ms returns FALSE
T4370 033:213.980 JLINK_IsHalted()
T4370 033:214.553 - 0.572ms returns FALSE
T4370 033:214.661 JLINK_IsHalted()
T4370 033:215.029 - 0.367ms returns FALSE
T4370 033:322.850 JLINK_IsHalted()
T4370 033:323.428 - 0.576ms returns FALSE
T4370 033:323.535 JLINK_IsHalted()
T4370 033:324.022 - 0.485ms returns FALSE
T4370 033:432.363 JLINK_IsHalted()
T4370 033:432.957 - 0.593ms returns FALSE
T4370 033:433.055 JLINK_IsHalted()
T4370 033:433.350 - 0.293ms returns FALSE
T4370 033:541.622 JLINK_IsHalted()
T4370 033:542.192 - 0.568ms returns FALSE
T4370 033:542.298 JLINK_IsHalted()
T4370 033:542.781 - 0.481ms returns FALSE
T4370 033:651.332 JLINK_IsHalted()
T4370 033:651.874 - 0.541ms returns FALSE
T4370 033:651.987 JLINK_IsHalted()
T4370 033:652.467 - 0.478ms returns FALSE
T4370 033:761.057 JLINK_IsHalted()
T4370 033:761.555 - 0.497ms returns FALSE
T4370 033:761.666 JLINK_IsHalted()
T4370 033:762.038 - 0.370ms returns FALSE
T51F4 033:786.781 JLINK_IsHalted()
T51F4 033:787.327 - 0.543ms returns FALSE
T51F4 033:787.439 JLINK_IsHalted()
T51F4 033:787.864 - 0.423ms returns FALSE
T4370 033:870.434 JLINK_IsHalted()
T4370 033:871.060 - 0.624ms returns FALSE
T4370 033:871.176 JLINK_IsHalted()
T4370 033:871.654 - 0.476ms returns FALSE
T4370 033:979.871 JLINK_IsHalted()
T4370 033:980.361 - 0.490ms returns FALSE
T4370 033:980.395 JLINK_IsHalted()
T4370 033:980.758 - 0.363ms returns FALSE
T4370 034:088.941 JLINK_IsHalted()
T4370 034:089.495 - 0.553ms returns FALSE
T4370 034:089.603 JLINK_IsHalted()
T4370 034:089.990 - 0.385ms returns FALSE
T4370 034:198.533 JLINK_IsHalted()
T4370 034:199.085 - 0.550ms returns FALSE
T4370 034:199.222 JLINK_IsHalted()
T4370 034:199.596 - 0.372ms returns FALSE
T4370 034:307.864 JLINK_IsHalted()
T4370 034:308.503 - 0.638ms returns FALSE
T4370 034:308.612 JLINK_IsHalted()
T4370 034:309.116 - 0.502ms returns FALSE
T4370 034:417.260 JLINK_IsHalted()
T4370 034:417.790 - 0.529ms returns FALSE
T4370 034:417.898 JLINK_IsHalted()
T4370 034:418.269 - 0.369ms returns FALSE
T4370 034:526.746 JLINK_IsHalted()
T4370 034:527.263 - 0.516ms returns FALSE
T4370 034:527.360 JLINK_IsHalted()
T4370 034:527.719 - 0.357ms returns FALSE
T4370 034:636.204 JLINK_IsHalted()
T4370 034:636.799 - 0.593ms returns FALSE
T4370 034:636.907 JLINK_IsHalted()
T4370 034:637.368 - 0.460ms returns FALSE
T4370 034:745.202 JLINK_IsHalted()
T4370 034:745.829 - 0.625ms returns FALSE
T4370 034:745.939 JLINK_IsHalted()
T4370 034:746.465 - 0.525ms returns FALSE
T51F4 034:789.161 JLINK_IsHalted()
T51F4 034:789.730 - 0.567ms returns FALSE
T51F4 034:789.845 JLINK_IsHalted()
T51F4 034:790.282 - 0.435ms returns FALSE
T4370 034:854.633 JLINK_IsHalted()
T4370 034:855.297 - 0.662ms returns FALSE
T4370 034:855.414 JLINK_IsHalted()
T4370 034:855.953 - 0.536ms returns FALSE
T4370 034:963.491 JLINK_IsHalted()
T4370 034:964.069 - 0.572ms returns FALSE
T4370 034:964.183 JLINK_IsHalted()
T4370 034:964.689 - 0.504ms returns FALSE
T4370 035:072.922 JLINK_IsHalted()
T4370 035:073.489 - 0.565ms returns FALSE
T4370 035:073.599 JLINK_IsHalted()
T4370 035:073.957 - 0.356ms returns FALSE
T4370 035:182.744 JLINK_IsHalted()
T4370 035:183.289 - 0.543ms returns FALSE
T4370 035:183.411 JLINK_IsHalted()
T4370 035:183.810 - 0.397ms returns FALSE
T4370 035:291.822 JLINK_IsHalted()
T4370 035:292.362 - 0.539ms returns FALSE
T4370 035:292.471 JLINK_IsHalted()
T4370 035:292.982 - 0.510ms returns FALSE
T4370 035:401.643 JLINK_IsHalted()
T4370 035:402.269 - 0.624ms returns FALSE
T4370 035:402.387 JLINK_IsHalted()
T4370 035:402.903 - 0.515ms returns FALSE
T4370 035:510.452 JLINK_IsHalted()
T4370 035:511.020 - 0.567ms returns FALSE
T4370 035:511.079 JLINK_IsHalted()
T4370 035:511.507 - 0.427ms returns FALSE
T4370 035:620.527 JLINK_IsHalted()
T4370 035:621.195 - 0.666ms returns FALSE
T4370 035:621.312 JLINK_IsHalted()
T4370 035:621.825 - 0.512ms returns FALSE
T4370 035:729.246 JLINK_IsHalted()
T4370 035:729.862 - 0.615ms returns FALSE
T4370 035:729.970 JLINK_IsHalted()
T4370 035:730.416 - 0.444ms returns FALSE
T51F4 035:791.458 JLINK_IsHalted()
T51F4 035:792.011 - 0.551ms returns FALSE
T51F4 035:792.139 JLINK_IsHalted()
T51F4 035:792.509 - 0.368ms returns FALSE
T4370 035:838.620 JLINK_IsHalted()
T4370 035:839.169 - 0.548ms returns FALSE
T4370 035:839.279 JLINK_IsHalted()
T4370 035:839.654 - 0.374ms returns FALSE
T4370 035:948.461 JLINK_IsHalted()
T4370 035:949.082 - 0.619ms returns FALSE
T4370 035:949.191 JLINK_IsHalted()
T4370 035:949.666 - 0.473ms returns FALSE
T4370 036:057.290 JLINK_IsHalted()
T4370 036:058.035 - 0.744ms returns FALSE
T4370 036:058.145 JLINK_IsHalted()
T4370 036:058.671 - 0.524ms returns FALSE
T4370 036:166.576 JLINK_IsHalted()
T4370 036:167.185 - 0.607ms returns FALSE
T4370 036:167.292 JLINK_IsHalted()
T4370 036:167.772 - 0.478ms returns FALSE
T4370 036:275.983 JLINK_IsHalted()
T4370 036:276.536 - 0.551ms returns FALSE
T4370 036:276.642 JLINK_IsHalted()
T4370 036:277.014 - 0.370ms returns FALSE
T4370 036:385.973 JLINK_IsHalted()
T4370 036:386.632 - 0.658ms returns FALSE
T4370 036:386.741 JLINK_IsHalted()
T4370 036:387.163 - 0.421ms returns FALSE
T4370 036:494.803 JLINK_IsHalted()
T4370 036:495.258 - 0.453ms returns FALSE
T4370 036:495.353 JLINK_IsHalted()
T4370 036:495.735 - 0.380ms returns FALSE
T4370 036:604.969 JLINK_IsHalted()
T4370 036:605.500 - 0.530ms returns FALSE
T4370 036:605.603 JLINK_IsHalted()
T4370 036:606.000 - 0.395ms returns FALSE
T4370 036:714.056 JLINK_IsHalted()
T4370 036:714.648 - 0.590ms returns FALSE
T4370 036:714.764 JLINK_IsHalted()
T4370 036:715.190 - 0.425ms returns FALSE
T51F4 036:794.008 JLINK_IsHalted()
T51F4 036:794.687 - 0.677ms returns FALSE
T51F4 036:794.816 JLINK_IsHalted()
T51F4 036:795.309 - 0.491ms returns FALSE
T4370 036:822.932 JLINK_IsHalted()
T4370 036:823.485 - 0.552ms returns FALSE
T4370 036:823.604 JLINK_IsHalted()
T4370 036:824.081 - 0.475ms returns FALSE
T4370 036:932.497 JLINK_IsHalted()
T4370 036:932.951 - 0.452ms returns FALSE
T4370 036:933.042 JLINK_IsHalted()
T4370 036:933.410 - 0.366ms returns FALSE
T4370 037:041.959 JLINK_IsHalted()
T4370 037:042.608 - 0.647ms returns FALSE
T4370 037:042.698 JLINK_IsHalted()
T4370 037:043.238 - 0.538ms returns FALSE
T4370 037:151.319 JLINK_IsHalted()
T4370 037:151.802 - 0.482ms returns FALSE
T4370 037:151.836 JLINK_IsHalted()
T4370 037:152.130 - 0.294ms returns FALSE
T4370 037:260.447 JLINK_IsHalted()
T4370 037:261.062 - 0.614ms returns FALSE
T4370 037:261.178 JLINK_IsHalted()
T4370 037:261.679 - 0.499ms returns FALSE
T4370 037:370.666 JLINK_IsHalted()
T4370 037:371.205 - 0.538ms returns FALSE
T4370 037:371.322 JLINK_IsHalted()
T4370 037:371.682 - 0.358ms returns FALSE
T4370 037:479.426 JLINK_IsHalted()
T4370 037:480.063 - 0.635ms returns FALSE
T4370 037:480.207 JLINK_IsHalted()
T4370 037:480.552 - 0.344ms returns FALSE
T074C 038:107.913 JLINK_Halt()
T074C 038:110.889 - 2.974ms returns 0x00
T074C 038:110.985 JLINK_ReadRegs_64(NumRegs = 1, Indexes: 
T074C 038:111.007   41)
T074C 038:111.046    -- CPSR=0x6000000C
T074C 038:111.077 - 0.092ms returns 0
T074C 038:117.805 JLINK_Close()
T074C 038:131.194 - 13.379ms
T074C 038:131.750   
T074C 038:131.785   Closed
