T4E8C 000:001.055   SEGGER J-Link V7.92c Log File
T4E8C 000:001.213   DLL Compiled: Aug 30 2023 14:52:37
T4E8C 000:001.227   Logging started @ 2024-10-07 07:46
T4E8C 000:001.242 - 1.240ms
T4E8C 000:001.263 JLINK_GetDLLVersion()
T4E8C 000:001.280 - 0.015ms returns 79203
T4E8C 000:001.954 JLINK_OpenEx(...)
T4E8C 000:011.612   Firmware: J-Link V11 compiled May 28 2024 15:36:02
T4E8C 000:012.000   Firmware: J-Link V11 compiled May 28 2024 15:36:02
T4E8C 000:014.798   Hardware: V11.00
T4E8C 000:014.838   S/N: 51026937
T4E8C 000:014.858   OEM: SEGGER
T4E8C 000:014.877   Feature(s): GDB
T4E8C 000:017.850   Bootloader: 2019 Jul 04
T4E8C 000:018.394   USB speed mode: High speed (480 MBit/s)
T4E8C 000:018.805   TELNET listener socket opened on port 19021
T4E8C 000:019.004   WEBSRV WEBSRV_Init(): Starting webserver thread(s)
T4E8C 000:019.217   WEBSRV Webserver running on local port 19080
T4E8C 000:019.396   Looking for J-Link GUI Server exe at: C:\Users\a5134593\.eclipse\com.renesas.platform_2082541182\DebugComp\RZ\ARM\Segger_v7.92.3\JLinkGUIServer.exe
T4E8C 000:019.568   Looking for J-Link GUI Server exe at: \JLinkGUIServer.exe
T4E8C 000:321.770   Failed to connect to J-Link GUI Server.
T4E8C 000:321.858 - 319.897ms returns "O.K."
T4E8C 000:322.116 JLINK_ExecCommand("ProjectFile=C:\work_rza3ul\rza3_gcc_azure_rtos_examples-main\filex_demo_sdmmc_rza3_fsp/filex_demo_sdmmc_rza3_fsp Debug.jlink", ...). 
T4E8C 000:343.055 - 20.938ms returns 0x00
T4E8C 000:343.764 JLINK_ExecCommand("device=R9A07G063U02GBG?BankAddr=0x20000000&Loader=QuadSPI", ...). 
T4E8C 000:343.795   Flash bank @ 0x20000000: Stored loader selection. Loader = QuadSPI
T4E8C 000:344.723   Device "R9A07G063U02GBG" selected.
T4E8C 000:346.569 - 2.779ms returns 0x00
T4E8C 000:346.616 JLINK_ExecCommand("SetCPUConnectIDCODE = FFFFFFFFFFFFFFFFFFFFFFFFFFFFFFFF", ...). 
T4E8C 000:346.632 - 0.002ms returns 0x00
T4E8C 000:346.645 JLINK_TIF_GetAvailable(...)
T4E8C 000:347.031 - 0.385ms
T4E8C 000:347.061 JLINK_TIF_Select(JLINKARM_TIF_JTAG)
T4E8C 000:348.690 - 1.628ms returns 0x00
T4E8C 000:348.723 JLINK_SetSpeed(15000)
T4E8C 000:348.876 - 0.154ms
T4E8C 000:348.894 JLINK_SetEndian(ARM_ENDIAN_LITTLE)
T4E8C 000:348.906 - 0.011ms returns 0
T4E8C 000:348.920 JLINK_SetInitRegsOnReset(OFF)
T4E8C 000:348.932 - 0.012ms returns 1
T4E8C 000:348.945 JLINK_SetResetType(JLINKARM_RESET_TYPE_NORMAL)
T4E8C 000:348.956 - 0.011ms returns JLINKARM_RESET_TYPE_NORMAL
T4E8C 000:348.969 JLINK_ExecCommand("EnableFlashBPs", ...). 
T4E8C 000:348.982 - 0.000ms returns 0x00
T4E8C 000:348.995 JLINK_ExecCommand("SetAllowFlashCache = 1", ...). 
T4E8C 000:349.008 - 0.000ms returns 0x01
T4E8C 000:349.022 JLINK_ExecCommand("SetRestartOnClose = 0", ...). 
T4E8C 000:349.035 - 0.001ms returns 0x01
T4E8C 000:349.049 JLINK_EnableSoftBPs(ON)
T4E8C 000:349.061 - 0.011ms
T4E8C 000:349.073 JLINK_Connect()
T4E8C 000:350.047   TotalIRLen = 4, IRPrint = 0x01
T4E8C 000:350.504   JTAG chain detection found 1 devices:
T4E8C 000:350.525    #0 Id: 0x6BA00477, IRLen: 04, CoreSight JTAG-DP
T4E8C 000:351.346   DPv0 detected
T4E8C 000:351.382   Scanning AP map to find all available APs
T4E8C 000:352.504   AP[4]: Stopped AP scan as end of AP map has been reached
T4E8C 000:352.539   AP[0]: APB-AP (IDR: 0x54770002)
T4E8C 000:352.557   AP[1]: AXI-AP (IDR: 0x44770004)
T4E8C 000:352.576   AP[2]: AHB-AP (IDR: 0x84770001)
T4E8C 000:352.594   AP[3]: AHB-AP (IDR: 0x84770001)
T4E8C 000:352.612   Iterating through AP map to find APB-AP to use
T4E8C 000:352.630   AP[0]: APB-AP found
T4E8C 000:352.648   No AP map specified by user. Setting auto-detected AP map.
T4E8C 000:352.829   Scanning ROMTbl @ 0x10C00000
T4E8C 000:353.837   [0]Comp[0] @ 0x10C10000: TSG
T4E8C 000:354.433   [0]Comp[1] @ 0x10C20000: TMC
T4E8C 000:355.149   [0]Comp[2] @ 0x10C30000: ETB
T4E8C 000:355.936   [0]Comp[3] @ 0x10C40000: CSTF
T4E8C 000:356.652   [0]Comp[4] @ 0x10C50000: CTI (?)
T4E8C 000:357.402   [0]Comp[5] @ 0x10C60000: CTI (?)
T4E8C 000:358.162   [0]Comp[6] @ 0x10E00000: ROM Table
T4E8C 000:358.194   Scanning ROMTbl @ 0x10E00000
T4E8C 000:359.663   [1]Comp[0] @ 0x10E10000: Cortex-A55
T4E8C 000:360.432   [1]Comp[1] @ 0x10E20000: CSS600-CTI
T4E8C 000:360.454   Core found. Stopped ROM table scan: https://wiki.segger.com/ROMTableScan
T4E8C 000:360.479   Cortex-A55 @ 0x10E10000 (detected)
T4E8C 000:360.497   CoreCTI @ 0x10E20000 (detected)
T4E8C 000:360.967   Debug architecture: ARMv8.2
T4E8C 000:360.988   6 code breakpoints, 4 data breakpoints
T4E8C 000:361.180   Processor features:
T4E8C 000:361.200     EL0 support: AArch64 + AArch32
T4E8C 000:361.218     EL1 support: AArch64 + AArch32
T4E8C 000:361.236     EL2 support: AArch64 + AArch32
T4E8C 000:361.254     EL3 support: AArch64 + AArch32
T4E8C 000:361.272     FPU support: Single + Double + Conversion + single arithmetic
T4E8C 000:361.861   -- Max. mem block: 0x00004E40
T4E8C 000:365.530   Current exception level: EL3
T4E8C 000:365.553   Exception level AArch usage:
T4E8C 000:365.571     EL0: AArch64
T4E8C 000:365.589     EL1: AArch64
T4E8C 000:365.607     EL2: AArch64
T4E8C 000:365.625     EL3: AArch64
T4E8C 000:365.643   Non-secure status: Secure
T4E8C 000:365.850   Cache info:
T4E8C 000:365.871     Inner cache boundary: L2
T4E8C 000:365.889     LoU Uniprocessor: 0
T4E8C 000:365.906     LoC: 2
T4E8C 000:365.925     LoU Inner Shareable: 0
T4E8C 000:366.430   I-Cache L1: 32 KB, 128 Sets, 64 Bytes/Line, 4-Way
T4E8C 000:366.451   D-Cache L1: 32 KB, 128 Sets, 64 Bytes/Line, 4-Way
T4E8C 000:366.469   Unified-Cache L2: 256 KB, 256 Sets, 64 Bytes/Line, 16-Way
T4E8C 000:366.702   VMSAv8-64: Supports 48-bit VAs
T4E8C 000:366.736 - 17.662ms returns 0x00
T4E8C 000:366.753 JLINK_Halt()
T4E8C 000:366.767 - 0.014ms returns 0x00
T4E8C 000:366.780 JLINK_IsHalted()
T4E8C 000:366.796 - 0.015ms returns TRUE
T4E8C 000:366.809 JLINK_ResetPullsRESET(ON)
T4E8C 000:366.821 - 0.012ms
T4E8C 000:366.835 JLINK_Reset()
T4E8C 000:488.704   Reset confused the core.
T4E8C 000:489.985   Disabled core power domain detected.
T4E8C 000:492.282   
  ***** Warning: 
T4E8C 000:492.404   CPU not halted after Reset, halting using Halt request
T4E8C 000:500.695 - 133.858ms
T4E8C 000:500.800 JLINK_IsHalted()
T4E8C 000:500.815 - 0.015ms returns TRUE
T4E8C 000:501.067 JLINK_MeasureCPUSpeed(RAMAddr = 0xFFFFFFFF)
T4E8C 000:501.085 - 0.017ms returns 0
T4E8C 000:501.193 JLINK_ReadRegs_64(NumRegs = 1, Indexes: 
T4E8C 000:501.208   41)
T4E8C 000:501.228    -- CPSR=0x400003CD
T4E8C 000:501.247 - 0.054ms returns 0
T4DF4 002:800.161 JLINK_BeginDownload(Flags = 0x00000000)
T4DF4 002:800.253 - 0.093ms
T4DF4 002:819.385 JLINK_WriteMem(0x00012000, 0xBD0 Bytes, ...)
T4DF4 002:819.506   Data:  04 06 81 D2 A4 18 A6 F2 04 10 1E D5 DF 3F 03 D5 ...
T4DF4 002:820.130   CPU_WriteMem(3024 bytes @ 0x00012000)
T4DF4 002:824.478 - 5.092ms returns 0xBD0
T4DF4 002:825.217 JLINK_WriteMem(0x00012BD0, 0xBC0 Bytes, ...)
T4DF4 002:825.339   Data:  C0 03 5F D6 FD 7B BE A9 FD 03 00 91 F3 0B 00 F9 ...
T4DF4 002:825.434   CPU_WriteMem(3008 bytes @ 0x00012BD0)
T4DF4 002:829.754 - 4.535ms returns 0xBC0
T4DF4 002:830.340 JLINK_WriteMem(0x00013790, 0xBB0 Bytes, ...)
T4DF4 002:830.385   Data:  5F 04 00 71 61 00 00 54 02 8C 43 A9 43 00 00 F9 ...
T4DF4 002:830.421   CPU_WriteMem(2992 bytes @ 0x00013790)
T4DF4 002:834.676 - 4.335ms returns 0xBB0
T4DF4 002:835.179 JLINK_WriteMem(0x00014340, 0xBB0 Bytes, ...)
T4DF4 002:835.198   Data:  24 6C 1C 53 84 00 00 32 7F 00 13 6B 21 05 00 54 ...
T4DF4 002:835.249   CPU_WriteMem(2992 bytes @ 0x00014340)
T4DF4 002:839.534 - 4.354ms returns 0xBB0
T4DF4 002:840.084 JLINK_WriteMem(0x00014EF0, 0xBA0 Bytes, ...)
T4DF4 002:840.101   Data:  07 C0 80 52 2A 68 66 38 21 00 00 90 21 28 26 91 ...
T4DF4 002:840.132   CPU_WriteMem(2976 bytes @ 0x00014EF0)
T4DF4 002:844.422 - 4.338ms returns 0xBA0
T4DF4 002:845.061 JLINK_WriteMem(0x00015A90, 0xBC0 Bytes, ...)
T4DF4 002:845.110   Data:  21 04 04 32 01 80 00 B9 01 84 40 B9 21 70 15 12 ...
T4DF4 002:845.149   CPU_WriteMem(3008 bytes @ 0x00015A90)
T4DF4 002:849.446 - 4.383ms returns 0xBC0
T4DF4 002:850.164 JLINK_WriteMem(0x00016650, 0xB90 Bytes, ...)
T4DF4 002:850.213   Data:  24 68 23 F8 21 20 00 91 3F 80 00 F1 61 FF FF 54 ...
T4DF4 002:850.254   CPU_WriteMem(2960 bytes @ 0x00016650)
T4DF4 002:854.393 - 4.227ms returns 0xB90
T4DF4 002:854.968 JLINK_WriteMem(0x000171E0, 0xBE0 Bytes, ...)
T4DF4 002:855.018   Data:  FF 4F 00 B9 E3 93 06 A9 E2 0F 43 A9 E2 0F 01 A9 ...
T4DF4 002:855.052   CPU_WriteMem(3040 bytes @ 0x000171E0)
T4DF4 002:859.216 - 4.247ms returns 0xBE0
T4DF4 002:859.880 JLINK_WriteMem(0x00017DC0, 0xBE0 Bytes, ...)
T4DF4 002:859.912   Data:  98 01 00 00 00 00 00 00 9C 01 00 00 00 00 00 00 ...
T4DF4 002:859.981   CPU_WriteMem(3040 bytes @ 0x00017DC0)
T4DF4 002:864.258 - 4.378ms returns 0xBE0
T4DF4 002:864.772 JLINK_WriteMem(0x000189A0, 0xBE0 Bytes, ...)
T4DF4 002:864.796   Data:  2C 20 44 65 63 20 31 36 20 32 30 32 32 00 00 00 ...
T4DF4 002:864.838   CPU_WriteMem(3040 bytes @ 0x000189A0)
T4DF4 002:869.168 - 4.395ms returns 0xBE0
T4DF4 002:869.623 JLINK_WriteMem(0x00019580, 0xA80 Bytes, ...)
T4DF4 002:869.642   Data:  60 01 80 D2 9C E3 FF 97 9D E3 FF 97 00 00 00 00 ...
T4DF4 002:869.673   CPU_WriteMem(2688 bytes @ 0x00019580)
T4DF4 002:873.510 - 3.886ms returns 0xA80
T4DF4 002:874.027 JLINK_WriteMem(0x0001A000, 0x665 Bytes, ...)
T4DF4 002:874.095   Data:  90 72 01 00 00 00 00 00 00 00 00 00 00 00 00 00 ...
T4DF4 002:874.134   CPU_WriteMem(1637 bytes @ 0x0001A000)
T4DF4 002:876.926 - 2.898ms returns 0x665
T4DF4 002:883.379 JLINK_WriteMem(0x20020000, 0xBE0 Bytes, ...)
T4DF4 002:883.447   Data:  00 00 20 40 00 00 00 00 FF FF DF BF FF FF FF FF ...
T4DF4 002:883.732   completely In flash
T4DF4 002:883.780 - 0.402ms returns 0xBE0
T4DF4 002:884.136 JLINK_WriteMem(0x20020BE0, 0xBE0 Bytes, ...)
T4DF4 002:884.171   Data:  00 00 00 00 00 00 00 00 00 00 00 00 00 00 00 00 ...
T4DF4 002:884.212   completely In flash
T4DF4 002:884.231 - 0.095ms returns 0xBE0
T4DF4 002:884.508 JLINK_WriteMem(0x200217C0, 0xBE0 Bytes, ...)
T4DF4 002:884.527   Data:  1F 20 03 D5 1F 20 03 D5 1F 20 03 D5 1F 20 03 D5 ...
T4DF4 002:884.548   completely In flash
T4DF4 002:884.569 - 0.061ms returns 0xBE0
T4DF4 002:884.902 JLINK_WriteMem(0x200223A0, 0xBE0 Bytes, ...)
T4DF4 002:884.940   Data:  1F 20 03 D5 1F 20 03 D5 1F 20 03 D5 1F 20 03 D5 ...
T4DF4 002:884.965   completely In flash
T4DF4 002:884.984 - 0.082ms returns 0xBE0
T4DF4 002:885.341 JLINK_WriteMem(0x20022F80, 0xBC0 Bytes, ...)
T4DF4 002:885.370   Data:  E4 17 BF A9 E6 1F BF A9 E4 03 00 AA E1 8F 1F F8 ...
T4DF4 002:885.392   completely In flash
T4DF4 002:885.411 - 0.070ms returns 0xBC0
T4DF4 002:885.734 JLINK_WriteMem(0x20023B40, 0xBC0 Bytes, ...)
T4DF4 002:885.774   Data:  C0 03 5F D6 E0 83 61 B2 20 00 00 8B E3 77 40 B2 ...
T4DF4 002:885.795   completely In flash
T4DF4 002:885.815 - 0.083ms returns 0xBC0
T4DF4 002:886.153 JLINK_WriteMem(0x20024700, 0xBB0 Bytes, ...)
T4DF4 002:886.182   Data:  60 18 00 F9 80 14 00 F9 04 18 00 F9 03 14 00 F9 ...
T4DF4 002:886.205   completely In flash
T4DF4 002:886.224 - 0.071ms returns 0xBB0
T4DF4 002:886.565 JLINK_WriteMem(0x200252B0, 0xBB0 Bytes, ...)
T4DF4 002:886.595   Data:  21 7C 40 92 21 42 1B D5 F5 FF FF 17 E2 03 02 2A ...
T4DF4 002:886.618   completely In flash
T4DF4 002:886.637 - 0.073ms returns 0xBB0
T4DF4 002:886.983 JLINK_WriteMem(0x20025E60, 0xBC0 Bytes, ...)
T4DF4 002:887.013   Data:  98 66 20 40 00 00 00 00 10 5E 20 40 00 00 00 00 ...
T4DF4 002:887.047   completely In flash
T4DF4 002:887.067 - 0.083ms returns 0xBC0
T4DF4 002:887.339 JLINK_WriteMem(0x20026A20, 0xBD0 Bytes, ...)
T4DF4 002:887.368   Data:  00 00 00 90 00 F4 44 F9 00 00 40 B9 E0 0C 00 34 ...
T4DF4 002:887.389   completely In flash
T4DF4 002:887.408 - 0.069ms returns 0xBD0
T4DF4 002:887.677 JLINK_WriteMem(0x200275F0, 0xBB0 Bytes, ...)
T4DF4 002:887.706   Data:  A1 2E 40 39 3F 3C 00 71 20 01 00 54 3A 00 80 52 ...
T4DF4 002:887.730   completely In flash
T4DF4 002:887.751 - 0.074ms returns 0xBB0
T4DF4 002:888.023 JLINK_WriteMem(0x200281A0, 0xBC0 Bytes, ...)
T4DF4 002:888.053   Data:  A1 00 00 34 61 4A 20 38 B5 06 00 11 00 04 00 11 ...
T4DF4 002:888.083   completely In flash
T4DF4 002:888.103 - 0.079ms returns 0xBC0
T4DF4 002:888.381 JLINK_WriteMem(0x20028D60, 0xBD0 Bytes, ...)
T4DF4 002:888.410   Data:  7F 70 01 71 E2 17 9F 1A 7F BC 00 71 E3 17 9F 1A ...
T4DF4 002:888.434   completely In flash
T4DF4 002:888.454 - 0.073ms returns 0xBD0
T4DF4 002:888.725 JLINK_WriteMem(0x20029930, 0xBB0 Bytes, ...)
T4DF4 002:888.754   Data:  01 00 00 90 21 00 44 F9 21 00 40 B9 E1 E7 00 B9 ...
T4DF4 002:888.775   completely In flash
T4DF4 002:888.794 - 0.069ms returns 0xBB0
T4DF4 002:889.064 JLINK_WriteMem(0x2002A4E0, 0xBB0 Bytes, ...)
T4DF4 002:889.093   Data:  1F 00 01 EB 02 01 00 54 F7 63 03 A9 22 00 00 CB ...
T4DF4 002:889.116   completely In flash
T4DF4 002:889.136 - 0.072ms returns 0xBB0
T4DF4 002:889.406 JLINK_WriteMem(0x2002B090, 0xBB0 Bytes, ...)
T4DF4 002:889.435   Data:  14 01 80 52 F7 63 43 A9 F9 6B 44 A9 FB 73 45 A9 ...
T4DF4 002:889.460   completely In flash
T4DF4 002:889.480 - 0.074ms returns 0xBB0
T4DF4 002:889.740 JLINK_WriteMem(0x2002BC40, 0xBD0 Bytes, ...)
T4DF4 002:889.771   Data:  20 19 00 35 B4 02 41 B9 B3 7E 40 F9 0C 00 00 14 ...
T4DF4 002:889.794   completely In flash
T4DF4 002:889.814 - 0.074ms returns 0xBD0
T4DF4 002:890.080 JLINK_WriteMem(0x2002C810, 0xBB0 Bytes, ...)
T4DF4 002:890.109   Data:  60 1A 00 39 61 1E 00 39 60 22 00 39 60 26 00 39 ...
T4DF4 002:890.129   completely In flash
T4DF4 002:890.149 - 0.069ms returns 0xBB0
T4DF4 002:890.416 JLINK_WriteMem(0x2002D3C0, 0xBB0 Bytes, ...)
T4DF4 002:890.446   Data:  20 01 00 54 01 F8 47 39 3F 54 01 71 E1 08 00 54 ...
T4DF4 002:890.469   completely In flash
T4DF4 002:890.489 - 0.072ms returns 0xBB0
T4DF4 002:890.752 JLINK_WriteMem(0x2002DF70, 0xBA0 Bytes, ...)
T4DF4 002:890.782   Data:  F5 5B 02 A9 F7 63 03 A9 F3 03 00 AA 00 D0 41 B9 ...
T4DF4 002:890.806   completely In flash
T4DF4 002:890.826 - 0.073ms returns 0xBA0
T4DF4 002:891.255 JLINK_WriteMem(0x2002EB10, 0xBC0 Bytes, ...)
T4DF4 002:891.283   Data:  BF 02 00 71 E0 17 9F 1A 3F 00 00 6A A1 07 00 54 ...
T4DF4 002:891.312   completely In flash
T4DF4 002:891.333 - 0.078ms returns 0xBC0
T4DF4 002:891.548 JLINK_WriteMem(0x2002F6D0, 0xBD0 Bytes, ...)
T4DF4 002:891.565   Data:  00 04 80 52 C0 03 5F D6 4C C4 23 40 00 00 00 00 ...
T4DF4 002:891.585   completely In flash
T4DF4 002:891.604 - 0.055ms returns 0xBD0
T4DF4 002:891.805 JLINK_WriteMem(0x200302A0, 0xBC0 Bytes, ...)
T4DF4 002:891.822   Data:  F4 03 00 2A 80 08 00 35 E2 33 40 B9 82 02 00 34 ...
T4DF4 002:891.845   completely In flash
T4DF4 002:891.868 - 0.062ms returns 0xBC0
T4DF4 002:892.075 JLINK_WriteMem(0x20030E60, 0xBA0 Bytes, ...)
T4DF4 002:892.091   Data:  01 04 40 F9 34 00 40 39 94 0A 00 11 82 3E 10 53 ...
T4DF4 002:892.112   completely In flash
T4DF4 002:892.131 - 0.056ms returns 0xBA0
T4DF4 002:892.335 JLINK_WriteMem(0x20031A00, 0xBC0 Bytes, ...)
T4DF4 002:892.352   Data:  FD 7B BC A9 FD 03 00 91 F3 53 01 A9 F5 5B 02 A9 ...
T4DF4 002:892.371   completely In flash
T4DF4 002:892.390 - 0.055ms returns 0xBC0
T4DF4 002:892.572 JLINK_WriteMem(0x200325C0, 0xBB0 Bytes, ...)
T4DF4 002:892.589   Data:  C0 C4 23 40 00 00 00 00 B0 4B 5E 40 00 00 00 00 ...
T4DF4 002:892.639   completely In flash
T4DF4 002:892.659 - 0.086ms returns 0xBB0
T4DF4 002:892.865 JLINK_WriteMem(0x20033170, 0xBA0 Bytes, ...)
T4DF4 002:892.883   Data:  23 00 80 52 76 00 80 52 D6 22 D4 1A 77 20 D4 1A ...
T4DF4 002:892.904   completely In flash
T4DF4 002:892.923 - 0.058ms returns 0xBA0
T4DF4 002:893.125 JLINK_WriteMem(0x20033D10, 0xBD0 Bytes, ...)
T4DF4 002:893.142   Data:  F4 03 00 AA 00 00 80 D2 DD 02 00 94 60 76 1E 53 ...
T4DF4 002:893.162   completely In flash
T4DF4 002:893.181 - 0.056ms returns 0xBD0
T4DF4 002:893.385 JLINK_WriteMem(0x200348E0, 0xBB0 Bytes, ...)
T4DF4 002:893.401   Data:  C0 03 5F D6 00 00 00 00 FD 7B BF A9 FD 03 00 91 ...
T4DF4 002:893.420   completely In flash
T4DF4 002:893.439 - 0.054ms returns 0xBB0
T4DF4 002:893.641 JLINK_WriteMem(0x20035490, 0xBB0 Bytes, ...)
T4DF4 002:893.658   Data:  F6 03 03 2A 84 01 40 37 61 26 C0 79 84 78 13 12 ...
T4DF4 002:893.734   completely In flash
T4DF4 002:893.753 - 0.112ms returns 0xBB0
T4DF4 002:893.965 JLINK_WriteMem(0x20036040, 0xBC0 Bytes, ...)
T4DF4 002:893.984   Data:  C8 1E 00 54 22 FC 43 D3 23 00 80 D2 41 04 00 11 ...
T4DF4 002:894.035   completely In flash
T4DF4 002:894.054 - 0.089ms returns 0xBC0
T4DF4 002:894.263 JLINK_WriteMem(0x20036C00, 0xBC0 Bytes, ...)
T4DF4 002:894.280   Data:  E9 BB 00 B9 E8 C3 00 B9 EB CB 00 B9 F7 D3 00 B9 ...
T4DF4 002:894.301   completely In flash
T4DF4 002:894.319 - 0.056ms returns 0xBC0
T4DF4 002:894.525 JLINK_WriteMem(0x200377C0, 0xBB0 Bytes, ...)
T4DF4 002:894.541   Data:  7A 29 20 36 E0 48 F8 37 E0 3F 40 F9 01 3C 00 91 ...
T4DF4 002:894.560   completely In flash
T4DF4 002:894.579 - 0.054ms returns 0xBB0
T4DF4 002:894.781 JLINK_WriteMem(0x20038370, 0xBC0 Bytes, ...)
T4DF4 002:894.798   Data:  00 65 FF 35 EA 5F 40 F9 FC 03 16 AA E0 D3 40 F9 ...
T4DF4 002:894.818   completely In flash
T4DF4 002:894.837 - 0.055ms returns 0xBC0
T4DF4 002:895.132 JLINK_WriteMem(0x20038F30, 0xBC0 Bytes, ...)
T4DF4 002:895.153   Data:  E1 9B 01 B9 E0 D3 00 F9 3F 1C 00 71 CD FE FF 54 ...
T4DF4 002:895.179   completely In flash
T4DF4 002:895.198 - 0.065ms returns 0xBC0
T4DF4 002:895.383 JLINK_WriteMem(0x20039AF0, 0xBD0 Bytes, ...)
T4DF4 002:895.401   Data:  67 26 40 79 64 B2 40 B9 F6 03 02 AA 02 80 80 52 ...
T4DF4 002:895.420   completely In flash
T4DF4 002:895.439 - 0.055ms returns 0xBD0
T4DF4 002:895.643 JLINK_WriteMem(0x2003A6C0, 0xBB0 Bytes, ...)
T4DF4 002:895.660   Data:  1F 04 00 71 81 00 00 54 80 06 00 51 1F F8 03 71 ...
T4DF4 002:895.680   completely In flash
T4DF4 002:895.699 - 0.055ms returns 0xBB0
T4DF4 002:895.943 JLINK_WriteMem(0x2003B270, 0xBD0 Bytes, ...)
T4DF4 002:895.974   Data:  FB 03 00 AA E5 93 40 B9 E0 A3 40 B9 FF 0A 00 71 ...
T4DF4 002:895.994   completely In flash
T4DF4 002:896.030 - 0.087ms returns 0xBD0
T4DF4 002:896.244 JLINK_WriteMem(0x2003BE40, 0xBC0 Bytes, ...)
T4DF4 002:896.264   Data:  FD 7B BE A9 FD 03 00 91 02 34 40 F9 F3 53 01 A9 ...
T4DF4 002:896.283   completely In flash
T4DF4 002:896.303 - 0.059ms returns 0xBC0
T4DF4 002:896.505 JLINK_WriteMem(0x2003CA00, 0xBD0 Bytes, ...)
T4DF4 002:896.522   Data:  21 10 00 B4 F3 53 01 A9 F3 03 01 AA F6 03 00 AA ...
T4DF4 002:896.541   completely In flash
T4DF4 002:896.559 - 0.054ms returns 0xBD0
T4DF4 002:896.742 JLINK_WriteMem(0x2003D5D0, 0xBE0 Bytes, ...)
T4DF4 002:896.759   Data:  F3 0B 00 F9 04 44 3B D5 E0 03 03 AA 61 FC 7F D3 ...
T4DF4 002:896.779   completely In flash
T4DF4 002:896.799 - 0.056ms returns 0xBE0
T4DF4 002:896.993 JLINK_WriteMem(0x2003E1B0, 0xBE0 Bytes, ...)
T4DF4 002:897.010   Data:  00 00 20 00 00 00 00 00 40 07 00 00 00 00 00 00 ...
T4DF4 002:897.030   completely In flash
T4DF4 002:897.049 - 0.056ms returns 0xBE0
T4DF4 002:897.231 JLINK_WriteMem(0x2003ED90, 0xBE0 Bytes, ...)
T4DF4 002:897.248   Data:  00 00 00 00 00 00 00 00 00 00 00 00 00 00 00 00 ...
T4DF4 002:897.267   completely In flash
T4DF4 002:897.286 - 0.054ms returns 0xBE0
T4DF4 002:897.476 JLINK_WriteMem(0x2003F970, 0xBE0 Bytes, ...)
T4DF4 002:897.492   Data:  00 00 00 00 00 00 00 00 00 00 00 00 00 00 00 00 ...
T4DF4 002:897.512   completely In flash
T4DF4 002:897.531 - 0.055ms returns 0xBE0
T4DF4 002:897.714 JLINK_WriteMem(0x20040550, 0xBE0 Bytes, ...)
T4DF4 002:897.732   Data:  00 00 00 00 00 00 00 00 00 00 00 00 00 00 00 00 ...
T4DF4 002:897.751   completely In flash
T4DF4 002:897.771 - 0.056ms returns 0xBE0
T4DF4 002:897.960 JLINK_WriteMem(0x20041130, 0xBE0 Bytes, ...)
T4DF4 002:897.978   Data:  00 00 00 00 00 00 00 00 00 00 00 00 00 00 00 00 ...
T4DF4 002:897.998   completely In flash
T4DF4 002:898.017 - 0.056ms returns 0xBE0
T4DF4 002:898.198 JLINK_WriteMem(0x20041D10, 0xBE0 Bytes, ...)
T4DF4 002:898.215   Data:  00 00 00 00 00 00 00 00 00 00 00 00 00 00 00 00 ...
T4DF4 002:898.236   completely In flash
T4DF4 002:898.255 - 0.057ms returns 0xBE0
T4DF4 002:898.443 JLINK_WriteMem(0x200428F0, 0xBE0 Bytes, ...)
T4DF4 002:898.460   Data:  00 00 00 00 00 00 00 00 00 00 00 00 00 00 00 00 ...
T4DF4 002:898.527   completely In flash
T4DF4 002:898.547 - 0.103ms returns 0xBE0
T4DF4 002:898.735 JLINK_WriteMem(0x200434D0, 0xBE0 Bytes, ...)
T4DF4 002:898.753   Data:  00 00 00 00 00 00 00 00 00 00 00 00 00 00 00 00 ...
T4DF4 002:898.772   completely In flash
T4DF4 002:898.791 - 0.056ms returns 0xBE0
T4DF4 002:898.976 JLINK_WriteMem(0x200440B0, 0xBE0 Bytes, ...)
T4DF4 002:898.994   Data:  00 00 00 00 00 00 00 00 00 00 00 00 00 00 00 00 ...
T4DF4 002:899.014   completely In flash
T4DF4 002:899.033 - 0.056ms returns 0xBE0
T4DF4 002:899.213 JLINK_WriteMem(0x20044C90, 0xBE0 Bytes, ...)
T4DF4 002:899.229   Data:  00 00 00 00 00 00 00 00 00 00 00 00 00 00 00 00 ...
T4DF4 002:899.249   completely In flash
T4DF4 002:899.267 - 0.054ms returns 0xBE0
T4DF4 002:899.450 JLINK_WriteMem(0x20045870, 0xBE0 Bytes, ...)
T4DF4 002:899.466   Data:  00 00 00 00 00 00 00 00 00 00 00 00 00 00 00 00 ...
T4DF4 002:899.485   completely In flash
T4DF4 002:899.504 - 0.054ms returns 0xBE0
T4DF4 002:899.687 JLINK_WriteMem(0x20046450, 0xBE0 Bytes, ...)
T4DF4 002:899.703   Data:  00 00 00 00 00 00 00 00 00 00 00 00 00 00 00 00 ...
T4DF4 002:899.723   completely In flash
T4DF4 002:899.742 - 0.055ms returns 0xBE0
T4DF4 002:899.963 JLINK_WriteMem(0x20047030, 0xBE0 Bytes, ...)
T4DF4 002:899.982   Data:  00 00 00 00 00 00 00 00 00 00 00 00 00 00 00 00 ...
T4DF4 002:900.001   completely In flash
T4DF4 002:900.020 - 0.057ms returns 0xBE0
T4DF4 002:900.203 JLINK_WriteMem(0x20047C10, 0xBE0 Bytes, ...)
T4DF4 002:900.219   Data:  00 00 00 00 00 00 00 00 00 00 00 00 00 00 00 00 ...
T4DF4 002:900.238   completely In flash
T4DF4 002:900.257 - 0.054ms returns 0xBE0
T4DF4 002:900.437 JLINK_WriteMem(0x200487F0, 0xBE0 Bytes, ...)
T4DF4 002:900.454   Data:  00 00 00 00 00 00 00 00 00 00 00 00 00 00 00 00 ...
T4DF4 002:900.473   completely In flash
T4DF4 002:900.492 - 0.054ms returns 0xBE0
T4DF4 002:900.678 JLINK_WriteMem(0x200493D0, 0xBE0 Bytes, ...)
T4DF4 002:900.694   Data:  00 00 00 00 00 00 00 00 00 00 00 00 00 00 00 00 ...
T4DF4 002:900.714   completely In flash
T4DF4 002:900.733 - 0.055ms returns 0xBE0
T4DF4 002:900.939 JLINK_WriteMem(0x20049FB0, 0xBE0 Bytes, ...)
T4DF4 002:900.963   Data:  00 00 00 00 00 00 00 00 00 00 00 00 00 00 00 00 ...
T4DF4 002:901.001   completely In flash
T4DF4 002:901.020 - 0.081ms returns 0xBE0
T4DF4 002:901.272 JLINK_WriteMem(0x2004AB90, 0xBE0 Bytes, ...)
T4DF4 002:901.294   Data:  00 00 00 00 00 00 00 00 00 00 00 00 00 00 00 00 ...
T4DF4 002:901.313   completely In flash
T4DF4 002:901.333 - 0.061ms returns 0xBE0
T4DF4 002:901.521 JLINK_WriteMem(0x2004B770, 0xBE0 Bytes, ...)
T4DF4 002:901.538   Data:  00 00 00 00 00 00 00 00 00 00 00 00 00 00 00 00 ...
T4DF4 002:901.557   completely In flash
T4DF4 002:901.576 - 0.055ms returns 0xBE0
T4DF4 002:901.754 JLINK_WriteMem(0x2004C350, 0xBE0 Bytes, ...)
T4DF4 002:901.771   Data:  00 00 00 00 00 00 00 00 00 00 00 00 00 00 00 00 ...
T4DF4 002:901.791   completely In flash
T4DF4 002:901.810 - 0.056ms returns 0xBE0
T4DF4 002:901.998 JLINK_WriteMem(0x2004CF30, 0xBE0 Bytes, ...)
T4DF4 002:902.015   Data:  00 00 00 00 00 00 00 00 00 00 00 00 00 00 00 00 ...
T4DF4 002:902.034   completely In flash
T4DF4 002:902.055 - 0.056ms returns 0xBE0
T4DF4 002:902.248 JLINK_WriteMem(0x2004DB10, 0xBE0 Bytes, ...)
T4DF4 002:902.265   Data:  00 00 00 00 00 00 00 00 00 00 00 00 00 00 00 00 ...
T4DF4 002:902.284   completely In flash
T4DF4 002:902.303 - 0.055ms returns 0xBE0
T4DF4 002:902.486 JLINK_WriteMem(0x2004E6F0, 0xBE0 Bytes, ...)
T4DF4 002:902.502   Data:  00 00 00 00 00 00 00 00 00 00 00 00 00 00 00 00 ...
T4DF4 002:902.521   completely In flash
T4DF4 002:902.541 - 0.055ms returns 0xBE0
T4DF4 002:902.720 JLINK_WriteMem(0x2004F2D0, 0xBE0 Bytes, ...)
T4DF4 002:902.737   Data:  00 00 00 00 00 00 00 00 00 00 00 00 00 00 00 00 ...
T4DF4 002:902.756   completely In flash
T4DF4 002:902.776 - 0.055ms returns 0xBE0
T4DF4 002:902.961 JLINK_WriteMem(0x2004FEB0, 0xBE0 Bytes, ...)
T4DF4 002:902.979   Data:  00 00 00 00 00 00 00 00 00 00 00 00 00 00 00 00 ...
T4DF4 002:903.001   completely In flash
T4DF4 002:903.020 - 0.059ms returns 0xBE0
T4DF4 002:903.208 JLINK_WriteMem(0x20050A90, 0xBE0 Bytes, ...)
T4DF4 002:903.226   Data:  00 00 00 00 00 00 00 00 00 00 00 00 00 00 00 00 ...
T4DF4 002:903.245   completely In flash
T4DF4 002:903.264 - 0.056ms returns 0xBE0
T4DF4 002:903.446 JLINK_WriteMem(0x20051670, 0xBE0 Bytes, ...)
T4DF4 002:903.463   Data:  00 00 00 00 00 00 00 00 00 00 00 00 00 00 00 00 ...
T4DF4 002:903.482   completely In flash
T4DF4 002:903.501 - 0.055ms returns 0xBE0
T4DF4 002:903.682 JLINK_WriteMem(0x20052250, 0xBE0 Bytes, ...)
T4DF4 002:903.699   Data:  00 00 00 00 00 00 00 00 00 00 00 00 00 00 00 00 ...
T4DF4 002:903.718   completely In flash
T4DF4 002:903.738 - 0.055ms returns 0xBE0
T4DF4 002:903.921 JLINK_WriteMem(0x20052E30, 0xBE0 Bytes, ...)
T4DF4 002:903.939   Data:  00 00 00 00 00 00 00 00 00 00 00 00 00 00 00 00 ...
T4DF4 002:903.959   completely In flash
T4DF4 002:903.978 - 0.057ms returns 0xBE0
T4DF4 002:904.159 JLINK_WriteMem(0x20053A10, 0xBE0 Bytes, ...)
T4DF4 002:904.176   Data:  00 00 00 00 00 00 00 00 00 00 00 00 00 00 00 00 ...
T4DF4 002:904.195   completely In flash
T4DF4 002:904.214 - 0.054ms returns 0xBE0
T4DF4 002:904.394 JLINK_WriteMem(0x200545F0, 0xBE0 Bytes, ...)
T4DF4 002:904.411   Data:  00 00 00 00 00 00 00 00 00 00 00 00 00 00 00 00 ...
T4DF4 002:904.430   completely In flash
T4DF4 002:904.449 - 0.054ms returns 0xBE0
T4DF4 002:904.630 JLINK_WriteMem(0x200551D0, 0xBE0 Bytes, ...)
T4DF4 002:904.647   Data:  00 00 00 00 00 00 00 00 00 00 00 00 00 00 00 00 ...
T4DF4 002:904.666   completely In flash
T4DF4 002:904.685 - 0.054ms returns 0xBE0
T4DF4 002:904.873 JLINK_WriteMem(0x20055DB0, 0xBE0 Bytes, ...)
T4DF4 002:904.890   Data:  00 00 00 00 00 00 00 00 00 00 00 00 00 00 00 00 ...
T4DF4 002:904.909   completely In flash
T4DF4 002:904.929 - 0.056ms returns 0xBE0
T4DF4 002:905.111 JLINK_WriteMem(0x20056990, 0xBE0 Bytes, ...)
T4DF4 002:905.128   Data:  00 00 00 00 00 00 00 00 00 00 00 00 00 00 00 00 ...
T4DF4 002:905.148   completely In flash
T4DF4 002:905.167 - 0.056ms returns 0xBE0
T4DF4 002:905.351 JLINK_WriteMem(0x20057570, 0xBE0 Bytes, ...)
T4DF4 002:905.368   Data:  00 00 00 00 00 00 00 00 00 00 00 00 00 00 00 00 ...
T4DF4 002:905.387   completely In flash
T4DF4 002:905.406 - 0.055ms returns 0xBE0
T4DF4 002:905.592 JLINK_WriteMem(0x20058150, 0xBE0 Bytes, ...)
T4DF4 002:905.608   Data:  00 00 00 00 00 00 00 00 00 00 00 00 00 00 00 00 ...
T4DF4 002:905.628   completely In flash
T4DF4 002:905.647 - 0.055ms returns 0xBE0
T4DF4 002:905.858 JLINK_WriteMem(0x20058D30, 0xBE0 Bytes, ...)
T4DF4 002:905.879   Data:  00 00 00 00 00 00 00 00 00 00 00 00 00 00 00 00 ...
T4DF4 002:905.899   completely In flash
T4DF4 002:905.918 - 0.060ms returns 0xBE0
T4DF4 002:906.169 JLINK_WriteMem(0x20059910, 0xBE0 Bytes, ...)
T4DF4 002:906.194   Data:  00 00 00 00 00 00 00 00 00 00 00 00 00 00 00 00 ...
T4DF4 002:906.213   completely In flash
T4DF4 002:906.232 - 0.063ms returns 0xBE0
T4DF4 002:906.482 JLINK_WriteMem(0x2005A4F0, 0xBE0 Bytes, ...)
T4DF4 002:906.505   Data:  00 00 00 00 00 00 00 00 00 00 00 00 00 00 00 00 ...
T4DF4 002:906.530   completely In flash
T4DF4 002:906.549 - 0.067ms returns 0xBE0
T4DF4 002:906.865 JLINK_WriteMem(0x2005B0D0, 0xBE0 Bytes, ...)
T4DF4 002:906.902   Data:  00 00 00 00 00 00 00 00 00 00 00 00 00 00 00 00 ...
T4DF4 002:906.923   completely In flash
T4DF4 002:906.942 - 0.077ms returns 0xBE0
T4DF4 002:907.190 JLINK_WriteMem(0x2005BCB0, 0xBE0 Bytes, ...)
T4DF4 002:907.214   Data:  00 00 00 00 00 00 00 00 00 00 00 00 00 00 00 00 ...
T4DF4 002:907.250   completely In flash
T4DF4 002:907.270 - 0.080ms returns 0xBE0
T4DF4 002:907.570 JLINK_WriteMem(0x2005C890, 0xB80 Bytes, ...)
T4DF4 002:907.621   Data:  00 00 00 00 00 00 00 00 00 00 00 00 00 00 00 00 ...
T4DF4 002:907.653   completely In flash
T4DF4 002:907.677 - 0.107ms returns 0xB80
T4DF4 002:908.103 JLINK_WriteMem(0x2005D410, 0xB50 Bytes, ...)
T4DF4 002:908.156   Data:  00 D2 23 40 00 00 00 00 00 D2 23 40 00 00 00 00 ...
T4DF4 002:908.200   completely In flash
T4DF4 002:908.222 - 0.118ms returns 0xB50
T4DF4 002:908.586 JLINK_WriteMem(0x2005DF60, 0xBE0 Bytes, ...)
T4DF4 002:908.623   Data:  30 4C 21 40 00 00 00 00 30 4C 21 40 00 00 00 00 ...
T4DF4 002:908.644   completely In flash
T4DF4 002:908.664 - 0.078ms returns 0xBE0
T4DF4 002:908.919 JLINK_WriteMem(0x2005EB40, 0xBE0 Bytes, ...)
T4DF4 002:908.939   Data:  00 00 00 00 00 00 00 00 00 00 00 00 00 00 00 00 ...
T4DF4 002:908.959   completely In flash
T4DF4 002:908.977 - 0.059ms returns 0xBE0
T4DF4 002:909.098 JLINK_WriteMem(0x2005F720, 0x338 Bytes, ...)
T4DF4 002:909.116   Data:  00 00 00 00 00 00 00 00 00 00 00 00 00 00 00 00 ...
T4DF4 002:909.135   completely In flash
T4DF4 002:909.154 - 0.055ms returns 0x338
T4DF4 002:926.375 JLINK_EndDownload()
T4DF4 002:926.817    -- --------------------------------------
T4DF4 002:926.871    -- Flash bank @ 0x20000000: Default: L2 verify disabled because algorithm performs L1 verify
T4DF4 002:926.892    -- Start of determining dirty areas in flash cache
T4DF4 002:926.934    -- Filling invalid ranges in sector buffer (flash cache) for sector @ 0x20020000 if necessary
T4DF4 002:926.955    -- Filling invalid ranges in sector buffer (flash cache) for sector @ 0x20030000 if necessary
T4DF4 002:926.990    -- Filling invalid ranges in sector buffer (flash cache) for sector @ 0x20040000 if necessary
T4DF4 002:927.010    -- Filling invalid ranges in sector buffer (flash cache) for sector @ 0x20050000 if necessary
T4DF4 002:928.751    -- End of determining dirty areas
T4DF4 002:928.785    -- Start of preparing flash programming
T4DF4 002:928.805    -- Calculating RAM usage
T4DF4 002:928.914    -- RAM usage = 20656 Bytes
T4DF4 002:928.956    -- Preserving CPU registers
T4DF4 002:928.988    -- Preparing target
T4DF4 002:929.007    -- Preserving target RAM temporarily used for programming
T4DF4 003:041.428    -- Downloading RAMCode
T4DF4 003:065.034    -- Preparing RAMCode
T4DF4 003:073.232    -- End of preparing flash programming
T4DF4 003:073.297    -- CPU speed could not be measured.
T4DF4 003:073.316    -- Start of comparing flash
T4DF4 003:073.334    -- CRC check was estimated as fastest method
T4DF4 003:073.353    -- Comparing range 0x20020000 - 0x2003FFFF (2 Sectors, 128 KB), using single-block CRC calculation
T4DF4 003:270.045    -- CRC matches
T4DF4 003:270.120    -- Comparing range 0x20040000 - 0x2005FFFF (2 Sectors, 128 KB), using single-block CRC calculation
T4DF4 003:466.864    -- CRC matches
T4DF4 003:466.953    -- Comparing range 0x20020000 - 0x2003FFFF (2 Sectors, 128 KB), using alternative single-block CRC calculation
T4DF4 003:663.550    -- CRC matches
T4DF4 003:663.634    -- Comparing range 0x20040000 - 0x2005FFFF (2 Sectors, 128 KB), using alternative single-block CRC calculation
T4DF4 003:860.234    -- CRC matches
T4DF4 003:860.308    -- End of comparing flash
T4DF4 003:860.328    -- Start of erasing sectors
T4DF4 003:860.347    -- End of erasing sectors
T4DF4 003:860.365    -- Start of flash programming
T4DF4 003:860.384    -- End of flash programming
T4DF4 003:860.403    -- Start of restoring
T4DF4 003:860.422    -- Restoring RAMCode
T4DF4 003:864.106    -- Restoring target memory
T4DF4 003:889.127    -- Restore target
T4DF4 003:889.330    -- Restoring CPU registers
T4DF4 003:889.429    -- End of restoring
T4DF4 003:889.492    -- Bank 0 @ 0x20000000: Skipped. Contents already match
T4DF4 003:889.550    -- Bank 0 @ 0x20000000: Skipped. Contents already match
T4DF4 003:890.378 - 964.001ms returns 0 (0x0)
T4DF4 003:891.410 JLINK_WriteRegs_64(NumRegs = 1, Indexes: 
T4DF4 003:891.507   33)
T4DF4 003:891.577    -- PC=0x012000
T4DF4 003:891.649 - 0.238ms returns 0
T4DF4 003:891.696 JLINK_WriteRegs_64(NumRegs = 1, Indexes: 
T4DF4 003:891.734   33)
T4DF4 003:891.792    -- PC=0x020020000
T4DF4 003:891.848 - 0.152ms returns 0
T4DF4 003:893.168 JLINK_SetEndian(ARM_ENDIAN_LITTLE)
T4DF4 003:893.289 - 0.120ms returns 0
T4DF4 003:919.860 JLINK_ReadMem(0x20020000, 0x40 Bytes, ...)
T4DF4 003:919.945    -- Read from flash cache (64 bytes @ 0x20020000)
T4DF4 003:919.971   Data:  00 00 20 40 00 00 00 00 FF FF DF BF FF FF FF FF ...
T4DF4 003:920.001 - 0.141ms returns 0
T4DF4 003:947.695 JLINK_ReadMem(0x20020000, 0x40 Bytes, ...)
T4DF4 003:947.789    -- Read from flash cache (64 bytes @ 0x20020000)
T4DF4 003:947.825   Data:  00 00 20 40 00 00 00 00 FF FF DF BF FF FF FF FF ...
T4DF4 003:947.857 - 0.162ms returns 0
T4DF4 004:128.357 JLINK_GetNumBPUnits(Type = 0xFFFFFF00)
T4DF4 004:128.435 - 0.079ms returns 0x06
T4DF4 004:128.450 JLINK_GetNumWPUnits()
T4DF4 004:128.463 - 0.013ms returns 4
T4DF4 004:128.476 JLINK_GetNumWPUnits()
T4DF4 004:128.489 - 0.012ms returns 4
T4DF4 004:128.506 JLINK_GetNumBPUnits(Type = 0xFFFFFF00)
T4DF4 004:128.519 - 0.013ms returns 0x06
T4DF4 004:128.532 JLINK_GetNumWPUnits()
T4DF4 004:128.544 - 0.012ms returns 4
T4DF4 004:128.557 JLINK_GetNumWPUnits()
T4DF4 004:128.570 - 0.012ms returns 4
T4DF4 004:128.586 JLINK_GetNumBPUnits(Type = 0xFFFFFF00)
T4DF4 004:128.598 - 0.012ms returns 0x06
T4DF4 004:128.611 JLINK_GetNumWPUnits()
T4DF4 004:128.625 - 0.013ms returns 4
T4DF4 004:128.637 JLINK_GetNumWPUnits()
T4DF4 004:128.650 - 0.012ms returns 4
T4DF4 004:128.694 JLINK_SetBPEx(Addr = 0x40204368, Type = 0xFFFFFF00)
T4DF4 004:128.713 - 0.018ms returns 0x00000001
T4DF4 004:128.732 JLINK_ClrBPEx(BPHandle = 0x00000001)
T4DF4 004:128.747 - 0.014ms returns 0x00
T4DF4 004:155.961 JLINK_ReadMem(0x40204368, 0x4 Bytes, ...)
T4DF4 004:156.086   CPU_ReadMem(4 bytes @ 0x40204368)
T4DF4 004:186.566   failed
T4DF4 004:186.652 - 30.690ms returns 1
T4DF4 004:187.394 JLINK_SetBPEx(Addr = 0x40204368, Type = 0xFFFFFF00)
T4DF4 004:187.477 - 0.082ms returns 0x00000002
T4DF4 004:201.407 JLINK_ResetPullsRESET(ON)
T4DF4 004:201.485 - 0.078ms
T4DF4 004:201.499 JLINK_Halt()
T4DF4 004:201.514 - 0.014ms returns 0x00
T4DF4 004:201.528 JLINK_IsHalted()
T4DF4 004:201.542 - 0.014ms returns TRUE
T4DF4 004:201.555 JLINK_Reset()
T4DF4 004:323.772   Reset confused the core.
T4DF4 004:324.848   Disabled core power domain detected.
T4DF4 004:327.396   
  ***** Warning: 
T4DF4 004:327.527   CPU not halted after Reset, halting using Halt request
T4DF4 004:335.981 - 134.425ms
T4DF4 004:336.038 JLINK_SetEndian(ARM_ENDIAN_LITTLE)
T4DF4 004:336.052 - 0.014ms returns 0
T4DF4 004:438.262 JLINK_ReadRegs_64(NumRegs = 49, Indexes: 
T4DF4 004:438.330   0, 
T4DF4 004:438.352   1, 
T4DF4 004:438.373   2, 
T4DF4 004:438.393   3, 
T4DF4 004:438.413   4, 
T4DF4 004:438.433   5, 
T4DF4 004:438.455   6, 
T4DF4 004:438.477   7, 
T4DF4 004:438.498   8, 
T4DF4 004:438.523   9, 
T4DF4 004:438.543   10, 
T4DF4 004:438.563   11, 
T4DF4 004:438.643   12, 
T4DF4 004:438.671   13, 
T4DF4 004:438.700   14, 
T4DF4 004:438.726   15, 
T4DF4 004:438.758   16, 
T4DF4 004:438.785   17, 
T4DF4 004:438.810   18, 
T4DF4 004:438.831   19, 
T4DF4 004:438.852   20, 
T4DF4 004:438.872   21, 
T4DF4 004:438.891   22, 
T4DF4 004:438.912   23, 
T4DF4 004:438.934   24, 
T4DF4 004:438.955   25, 
T4DF4 004:438.979   26, 
T4DF4 004:439.007   27, 
T4DF4 004:439.037   28, 
T4DF4 004:439.067   29, 
T4DF4 004:439.098   30, 
T4DF4 004:439.129   31, 
T4DF4 004:439.159   32, 
T4DF4 004:439.188   33, 
T4DF4 004:439.217   34, 
T4DF4 004:439.249   35, 
T4DF4 004:439.278   36, 
T4DF4 004:439.308   37, 
T4DF4 004:439.339   38, 
T4DF4 004:439.367   39, 
T4DF4 004:439.388   40, 
T4DF4 004:439.409   41, 
T4DF4 004:439.429   42, 
T4DF4 004:439.449   43, 
T4DF4 004:439.469   44, 
T4DF4 004:439.489   45, 
T4DF4 004:439.509   46, 
T4DF4 004:439.572   47, 
T4DF4 004:439.591   48)
T4DF4 004:439.660   
 -- R0=0xF689DFFF, R1=0x00, R2=0x00, R3=0x00, R4=0x9DC93F, R5=0x203, R6=0x3FFFFFFF, R7=0x03, R8=0x11010550, R9=0x01, R10=0x31511144, R11=0x00, R12=0x30000, R13=0x1A668, R14=0x01, R15=0x00, R16=0x00, R17=0x00, R18=0x00, R19=0x03, R20=0x10002, R21=0x00, R22=0x00, R23=0x00, R24=0x00, R25=0x00, R26=0x00, R27=0x00, R28=0x00, R29=0x00, R30=0x38FC, R31=0x00, SP=0x2FFD0, PC=0x12028, ELR_EL1=0x00, ELR_EL2=0x00, ELR_EL3=0x00, SP_EL0=0x00, SP_EL1=0x00, SP_EL2=0x00, SP_EL3=0x2FFD0, CPSR=0x400003CD, SPSR_abt=0xFACFBFFF, SPSR_EL1=0xFEF6F96F, SPSR_EL2=0xEEBFEFFF, SPSR_EL3=0x1CD, SPSR_fiq=0x7CDFF54F, SPSR_irq=0xFA8FBFFF, SPSR_und=0xF689DFFF

T4DF4 004:439.719 - 1.456ms returns 0
T4DF4 004:441.049 JLINK_ReadMem(0x00012028, 0x4 Bytes, ...)
T4DF4 004:441.154   CPU_ReadMem(64 bytes @ 0x00012000)
T4DF4 004:441.948    -- Updating C cache (64 bytes @ 0x00012000)
T4DF4 004:441.989    -- Read from C cache (4 bytes @ 0x00012028)
T4DF4 004:442.009   Data:  64 00 00 B4
T4DF4 004:442.030 - 0.981ms returns 0
T27E0 004:457.252 JLINK_GetNumBPUnits(Type = 0xFFFFFF00)
T27E0 004:457.311 - 0.059ms returns 0x06
T27E0 004:457.326 JLINK_GetNumWPUnits()
T27E0 004:457.341 - 0.014ms returns 4
T27E0 004:457.354 JLINK_GetNumWPUnits()
T27E0 004:457.369 - 0.015ms returns 4
T27E0 004:457.631 JLINK_GetNumBPUnits(Type = 0xFFFFFF00)
T27E0 004:457.663 - 0.031ms returns 0x06
T27E0 004:457.676 JLINK_GetNumWPUnits()
T27E0 004:457.689 - 0.012ms returns 4
T27E0 004:457.702 JLINK_GetNumWPUnits()
T27E0 004:457.715 - 0.012ms returns 4
T27E0 004:457.912 JLINK_GetNumBPUnits(Type = 0xFFFFFF00)
T27E0 004:457.937 - 0.024ms returns 0x06
T27E0 004:457.951 JLINK_GetNumWPUnits()
T27E0 004:457.964 - 0.012ms returns 4
T27E0 004:457.976 JLINK_GetNumWPUnits()
T27E0 004:457.989 - 0.012ms returns 4
T27E0 004:458.154 JLINK_GetNumBPUnits(Type = 0xFFFFFF00)
T27E0 004:458.187 - 0.033ms returns 0x06
T27E0 004:458.201 JLINK_GetNumWPUnits()
T27E0 004:458.214 - 0.012ms returns 4
T27E0 004:458.227 JLINK_GetNumWPUnits()
T27E0 004:458.239 - 0.012ms returns 4
T27E0 004:458.406 JLINK_GetNumBPUnits(Type = 0xFFFFFF00)
T27E0 004:458.425 - 0.019ms returns 0x06
T27E0 004:458.439 JLINK_GetNumWPUnits()
T27E0 004:458.451 - 0.012ms returns 4
T27E0 004:458.464 JLINK_GetNumWPUnits()
T27E0 004:458.476 - 0.012ms returns 4
T27E0 004:458.647 JLINK_GetNumBPUnits(Type = 0xFFFFFF00)
T27E0 004:458.668 - 0.021ms returns 0x06
T27E0 004:458.681 JLINK_GetNumWPUnits()
T27E0 004:458.694 - 0.012ms returns 4
T27E0 004:458.707 JLINK_GetNumWPUnits()
T27E0 004:458.720 - 0.012ms returns 4
T27E0 004:458.869 JLINK_GetNumBPUnits(Type = 0xFFFFFF00)
T27E0 004:458.892 - 0.023ms returns 0x06
T27E0 004:458.905 JLINK_GetNumWPUnits()
T27E0 004:458.918 - 0.013ms returns 4
T27E0 004:458.931 JLINK_GetNumWPUnits()
T27E0 004:458.943 - 0.012ms returns 4
T27E0 004:459.117 JLINK_GetNumBPUnits(Type = 0xFFFFFF00)
T27E0 004:459.143 - 0.026ms returns 0x06
T27E0 004:459.158 JLINK_GetNumWPUnits()
T27E0 004:459.171 - 0.012ms returns 4
T27E0 004:459.184 JLINK_GetNumWPUnits()
T27E0 004:459.196 - 0.012ms returns 4
T4DF4 004:484.008 JLINK_ReadMem(0x00012028, 0x4 Bytes, ...)
T4DF4 004:484.091    -- Read from C cache (4 bytes @ 0x00012028)
T4DF4 004:484.115   Data:  64 00 00 B4
T4DF4 004:484.142 - 0.134ms returns 0
T4DF4 004:484.554 JLINK_ReadMem(0x000038FC, 0x4 Bytes, ...)
T4DF4 004:484.595   CPU_ReadMem(4 bytes @ 0x000038FC)
T4DF4 004:485.129   Data:  E0 03 1F 2A
T4DF4 004:485.165 - 0.611ms returns 0
T4DF4 006:196.649 JLINK_STRACE_Read(..., NumItems = 0x10000)
T4DF4 006:196.762   
  ***** Error: 
T4DF4 006:196.785   Debugger tries to use on-chip trace buffer but the connected MCU does not provide an on-chip trace buffer (e.g. ETB/MTB/...)
T4DF4 006:196.803 - 0.153ms NumItemsRead = 0xFFFFFFFF
T4DF4 006:196.821 JLINK_IsHalted()
T4DF4 006:197.267 - 0.446ms returns TRUE
T4DF4 006:197.315 JLINK_STRACE_Read(..., NumItems = 0x10000)
T4DF4 006:197.328 - 0.013ms NumItemsRead = 0xFFFFFFFF
T4DF4 006:197.343 JLINK_GoEx(MaxEmulInsts = 0, Flags = 0x01)
T4DF4 006:200.222 - 2.878ms
T4DF4 006:302.272 JLINK_IsHalted()
T4DF4 006:302.932 - 0.657ms returns FALSE
T4DF4 006:303.045 JLINK_IsHalted()
T4DF4 006:303.578 - 0.531ms returns FALSE
T4DF4 006:410.774 JLINK_IsHalted()
T4DF4 006:415.210 - 4.435ms returns TRUE
T4DF4 006:415.329 JLINK_ReadRegs_64(NumRegs = 1, Indexes: 
T4DF4 006:415.367   33)
T4DF4 006:415.428    -- PC=0x40204368
T4DF4 006:415.482 - 0.153ms returns 0
T4DF4 006:415.543 JLINK_ReadRegs_64(NumRegs = 1, Indexes: 
T4DF4 006:415.593   41)
T4DF4 006:415.649    -- CPSR=0x6000000D
T4DF4 006:415.703 - 0.159ms returns 0
T4DF4 006:415.741 JLINK_ReadRegs_64(NumRegs = 1, Indexes: 
T4DF4 006:415.777   33)
T4DF4 006:415.839    -- PC=0x40204368
T4DF4 006:415.897 - 0.155ms returns 0
T4DF4 006:415.944 JLINK_ReadRegs_64(NumRegs = 1, Indexes: 
T4DF4 006:415.984   41)
T4DF4 006:416.043    -- CPSR=0x6000000D
T4DF4 006:416.100 - 0.156ms returns 0
T4DF4 006:416.142 JLINK_IsHalted()
T4DF4 006:416.181 - 0.039ms returns TRUE
T4DF4 006:416.221 JLINK_ReadRegs_64(NumRegs = 1, Indexes: 
T4DF4 006:416.260   41)
T4DF4 006:416.322    -- CPSR=0x6000000D
T4DF4 006:416.380 - 0.158ms returns 0
T4DF4 006:416.421 JLINK_ReadRegs_64(NumRegs = 1, Indexes: 
T4DF4 006:416.459   33)
T4DF4 006:416.516    -- PC=0x40204368
T4DF4 006:416.573 - 0.152ms returns 0
T4DF4 006:416.614 JLINK_ReadRegs_64(NumRegs = 1, Indexes: 
T4DF4 006:416.653   41)
T4DF4 006:416.712    -- CPSR=0x6000000D
T4DF4 006:416.769 - 0.155ms returns 0
T4DF4 006:418.241 JLINK_ReadRegs_64(NumRegs = 49, Indexes: 
T4DF4 006:418.332   0, 
T4DF4 006:418.390   1, 
T4DF4 006:418.448   2, 
T4DF4 006:418.502   3, 
T4DF4 006:418.551   4, 
T4DF4 006:418.600   5, 
T4DF4 006:418.649   6, 
T4DF4 006:418.698   7, 
T4DF4 006:418.747   8, 
T4DF4 006:418.795   9, 
T4DF4 006:418.848   10, 
T4DF4 006:418.897   11, 
T4DF4 006:418.945   12, 
T4DF4 006:418.995   13, 
T4DF4 006:419.043   14, 
T4DF4 006:419.091   15, 
T4DF4 006:419.140   16, 
T4DF4 006:419.189   17, 
T4DF4 006:419.237   18, 
T4DF4 006:419.285   19, 
T4DF4 006:419.334   20, 
T4DF4 006:419.383   21, 
T4DF4 006:419.432   22, 
T4DF4 006:419.480   23, 
T4DF4 006:419.528   24, 
T4DF4 006:419.577   25, 
T4DF4 006:419.625   26, 
T4DF4 006:419.674   27, 
T4DF4 006:419.723   28, 
T4DF4 006:419.772   29, 
T4DF4 006:419.820   30, 
T4DF4 006:419.872   31, 
T4DF4 006:419.921   32, 
T4DF4 006:419.969   33, 
T4DF4 006:420.017   34, 
T4DF4 006:420.066   35, 
T4DF4 006:420.114   36, 
T4DF4 006:420.163   37, 
T4DF4 006:420.211   38, 
T4DF4 006:420.260   39, 
T4DF4 006:420.308   40, 
T4DF4 006:420.356   41, 
T4DF4 006:420.405   42, 
T4DF4 006:420.454   43, 
T4DF4 006:420.502   44, 
T4DF4 006:420.550   45, 
T4DF4 006:420.598   46, 
T4DF4 006:420.647   47, 
T4DF4 006:420.695   48)
T4DF4 006:420.772   
 -- R0=0x401815, R1=0x01, R2=0x00, R3=0xFFFFFFFF, R4=0x06, R5=0x200, R6=0x200000, R7=0xFFFFFFC0, R8=0x01, R9=0xF0000000, R10=0x04, R11=0x02, R12=0xB8, R13=0xA00000, R14=0xA222D400, R15=0x04, R16=0x10000000, R17=0x40, R18=0x114001AC, R19=0x12064, R20=0x1A030, R21=0x00, R22=0x00, R23=0x00, R24=0x00, R25=0x00, R26=0x00, R27=0x00, R28=0x00, R29=0x00, R30=0x40202CD0, R31=0x00, SP=0x40241820, PC=0x40204368, ELR_EL1=0x00, ELR_EL2=0x00, ELR_EL3=0x40200000, SP_EL0=0x1B680, SP_EL1=0x00, SP_EL2=0x00, SP_EL3=0x40241820, CPSR=0x6000000D, SPSR_abt=0xFACFBFFF, SPSR_EL1=0xFEF6F96F, SPSR_EL2=0xEEBFEFFF, SPSR_EL3=0x3CD, SPSR_fiq=0x7CDFF54F, SPSR_irq=0xFA8FBFFF, SPSR_und=0xF689DFFF

T4DF4 006:420.886 - 2.645ms returns 0
T4DF4 006:422.794 JLINK_ReadMem(0x40204368, 0x4 Bytes, ...)
T4DF4 006:422.939   CPU_ReadMem(64 bytes @ 0x40204340)
T4DF4 006:423.920    -- Updating DA cache (64 bytes @ 0x40204340)
T4DF4 006:423.986    -- Read from DA cache (4 bytes @ 0x40204368)
T4DF4 006:424.019   Data:  FD 7B BF A9
T4DF4 006:424.053 - 1.260ms returns 0
T4DF4 006:426.200 JLINK_ClrBPEx(BPHandle = 0x00000002)
T4DF4 006:426.258 - 0.058ms returns 0x00
T4DF4 006:447.397 JLINK_ReadMem(0x40204368, 0x4 Bytes, ...)
T4DF4 006:447.494    -- Read from DA cache (4 bytes @ 0x40204368)
T4DF4 006:447.515   Data:  FD 7B BF A9
T4DF4 006:447.535 - 0.138ms returns 0
T4DF4 007:265.772 JLINK_STRACE_Read(..., NumItems = 0x10000)
T4DF4 007:265.863 - 0.091ms NumItemsRead = 0xFFFFFFFF
T4DF4 007:265.882 JLINK_IsHalted()
T4DF4 007:266.304 - 0.422ms returns TRUE
T4DF4 007:266.344 JLINK_STRACE_Read(..., NumItems = 0x10000)
T4DF4 007:266.358 - 0.014ms NumItemsRead = 0xFFFFFFFF
T4DF4 007:266.375 JLINK_GoEx(MaxEmulInsts = 0, Flags = 0x01)
T4DF4 007:268.681 - 2.305ms
T4DF4 007:364.012 JLINK_IsHalted()
T4DF4 007:364.850 - 0.836ms returns FALSE
T4DF4 007:364.962 JLINK_IsHalted()
T4DF4 007:365.640 - 0.676ms returns FALSE
T4DF4 007:473.406 JLINK_IsHalted()
T4DF4 007:474.207 - 0.799ms returns FALSE
T4DF4 007:474.309 JLINK_IsHalted()
T4DF4 007:474.945 - 0.634ms returns FALSE
T4DF4 007:583.402 JLINK_IsHalted()
T4DF4 007:584.231 - 0.828ms returns FALSE
T4DF4 007:584.343 JLINK_IsHalted()
T4DF4 007:585.027 - 0.682ms returns FALSE
T4DF4 007:692.344 JLINK_IsHalted()
T4DF4 007:693.063 - 0.718ms returns FALSE
T4DF4 007:693.203 JLINK_IsHalted()
T4DF4 007:693.743 - 0.538ms returns FALSE
T4DF4 007:801.616 JLINK_IsHalted()
T4DF4 007:802.392 - 0.775ms returns FALSE
T4DF4 007:802.509 JLINK_IsHalted()
T4DF4 007:803.080 - 0.568ms returns FALSE
T4DF4 007:910.984 JLINK_IsHalted()
T4DF4 007:911.768 - 0.783ms returns FALSE
T4DF4 007:911.881 JLINK_IsHalted()
T4DF4 007:912.413 - 0.531ms returns FALSE
T4DF4 008:020.326 JLINK_IsHalted()
T4DF4 008:021.043 - 0.716ms returns FALSE
T4DF4 008:021.163 JLINK_IsHalted()
T4DF4 008:021.843 - 0.679ms returns FALSE
T4DF4 008:130.448 JLINK_IsHalted()
T4DF4 008:131.150 - 0.701ms returns FALSE
T4DF4 008:131.285 JLINK_IsHalted()
T4DF4 008:131.922 - 0.635ms returns FALSE
T4DF4 008:239.018 JLINK_IsHalted()
T4DF4 008:239.771 - 0.751ms returns FALSE
T4DF4 008:239.901 JLINK_IsHalted()
T4DF4 008:240.522 - 0.620ms returns FALSE
T27E0 008:267.892 JLINK_IsHalted()
T27E0 008:268.652 - 0.758ms returns FALSE
T27E0 008:268.762 JLINK_IsHalted()
T27E0 008:269.317 - 0.553ms returns FALSE
T4DF4 008:348.858 JLINK_IsHalted()
T4DF4 008:349.679 - 0.818ms returns FALSE
T4DF4 008:349.800 JLINK_IsHalted()
T4DF4 008:350.487 - 0.685ms returns FALSE
T4DF4 008:458.386 JLINK_IsHalted()
T4DF4 008:459.120 - 0.733ms returns FALSE
T4DF4 008:459.238 JLINK_IsHalted()
T4DF4 008:459.871 - 0.631ms returns FALSE
T4DF4 008:567.543 JLINK_IsHalted()
T4DF4 008:568.367 - 0.822ms returns FALSE
T4DF4 008:568.470 JLINK_IsHalted()
T4DF4 008:569.102 - 0.631ms returns FALSE
T4DF4 008:677.146 JLINK_IsHalted()
T4DF4 008:677.938 - 0.789ms returns FALSE
T4DF4 008:678.058 JLINK_IsHalted()
T4DF4 008:678.684 - 0.624ms returns FALSE
T4DF4 008:786.434 JLINK_IsHalted()
T4DF4 008:787.222 - 0.786ms returns FALSE
T4DF4 008:787.340 JLINK_IsHalted()
T4DF4 008:788.026 - 0.685ms returns FALSE
T4DF4 008:895.338 JLINK_IsHalted()
T4DF4 008:896.025 - 0.686ms returns FALSE
T4DF4 008:896.064 JLINK_IsHalted()
T4DF4 008:896.564 - 0.500ms returns FALSE
T4DF4 009:004.724 JLINK_IsHalted()
T4DF4 009:005.385 - 0.659ms returns FALSE
T4DF4 009:005.479 JLINK_IsHalted()
T4DF4 009:006.100 - 0.620ms returns FALSE
T4DF4 009:114.417 JLINK_IsHalted()
T4DF4 009:114.918 - 0.499ms returns FALSE
T4DF4 009:115.024 JLINK_IsHalted()
T4DF4 009:115.481 - 0.455ms returns FALSE
T4DF4 009:223.500 JLINK_IsHalted()
T4DF4 009:224.322 - 0.821ms returns FALSE
T4DF4 009:224.431 JLINK_IsHalted()
T4DF4 009:225.067 - 0.634ms returns FALSE
T27E0 009:270.004 JLINK_IsHalted()
T27E0 009:270.896 - 0.891ms returns FALSE
T27E0 009:271.005 JLINK_IsHalted()
T27E0 009:271.689 - 0.682ms returns FALSE
T4DF4 009:333.054 JLINK_IsHalted()
T4DF4 009:333.856 - 0.800ms returns FALSE
T4DF4 009:333.966 JLINK_IsHalted()
T4DF4 009:334.534 - 0.566ms returns FALSE
T4DF4 009:442.646 JLINK_IsHalted()
T4DF4 009:443.350 - 0.702ms returns FALSE
T4DF4 009:443.449 JLINK_IsHalted()
T4DF4 009:444.029 - 0.578ms returns FALSE
T4DF4 009:552.304 JLINK_IsHalted()
T4DF4 009:552.982 - 0.677ms returns FALSE
T4DF4 009:553.086 JLINK_IsHalted()
T4DF4 009:553.635 - 0.547ms returns FALSE
T4DF4 009:661.065 JLINK_IsHalted()
T4DF4 009:661.828 - 0.761ms returns FALSE
T4DF4 009:661.931 JLINK_IsHalted()
T4DF4 009:662.721 - 0.788ms returns FALSE
T4DF4 009:770.867 JLINK_IsHalted()
T4DF4 009:771.519 - 0.650ms returns FALSE
T4DF4 009:771.631 JLINK_IsHalted()
T4DF4 009:772.236 - 0.603ms returns FALSE
T4DF4 009:879.848 JLINK_IsHalted()
T4DF4 009:880.621 - 0.772ms returns FALSE
T4DF4 009:880.739 JLINK_IsHalted()
T4DF4 009:881.413 - 0.673ms returns FALSE
T4DF4 009:989.743 JLINK_IsHalted()
T4DF4 009:990.566 - 0.822ms returns FALSE
T4DF4 009:990.678 JLINK_IsHalted()
T4DF4 009:991.349 - 0.668ms returns FALSE
T4DF4 010:098.331 JLINK_IsHalted()
T4DF4 010:098.972 - 0.640ms returns FALSE
T4DF4 010:099.086 JLINK_IsHalted()
T4DF4 010:099.587 - 0.499ms returns FALSE
T4DF4 010:207.634 JLINK_IsHalted()
T4DF4 010:208.534 - 0.898ms returns FALSE
T4DF4 010:208.654 JLINK_IsHalted()
T4DF4 010:209.203 - 0.547ms returns FALSE
T27E0 010:272.813 JLINK_IsHalted()
T27E0 010:273.567 - 0.752ms returns FALSE
T27E0 010:273.701 JLINK_IsHalted()
T27E0 010:274.211 - 0.508ms returns FALSE
T4DF4 010:317.394 JLINK_IsHalted()
T4DF4 010:317.914 - 0.519ms returns FALSE
T4DF4 010:317.947 JLINK_IsHalted()
T4DF4 010:318.413 - 0.465ms returns FALSE
T4DF4 010:426.529 JLINK_IsHalted()
T4DF4 010:427.264 - 0.733ms returns FALSE
T4DF4 010:427.388 JLINK_IsHalted()
T4DF4 010:427.940 - 0.550ms returns FALSE
T4DF4 010:536.655 JLINK_IsHalted()
T4DF4 010:537.390 - 0.733ms returns FALSE
T4DF4 010:537.499 JLINK_IsHalted()
T4DF4 010:538.081 - 0.580ms returns FALSE
T4DF4 010:646.120 JLINK_IsHalted()
T4DF4 010:646.931 - 0.809ms returns FALSE
T4DF4 010:647.035 JLINK_IsHalted()
T4DF4 010:647.619 - 0.582ms returns FALSE
T4DF4 010:754.799 JLINK_IsHalted()
T4DF4 010:755.512 - 0.712ms returns FALSE
T4DF4 010:755.627 JLINK_IsHalted()
T4DF4 010:756.253 - 0.623ms returns FALSE
T4DF4 010:864.583 JLINK_IsHalted()
T4DF4 010:865.386 - 0.802ms returns FALSE
T4DF4 010:865.495 JLINK_IsHalted()
T4DF4 010:866.040 - 0.544ms returns FALSE
T4DF4 010:973.716 JLINK_IsHalted()
T4DF4 010:974.319 - 0.602ms returns FALSE
T4DF4 010:974.426 JLINK_IsHalted()
T4DF4 010:974.997 - 0.568ms returns FALSE
T4DF4 011:083.449 JLINK_IsHalted()
T4DF4 011:084.243 - 0.793ms returns FALSE
T4DF4 011:084.357 JLINK_IsHalted()
T4DF4 011:084.997 - 0.637ms returns FALSE
T4DF4 011:192.999 JLINK_IsHalted()
T4DF4 011:193.795 - 0.795ms returns FALSE
T4DF4 011:193.906 JLINK_IsHalted()
T4DF4 011:194.640 - 0.732ms returns FALSE
T27E0 011:275.389 JLINK_IsHalted()
T27E0 011:276.120 - 0.729ms returns FALSE
T27E0 011:276.236 JLINK_IsHalted()
T27E0 011:276.838 - 0.600ms returns FALSE
T4DF4 011:302.194 JLINK_IsHalted()
T4DF4 011:302.965 - 0.770ms returns FALSE
T4DF4 011:303.076 JLINK_IsHalted()
T4DF4 011:303.768 - 0.690ms returns FALSE
T4DF4 011:410.921 JLINK_IsHalted()
T4DF4 011:411.657 - 0.735ms returns FALSE
T4DF4 011:411.787 JLINK_IsHalted()
T4DF4 011:412.363 - 0.574ms returns FALSE
T4DF4 011:520.691 JLINK_IsHalted()
T4DF4 011:521.344 - 0.652ms returns FALSE
T4DF4 011:521.477 JLINK_IsHalted()
T4DF4 011:522.058 - 0.579ms returns FALSE
T4DF4 011:629.901 JLINK_IsHalted()
T4DF4 011:630.705 - 0.802ms returns FALSE
T4DF4 011:630.813 JLINK_IsHalted()
T4DF4 011:631.489 - 0.674ms returns FALSE
T4DF4 011:739.934 JLINK_IsHalted()
T4DF4 011:740.644 - 0.709ms returns FALSE
T4DF4 011:740.770 JLINK_IsHalted()
T4DF4 011:741.363 - 0.592ms returns FALSE
T4DF4 011:848.950 JLINK_IsHalted()
T4DF4 011:849.577 - 0.625ms returns FALSE
T4DF4 011:849.668 JLINK_IsHalted()
T4DF4 011:850.149 - 0.480ms returns FALSE
T4DF4 011:957.908 JLINK_IsHalted()
T4DF4 011:958.206 - 0.298ms returns FALSE
T4DF4 011:958.245 JLINK_IsHalted()
T4DF4 011:958.451 - 0.206ms returns FALSE
T4DF4 012:067.765 JLINK_IsHalted()
T4DF4 012:068.008 - 0.242ms returns FALSE
T4DF4 012:068.027 JLINK_IsHalted()
T4DF4 012:068.205 - 0.177ms returns FALSE
T4DF4 012:176.452 JLINK_IsHalted()
T4DF4 012:176.725 - 0.273ms returns FALSE
T4DF4 012:176.746 JLINK_IsHalted()
T4DF4 012:176.907 - 0.160ms returns FALSE
T27E0 012:277.611 JLINK_IsHalted()
T27E0 012:277.889 - 0.277ms returns FALSE
T27E0 012:277.909 JLINK_IsHalted()
T27E0 012:278.053 - 0.144ms returns FALSE
T4DF4 012:286.634 JLINK_IsHalted()
T4DF4 012:286.880 - 0.246ms returns FALSE
T4DF4 012:286.900 JLINK_IsHalted()
T4DF4 012:287.110 - 0.209ms returns FALSE
T4DF4 012:395.427 JLINK_IsHalted()
T4DF4 012:395.642 - 0.214ms returns FALSE
T4DF4 012:395.662 JLINK_IsHalted()
T4DF4 012:395.822 - 0.159ms returns FALSE
T4DF4 012:505.182 JLINK_IsHalted()
T4DF4 012:505.460 - 0.277ms returns FALSE
T4DF4 012:505.496 JLINK_IsHalted()
T4DF4 012:505.679 - 0.183ms returns FALSE
T4DF4 012:613.968 JLINK_IsHalted()
T4DF4 012:614.347 - 0.378ms returns FALSE
T4DF4 012:614.397 JLINK_IsHalted()
T4DF4 012:614.691 - 0.293ms returns FALSE
T4DF4 012:723.225 JLINK_IsHalted()
T4DF4 012:723.479 - 0.254ms returns FALSE
T4DF4 012:723.499 JLINK_IsHalted()
T4DF4 012:723.676 - 0.176ms returns FALSE
T4DF4 012:832.866 JLINK_IsHalted()
T4DF4 012:833.161 - 0.295ms returns FALSE
T4DF4 012:833.187 JLINK_IsHalted()
T4DF4 012:833.421 - 0.233ms returns FALSE
T4DF4 012:942.833 JLINK_IsHalted()
T4DF4 012:943.100 - 0.266ms returns FALSE
T4DF4 012:943.122 JLINK_IsHalted()
T4DF4 012:943.277 - 0.155ms returns FALSE
T4DF4 013:051.630 JLINK_IsHalted()
T4DF4 013:051.879 - 0.248ms returns FALSE
T4DF4 013:051.915 JLINK_IsHalted()
T4DF4 013:052.076 - 0.160ms returns FALSE
T4DF4 013:161.374 JLINK_IsHalted()
T4DF4 013:161.636 - 0.262ms returns FALSE
T4DF4 013:161.670 JLINK_IsHalted()
T4DF4 013:161.854 - 0.184ms returns FALSE
T4DF4 013:270.575 JLINK_IsHalted()
T4DF4 013:271.344 - 0.767ms returns FALSE
T4DF4 013:271.446 JLINK_IsHalted()
T4DF4 013:272.045 - 0.597ms returns FALSE
T27E0 013:277.984 JLINK_IsHalted()
T27E0 013:278.724 - 0.739ms returns FALSE
T27E0 013:278.828 JLINK_IsHalted()
T27E0 013:279.375 - 0.545ms returns FALSE
T4DF4 013:379.527 JLINK_IsHalted()
T4DF4 013:380.260 - 0.732ms returns FALSE
T4DF4 013:380.372 JLINK_IsHalted()
T4DF4 013:380.917 - 0.543ms returns FALSE
T4DF4 013:489.299 JLINK_IsHalted()
T4DF4 013:490.088 - 0.787ms returns FALSE
T4DF4 013:490.211 JLINK_IsHalted()
T4DF4 013:490.785 - 0.572ms returns FALSE
T4DF4 013:598.742 JLINK_IsHalted()
T4DF4 013:599.346 - 0.602ms returns FALSE
T4DF4 013:599.470 JLINK_IsHalted()
T4DF4 013:600.021 - 0.548ms returns FALSE
T4DF4 013:707.762 JLINK_IsHalted()
T4DF4 013:708.449 - 0.685ms returns FALSE
T4DF4 013:708.562 JLINK_IsHalted()
T4DF4 013:709.207 - 0.643ms returns FALSE
T4DF4 013:817.075 JLINK_IsHalted()
T4DF4 013:817.831 - 0.754ms returns FALSE
T4DF4 013:817.972 JLINK_IsHalted()
T4DF4 013:818.593 - 0.619ms returns FALSE
T4DF4 013:926.669 JLINK_IsHalted()
T4DF4 013:927.468 - 0.793ms returns FALSE
T4DF4 013:927.581 JLINK_IsHalted()
T4DF4 013:928.184 - 0.601ms returns FALSE
T4DF4 014:036.246 JLINK_IsHalted()
T4DF4 014:036.928 - 0.681ms returns FALSE
T4DF4 014:037.047 JLINK_IsHalted()
T4DF4 014:037.712 - 0.664ms returns FALSE
T4DF4 014:145.509 JLINK_IsHalted()
T4DF4 014:146.275 - 0.764ms returns FALSE
T4DF4 014:146.418 JLINK_IsHalted()
T4DF4 014:147.139 - 0.719ms returns FALSE
T4DF4 014:255.197 JLINK_IsHalted()
T4DF4 014:255.981 - 0.782ms returns FALSE
T4DF4 014:256.099 JLINK_IsHalted()
T4DF4 014:256.705 - 0.604ms returns FALSE
T27E0 014:280.701 JLINK_IsHalted()
T27E0 014:281.408 - 0.705ms returns FALSE
T27E0 014:281.593 JLINK_IsHalted()
T27E0 014:282.019 - 0.423ms returns FALSE
T4DF4 014:364.339 JLINK_IsHalted()
T4DF4 014:365.131 - 0.790ms returns FALSE
T4DF4 014:365.256 JLINK_IsHalted()
T4DF4 014:365.848 - 0.590ms returns FALSE
T4DF4 014:473.845 JLINK_IsHalted()
T4DF4 014:474.670 - 0.823ms returns FALSE
T4DF4 014:474.778 JLINK_IsHalted()
T4DF4 014:475.405 - 0.625ms returns FALSE
T4DF4 014:582.905 JLINK_IsHalted()
T4DF4 014:583.515 - 0.609ms returns FALSE
T4DF4 014:583.602 JLINK_IsHalted()
T4DF4 014:584.244 - 0.641ms returns FALSE
T4DF4 014:692.264 JLINK_IsHalted()
T4DF4 014:692.998 - 0.732ms returns FALSE
T4DF4 014:693.111 JLINK_IsHalted()
T4DF4 014:693.788 - 0.675ms returns FALSE
T4DF4 014:802.056 JLINK_IsHalted()
T4DF4 014:802.755 - 0.697ms returns FALSE
T4DF4 014:802.862 JLINK_IsHalted()
T4DF4 014:803.514 - 0.650ms returns FALSE
T4DF4 014:911.537 JLINK_IsHalted()
T4DF4 014:912.376 - 0.838ms returns FALSE
T4DF4 014:912.487 JLINK_IsHalted()
T4DF4 014:913.104 - 0.616ms returns FALSE
T4DF4 015:020.572 JLINK_IsHalted()
T4DF4 015:021.383 - 0.809ms returns FALSE
T4DF4 015:021.487 JLINK_IsHalted()
T4DF4 015:022.136 - 0.647ms returns FALSE
T4DF4 015:130.130 JLINK_IsHalted()
T4DF4 015:130.878 - 0.746ms returns FALSE
T4DF4 015:131.015 JLINK_IsHalted()
T4DF4 015:131.534 - 0.517ms returns FALSE
T4DF4 015:239.173 JLINK_IsHalted()
T4DF4 015:240.002 - 0.828ms returns FALSE
T4DF4 015:240.097 JLINK_IsHalted()
T4DF4 015:240.807 - 0.708ms returns FALSE
T27E0 015:282.634 JLINK_IsHalted()
T27E0 015:283.258 - 0.622ms returns FALSE
T27E0 015:283.392 JLINK_IsHalted()
T27E0 015:284.032 - 0.637ms returns FALSE
T4DF4 015:349.334 JLINK_IsHalted()
T4DF4 015:350.105 - 0.768ms returns FALSE
T4DF4 015:350.215 JLINK_IsHalted()
T4DF4 015:350.857 - 0.640ms returns FALSE
T4DF4 015:457.993 JLINK_IsHalted()
T4DF4 015:458.701 - 0.707ms returns FALSE
T4DF4 015:458.808 JLINK_IsHalted()
T4DF4 015:459.485 - 0.676ms returns FALSE
T4DF4 015:567.582 JLINK_IsHalted()
T4DF4 015:568.411 - 0.828ms returns FALSE
T4DF4 015:568.515 JLINK_IsHalted()
T4DF4 015:569.111 - 0.594ms returns FALSE
T4DF4 015:677.215 JLINK_IsHalted()
T4DF4 015:678.046 - 0.829ms returns FALSE
T4DF4 015:678.157 JLINK_IsHalted()
T4DF4 015:678.891 - 0.731ms returns FALSE
T4DF4 015:785.928 JLINK_IsHalted()
T4DF4 015:786.644 - 0.715ms returns FALSE
T4DF4 015:786.775 JLINK_IsHalted()
T4DF4 015:787.383 - 0.605ms returns FALSE
T4DF4 015:895.596 JLINK_IsHalted()
T4DF4 015:896.333 - 0.736ms returns FALSE
T4DF4 015:896.431 JLINK_IsHalted()
T4DF4 015:896.997 - 0.564ms returns FALSE
T4DF4 016:005.389 JLINK_IsHalted()
T4DF4 016:006.209 - 0.818ms returns FALSE
T4DF4 016:006.323 JLINK_IsHalted()
T4DF4 016:006.975 - 0.650ms returns FALSE
T4DF4 016:114.005 JLINK_IsHalted()
T4DF4 016:114.731 - 0.725ms returns FALSE
T4DF4 016:114.862 JLINK_IsHalted()
T4DF4 016:115.500 - 0.636ms returns FALSE
T4DF4 016:223.731 JLINK_IsHalted()
T4DF4 016:224.618 - 0.885ms returns FALSE
T4DF4 016:224.728 JLINK_IsHalted()
T4DF4 016:225.509 - 0.748ms returns FALSE
T27E0 016:285.374 JLINK_IsHalted()
T27E0 016:285.992 - 0.617ms returns FALSE
T27E0 016:286.110 JLINK_IsHalted()
T27E0 016:286.634 - 0.522ms returns FALSE
T4DF4 016:333.227 JLINK_IsHalted()
T4DF4 016:333.903 - 0.675ms returns FALSE
T4DF4 016:334.022 JLINK_IsHalted()
T4DF4 016:334.659 - 0.636ms returns FALSE
T4DF4 016:442.627 JLINK_IsHalted()
T4DF4 016:443.360 - 0.731ms returns FALSE
T4DF4 016:443.482 JLINK_IsHalted()
T4DF4 016:444.065 - 0.582ms returns FALSE
T4DF4 016:552.381 JLINK_IsHalted()
T4DF4 016:553.258 - 0.875ms returns FALSE
T4DF4 016:553.371 JLINK_IsHalted()
T4DF4 016:554.051 - 0.679ms returns FALSE
T4DF4 016:661.252 JLINK_IsHalted()
T4DF4 016:662.040 - 0.787ms returns FALSE
T4DF4 016:662.178 JLINK_IsHalted()
T4DF4 016:662.698 - 0.518ms returns FALSE
T4DF4 016:770.205 JLINK_IsHalted()
T4DF4 016:770.928 - 0.721ms returns FALSE
T4DF4 016:771.081 JLINK_IsHalted()
T4DF4 016:771.767 - 0.684ms returns FALSE
T4DF4 016:879.574 JLINK_IsHalted()
T4DF4 016:880.301 - 0.725ms returns FALSE
T4DF4 016:880.438 JLINK_IsHalted()
T4DF4 016:880.921 - 0.481ms returns FALSE
T4DF4 016:989.468 JLINK_IsHalted()
T4DF4 016:990.216 - 0.746ms returns FALSE
T4DF4 016:990.363 JLINK_IsHalted()
T4DF4 016:990.857 - 0.492ms returns FALSE
T4DF4 017:098.981 JLINK_IsHalted()
T4DF4 017:099.744 - 0.761ms returns FALSE
T4DF4 017:099.859 JLINK_IsHalted()
T4DF4 017:100.501 - 0.641ms returns FALSE
T4DF4 017:208.251 JLINK_IsHalted()
T4DF4 017:208.998 - 0.745ms returns FALSE
T4DF4 017:209.128 JLINK_IsHalted()
T4DF4 017:209.698 - 0.568ms returns FALSE
T27E0 017:287.717 JLINK_IsHalted()
T27E0 017:288.432 - 0.713ms returns FALSE
T27E0 017:288.538 JLINK_IsHalted()
T27E0 017:289.020 - 0.480ms returns FALSE
T4DF4 017:317.098 JLINK_IsHalted()
T4DF4 017:317.897 - 0.797ms returns FALSE
T4DF4 017:317.991 JLINK_IsHalted()
T4DF4 017:318.630 - 0.637ms returns FALSE
T4DF4 017:427.082 JLINK_IsHalted()
T4DF4 017:427.876 - 0.792ms returns FALSE
T4DF4 017:427.980 JLINK_IsHalted()
T4DF4 017:428.626 - 0.645ms returns FALSE
T4DF4 017:536.721 JLINK_IsHalted()
T4DF4 017:537.489 - 0.766ms returns FALSE
T4DF4 017:537.614 JLINK_IsHalted()
T4DF4 017:538.219 - 0.602ms returns FALSE
T4DF4 017:645.802 JLINK_IsHalted()
T4DF4 017:646.488 - 0.684ms returns FALSE
T4DF4 017:646.607 JLINK_IsHalted()
T4DF4 017:647.163 - 0.553ms returns FALSE
T4DF4 017:754.591 JLINK_IsHalted()
T4DF4 017:755.357 - 0.764ms returns FALSE
T4DF4 017:755.474 JLINK_IsHalted()
T4DF4 017:756.011 - 0.535ms returns FALSE
T4DF4 017:864.079 JLINK_IsHalted()
T4DF4 017:864.870 - 0.790ms returns FALSE
T4DF4 017:864.984 JLINK_IsHalted()
T4DF4 017:865.627 - 0.641ms returns FALSE
T4DF4 017:974.174 JLINK_IsHalted()
T4DF4 017:974.983 - 0.807ms returns FALSE
T4DF4 017:975.092 JLINK_IsHalted()
T4DF4 017:975.709 - 0.614ms returns FALSE
T4DF4 018:083.104 JLINK_IsHalted()
T4DF4 018:083.708 - 0.603ms returns FALSE
T4DF4 018:083.742 JLINK_IsHalted()
T4DF4 018:084.284 - 0.541ms returns FALSE
T4DF4 018:192.090 JLINK_IsHalted()
T4DF4 018:192.793 - 0.702ms returns FALSE
T4DF4 018:192.914 JLINK_IsHalted()
T4DF4 018:193.486 - 0.570ms returns FALSE
T27E0 018:289.582 JLINK_IsHalted()
T27E0 018:290.227 - 0.643ms returns FALSE
T27E0 018:290.333 JLINK_IsHalted()
T27E0 018:290.946 - 0.611ms returns FALSE
T4DF4 018:302.145 JLINK_IsHalted()
T4DF4 018:302.968 - 0.822ms returns FALSE
T4DF4 018:303.067 JLINK_IsHalted()
T4DF4 018:303.765 - 0.696ms returns FALSE
T4DF4 018:411.278 JLINK_IsHalted()
T4DF4 018:411.945 - 0.665ms returns FALSE
T4DF4 018:412.052 JLINK_IsHalted()
T4DF4 018:412.754 - 0.699ms returns FALSE
T4DF4 018:520.651 JLINK_IsHalted()
T4DF4 018:521.490 - 0.837ms returns FALSE
T4DF4 018:521.593 JLINK_IsHalted()
T4DF4 018:522.212 - 0.617ms returns FALSE
T4DF4 018:630.474 JLINK_IsHalted()
T4DF4 018:631.185 - 0.710ms returns FALSE
T4DF4 018:631.296 JLINK_IsHalted()
T4DF4 018:631.865 - 0.566ms returns FALSE
T4DF4 018:739.838 JLINK_IsHalted()
T4DF4 018:740.764 - 0.925ms returns FALSE
T4DF4 018:740.865 JLINK_IsHalted()
T4DF4 018:741.541 - 0.674ms returns FALSE
T4DF4 018:848.899 JLINK_IsHalted()
T4DF4 018:849.709 - 0.808ms returns FALSE
T4DF4 018:849.819 JLINK_IsHalted()
T4DF4 018:850.482 - 0.660ms returns FALSE
T4DF4 018:958.180 JLINK_IsHalted()
T4DF4 018:958.842 - 0.661ms returns FALSE
T4DF4 018:958.930 JLINK_IsHalted()
T4DF4 018:959.430 - 0.498ms returns FALSE
T4DF4 019:067.383 JLINK_IsHalted()
T4DF4 019:068.093 - 0.709ms returns FALSE
T4DF4 019:068.206 JLINK_IsHalted()
T4DF4 019:068.822 - 0.614ms returns FALSE
T4DF4 019:176.918 JLINK_IsHalted()
T4DF4 019:177.660 - 0.740ms returns FALSE
T4DF4 019:177.779 JLINK_IsHalted()
T4DF4 019:178.388 - 0.607ms returns FALSE
T4DF4 019:286.502 JLINK_IsHalted()
T4DF4 019:287.340 - 0.836ms returns FALSE
T4DF4 019:287.479 JLINK_IsHalted()
T4DF4 019:288.170 - 0.689ms returns FALSE
T27E0 019:291.914 JLINK_IsHalted()
T27E0 019:292.586 - 0.670ms returns FALSE
T27E0 019:292.693 JLINK_IsHalted()
T27E0 019:293.318 - 0.623ms returns FALSE
T4DF4 019:395.422 JLINK_IsHalted()
T4DF4 019:396.132 - 0.708ms returns FALSE
T4DF4 019:396.301 JLINK_IsHalted()
T4DF4 019:396.906 - 0.603ms returns FALSE
T4DF4 019:505.252 JLINK_IsHalted()
T4DF4 019:505.943 - 0.689ms returns FALSE
T4DF4 019:506.052 JLINK_IsHalted()
T4DF4 019:506.669 - 0.615ms returns FALSE
T4DF4 019:614.193 JLINK_IsHalted()
T4DF4 019:615.086 - 0.891ms returns FALSE
T4DF4 019:615.210 JLINK_IsHalted()
T4DF4 019:615.902 - 0.690ms returns FALSE
T4DF4 019:724.144 JLINK_IsHalted()
T4DF4 019:724.961 - 0.815ms returns FALSE
T4DF4 019:725.071 JLINK_IsHalted()
T4DF4 019:725.637 - 0.564ms returns FALSE
T4DF4 019:833.478 JLINK_IsHalted()
T4DF4 019:834.262 - 0.782ms returns FALSE
T4DF4 019:834.390 JLINK_IsHalted()
T4DF4 019:835.016 - 0.624ms returns FALSE
T4DF4 019:942.393 JLINK_IsHalted()
T4DF4 019:943.215 - 0.821ms returns FALSE
T4DF4 019:943.328 JLINK_IsHalted()
T4DF4 019:943.875 - 0.545ms returns FALSE
T4DF4 020:052.018 JLINK_IsHalted()
T4DF4 020:052.767 - 0.748ms returns FALSE
T4DF4 020:052.890 JLINK_IsHalted()
T4DF4 020:053.430 - 0.538ms returns FALSE
T4DF4 020:161.080 JLINK_IsHalted()
T4DF4 020:161.988 - 0.907ms returns FALSE
T4DF4 020:162.112 JLINK_IsHalted()
T4DF4 020:162.740 - 0.626ms returns FALSE
T4DF4 020:270.593 JLINK_IsHalted()
T4DF4 020:271.485 - 0.891ms returns FALSE
T4DF4 020:271.600 JLINK_IsHalted()
T4DF4 020:272.282 - 0.679ms returns FALSE
T27E0 020:294.182 JLINK_IsHalted()
T27E0 020:294.886 - 0.703ms returns FALSE
T27E0 020:294.997 JLINK_IsHalted()
T27E0 020:295.610 - 0.611ms returns FALSE
T4DF4 020:379.991 JLINK_IsHalted()
T4DF4 020:380.683 - 0.691ms returns FALSE
T4DF4 020:380.806 JLINK_IsHalted()
T4DF4 020:381.429 - 0.620ms returns FALSE
T4DF4 020:489.313 JLINK_IsHalted()
T4DF4 020:490.046 - 0.731ms returns FALSE
T4DF4 020:490.165 JLINK_IsHalted()
T4DF4 020:490.868 - 0.701ms returns FALSE
T4DF4 020:598.903 JLINK_IsHalted()
T4DF4 020:599.675 - 0.770ms returns FALSE
T4DF4 020:599.794 JLINK_IsHalted()
T4DF4 020:600.418 - 0.622ms returns FALSE
T4DF4 020:708.588 JLINK_IsHalted()
T4DF4 020:709.235 - 0.646ms returns FALSE
T4DF4 020:709.342 JLINK_IsHalted()
T4DF4 020:709.871 - 0.527ms returns FALSE
T4DF4 020:817.854 JLINK_IsHalted()
T4DF4 020:818.609 - 0.753ms returns FALSE
T4DF4 020:818.724 JLINK_IsHalted()
T4DF4 020:819.338 - 0.612ms returns FALSE
T4DF4 020:927.077 JLINK_IsHalted()
T4DF4 020:927.905 - 0.826ms returns FALSE
T4DF4 020:928.040 JLINK_IsHalted()
T4DF4 020:928.554 - 0.512ms returns FALSE
T4DF4 021:035.792 JLINK_IsHalted()
T4DF4 021:036.566 - 0.773ms returns FALSE
T4DF4 021:036.690 JLINK_IsHalted()
T4DF4 021:037.262 - 0.570ms returns FALSE
T4DF4 021:145.247 JLINK_IsHalted()
T4DF4 021:145.900 - 0.652ms returns FALSE
T4DF4 021:145.999 JLINK_IsHalted()
T4DF4 021:146.551 - 0.549ms returns FALSE
T4DF4 021:255.510 JLINK_IsHalted()
T4DF4 021:256.359 - 0.848ms returns FALSE
T4DF4 021:256.461 JLINK_IsHalted()
T4DF4 021:257.037 - 0.574ms returns FALSE
T27E0 021:296.857 JLINK_IsHalted()
T27E0 021:297.626 - 0.767ms returns FALSE
T27E0 021:297.730 JLINK_IsHalted()
T27E0 021:298.283 - 0.551ms returns FALSE
T4DF4 021:364.722 JLINK_IsHalted()
T4DF4 021:365.450 - 0.727ms returns FALSE
T4DF4 021:365.563 JLINK_IsHalted()
T4DF4 021:366.108 - 0.543ms returns FALSE
T4DF4 021:474.174 JLINK_IsHalted()
T4DF4 021:474.950 - 0.774ms returns FALSE
T4DF4 021:475.052 JLINK_IsHalted()
T4DF4 021:475.704 - 0.650ms returns FALSE
T4DF4 021:583.250 JLINK_IsHalted()
T4DF4 021:584.123 - 0.871ms returns FALSE
T4DF4 021:584.233 JLINK_IsHalted()
T4DF4 021:584.766 - 0.532ms returns FALSE
T4DF4 021:692.327 JLINK_IsHalted()
T4DF4 021:693.106 - 0.777ms returns FALSE
T4DF4 021:693.237 JLINK_IsHalted()
T4DF4 021:693.839 - 0.601ms returns FALSE
T4DF4 021:801.584 JLINK_IsHalted()
T4DF4 021:802.328 - 0.743ms returns FALSE
T4DF4 021:802.437 JLINK_IsHalted()
T4DF4 021:803.022 - 0.583ms returns FALSE
T4DF4 021:911.539 JLINK_IsHalted()
T4DF4 021:912.335 - 0.794ms returns FALSE
T4DF4 021:912.445 JLINK_IsHalted()
T4DF4 021:913.100 - 0.653ms returns FALSE
T4DF4 022:020.590 JLINK_IsHalted()
T4DF4 022:021.310 - 0.718ms returns FALSE
T4DF4 022:021.424 JLINK_IsHalted()
T4DF4 022:021.989 - 0.563ms returns FALSE
T4DF4 022:130.143 JLINK_IsHalted()
T4DF4 022:130.993 - 0.849ms returns FALSE
T4DF4 022:131.105 JLINK_IsHalted()
T4DF4 022:131.731 - 0.624ms returns FALSE
T4DF4 022:239.116 JLINK_IsHalted()
T4DF4 022:239.999 - 0.881ms returns FALSE
T4DF4 022:240.111 JLINK_IsHalted()
T4DF4 022:240.880 - 0.767ms returns FALSE
T27E0 022:299.336 JLINK_IsHalted()
T27E0 022:300.109 - 0.771ms returns FALSE
T27E0 022:300.219 JLINK_IsHalted()
T27E0 022:300.760 - 0.539ms returns FALSE
T4DF4 022:348.749 JLINK_IsHalted()
T4DF4 022:349.599 - 0.849ms returns FALSE
T4DF4 022:349.720 JLINK_IsHalted()
T4DF4 022:350.277 - 0.555ms returns FALSE
T4DF4 022:457.661 JLINK_IsHalted()
T4DF4 022:458.436 - 0.774ms returns FALSE
T4DF4 022:458.564 JLINK_IsHalted()
T4DF4 022:459.130 - 0.564ms returns FALSE
T4DF4 022:567.009 JLINK_IsHalted()
T4DF4 022:567.834 - 0.824ms returns FALSE
T4DF4 022:567.944 JLINK_IsHalted()
T4DF4 022:568.518 - 0.572ms returns FALSE
T4DF4 022:676.700 JLINK_IsHalted()
T4DF4 022:677.629 - 0.927ms returns FALSE
T4DF4 022:677.747 JLINK_IsHalted()
T4DF4 022:678.432 - 0.683ms returns FALSE
T4DF4 022:786.078 JLINK_IsHalted()
T4DF4 022:786.837 - 0.758ms returns FALSE
T4DF4 022:786.967 JLINK_IsHalted()
T4DF4 022:787.547 - 0.578ms returns FALSE
T4DF4 022:895.563 JLINK_IsHalted()
T4DF4 022:896.391 - 0.827ms returns FALSE
T4DF4 022:896.519 JLINK_IsHalted()
T4DF4 022:897.206 - 0.685ms returns FALSE
T4DF4 023:005.308 JLINK_IsHalted()
T4DF4 023:006.056 - 0.746ms returns FALSE
T4DF4 023:006.178 JLINK_IsHalted()
T4DF4 023:006.768 - 0.588ms returns FALSE
T4DF4 023:114.425 JLINK_IsHalted()
T4DF4 023:115.174 - 0.747ms returns FALSE
T4DF4 023:115.303 JLINK_IsHalted()
T4DF4 023:115.825 - 0.520ms returns FALSE
T4DF4 023:223.771 JLINK_IsHalted()
T4DF4 023:224.506 - 0.733ms returns FALSE
T4DF4 023:224.634 JLINK_IsHalted()
T4DF4 023:225.271 - 0.634ms returns FALSE
T27E0 023:301.694 JLINK_IsHalted()
T27E0 023:302.390 - 0.694ms returns FALSE
T27E0 023:302.513 JLINK_IsHalted()
T27E0 023:303.110 - 0.594ms returns FALSE
T4DF4 023:333.049 JLINK_IsHalted()
T4DF4 023:333.821 - 0.771ms returns FALSE
T4DF4 023:333.930 JLINK_IsHalted()
T4DF4 023:334.515 - 0.583ms returns FALSE
T4DF4 023:442.818 JLINK_IsHalted()
T4DF4 023:443.570 - 0.750ms returns FALSE
T4DF4 023:443.682 JLINK_IsHalted()
T4DF4 023:444.314 - 0.630ms returns FALSE
T4DF4 023:551.579 JLINK_IsHalted()
T4DF4 023:552.300 - 0.720ms returns FALSE
T4DF4 023:552.412 JLINK_IsHalted()
T4DF4 023:553.045 - 0.631ms returns FALSE
T4DF4 023:660.864 JLINK_IsHalted()
T4DF4 023:661.624 - 0.759ms returns FALSE
T4DF4 023:661.763 JLINK_IsHalted()
T4DF4 023:662.272 - 0.507ms returns FALSE
T4DF4 023:770.408 JLINK_IsHalted()
T4DF4 023:771.141 - 0.731ms returns FALSE
T4DF4 023:771.268 JLINK_IsHalted()
T4DF4 023:771.822 - 0.552ms returns FALSE
T4DF4 023:880.547 JLINK_IsHalted()
T4DF4 023:881.246 - 0.698ms returns FALSE
T4DF4 023:881.366 JLINK_IsHalted()
T4DF4 023:881.893 - 0.525ms returns FALSE
T4DF4 023:988.878 JLINK_IsHalted()
T4DF4 023:989.594 - 0.714ms returns FALSE
T4DF4 023:989.717 JLINK_IsHalted()
T4DF4 023:990.334 - 0.615ms returns FALSE
T4DF4 024:099.056 JLINK_IsHalted()
T4DF4 024:099.695 - 0.637ms returns FALSE
T4DF4 024:099.790 JLINK_IsHalted()
T4DF4 024:100.203 - 0.411ms returns FALSE
T4DF4 024:208.593 JLINK_IsHalted()
T4DF4 024:209.342 - 0.747ms returns FALSE
T4DF4 024:209.442 JLINK_IsHalted()
T4DF4 024:210.031 - 0.587ms returns FALSE
T27E0 024:303.731 JLINK_IsHalted()
T27E0 024:304.462 - 0.729ms returns FALSE
T27E0 024:304.572 JLINK_IsHalted()
T27E0 024:305.232 - 0.658ms returns FALSE
T4DF4 024:317.320 JLINK_IsHalted()
T4DF4 024:317.915 - 0.594ms returns FALSE
T4DF4 024:318.023 JLINK_IsHalted()
T4DF4 024:318.646 - 0.621ms returns FALSE
T4DF4 024:427.251 JLINK_IsHalted()
T4DF4 024:428.098 - 0.845ms returns FALSE
T4DF4 024:428.210 JLINK_IsHalted()
T4DF4 024:428.909 - 0.697ms returns FALSE
T4DF4 024:536.024 JLINK_IsHalted()
T4DF4 024:536.728 - 0.702ms returns FALSE
T4DF4 024:536.833 JLINK_IsHalted()
T4DF4 024:537.495 - 0.660ms returns FALSE
T4DF4 024:645.137 JLINK_IsHalted()
T4DF4 024:645.941 - 0.803ms returns FALSE
T4DF4 024:646.044 JLINK_IsHalted()
T4DF4 024:646.622 - 0.577ms returns FALSE
T4DF4 024:754.899 JLINK_IsHalted()
T4DF4 024:755.644 - 0.744ms returns FALSE
T4DF4 024:755.771 JLINK_IsHalted()
T4DF4 024:756.358 - 0.585ms returns FALSE
T4DF4 024:863.884 JLINK_IsHalted()
T4DF4 024:864.561 - 0.675ms returns FALSE
T4DF4 024:864.693 JLINK_IsHalted()
T4DF4 024:865.413 - 0.718ms returns FALSE
T4DF4 024:973.961 JLINK_IsHalted()
T4DF4 024:974.671 - 0.708ms returns FALSE
T4DF4 024:974.786 JLINK_IsHalted()
T4DF4 024:975.376 - 0.589ms returns FALSE
T4DF4 025:083.222 JLINK_IsHalted()
T4DF4 025:084.031 - 0.808ms returns FALSE
T4DF4 025:084.141 JLINK_IsHalted()
T4DF4 025:084.825 - 0.682ms returns FALSE
T4DF4 025:192.172 JLINK_IsHalted()
T4DF4 025:192.905 - 0.730ms returns FALSE
T4DF4 025:193.006 JLINK_IsHalted()
T4DF4 025:193.585 - 0.577ms returns FALSE
T4DF4 025:302.571 JLINK_IsHalted()
T4DF4 025:303.566 - 0.994ms returns FALSE
T4DF4 025:303.677 JLINK_IsHalted()
T4DF4 025:304.253 - 0.574ms returns FALSE
T27E0 025:305.774 JLINK_IsHalted()
T27E0 025:306.406 - 0.630ms returns FALSE
T27E0 025:306.526 JLINK_IsHalted()
T27E0 025:307.116 - 0.588ms returns FALSE
T4DF4 025:411.749 JLINK_IsHalted()
T4DF4 025:412.494 - 0.744ms returns FALSE
T4DF4 025:412.626 JLINK_IsHalted()
T4DF4 025:413.160 - 0.532ms returns FALSE
T4DF4 025:520.544 JLINK_IsHalted()
T4DF4 025:521.240 - 0.694ms returns FALSE
T4DF4 025:521.337 JLINK_IsHalted()
T4DF4 025:521.901 - 0.562ms returns FALSE
T4DF4 025:629.720 JLINK_IsHalted()
T4DF4 025:630.379 - 0.656ms returns FALSE
T4DF4 025:630.487 JLINK_IsHalted()
T4DF4 025:631.140 - 0.651ms returns FALSE
T4DF4 025:739.052 JLINK_IsHalted()
T4DF4 025:742.682 - 3.630ms returns ERROR
T4DF4 025:742.742 JLINK_IsHalted()
T4DF4 025:746.608 - 3.865ms returns ERROR
T4E8C 025:747.469 JLINK_Halt()
T4E8C 025:758.913   
  ***** Warning: 
T4E8C 025:758.984   CPU could not be halted
T4E8C 025:759.002 - 11.532ms returns 0x01
T4E8C 025:759.019 JLINK_ReadRegs_64(NumRegs = 1, Indexes: 
T4E8C 025:759.030   41)
T4E8C 025:759.054   CPU is running
T4E8C 025:759.071   
  ***** Error: 
T4E8C 025:759.087   Cannot read register 41 (CPSR) while CPU is running
T4E8C 025:759.104    -- CPSR=0xDEADBEEF (failed)
T4E8C 025:759.121 - 0.101ms returns 0
T4E8C 025:768.567 JLINK_Close()
T4E8C 025:801.889 - 33.319ms
T4E8C 025:802.018   
T4E8C 025:802.060   Closed
