T2670 000:001.439   SEGGER J-Link V7.82c Log File
T2670 000:001.683   DLL Compiled: Nov 16 2022 16:56:50
T2670 000:001.706   Logging started @ 2023-09-07 05:20
T2670 000:001.729 - 1.740ms
T2670 000:001.760 JLINK_GetDLLVersion()
T2670 000:001.783 - 0.034ms returns 78203
T2670 000:002.734 JLINK_OpenEx(...)
T2670 000:023.444   Firmware: J-Link V11 compiled Aug  2 2023 10:34:01
T2670 000:023.904   Firmware: J-Link V11 compiled Aug  2 2023 10:34:01
T2670 000:026.551   Hardware: V11.00
T2670 000:026.610   S/N: 51026937
T2670 000:026.641   OEM: SEGGER
T2670 000:026.689   Feature(s): GDB
T2670 000:029.721   USB speed mode: High speed (480 MBit/s)
T2670 000:030.143   TELNET listener socket opened on port 19021
T2670 000:030.409   WEBSRV WEBSRV_Init(): Starting webserver thread(s)
T2670 000:030.670   WEBSRV Webserver running on local port 19080
T2670 000:057.256 - 54.578ms returns "O.K."
T2670 000:057.699 JLINK_ExecCommand("ProjectFile=C:\work_rza3ul\rza3ul_azure_demo_r1.0\usbx_demo_huvc_netx_http_server_rza3_fsp/usbx_demo_huvc_netx_http_server_rza3_fsp Debug.jlink", ...). 
T2670 000:077.860 - 20.307ms returns 0x00
T2670 000:080.657 JLINK_ExecCommand("device=R9A07G063U02GBG?BankAddr=0x20000000&Loader=QuadSPI", ...). 
T2670 000:080.892   Flash bank @ 0x20000000: Stored loader selection. Loader = QuadSPI
T2670 000:082.930   Device "R9A07G063U02GBG" selected.
T2670 000:084.889 - 4.192ms returns 0x00
T2670 000:085.425 JLINK_ExecCommand("SetCPUConnectIDCODE = FFFFFFFFFFFFFFFFFFFFFFFFFFFFFFFF", ...). 
T2670 000:085.523 - 0.039ms returns 0x00
T2670 000:085.551 JLINK_TIF_GetAvailable(...)
T2670 000:085.875 - 0.439ms
T2670 000:086.019 JLINK_TIF_Select(JLINKARM_TIF_JTAG)
T2670 000:087.099 - 1.110ms returns 0x00
T2670 000:087.147 JLINK_SetSpeed(15000)
T2670 000:087.289 - 0.183ms
T2670 000:087.351 JLINK_SetEndian(ARM_ENDIAN_LITTLE)
T2670 000:087.367 - 0.024ms returns 0
T2670 000:087.391 JLINK_SetInitRegsOnReset(OFF)
T2670 000:087.410 - 0.028ms returns 1
T2670 000:087.430 JLINK_SetResetType(JLINKARM_RESET_TYPE_NORMAL)
T2670 000:087.447 - 0.023ms returns JLINKARM_RESET_TYPE_NORMAL
T2670 000:087.467 JLINK_ExecCommand("EnableFlashBPs", ...). 
T2670 000:087.484 - 0.009ms returns 0x00
T2670 000:087.503 JLINK_ExecCommand("SetAllowFlashCache = 1", ...). 
T2670 000:087.519 - 0.008ms returns 0x01
T2670 000:087.538 JLINK_ExecCommand("SetRestartOnClose = 0", ...). 
T2670 000:087.578 - 0.008ms returns 0x01
T2670 000:087.597 JLINK_EnableSoftBPs(ON)
T2670 000:087.615 - 0.026ms
T2670 000:087.650 JLINK_Connect()
T2670 000:088.542   TotalIRLen = 4, IRPrint = 0x01
T2670 000:088.959   JTAG chain detection found 1 devices:
T2670 000:089.003    #0 Id: 0x6BA00477, IRLen: 04, CoreSight JTAG-DP
T2670 000:089.762   DPv0 detected
T2670 000:089.811   Scanning AP map to find all available APs
T2670 000:090.998   AP[4]: Stopped AP scan as end of AP map has been reached
T2670 000:091.207   AP[0]: APB-AP (IDR: 0x54770002)
T2670 000:091.286   AP[1]: AXI-AP (IDR: 0x44770004)
T2670 000:091.319   AP[2]: AHB-AP (IDR: 0x84770001)
T2670 000:091.345   AP[3]: AHB-AP (IDR: 0x84770001)
T2670 000:091.374   Iterating through AP map to find APB-AP to use
T2670 000:091.414   AP[0]: APB-AP found
T2670 000:091.753   Scanning ROMTbl @ 0x10C00000
T2670 000:092.830   [0]Comp[0] @ 0x10C10000: TSG
T2670 000:093.442   [0]Comp[1] @ 0x10C20000: TMC
T2670 000:093.992   [0]Comp[2] @ 0x10C30000: ETB
T2670 000:094.580   [0]Comp[3] @ 0x10C40000: CSTF
T2670 000:095.149   [0]Comp[4] @ 0x10C50000: CTI (?)
T2670 000:095.769   [0]Comp[5] @ 0x10C60000: CTI (?)
T2670 000:096.365   [0]Comp[6] @ 0x10E00000: ROM Table
T2670 000:096.421   Scanning ROMTbl @ 0x10E00000
T2670 000:097.644   [1]Comp[0] @ 0x10E10000: Cortex-A55
T2670 000:098.194   [1]Comp[1] @ 0x10E20000: CSS600-CTI
T2670 000:098.250   Core found. Stopped ROM table scan: https://wiki.segger.com/ROMTableScan
T2670 000:098.300   Cortex-A55 @ 0x10E10000 (detected)
T2670 000:098.322   CoreCTI @ 0x10E20000 (detected)
T2670 000:099.051   Debug architecture: ARMv8.2
T2670 000:099.119   6 code breakpoints, 4 data breakpoints
T2670 000:099.499   Processor features:
T2670 000:099.542     EL0 support: AArch64 + AArch32
T2670 000:099.562     EL1 support: AArch64 + AArch32
T2670 000:099.582     EL2 support: AArch64 + AArch32
T2670 000:099.602     EL3 support: AArch64 + AArch32
T2670 000:099.623     FPU support: Single + Double + Conversion + single arithmetic
T2670 000:100.070   -- Max. mem block: 0x00004E50
T2670 000:104.298   Current exception level: EL3
T2670 000:104.388   Exception level AArch usage:
T2670 000:104.425     EL0: AArch64
T2670 000:104.457     EL1: AArch64
T2670 000:104.490     EL2: AArch64
T2670 000:104.517     EL3: AArch64
T2670 000:104.543   Non-secure status: Secure
T2670 000:104.730   Cache info:
T2670 000:104.757     Inner cache boundary: L2
T2670 000:104.779     LoU Uniprocessor: 0
T2670 000:104.809     LoC: 2
T2670 000:104.829     LoU Inner Shareable: 0
T2670 000:105.525   I-Cache L1: 32 KB, 128 Sets, 64 Bytes/Line, 4-Way
T2670 000:105.594   D-Cache L1: 32 KB, 128 Sets, 64 Bytes/Line, 4-Way
T2670 000:105.614   Unified-Cache L2: 256 KB, 256 Sets, 64 Bytes/Line, 16-Way
T2670 000:105.914   VMSAv8-64: Supports 48-bit VAs
T2670 000:105.974 - 18.332ms returns 0x00
T2670 000:105.999 JLINK_ResetPullsRESET(ON)
T2670 000:106.014 - 0.021ms
T2670 000:106.033 JLINK_Halt()
T2670 000:106.050 - 0.024ms returns 0x00
T2670 000:106.065 JLINK_IsHalted()
T2670 000:106.082 - 0.023ms returns TRUE
T2670 000:106.096 JLINK_Reset()
T2670 000:227.852   Reset confused the core.
T2670 000:228.829   Disabled core power domain detected.
T2670 000:230.365   CPU not halted after Reset, halting using Halt request
T2670 000:237.052 - 130.977ms
T2670 000:237.091 JLINK_SetEndian(ARM_ENDIAN_LITTLE)
T2670 000:237.107 - 0.028ms returns 0
T2670 000:237.222 JLINK_IsHalted()
T2670 000:237.289 - 0.076ms returns TRUE
T2670 000:237.627 JLINK_MeasureCPUSpeed(RAMAddr = 0xFFFFFFFF)
T2670 000:237.665 - 0.044ms returns 0
T2670 000:237.788 JLINK_ReadRegs_64(NumRegs = 1, Indexes: 
T2670 000:237.805   41)
T2670 000:237.827    -- CPSR=0x400003CD
T2670 000:237.847 - 0.065ms returns 0
T5178 000:465.824 JLINK_BeginDownload(Flags = 0x00000000)
T5178 000:465.914 - 0.101ms
T5178 000:495.834 JLINK_WriteMem(0x00012000, 0xBD0 Bytes, ...)
T5178 000:495.919   Data:  04 06 81 D2 A4 18 A6 F2 04 10 1E D5 DF 3F 03 D5 ...
T5178 000:496.308   CPU_WriteMem(3024 bytes @ 0x00012000)
T5178 000:500.459 - 4.657ms returns 0xBD0
T5178 000:500.901 JLINK_WriteMem(0x00012BD0, 0xBC0 Bytes, ...)
T5178 000:500.925   Data:  C0 03 5F D6 FD 7B BE A9 FD 03 00 91 F3 0B 00 F9 ...
T5178 000:500.954   CPU_WriteMem(3008 bytes @ 0x00012BD0)
T5178 000:505.155 - 4.288ms returns 0xBC0
T5178 000:505.538 JLINK_WriteMem(0x00013790, 0xBB0 Bytes, ...)
T5178 000:505.562   Data:  5F 04 00 71 61 00 00 54 02 8C 43 A9 43 00 00 F9 ...
T5178 000:505.592   CPU_WriteMem(2992 bytes @ 0x00013790)
T5178 000:510.015 - 4.582ms returns 0xBB0
T5178 000:510.772 JLINK_WriteMem(0x00014340, 0xBB0 Bytes, ...)
T5178 000:510.858   Data:  24 6C 1C 53 84 00 00 32 7F 00 13 6B 21 05 00 54 ...
T5178 000:510.918   CPU_WriteMem(2992 bytes @ 0x00014340)
T5178 000:515.111 - 4.437ms returns 0xBB0
T5178 000:515.561 JLINK_WriteMem(0x00014EF0, 0xBA0 Bytes, ...)
T5178 000:515.607   Data:  07 C0 80 52 2A 68 66 38 21 00 00 90 21 28 26 91 ...
T5178 000:515.644   CPU_WriteMem(2976 bytes @ 0x00014EF0)
T5178 000:519.708 - 4.189ms returns 0xBA0
T5178 000:520.158 JLINK_WriteMem(0x00015A90, 0xBC0 Bytes, ...)
T5178 000:520.214   Data:  21 04 04 32 01 80 00 B9 01 84 40 B9 21 70 15 12 ...
T5178 000:520.259   CPU_WriteMem(3008 bytes @ 0x00015A90)
T5178 000:524.460 - 4.430ms returns 0xBC0
T5178 000:525.008 JLINK_WriteMem(0x00016650, 0xB90 Bytes, ...)
T5178 000:525.078   Data:  24 68 23 F8 21 20 00 91 3F 80 00 F1 61 FF FF 54 ...
T5178 000:525.111   CPU_WriteMem(2960 bytes @ 0x00016650)
T5178 000:529.086 - 4.110ms returns 0xB90
T5178 000:529.436 JLINK_WriteMem(0x000171E0, 0xBE0 Bytes, ...)
T5178 000:529.459   Data:  FF 4F 00 B9 E3 93 06 A9 E2 0F 43 A9 E2 0F 01 A9 ...
T5178 000:529.495   CPU_WriteMem(3040 bytes @ 0x000171E0)
T5178 000:533.726 - 4.315ms returns 0xBE0
T5178 000:533.996 JLINK_WriteMem(0x00017DC0, 0xBE0 Bytes, ...)
T5178 000:534.037   Data:  98 01 00 00 00 00 00 00 9C 01 00 00 00 00 00 00 ...
T5178 000:534.066   CPU_WriteMem(3040 bytes @ 0x00017DC0)
T5178 000:538.331 - 4.741ms returns 0xBE0
T5178 000:539.969 JLINK_WriteMem(0x000189A0, 0xBE0 Bytes, ...)
T5178 000:540.050   Data:  2C 20 44 65 63 20 31 36 20 32 30 32 32 00 00 00 ...
T5178 000:540.174   CPU_WriteMem(3040 bytes @ 0x000189A0)
T5178 000:544.509 - 4.608ms returns 0xBE0
T5178 000:544.996 JLINK_WriteMem(0x00019580, 0xA80 Bytes, ...)
T5178 000:545.036   Data:  60 01 80 D2 9C E3 FF 97 9D E3 FF 97 00 00 00 00 ...
T5178 000:545.105   CPU_WriteMem(2688 bytes @ 0x00019580)
T5178 000:548.810 - 3.862ms returns 0xA80
T5178 000:549.217 JLINK_WriteMem(0x0001A000, 0x665 Bytes, ...)
T5178 000:549.251   Data:  90 72 01 00 00 00 00 00 00 00 00 00 00 00 00 00 ...
T5178 000:549.295   CPU_WriteMem(1637 bytes @ 0x0001A000)
T5178 000:551.961 - 2.781ms returns 0x665
T5178 000:558.532 JLINK_WriteMem(0x20020000, 0xBE0 Bytes, ...)
T5178 000:558.602   Data:  00 00 20 40 00 00 00 00 FF FF DF BF FF FF FF FF ...
T5178 000:559.040   completely In flash
T5178 000:559.078 - 0.552ms returns 0xBE0
T5178 000:559.442 JLINK_WriteMem(0x20020BE0, 0xBE0 Bytes, ...)
T5178 000:559.489   Data:  00 00 00 00 00 00 00 00 00 00 00 00 00 00 00 00 ...
T5178 000:559.526   completely In flash
T5178 000:559.547 - 0.111ms returns 0xBE0
T5178 000:559.741 JLINK_WriteMem(0x200217C0, 0xBE0 Bytes, ...)
T5178 000:559.783   Data:  1F 20 03 D5 1F 20 03 D5 1F 20 03 D5 1F 20 03 D5 ...
T5178 000:559.806   completely In flash
T5178 000:559.829 - 0.094ms returns 0xBE0
T5178 000:560.012 JLINK_WriteMem(0x200223A0, 0xBE0 Bytes, ...)
T5178 000:560.051   Data:  1F 20 03 D5 1F 20 03 D5 1F 20 03 D5 1F 20 03 D5 ...
T5178 000:560.074   completely In flash
T5178 000:560.095 - 0.089ms returns 0xBE0
T5178 000:560.300 JLINK_WriteMem(0x20022F80, 0xB90 Bytes, ...)
T5178 000:560.333   Data:  E4 17 BF A9 E6 1F BF A9 E4 03 00 AA E1 8F 1F F8 ...
T5178 000:560.355   completely In flash
T5178 000:560.375 - 0.082ms returns 0xB90
T5178 000:560.566 JLINK_WriteMem(0x20023B10, 0xBD0 Bytes, ...)
T5178 000:560.598   Data:  80 32 C0 39 1F 04 00 31 00 03 00 54 00 00 00 90 ...
T5178 000:560.621   completely In flash
T5178 000:560.641 - 0.081ms returns 0xBD0
T5178 000:560.828 JLINK_WriteMem(0x200246E0, 0xBC0 Bytes, ...)
T5178 000:560.859   Data:  01 00 40 F9 21 A8 40 B9 E1 67 00 B9 01 00 40 F9 ...
T5178 000:560.881   completely In flash
T5178 000:560.900 - 0.079ms returns 0xBC0
T5178 000:561.110 JLINK_WriteMem(0x200252A0, 0xBB0 Bytes, ...)
T5178 000:561.141   Data:  FD 7B BF A9 FD 03 00 91 60 CB 38 D5 00 11 80 D2 ...
T5178 000:561.162   completely In flash
T5178 000:561.181 - 0.077ms returns 0xBB0
T5178 000:561.369 JLINK_WriteMem(0x20025E50, 0xBA0 Bytes, ...)
T5178 000:561.399   Data:  69 01 00 54 61 02 41 39 C1 FE FF 35 02 0C 80 52 ...
T5178 000:561.424   completely In flash
T5178 000:561.444 - 0.082ms returns 0xBA0
T5178 000:561.656 JLINK_WriteMem(0x200269F0, 0xBA0 Bytes, ...)
T5178 000:561.687   Data:  4B 02 00 94 A0 4E 40 B9 60 36 00 B9 B3 4E 00 B9 ...
T5178 000:561.709   completely In flash
T5178 000:561.730 - 0.080ms returns 0xBA0
T5178 000:561.915 JLINK_WriteMem(0x20027590, 0xBC0 Bytes, ...)
T5178 000:561.945   Data:  21 00 14 0B 21 44 00 11 E0 03 13 AA FD 00 00 94 ...
T5178 000:561.985   completely In flash
T5178 000:562.006 - 0.098ms returns 0xBC0
T5178 000:562.131 JLINK_WriteMem(0x20028150, 0xBB0 Bytes, ...)
T5178 000:562.151   Data:  08 01 00 0B 20 28 40 F9 04 00 80 52 2A 00 00 14 ...
T5178 000:562.172   completely In flash
T5178 000:562.191 - 0.066ms returns 0xBB0
T5178 000:562.354 JLINK_WriteMem(0x20028D00, 0xBC0 Bytes, ...)
T5178 000:562.372   Data:  41 00 80 52 E0 03 13 AA 25 03 00 94 F6 03 00 2A ...
T5178 000:562.393   completely In flash
T5178 000:562.412 - 0.064ms returns 0xBC0
T5178 000:562.529 JLINK_WriteMem(0x200298C0, 0xBC0 Bytes, ...)
T5178 000:562.552   Data:  37 00 00 94 F6 03 00 2A B6 00 48 36 F3 53 41 A9 ...
T5178 000:562.578   completely In flash
T5178 000:562.597 - 0.074ms returns 0xBC0
T5178 000:562.717 JLINK_WriteMem(0x2002A480, 0xBA0 Bytes, ...)
T5178 000:562.735   Data:  E0 03 14 AA 09 02 00 94 F7 FF FF 17 35 01 00 37 ...
T5178 000:562.755   completely In flash
T5178 000:562.775 - 0.064ms returns 0xBA0
T5178 000:562.891 JLINK_WriteMem(0x2002B020, 0xBB0 Bytes, ...)
T5178 000:562.911   Data:  00 E0 05 91 71 12 00 94 FD 7B C1 A8 C0 03 5F D6 ...
T5178 000:562.949   completely In flash
T5178 000:562.969 - 0.084ms returns 0xBB0
T5178 000:563.087 JLINK_WriteMem(0x2002BBD0, 0xBC0 Bytes, ...)
T5178 000:563.105   Data:  E1 00 80 52 40 00 80 52 44 0D 00 94 40 08 80 52 ...
T5178 000:563.129   completely In flash
T5178 000:563.149 - 0.067ms returns 0xBC0
T5178 000:563.277 JLINK_WriteMem(0x2002C790, 0xBC0 Bytes, ...)
T5178 000:563.295   Data:  3F 00 08 71 C0 04 00 54 84 03 00 35 03 05 80 52 ...
T5178 000:563.317   completely In flash
T5178 000:563.337 - 0.067ms returns 0xBC0
T5178 000:563.456 JLINK_WriteMem(0x2002D350, 0xBC0 Bytes, ...)
T5178 000:563.474   Data:  FD 7B BF A9 FD 03 00 91 00 18 40 F9 04 00 80 52 ...
T5178 000:563.526   completely In flash
T5178 000:563.546 - 0.095ms returns 0xBC0
T5178 000:563.664 JLINK_WriteMem(0x2002DF10, 0xBB0 Bytes, ...)
T5178 000:563.682   Data:  02 1C 80 52 01 00 80 52 00 00 80 52 43 05 00 94 ...
T5178 000:563.706   completely In flash
T5178 000:563.726 - 0.068ms returns 0xBB0
T5178 000:563.843 JLINK_WriteMem(0x2002EAC0, 0xBB0 Bytes, ...)
T5178 000:563.861   Data:  E0 03 17 AA 07 02 00 94 13 2B 00 F9 60 4A 40 B9 ...
T5178 000:563.882   completely In flash
T5178 000:563.902 - 0.065ms returns 0xBB0
T5178 000:564.019 JLINK_WriteMem(0x2002F670, 0xBB0 Bytes, ...)
T5178 000:564.036   Data:  04 00 00 14 22 14 40 38 02 14 00 38 E2 03 03 2A ...
T5178 000:564.057   completely In flash
T5178 000:564.077 - 0.065ms returns 0xBB0
T5178 000:564.191 JLINK_WriteMem(0x20030220, 0xBB0 Bytes, ...)
T5178 000:564.209   Data:  F3 FF FF 17 1F 20 03 D5 48 59 35 40 00 00 00 00 ...
T5178 000:564.234   completely In flash
T5178 000:564.254 - 0.069ms returns 0xBB0
T5178 000:564.369 JLINK_WriteMem(0x20030DD0, 0xBC0 Bytes, ...)
T5178 000:564.387   Data:  22 42 1B D5 E0 03 13 AA B0 FE FF 97 22 42 3B D5 ...
T5178 000:564.408   completely In flash
T5178 000:564.428 - 0.065ms returns 0xBC0
T5178 000:564.542 JLINK_WriteMem(0x20031990, 0xBD0 Bytes, ...)
T5178 000:564.561   Data:  60 12 41 B9 1F 00 14 6B C9 03 00 54 74 4A 00 B9 ...
T5178 000:564.582   completely In flash
T5178 000:564.601 - 0.066ms returns 0xBD0
T5178 000:564.718 JLINK_WriteMem(0x20032560, 0xBD0 Bytes, ...)
T5178 000:564.736   Data:  F3 FF FF 17 1F 20 03 D5 28 59 35 40 00 00 00 00 ...
T5178 000:564.758   completely In flash
T5178 000:564.778 - 0.066ms returns 0xBD0
T5178 000:564.891 JLINK_WriteMem(0x20033130, 0xBC0 Bytes, ...)
T5178 000:564.910   Data:  40 02 00 B4 03 00 40 B9 22 A8 89 52 A2 68 AA 72 ...
T5178 000:564.941   completely In flash
T5178 000:564.962 - 0.077ms returns 0xBC0
T5178 000:565.079 JLINK_WriteMem(0x20033CF0, 0xBC0 Bytes, ...)
T5178 000:565.097   Data:  C8 0A 00 54 F9 6B 04 A9 FA 7E 10 53 F7 42 94 13 ...
T5178 000:565.117   completely In flash
T5178 000:565.138 - 0.065ms returns 0xBC0
T5178 000:565.253 JLINK_WriteMem(0x200348B0, 0xBA0 Bytes, ...)
T5178 000:565.271   Data:  02 6C 40 F9 41 00 00 F9 1F E4 00 B9 95 F5 FF 97 ...
T5178 000:565.291   completely In flash
T5178 000:565.311 - 0.064ms returns 0xBA0
T5178 000:565.426 JLINK_WriteMem(0x20035450, 0xBA0 Bytes, ...)
T5178 000:565.445   Data:  3F 0E 00 94 80 04 00 35 F5 3F 00 F9 FF 5B 00 B9 ...
T5178 000:565.466   completely In flash
T5178 000:565.486 - 0.066ms returns 0xBA0
T5178 000:565.601 JLINK_WriteMem(0x20035FF0, 0xBB0 Bytes, ...)
T5178 000:565.619   Data:  E1 03 15 AA E0 03 14 AA 09 FC FF 97 CD FF FF 17 ...
T5178 000:565.639   completely In flash
T5178 000:565.659 - 0.065ms returns 0xBB0
T5178 000:565.781 JLINK_WriteMem(0x20036BA0, 0xBB0 Bytes, ...)
T5178 000:565.858   Data:  9F 12 00 71 40 FC FF 54 9F 1A 00 71 41 FE FF 54 ...
T5178 000:565.881   completely In flash
T5178 000:565.902 - 0.126ms returns 0xBB0
T5178 000:566.022 JLINK_WriteMem(0x20037750, 0xBB0 Bytes, ...)
T5178 000:566.042   Data:  E1 47 00 F9 A0 02 00 8B 01 C4 49 F9 41 01 00 B4 ...
T5178 000:566.062   completely In flash
T5178 000:566.082 - 0.066ms returns 0xBB0
T5178 000:566.196 JLINK_WriteMem(0x20038300, 0xBD0 Bytes, ...)
T5178 000:566.214   Data:  E1 63 01 91 E1 3F 00 F9 60 02 00 8B 01 C4 49 F9 ...
T5178 000:566.235   completely In flash
T5178 000:566.255 - 0.066ms returns 0xBD0
T5178 000:566.370 JLINK_WriteMem(0x20038ED0, 0xBC0 Bytes, ...)
T5178 000:566.389   Data:  20 00 3F D6 E0 03 13 AA 2A DF FF 97 E0 27 40 B9 ...
T5178 000:566.410   completely In flash
T5178 000:566.430 - 0.065ms returns 0xBC0
T5178 000:566.543 JLINK_WriteMem(0x20039A90, 0xBC0 Bytes, ...)
T5178 000:566.561   Data:  60 00 00 54 00 00 80 52 C0 03 5F D6 03 04 40 B9 ...
T5178 000:566.581   completely In flash
T5178 000:566.601 - 0.064ms returns 0xBC0
T5178 000:566.735 JLINK_WriteMem(0x2003A650, 0xBD0 Bytes, ...)
T5178 000:566.754   Data:  21 00 08 CB 3F 1C 00 F9 05 10 00 B9 05 14 00 B9 ...
T5178 000:566.775   completely In flash
T5178 000:566.797 - 0.068ms returns 0xBD0
T5178 000:566.934 JLINK_WriteMem(0x2003B220, 0xBD0 Bytes, ...)
T5178 000:566.966   Data:  F5 5B 42 A9 FD 7B C3 A8 C0 03 5F D6 1F 20 03 D5 ...
T5178 000:566.987   completely In flash
T5178 000:567.008 - 0.080ms returns 0xBD0
T5178 000:567.158 JLINK_WriteMem(0x2003BDF0, 0xBD0 Bytes, ...)
T5178 000:567.183   Data:  21 00 14 CB 3F 70 00 71 49 10 00 54 61 72 40 39 ...
T5178 000:567.205   completely In flash
T5178 000:567.226 - 0.074ms returns 0xBD0
T5178 000:567.429 JLINK_WriteMem(0x2003C9C0, 0xBD0 Bytes, ...)
T5178 000:567.455   Data:  00 B0 06 91 C1 7A 60 F8 21 90 40 F9 35 8C 00 F9 ...
T5178 000:567.476   completely In flash
T5178 000:567.496 - 0.074ms returns 0xBD0
T5178 000:567.616 JLINK_WriteMem(0x2003D590, 0xBD0 Bytes, ...)
T5178 000:567.651   Data:  BF 02 00 EB 20 0B 00 54 14 6C 00 F9 60 3A 41 B9 ...
T5178 000:567.672   completely In flash
T5178 000:567.694 - 0.084ms returns 0xBD0
T5178 000:567.812 JLINK_WriteMem(0x2003E160, 0xBC0 Bytes, ...)
T5178 000:567.830   Data:  64 CE 40 B9 63 CA 40 B9 62 22 40 B9 E0 03 1C AA ...
T5178 000:567.850   completely In flash
T5178 000:567.871 - 0.065ms returns 0xBC0
T5178 000:567.992 JLINK_WriteMem(0x2003ED20, 0xBD0 Bytes, ...)
T5178 000:568.010   Data:  C9 04 00 54 F3 53 01 A9 F4 03 01 2A E1 05 00 34 ...
T5178 000:568.031   completely In flash
T5178 000:568.051 - 0.065ms returns 0xBD0
T5178 000:568.181 JLINK_WriteMem(0x2003F8F0, 0xBC0 Bytes, ...)
T5178 000:568.202   Data:  60 88 AA 72 5F 00 00 6B E1 00 00 54 80 56 40 B9 ...
T5178 000:568.222   completely In flash
T5178 000:568.241 - 0.067ms returns 0xBC0
T5178 000:568.358 JLINK_WriteMem(0x200404B0, 0xBB0 Bytes, ...)
T5178 000:568.376   Data:  C3 00 03 2A A3 00 00 34 E3 07 80 52 20 00 00 14 ...
T5178 000:568.396   completely In flash
T5178 000:568.415 - 0.064ms returns 0xBB0
T5178 000:568.553 JLINK_WriteMem(0x20041060, 0xBC0 Bytes, ...)
T5178 000:568.572   Data:  3F 00 00 6B 61 0D 00 54 FF 1C 03 71 A9 0D 00 54 ...
T5178 000:568.592   completely In flash
T5178 000:568.612 - 0.065ms returns 0xBC0
T5178 000:568.728 JLINK_WriteMem(0x20041C20, 0xB90 Bytes, ...)
T5178 000:568.746   Data:  C0 03 5F D6 E0 00 80 52 C0 03 5F D6 80 02 80 52 ...
T5178 000:568.768   completely In flash
T5178 000:568.788 - 0.066ms returns 0xB90
T5178 000:568.903 JLINK_WriteMem(0x200427B0, 0xBA0 Bytes, ...)
T5178 000:568.922   Data:  28 8A 8A 52 88 0A A9 72 3F 01 08 6B 00 04 00 54 ...
T5178 000:568.943   completely In flash
T5178 000:568.962 - 0.065ms returns 0xBA0
T5178 000:569.082 JLINK_WriteMem(0x20043350, 0xBA0 Bytes, ...)
T5178 000:569.101   Data:  40 01 00 54 1F 51 01 71 00 01 00 54 9F 00 05 EB ...
T5178 000:569.122   completely In flash
T5178 000:569.141 - 0.066ms returns 0xBA0
T5178 000:569.256 JLINK_WriteMem(0x20043EF0, 0xB90 Bytes, ...)
T5178 000:569.276   Data:  0D D9 FF 97 94 02 00 0B 04 00 80 12 63 26 40 F9 ...
T5178 000:569.299   completely In flash
T5178 000:569.318 - 0.068ms returns 0xB90
T5178 000:569.433 JLINK_WriteMem(0x20044A80, 0xBB0 Bytes, ...)
T5178 000:569.451   Data:  16 60 00 91 22 05 80 52 E1 03 16 AA E0 03 15 AA ...
T5178 000:569.472   completely In flash
T5178 000:569.491 - 0.065ms returns 0xBB0
T5178 000:569.607 JLINK_WriteMem(0x20045630, 0xBC0 Bytes, ...)
T5178 000:569.625   Data:  E1 27 40 B9 E0 03 14 AA A4 B7 FF 97 74 22 0A 91 ...
T5178 000:569.646   completely In flash
T5178 000:569.665 - 0.065ms returns 0xBC0
T5178 000:569.779 JLINK_WriteMem(0x200461F0, 0xBB0 Bytes, ...)
T5178 000:569.797   Data:  E4 C3 01 91 83 48 21 38 42 04 00 11 21 04 00 11 ...
T5178 000:569.819   completely In flash
T5178 000:569.840 - 0.067ms returns 0xBB0
T5178 000:570.076 JLINK_WriteMem(0x20046DA0, 0xBC0 Bytes, ...)
T5178 000:570.117   Data:  01 04 00 51 E1 7F 00 B9 23 00 80 52 02 04 00 51 ...
T5178 000:570.234   completely In flash
T5178 000:570.262 - 0.192ms returns 0xBC0
T5178 000:570.477 JLINK_WriteMem(0x20047960, 0xBB0 Bytes, ...)
T5178 000:570.523   Data:  C8 00 00 54 E1 37 40 F9 21 48 E0 38 21 FF FF 35 ...
T5178 000:570.544   completely In flash
T5178 000:570.564 - 0.093ms returns 0xBB0
T5178 000:570.802 JLINK_WriteMem(0x20048510, 0xBB0 Bytes, ...)
T5178 000:570.839   Data:  9A 3A 00 B9 4B FF FF 17 61 6A 40 B9 80 2A 40 B9 ...
T5178 000:570.864   completely In flash
T5178 000:570.885 - 0.089ms returns 0xBB0
T5178 000:571.095 JLINK_WriteMem(0x200490C0, 0xBA0 Bytes, ...)
T5178 000:571.127   Data:  7F 00 02 6B 81 FE FF 54 62 26 40 F9 02 28 00 F9 ...
T5178 000:571.152   completely In flash
T5178 000:571.172 - 0.083ms returns 0xBA0
T5178 000:571.358 JLINK_WriteMem(0x20049C60, 0xBC0 Bytes, ...)
T5178 000:571.386   Data:  01 7C 03 53 61 02 01 8B 22 80 E2 39 00 08 00 12 ...
T5178 000:571.408   completely In flash
T5178 000:571.429 - 0.077ms returns 0xBC0
T5178 000:571.552 JLINK_WriteMem(0x2004A820, 0xBC0 Bytes, ...)
T5178 000:571.571   Data:  E1 03 16 AA E0 03 13 AA 23 FD FF 97 F7 03 00 AA ...
T5178 000:571.599   completely In flash
T5178 000:571.619 - 0.073ms returns 0xBC0
T5178 000:571.735 JLINK_WriteMem(0x2004B3E0, 0xBA0 Bytes, ...)
T5178 000:571.753   Data:  82 0C BF A9 82 0C BF A9 82 0C BF A9 82 0C BF A9 ...
T5178 000:571.775   completely In flash
T5178 000:571.795 - 0.066ms returns 0xBA0
T5178 000:571.916 JLINK_WriteMem(0x2004BF80, 0xBC0 Bytes, ...)
T5178 000:571.934   Data:  03 03 80 D2 00 08 03 9B 00 08 40 F9 05 9F FF 97 ...
T5178 000:571.954   completely In flash
T5178 000:571.974 - 0.064ms returns 0xBC0
T5178 000:572.233 JLINK_WriteMem(0x2004CB40, 0xBC0 Bytes, ...)
T5178 000:572.261   Data:  E0 23 40 B9 1F 74 1E 72 E1 00 00 54 E0 23 40 B9 ...
T5178 000:572.367   completely In flash
T5178 000:572.416 - 0.190ms returns 0xBC0
T5178 000:572.639 JLINK_WriteMem(0x2004D700, 0xBA0 Bytes, ...)
T5178 000:572.675   Data:  1F 24 00 79 B6 0A 40 B9 96 00 00 34 DF 06 00 71 ...
T5178 000:572.708   completely In flash
T5178 000:572.728 - 0.095ms returns 0xBA0
T5178 000:572.916 JLINK_WriteMem(0x2004E2A0, 0xBA0 Bytes, ...)
T5178 000:572.948   Data:  E4 8F 00 B9 E3 6F 00 B9 61 42 50 D3 04 42 80 D2 ...
T5178 000:572.973   completely In flash
T5178 000:572.994 - 0.085ms returns 0xBA0
T5178 000:573.129 JLINK_WriteMem(0x2004EE40, 0xBC0 Bytes, ...)
T5178 000:573.148   Data:  FD 7B BD A9 FD 03 00 91 F3 53 01 A9 F5 13 00 F9 ...
T5178 000:573.169   completely In flash
T5178 000:573.188 - 0.065ms returns 0xBC0
T5178 000:573.306 JLINK_WriteMem(0x2004FA00, 0xBC0 Bytes, ...)
T5178 000:573.324   Data:  01 0C 00 B9 00 0C 40 B9 E0 03 17 AA 84 08 00 94 ...
T5178 000:573.346   completely In flash
T5178 000:573.366 - 0.066ms returns 0xBC0
T5178 000:573.484 JLINK_WriteMem(0x200505C0, 0xBB0 Bytes, ...)
T5178 000:573.502   Data:  FD 7B BE A9 FD 03 00 91 F3 53 01 A9 F3 03 00 AA ...
T5178 000:573.524   completely In flash
T5178 000:573.543 - 0.069ms returns 0xBB0
T5178 000:573.874 JLINK_WriteMem(0x20051170, 0xBC0 Bytes, ...)
T5178 000:573.904   Data:  21 20 A2 D2 21 F0 46 B9 5F 00 01 6A A1 FF FF 54 ...
T5178 000:573.929   completely In flash
T5178 000:573.949 - 0.082ms returns 0xBC0
T5178 000:574.088 JLINK_WriteMem(0x20051D30, 0xBB0 Bytes, ...)
T5178 000:574.110   Data:  F3 53 01 A9 F5 5B 02 A9 C9 FF FF 97 F3 03 00 2A ...
T5178 000:574.133   completely In flash
T5178 000:574.153 - 0.071ms returns 0xBB0
T5178 000:574.278 JLINK_WriteMem(0x200528E0, 0xBC0 Bytes, ...)
T5178 000:574.300   Data:  E2 06 40 F9 00 EC 7C 92 E3 02 00 8B 42 00 40 92 ...
T5178 000:574.338   completely In flash
T5178 000:574.359 - 0.088ms returns 0xBC0
T5178 000:574.482 JLINK_WriteMem(0x200534A0, 0xBC0 Bytes, ...)
T5178 000:574.503   Data:  E9 C3 06 91 E9 27 03 A9 0D 00 B0 92 EC 23 00 F9 ...
T5178 000:574.524   completely In flash
T5178 000:574.544 - 0.069ms returns 0xBC0
T5178 000:574.660 JLINK_WriteMem(0x20054060, 0xBC0 Bytes, ...)
T5178 000:574.679   Data:  73 04 00 D1 3F 00 02 6B 00 FE FF 54 13 00 80 D2 ...
T5178 000:574.700   completely In flash
T5178 000:574.720 - 0.066ms returns 0xBC0
T5178 000:574.835 JLINK_WriteMem(0x20054C20, 0xBB0 Bytes, ...)
T5178 000:574.853   Data:  01 3C 00 91 21 F0 7D 92 E1 4B 00 F9 1A 00 40 F9 ...
T5178 000:574.874   completely In flash
T5178 000:574.893 - 0.064ms returns 0xBB0
T5178 000:575.009 JLINK_WriteMem(0x200557D0, 0xBC0 Bytes, ...)
T5178 000:575.027   Data:  E0 BB 40 F9 32 FC FF 17 88 06 40 39 F7 02 1B 32 ...
T5178 000:575.050   completely In flash
T5178 000:575.069 - 0.067ms returns 0xBC0
T5178 000:575.205 JLINK_WriteMem(0x20056390, 0xBC0 Bytes, ...)
T5178 000:575.229   Data:  FF AB 00 B9 1F 00 00 71 FF BB 00 B9 16 A0 9F 1A ...
T5178 000:575.252   completely In flash
T5178 000:575.272 - 0.074ms returns 0xBC0
T5178 000:575.418 JLINK_WriteMem(0x20056F50, 0xBC0 Bytes, ...)
T5178 000:575.441   Data:  E0 B3 40 B9 E1 B3 00 B9 40 C0 20 8B 00 00 40 39 ...
T5178 000:575.462   completely In flash
T5178 000:575.483 - 0.071ms returns 0xBC0
T5178 000:575.611 JLINK_WriteMem(0x20057B10, 0xBD0 Bytes, ...)
T5178 000:575.637   Data:  E0 4F 00 F9 1F 20 03 D5 E1 03 1B AA E0 03 14 AA ...
T5178 000:575.660   completely In flash
T5178 000:575.683 - 0.079ms returns 0xBD0
T5178 000:575.808 JLINK_WriteMem(0x200586E0, 0xBC0 Bytes, ...)
T5178 000:575.828   Data:  01 3C 00 12 02 00 80 52 60 02 40 F9 75 02 00 F9 ...
T5178 000:575.850   completely In flash
T5178 000:575.870 - 0.067ms returns 0xBC0
T5178 000:576.017 JLINK_WriteMem(0x200592A0, 0xBD0 Bytes, ...)
T5178 000:576.037   Data:  84 1C 25 4E 66 BC 24 4E C6 BC 26 4E C6 3C 08 4E ...
T5178 000:576.058   completely In flash
T5178 000:576.078 - 0.068ms returns 0xBD0
T5178 000:576.205 JLINK_WriteMem(0x20059E70, 0xBD0 Bytes, ...)
T5178 000:576.224   Data:  F3 03 00 AA E0 03 01 2A E1 03 02 AA 9F 02 05 B9 ...
T5178 000:576.245   completely In flash
T5178 000:576.265 - 0.066ms returns 0xBD0
T5178 000:576.385 JLINK_WriteMem(0x2005AA40, 0xBD0 Bytes, ...)
T5178 000:576.404   Data:  BA FF FF 17 40 11 80 52 60 02 00 B9 FF 02 00 B9 ...
T5178 000:576.425   completely In flash
T5178 000:576.445 - 0.067ms returns 0xBD0
T5178 000:576.563 JLINK_WriteMem(0x2005B610, 0xBC0 Bytes, ...)
T5178 000:576.582   Data:  41 50 49 20 46 41 49 4C 45 44 2E 2E 0D 00 00 00 ...
T5178 000:576.602   completely In flash
T5178 000:576.622 - 0.066ms returns 0xBC0
T5178 000:576.736 JLINK_WriteMem(0x2005C1D0, 0xBE0 Bytes, ...)
T5178 000:576.755   Data:  20 64 72 69 76 65 72 20 74 69 6D 65 72 00 00 00 ...
T5178 000:576.775   completely In flash
T5178 000:576.795 - 0.065ms returns 0xBE0
T5178 000:576.911 JLINK_WriteMem(0x2005CDB0, 0xBD0 Bytes, ...)
T5178 000:576.931   Data:  6F 72 74 65 78 2D 41 35 78 2F 41 43 36 20 56 65 ...
T5178 000:576.952   completely In flash
T5178 000:576.986 - 0.081ms returns 0xBD0
T5178 000:577.124 JLINK_WriteMem(0x2005D980, 0xB10 Bytes, ...)
T5178 000:577.148   Data:  00 00 00 00 00 00 00 00 00 00 00 00 00 00 00 00 ...
T5178 000:577.170   completely In flash
T5178 000:577.191 - 0.074ms returns 0xB10
T5178 000:577.372 JLINK_WriteMem(0x2005E490, 0xAC0 Bytes, ...)
T5178 000:577.413   Data:  78 E2 23 40 00 00 00 00 88 E2 23 40 00 00 00 00 ...
T5178 000:577.436   completely In flash
T5178 000:577.458 - 0.093ms returns 0xAC0
T5178 000:577.595 JLINK_WriteMem(0x2005EF50, 0xAE0 Bytes, ...)
T5178 000:577.619   Data:  C0 1F 23 40 00 00 00 00 C0 1F 23 40 00 00 00 00 ...
T5178 000:577.641   completely In flash
T5178 000:577.664 - 0.076ms returns 0xAE0
T5178 000:577.798 JLINK_WriteMem(0x2005FA30, 0xBE0 Bytes, ...)
T5178 000:577.825   Data:  00 00 00 00 00 00 00 00 00 00 00 00 00 00 00 00 ...
T5178 000:577.848   completely In flash
T5178 000:577.870 - 0.079ms returns 0xBE0
T5178 000:578.000 JLINK_WriteMem(0x20060610, 0x1C0 Bytes, ...)
T5178 000:578.025   Data:  00 00 00 00 00 00 00 00 00 00 00 00 00 00 00 00 ...
T5178 000:578.048   completely In flash
T5178 000:578.075 - 0.081ms returns 0x1C0
T5178 000:588.654 JLINK_EndDownload()
T5178 000:588.908    -- --------------------------------------
T5178 000:588.940   Flash bank @ 0x20000000: Default: L2 verify disabled because algorithm performs L1 verify
T5178 000:588.961    -- Start of determining dirty areas in flash cache
T5178 000:589.002    -- Filling invalid ranges in sector buffer (flash cache) for sector @ 0x20020000 if necessary
T5178 000:589.024    -- Filling invalid ranges in sector buffer (flash cache) for sector @ 0x20030000 if necessary
T5178 000:589.045    -- Filling invalid ranges in sector buffer (flash cache) for sector @ 0x20040000 if necessary
T5178 000:589.066    -- Filling invalid ranges in sector buffer (flash cache) for sector @ 0x20050000 if necessary
T5178 000:589.087    -- Filling invalid ranges in sector buffer (flash cache) for sector @ 0x20060000 if necessary
T5178 000:590.788    -- End of determining dirty areas
T5178 000:590.826    -- Start of preparing flash programming
T5178 000:590.846    -- Calculating RAM usage
T5178 000:590.956    -- RAM usage = 20656 Bytes
T5178 000:590.976    -- Preserving CPU registers
T5178 000:591.011    -- Preparing target
T5178 000:591.034    -- Preserving target RAM temporarily used for programming
T5178 000:728.155    -- Downloading RAMCode
T5178 000:764.663    -- Checking target RAM
T5178 000:778.790    -- End of preparing flash programming
T5178 000:779.211   Looking for J-Link GUI Server exe at: C:\Users\a5134593\.eclipse\com.renesas.platform_1855088138\DebugComp\RZ\ARM\Segger_v7.82.3\JLinkGUIServer.exe
T5178 000:780.191   Looking for J-Link GUI Server exe at: \JLinkGUIServer.exe
T5178 001:081.882   Failed to connect to J-Link GUI Server.
T5178 001:089.184    -- CPU speed could not be measured.
T5178 001:089.272    -- Start of comparing flash
T5178 001:089.302    -- CRC check was estimated as fastest method
T5178 001:089.338    -- Comparing range 0x20020000 - 0x2003FFFF (2 Sectors, 128 KB), using single-block CRC calculation
T5178 001:291.937    -- CRC does not match, checking individual sectors
T5178 001:391.729    -- CRC does not match for sector 2
T5178 001:491.621    -- CRC does not match for sector 3
T5178 001:491.714    -- Comparing range 0x20040000 - 0x2005FFFF (2 Sectors, 128 KB), using single-block CRC calculation
T5178 001:688.117    -- CRC does not match, checking individual sectors
T5178 001:787.917    -- CRC does not match for sector 4
T5178 001:887.876    -- CRC does not match for sector 5
T5178 001:887.973    -- Comparing range 0x20060000 - 0x2006FFFF (1 Sector, 64 KB), using single-block CRC calculation
T5178 001:987.977    -- CRC matches
T5178 001:988.067    -- Comparing range 0x20060000 - 0x2006FFFF (1 Sector, 64 KB), using alternative single-block CRC calculation
T5178 002:087.849    -- CRC matches
T5178 002:087.926    -- End of comparing flash
T5178 002:087.948    -- Start of erasing sectors
T5178 002:087.970    -- Erasing range 0x20020000 - 0x2003FFFF (  2 Sectors, 128 KB)
T5178 002:961.134    -- Erasing range 0x20040000 - 0x2005FFFF (  2 Sectors, 128 KB)
T5178 003:829.279    -- End of erasing sectors
T5178 003:829.360    -- Start of flash programming
T5178 003:829.410    -- Programming range 0x20020000 - 0x2002FFFF (  1 Sector, 64 KB)
T5178 004:310.533    -- Programming range 0x20030000 - 0x2003FFFF (  1 Sector, 64 KB)
T5178 004:788.170    -- Programming range 0x20040000 - 0x2004FFFF (  1 Sector, 64 KB)
T5178 005:264.988    -- Programming range 0x20050000 - 0x2005FFFF (  1 Sector, 64 KB)
T5178 005:743.514    -- End of flash programming
T5178 005:743.580    -- 0x20020000 - 0x2005FFFF (  4 Sectors, 256 KiB)
T5178 005:743.602    -- Start of restoring
T5178 005:743.624    -- Restoring RAMCode
T5178 005:746.675    -- Restoring target memory
T5178 005:771.419    -- Restore target
T5178 005:771.508    -- Restoring CPU registers
T5178 005:771.556    -- End of restoring
T5178 005:771.585    -- Bank 0 @ 0x20000000: 1 range affected (262144 bytes)
T5178 005:771.613    -- Total: 5.180s (Prepare: 0.498s, Compare: 0.998s, Erase: 1.741s, Program & Verify: 1.914s, Restore: 0.027s)
T5178 005:771.640    -- Program & Verify speed: 133 KB/s
T5178 005:775.702 - 5187.132ms returns 262144 (0x40000)
T5178 005:776.533 JLINK_WriteRegs_64(NumRegs = 1, Indexes: 
T5178 005:776.620   33)
T5178 005:776.690    -- PC=0x012000
T5178 005:776.742 - 0.227ms returns 0
T5178 005:776.790 JLINK_WriteRegs_64(NumRegs = 1, Indexes: 
T5178 005:776.825   33)
T5178 005:776.854    -- PC=0x020020000
T5178 005:776.878 - 0.097ms returns 0
T5178 005:777.653 JLINK_SetEndian(ARM_ENDIAN_LITTLE)
T5178 005:777.727 - 0.087ms returns 0
T5178 005:802.134 JLINK_ReadMem(0x20020000, 0x4 Bytes, ...)
T5178 005:802.265    -- Read from flash cache (4 bytes @ 0x20020000)
T5178 005:802.303   Data:  00 00 20 40
T5178 005:802.340 - 0.218ms returns 0
T5178 006:077.047 JLINK_GetNumBPUnits(Type = 0xFFFFFF00)
T5178 006:077.142 - 0.107ms returns 0x06
T5178 006:077.167 JLINK_GetNumWPUnits()
T5178 006:077.186 - 0.028ms returns 4
T5178 006:077.208 JLINK_GetNumWPUnits()
T5178 006:077.226 - 0.028ms returns 4
T5178 006:077.263 JLINK_GetNumBPUnits(Type = 0xFFFFFF00)
T5178 006:077.291 - 0.042ms returns 0x06
T5178 006:077.319 JLINK_GetNumWPUnits()
T5178 006:077.338 - 0.029ms returns 4
T5178 006:077.359 JLINK_GetNumWPUnits()
T5178 006:077.378 - 0.028ms returns 4
T5178 006:077.406 JLINK_GetNumBPUnits(Type = 0xFFFFFF00)
T5178 006:077.428 - 0.033ms returns 0x06
T5178 006:077.451 JLINK_GetNumWPUnits()
T5178 006:077.471 - 0.031ms returns 4
T5178 006:077.493 JLINK_GetNumWPUnits()
T5178 006:077.515 - 0.032ms returns 4
T5178 006:077.653 JLINK_SetBPEx(Addr = 0x40205318, Type = 0xFFFFFF00)
T5178 006:077.700 - 0.061ms returns 0x00000001
T5178 006:077.741 JLINK_ClrBPEx(BPHandle = 0x00000001)
T5178 006:077.765 - 0.033ms returns 0x00
T5178 006:297.817 JLINK_SetBPEx(Addr = 0x40205320, Type = 0xFFFFFF00)
T5178 006:297.935 - 0.136ms returns 0x00000002
T5178 006:390.023 JLINK_ResetPullsRESET(ON)
T5178 006:390.119 - 0.106ms
T5178 006:390.142 JLINK_Halt()
T5178 006:393.861 - 4.802ms returns 0x00
T5178 006:394.979 JLINK_IsHalted()
T5178 006:395.002 - 0.032ms returns TRUE
T5178 006:395.023 JLINK_Reset()
T5178 006:517.298   Reset confused the core.
T5178 006:518.223   Disabled core power domain detected.
T5178 006:519.652   CPU not halted after Reset, halting using Halt request
T5178 006:526.693 - 131.771ms
T5178 006:526.835 JLINK_SetEndian(ARM_ENDIAN_LITTLE)
T5178 006:526.877 - 0.062ms returns 0
T5178 006:589.344 JLINK_ReadRegs_64(NumRegs = 49, Indexes: 
T5178 006:589.456   0, 
T5178 006:589.487   1, 
T5178 006:589.612   2, 
T5178 006:589.632   3, 
T5178 006:589.653   4, 
T5178 006:589.673   5, 
T5178 006:589.693   6, 
T5178 006:589.713   7, 
T5178 006:589.734   8, 
T5178 006:589.755   9, 
T5178 006:589.777   10, 
T5178 006:589.799   11, 
T5178 006:589.821   12, 
T5178 006:589.841   13, 
T5178 006:589.861   14, 
T5178 006:589.881   15, 
T5178 006:589.902   16, 
T5178 006:589.923   17, 
T5178 006:589.943   18, 
T5178 006:589.963   19, 
T5178 006:590.004   20, 
T5178 006:590.029   21, 
T5178 006:590.053   22, 
T5178 006:590.074   23, 
T5178 006:590.094   24, 
T5178 006:590.114   25, 
T5178 006:590.135   26, 
T5178 006:590.165   27, 
T5178 006:590.187   28, 
T5178 006:590.208   29, 
T5178 006:590.228   30, 
T5178 006:590.248   31, 
T5178 006:590.269   32, 
T5178 006:590.289   33, 
T5178 006:590.310   34, 
T5178 006:590.330   35, 
T5178 006:590.356   36, 
T5178 006:590.379   37, 
T5178 006:590.403   38, 
T5178 006:590.423   39, 
T5178 006:590.448   40, 
T5178 006:590.468   41, 
T5178 006:590.491   42, 
T5178 006:590.514   43, 
T5178 006:590.535   44, 
T5178 006:590.555   45, 
T5178 006:590.575   46, 
T5178 006:590.595   47, 
T5178 006:590.616   48)
T5178 006:590.669   
 -- R0=0xF69DDFFF, R1=0x00, R2=0x00, R3=0x00, R4=0x9F84DE, R5=0x203, R6=0x3FFFFFFF, R7=0x03, R8=0x11010550, R9=0x01, R10=0x31511144, R11=0x00, R12=0x30000, R13=0x1A668, R14=0x01, R15=0x00, R16=0x00, R17=0x00, R18=0x00, R19=0x03, R20=0x10002, R21=0x00, R22=0x00, R23=0x00, R24=0x00, R25=0x00, R26=0x00, R27=0x00, R28=0x00, R29=0x00, R30=0x38FC, R31=0x00, SP=0x2FFD0, PC=0x12028, ELR_EL1=0x00, ELR_EL2=0x00, ELR_EL3=0x00, SP_EL0=0x00, SP_EL1=0x00, SP_EL2=0x00, SP_EL3=0x2FFD0, CPSR=0x400003CD, SPSR_abt=0xFACFFFFF, SPSR_EL1=0xFEFEFB6F, SPSR_EL2=0xEEBFEFFF, SPSR_EL3=0x1CD, SPSR_fiq=0x6CDFF54F, SPSR_irq=0xFACFFFFF, SPSR_und=0xF69DDFFF

T5178 006:590.703 - 1.366ms returns 0
T5178 006:591.213 JLINK_ReadMem(0x00012028, 0x4 Bytes, ...)
T5178 006:591.286   CPU_ReadMem(64 bytes @ 0x00012000)
T5178 006:591.993    -- Updating C cache (64 bytes @ 0x00012000)
T5178 006:592.061    -- Read from C cache (4 bytes @ 0x00012028)
T5178 006:592.082   Data:  64 00 00 B4
T5178 006:592.102 - 0.896ms returns 0
T5298 006:607.558 JLINK_GetNumBPUnits(Type = 0xFFFFFF00)
T5298 006:607.636 - 0.085ms returns 0x06
T5298 006:607.653 JLINK_GetNumWPUnits()
T5298 006:607.667 - 0.020ms returns 4
T5298 006:607.682 JLINK_GetNumWPUnits()
T5298 006:607.699 - 0.027ms returns 4
T5298 006:607.958 JLINK_GetNumBPUnits(Type = 0xFFFFFF00)
T5298 006:608.019 - 0.072ms returns 0x06
T5298 006:608.040 JLINK_GetNumWPUnits()
T5298 006:608.055 - 0.022ms returns 4
T5298 006:608.073 JLINK_GetNumWPUnits()
T5298 006:608.087 - 0.021ms returns 4
T5298 006:608.846 JLINK_GetNumBPUnits(Type = 0xFFFFFF00)
T5298 006:608.909 - 0.073ms returns 0x06
T5298 006:608.930 JLINK_GetNumWPUnits()
T5298 006:608.951 - 0.030ms returns 4
T5298 006:608.971 JLINK_GetNumWPUnits()
T5298 006:608.990 - 0.028ms returns 4
T5298 006:609.383 JLINK_GetNumBPUnits(Type = 0xFFFFFF00)
T5298 006:609.421 - 0.045ms returns 0x06
T5298 006:609.437 JLINK_GetNumWPUnits()
T5298 006:609.450 - 0.020ms returns 4
T5298 006:609.465 JLINK_GetNumWPUnits()
T5298 006:609.479 - 0.021ms returns 4
T5298 006:609.700 JLINK_GetNumBPUnits(Type = 0xFFFFFF00)
T5298 006:609.735 - 0.043ms returns 0x06
T5298 006:609.752 JLINK_GetNumWPUnits()
T5298 006:609.765 - 0.020ms returns 4
T5298 006:609.781 JLINK_GetNumWPUnits()
T5298 006:609.797 - 0.023ms returns 4
T5298 006:609.938 JLINK_GetNumBPUnits(Type = 0xFFFFFF00)
T5298 006:609.980 - 0.052ms returns 0x06
T5298 006:610.003 JLINK_GetNumWPUnits()
T5298 006:610.024 - 0.032ms returns 4
T5298 006:610.047 JLINK_GetNumWPUnits()
T5298 006:610.068 - 0.032ms returns 4
T5298 006:610.334 JLINK_GetNumBPUnits(Type = 0xFFFFFF00)
T5298 006:610.383 - 0.056ms returns 0x06
T5298 006:610.399 JLINK_GetNumWPUnits()
T5298 006:610.413 - 0.020ms returns 4
T5298 006:610.428 JLINK_GetNumWPUnits()
T5298 006:610.442 - 0.020ms returns 4
T5298 006:610.629 JLINK_GetNumBPUnits(Type = 0xFFFFFF00)
T5298 006:610.663 - 0.040ms returns 0x06
T5298 006:610.679 JLINK_GetNumWPUnits()
T5298 006:610.693 - 0.021ms returns 4
T5298 006:610.708 JLINK_GetNumWPUnits()
T5298 006:610.722 - 0.020ms returns 4
T5178 006:618.697 JLINK_ReadMem(0x000038FC, 0x4 Bytes, ...)
T5178 006:618.795   CPU_ReadMem(4 bytes @ 0x000038FC)
T5178 006:619.163   Data:  E0 03 1F 2A
T5178 006:619.213 - 0.523ms returns 0
T5178 009:109.781 JLINK_STRACE_Read(..., NumItems = 0x10000)
T5178 009:109.891   
  ***** Error: 
T5178 009:109.920   Debugger tries to use on-chip trace buffer but the connected MCU does not provide an on-chip trace buffer (e.g. ETB/MTB/...)
T5178 009:109.946 - 0.172ms NumItemsRead = 0xFFFFFFFF
T5178 009:109.967 JLINK_IsHalted()
T5178 009:110.279 - 0.355ms returns TRUE
T5178 009:110.334 JLINK_GoEx(MaxEmulInsts = 0, Flags = 0x01)
T5178 009:112.161 - 1.918ms
T5178 009:219.151 JLINK_IsHalted()
T5178 009:219.784 - 0.712ms returns FALSE
T5178 009:219.898 JLINK_IsHalted()
T5178 009:220.208 - 0.381ms returns FALSE
T5178 009:327.734 JLINK_IsHalted()
T5178 009:330.616 - 2.930ms returns TRUE
T5178 009:330.684 JLINK_ReadRegs_64(NumRegs = 1, Indexes: 
T5178 009:330.707   33)
T5178 009:330.747    -- PC=0x40205320
T5178 009:330.780 - 0.107ms returns 0
T5178 009:330.813 JLINK_ReadRegs_64(NumRegs = 1, Indexes: 
T5178 009:330.837   41)
T5178 009:330.871    -- CPSR=0x6000000D
T5178 009:330.904 - 0.100ms returns 0
T5178 009:330.926 JLINK_ReadRegs_64(NumRegs = 1, Indexes: 
T5178 009:330.947   33)
T5178 009:330.981    -- PC=0x40205320
T5178 009:331.019 - 0.105ms returns 0
T5178 009:331.047 JLINK_ReadRegs_64(NumRegs = 1, Indexes: 
T5178 009:331.075   41)
T5178 009:331.113    -- CPSR=0x6000000D
T5178 009:331.149 - 0.131ms returns 0
T5178 009:331.212 JLINK_IsHalted()
T5178 009:331.271 - 0.088ms returns TRUE
T5178 009:331.335 JLINK_ReadRegs_64(NumRegs = 1, Indexes: 
T5178 009:331.394   41)
T5178 009:331.487    -- CPSR=0x6000000D
T5178 009:331.573 - 0.265ms returns 0
T5178 009:331.634 JLINK_ReadRegs_64(NumRegs = 1, Indexes: 
T5178 009:331.691   33)
T5178 009:331.777    -- PC=0x40205320
T5178 009:331.867 - 0.262ms returns 0
T5178 009:331.939 JLINK_ReadRegs_64(NumRegs = 1, Indexes: 
T5178 009:332.003   41)
T5178 009:332.093    -- CPSR=0x6000000D
T5178 009:332.179 - 0.264ms returns 0
T5178 009:332.849 JLINK_ReadRegs_64(NumRegs = 49, Indexes: 
T5178 009:332.908   0, 
T5178 009:332.942   1, 
T5178 009:332.961   2, 
T5178 009:332.981   3, 
T5178 009:333.001   4, 
T5178 009:333.021   5, 
T5178 009:333.041   6, 
T5178 009:333.061   7, 
T5178 009:333.080   8, 
T5178 009:333.106   9, 
T5178 009:333.137   10, 
T5178 009:333.165   11, 
T5178 009:333.194   12, 
T5178 009:333.225   13, 
T5178 009:333.254   14, 
T5178 009:333.285   15, 
T5178 009:333.316   16, 
T5178 009:333.347   17, 
T5178 009:333.379   18, 
T5178 009:333.412   19, 
T5178 009:333.446   20, 
T5178 009:333.478   21, 
T5178 009:333.509   22, 
T5178 009:333.539   23, 
T5178 009:333.576   24, 
T5178 009:333.617   25, 
T5178 009:333.653   26, 
T5178 009:333.689   27, 
T5178 009:333.724   28, 
T5178 009:333.760   29, 
T5178 009:333.796   30, 
T5178 009:333.832   31, 
T5178 009:333.872   32, 
T5178 009:333.917   33, 
T5178 009:333.963   34, 
T5178 009:334.006   35, 
T5178 009:334.044   36, 
T5178 009:334.082   37, 
T5178 009:334.124   38, 
T5178 009:334.161   39, 
T5178 009:334.198   40, 
T5178 009:334.232   41, 
T5178 009:334.269   42, 
T5178 009:334.316   43, 
T5178 009:334.355   44, 
T5178 009:334.392   45, 
T5178 009:334.427   46, 
T5178 009:334.463   47, 
T5178 009:334.504   48)
T5178 009:334.579   
 -- R0=0x401815, R1=0x01, R2=0x00, R3=0xFFFFFFFF, R4=0x06, R5=0x200, R6=0x200000, R7=0xFFFFFFC0, R8=0x01, R9=0xF0000000, R10=0x04, R11=0x02, R12=0xB8, R13=0xA00000, R14=0xA222D400, R15=0x04, R16=0x10000000, R17=0x40, R18=0x114001AC, R19=0x12064, R20=0x1A030, R21=0x00, R22=0x00, R23=0x00, R24=0x00, R25=0x00, R26=0x00, R27=0x00, R28=0x00, R29=0x40242580, R30=0x40202CC8, R31=0x00, SP=0x40242580, PC=0x40205320, ELR_EL1=0x00, ELR_EL2=0x00, ELR_EL3=0x40200000, SP_EL0=0x1B680, SP_EL1=0x00, SP_EL2=0x00, SP_EL3=0x40242580, CPSR=0x6000000D, SPSR_abt=0xFACFFFFF, SPSR_EL1=0xFEFEFB6F, SPSR_EL2=0xEEBFEFFF, SPSR_EL3=0x3CD, SPSR_fiq=0x6CDFF54F, SPSR_irq=0xFACFFFFF, SPSR_und=0xF69DDFFF

T5178 009:334.646 - 1.811ms returns 0
T5178 009:335.274 JLINK_ReadMem(0x40205320, 0x4 Bytes, ...)
T5178 009:335.371   CPU_ReadMem(64 bytes @ 0x40205300)
T5178 009:336.106    -- Updating DA cache (64 bytes @ 0x40205300)
T5178 009:336.169    -- Read from DA cache (4 bytes @ 0x40205320)
T5178 009:336.199   Data:  4A 2B 00 94
T5178 009:336.227 - 0.968ms returns 0
T5178 009:338.581 JLINK_ClrBPEx(BPHandle = 0x00000002)
T5178 009:338.671 - 0.102ms returns 0x00
T5178 010:691.702 JLINK_STRACE_Read(..., NumItems = 0x10000)
T5178 010:691.817 - 0.157ms NumItemsRead = 0xFFFFFFFF
T5178 010:691.885 JLINK_IsHalted()
T5178 010:692.193 - 0.338ms returns TRUE
T5178 010:692.244 JLINK_GoEx(MaxEmulInsts = 0, Flags = 0x01)
T5178 010:695.190 - 3.765ms
T5178 010:796.761 JLINK_IsHalted()
T5178 010:797.279 - 0.562ms returns FALSE
T5178 010:797.351 JLINK_IsHalted()
T5178 010:797.958 - 0.648ms returns FALSE
T5178 010:906.460 JLINK_IsHalted()
T5178 010:906.782 - 0.340ms returns FALSE
T5178 010:906.814 JLINK_IsHalted()
T5178 010:907.038 - 0.238ms returns FALSE
T5178 011:015.389 JLINK_IsHalted()
T5178 011:015.777 - 0.431ms returns FALSE
T5178 011:015.836 JLINK_IsHalted()
T5178 011:016.155 - 0.353ms returns FALSE
T5178 011:124.545 JLINK_IsHalted()
T5178 011:124.904 - 0.395ms returns FALSE
T5178 011:124.958 JLINK_IsHalted()
T5178 011:125.322 - 0.400ms returns FALSE
T5178 011:233.984 JLINK_IsHalted()
T5178 011:234.409 - 0.436ms returns FALSE
T5178 011:234.430 JLINK_IsHalted()
T5178 011:234.659 - 0.240ms returns FALSE
T5178 011:343.363 JLINK_IsHalted()
T5178 011:344.639 - 1.323ms returns FALSE
T5178 011:344.706 JLINK_IsHalted()
T5178 011:345.104 - 0.438ms returns FALSE
T5178 011:452.967 JLINK_IsHalted()
T5178 011:453.422 - 0.497ms returns FALSE
T5178 011:453.486 JLINK_IsHalted()
T5178 011:453.845 - 0.393ms returns FALSE
T5178 011:563.135 JLINK_IsHalted()
T5178 011:564.164 - 1.070ms returns FALSE
T5178 011:564.224 JLINK_IsHalted()
T5178 011:564.468 - 0.273ms returns FALSE
T5178 011:671.974 JLINK_IsHalted()
T5178 011:672.252 - 0.293ms returns FALSE
T5178 011:672.279 JLINK_IsHalted()
T5178 011:672.476 - 0.208ms returns FALSE
T5298 011:698.481 JLINK_IsHalted()
T5298 011:698.759 - 0.308ms returns FALSE
T5298 011:698.809 JLINK_IsHalted()
T5298 011:699.008 - 0.215ms returns FALSE
T5178 011:780.909 JLINK_IsHalted()
T5178 011:781.324 - 0.463ms returns FALSE
T5178 011:781.398 JLINK_IsHalted()
T5178 011:781.713 - 0.364ms returns FALSE
T5178 011:890.291 JLINK_IsHalted()
T5178 011:890.755 - 0.528ms returns FALSE
T5178 011:890.849 JLINK_IsHalted()
T5178 011:891.225 - 0.442ms returns FALSE
T5178 012:000.101 JLINK_IsHalted()
T5178 012:000.625 - 0.572ms returns FALSE
T5178 012:000.696 JLINK_IsHalted()
T5178 012:001.083 - 0.435ms returns FALSE
T5178 012:109.096 JLINK_IsHalted()
T5178 012:110.034 - 1.060ms returns FALSE
T5178 012:110.193 JLINK_IsHalted()
T5178 012:110.518 - 0.411ms returns FALSE
T5178 012:218.755 JLINK_IsHalted()
T5178 012:219.056 - 0.332ms returns FALSE
T5178 012:219.099 JLINK_IsHalted()
T5178 012:219.362 - 0.285ms returns FALSE
T5178 012:327.857 JLINK_IsHalted()
T5178 012:328.471 - 0.697ms returns FALSE
T5178 012:328.591 JLINK_IsHalted()
T5178 012:329.092 - 0.580ms returns FALSE
T5178 012:437.114 JLINK_IsHalted()
T5178 012:437.425 - 0.321ms returns FALSE
T5178 012:437.443 JLINK_IsHalted()
T5178 012:437.679 - 0.245ms returns FALSE
T5178 012:546.337 JLINK_IsHalted()
T5178 012:546.806 - 0.509ms returns FALSE
T5178 012:546.865 JLINK_IsHalted()
T5178 012:547.170 - 0.336ms returns FALSE
T5178 012:655.684 JLINK_IsHalted()
T5178 012:656.028 - 0.385ms returns FALSE
T5178 012:656.096 JLINK_IsHalted()
T5178 012:656.335 - 0.266ms returns FALSE
T5298 012:700.244 JLINK_IsHalted()
T5298 012:700.519 - 0.305ms returns FALSE
T5298 012:700.561 JLINK_IsHalted()
T5298 012:700.720 - 0.168ms returns FALSE
T5178 012:765.129 JLINK_IsHalted()
T5178 012:765.394 - 0.275ms returns FALSE
T5178 012:765.414 JLINK_IsHalted()
T5178 012:765.733 - 0.327ms returns FALSE
T5178 012:874.769 JLINK_IsHalted()
T5178 012:875.083 - 0.352ms returns FALSE
T5178 012:875.139 JLINK_IsHalted()
T5178 012:875.459 - 0.351ms returns FALSE
T5178 012:984.145 JLINK_IsHalted()
T5178 012:984.513 - 0.399ms returns FALSE
T5178 012:984.561 JLINK_IsHalted()
T5178 012:984.843 - 0.303ms returns FALSE
T5178 013:093.840 JLINK_IsHalted()
T5178 013:094.126 - 0.318ms returns FALSE
T5178 013:094.173 JLINK_IsHalted()
T5178 013:094.342 - 0.179ms returns FALSE
T5178 013:202.995 JLINK_IsHalted()
T5178 013:203.412 - 0.458ms returns FALSE
T5178 013:203.468 JLINK_IsHalted()
T5178 013:203.828 - 0.394ms returns FALSE
T5178 013:312.734 JLINK_IsHalted()
T5178 013:313.185 - 0.494ms returns FALSE
T5178 013:313.245 JLINK_IsHalted()
T5178 013:313.532 - 0.314ms returns FALSE
T5178 013:422.221 JLINK_IsHalted()
T5178 013:422.661 - 0.461ms returns FALSE
T5178 013:422.693 JLINK_IsHalted()
T5178 013:423.023 - 0.351ms returns FALSE
T5178 013:531.018 JLINK_IsHalted()
T5178 013:531.397 - 0.450ms returns FALSE
T5178 013:531.512 JLINK_IsHalted()
T5178 013:531.758 - 0.322ms returns FALSE
T5178 013:641.046 JLINK_IsHalted()
T5178 013:641.458 - 0.442ms returns FALSE
T5178 013:641.511 JLINK_IsHalted()
T5178 013:641.827 - 0.346ms returns FALSE
T5298 013:701.329 JLINK_IsHalted()
T5298 013:701.785 - 0.480ms returns FALSE
T5298 013:701.820 JLINK_IsHalted()
T5298 013:702.035 - 0.238ms returns FALSE
T5178 013:750.917 JLINK_IsHalted()
T5178 013:751.336 - 0.480ms returns FALSE
T5178 013:751.429 JLINK_IsHalted()
T5178 013:751.815 - 0.444ms returns FALSE
T5178 013:859.350 JLINK_IsHalted()
T5178 013:859.639 - 0.333ms returns FALSE
T5178 013:859.708 JLINK_IsHalted()
T5178 013:859.963 - 0.286ms returns FALSE
T5178 013:968.882 JLINK_IsHalted()
T5178 013:969.197 - 0.340ms returns FALSE
T5178 013:969.238 JLINK_IsHalted()
T5178 013:969.517 - 0.294ms returns FALSE
T5178 014:078.746 JLINK_IsHalted()
T5178 014:079.752 - 1.038ms returns FALSE
T5178 014:079.798 JLINK_IsHalted()
T5178 014:080.075 - 0.306ms returns FALSE
T5178 014:187.278 JLINK_IsHalted()
T5178 014:187.566 - 0.333ms returns FALSE
T5178 014:187.638 JLINK_IsHalted()
T5178 014:187.856 - 0.251ms returns FALSE
T5178 014:296.754 JLINK_IsHalted()
T5178 014:297.520 - 0.813ms returns FALSE
T5178 014:297.588 JLINK_IsHalted()
T5178 014:297.844 - 0.294ms returns FALSE
T5178 014:406.011 JLINK_IsHalted()
T5178 014:406.348 - 0.366ms returns FALSE
T5178 014:406.391 JLINK_IsHalted()
T5178 014:406.593 - 0.217ms returns FALSE
T5178 014:515.551 JLINK_IsHalted()
T5178 014:515.893 - 0.378ms returns FALSE
T5178 014:515.950 JLINK_IsHalted()
T5178 014:516.197 - 0.267ms returns FALSE
T5178 014:625.178 JLINK_IsHalted()
T5178 014:625.671 - 0.574ms returns FALSE
T5178 014:625.822 JLINK_IsHalted()
T5178 014:626.108 - 0.355ms returns FALSE
T5298 014:702.753 JLINK_IsHalted()
T5298 014:703.062 - 0.326ms returns FALSE
T5298 014:703.093 JLINK_IsHalted()
T5298 014:703.336 - 0.271ms returns FALSE
T5178 014:734.321 JLINK_IsHalted()
T5178 014:734.611 - 0.306ms returns FALSE
T5178 014:734.638 JLINK_IsHalted()
T5178 014:734.881 - 0.282ms returns FALSE
T5178 014:843.532 JLINK_IsHalted()
T5178 014:843.835 - 0.315ms returns FALSE
T5178 014:843.858 JLINK_IsHalted()
T5178 014:844.101 - 0.280ms returns FALSE
T5178 014:952.690 JLINK_IsHalted()
T5178 014:952.986 - 0.324ms returns FALSE
T5178 014:953.031 JLINK_IsHalted()
T5178 014:953.334 - 0.319ms returns FALSE
T5178 015:062.359 JLINK_IsHalted()
T5178 015:063.428 - 1.125ms returns FALSE
T5178 015:063.500 JLINK_IsHalted()
T5178 015:063.727 - 0.265ms returns FALSE
T5178 015:171.923 JLINK_IsHalted()
T5178 015:172.298 - 0.402ms returns FALSE
T5178 015:172.339 JLINK_IsHalted()
T5178 015:172.673 - 0.424ms returns FALSE
T5178 015:281.154 JLINK_IsHalted()
T5178 015:281.497 - 0.361ms returns FALSE
T5178 015:281.528 JLINK_IsHalted()
T5178 015:281.755 - 0.240ms returns FALSE
T5178 015:390.827 JLINK_IsHalted()
T5178 015:391.340 - 0.590ms returns FALSE
T5178 015:391.449 JLINK_IsHalted()
T5178 015:391.882 - 0.491ms returns FALSE
T5178 015:499.838 JLINK_IsHalted()
T5178 015:500.126 - 0.303ms returns FALSE
T5178 015:500.157 JLINK_IsHalted()
T5178 015:500.357 - 0.233ms returns FALSE
T5178 015:609.345 JLINK_IsHalted()
T5178 015:610.265 - 0.978ms returns FALSE
T5178 015:610.338 JLINK_IsHalted()
T5178 015:610.536 - 0.251ms returns FALSE
T5298 015:704.643 JLINK_IsHalted()
T5298 015:705.051 - 0.458ms returns FALSE
T5298 015:705.123 JLINK_IsHalted()
T5298 015:705.424 - 0.347ms returns FALSE
T5178 015:718.891 JLINK_IsHalted()
T5178 015:719.217 - 0.352ms returns FALSE
T5178 015:719.256 JLINK_IsHalted()
T5178 015:719.463 - 0.230ms returns FALSE
T5178 015:828.192 JLINK_IsHalted()
T5178 015:828.616 - 0.469ms returns FALSE
T5178 015:828.695 JLINK_IsHalted()
T5178 015:829.013 - 0.362ms returns FALSE
T5178 015:937.720 JLINK_IsHalted()
T5178 015:938.059 - 0.394ms returns FALSE
T5178 015:938.129 JLINK_IsHalted()
T5178 015:938.351 - 0.244ms returns FALSE
T5178 016:047.300 JLINK_IsHalted()
T5178 016:047.658 - 0.388ms returns FALSE
T5178 016:047.700 JLINK_IsHalted()
T5178 016:047.924 - 0.248ms returns FALSE
T5178 016:156.602 JLINK_IsHalted()
T5178 016:157.205 - 0.654ms returns FALSE
T5178 016:157.278 JLINK_IsHalted()
T5178 016:157.688 - 0.466ms returns FALSE
T5178 016:265.755 JLINK_IsHalted()
T5178 016:266.185 - 0.496ms returns FALSE
T5178 016:266.283 JLINK_IsHalted()
T5178 016:266.609 - 0.387ms returns FALSE
T5178 016:375.577 JLINK_IsHalted()
T5178 016:376.008 - 0.500ms returns FALSE
T5178 016:376.108 JLINK_IsHalted()
T5178 016:376.337 - 0.264ms returns FALSE
T5178 016:483.919 JLINK_IsHalted()
T5178 016:484.315 - 0.447ms returns FALSE
T5178 016:484.390 JLINK_IsHalted()
T5178 016:484.643 - 0.271ms returns FALSE
T5178 016:593.290 JLINK_IsHalted()
T5178 016:593.563 - 0.302ms returns FALSE
T5178 016:593.606 JLINK_IsHalted()
T5178 016:593.897 - 0.320ms returns FALSE
T5178 016:702.865 JLINK_IsHalted()
T5178 016:703.425 - 0.611ms returns FALSE
T5178 016:703.500 JLINK_IsHalted()
T5178 016:703.837 - 0.386ms returns FALSE
T5298 016:706.295 JLINK_IsHalted()
T5298 016:706.727 - 0.510ms returns FALSE
T5298 016:706.925 JLINK_IsHalted()
T5298 016:707.319 - 0.445ms returns FALSE
T5178 016:812.471 JLINK_IsHalted()
T5178 016:812.795 - 0.348ms returns FALSE
T5178 016:812.831 JLINK_IsHalted()
T5178 016:813.052 - 0.243ms returns FALSE
T5178 016:921.837 JLINK_IsHalted()
T5178 016:922.331 - 0.556ms returns FALSE
T5178 016:922.423 JLINK_IsHalted()
T5178 016:922.742 - 0.378ms returns FALSE
T5178 017:031.649 JLINK_IsHalted()
T5178 017:032.083 - 0.469ms returns FALSE
T5178 017:032.132 JLINK_IsHalted()
T5178 017:032.352 - 0.241ms returns FALSE
T5178 017:140.747 JLINK_IsHalted()
T5178 017:141.100 - 0.408ms returns FALSE
T5178 017:141.169 JLINK_IsHalted()
T5178 017:141.415 - 0.275ms returns FALSE
T5178 017:249.959 JLINK_IsHalted()
T5178 017:250.355 - 0.427ms returns FALSE
T5178 017:250.402 JLINK_IsHalted()
T5178 017:250.792 - 0.425ms returns FALSE
T5178 017:359.141 JLINK_IsHalted()
T5178 017:359.781 - 0.720ms returns FALSE
T5178 017:359.897 JLINK_IsHalted()
T5178 017:360.338 - 0.517ms returns FALSE
T5178 017:468.837 JLINK_IsHalted()
T5178 017:470.141 - 1.392ms returns FALSE
T5178 017:470.258 JLINK_IsHalted()
T5178 017:470.646 - 0.463ms returns FALSE
T5178 017:577.902 JLINK_IsHalted()
T5178 017:578.361 - 0.483ms returns FALSE
T5178 017:578.396 JLINK_IsHalted()
T5178 017:578.730 - 0.358ms returns FALSE
T5178 017:687.806 JLINK_IsHalted()
T5178 017:688.181 - 0.407ms returns FALSE
T5178 017:688.226 JLINK_IsHalted()
T5178 017:688.505 - 0.302ms returns FALSE
T5298 017:707.924 JLINK_IsHalted()
T5298 017:708.302 - 0.445ms returns FALSE
T5298 017:708.403 JLINK_IsHalted()
T5298 017:708.665 - 0.333ms returns FALSE
T5178 017:797.183 JLINK_IsHalted()
T5178 017:797.535 - 0.412ms returns FALSE
T5178 017:797.626 JLINK_IsHalted()
T5178 017:797.891 - 0.321ms returns FALSE
T5178 017:906.190 JLINK_IsHalted()
T5178 017:906.644 - 0.481ms returns FALSE
T5178 017:906.685 JLINK_IsHalted()
T5178 017:906.945 - 0.301ms returns FALSE
T5178 018:015.211 JLINK_IsHalted()
T5178 018:015.531 - 0.342ms returns FALSE
T5178 018:015.569 JLINK_IsHalted()
T5178 018:015.747 - 0.194ms returns FALSE
T5178 018:125.297 JLINK_IsHalted()
T5178 018:125.692 - 0.440ms returns FALSE
T5178 018:125.754 JLINK_IsHalted()
T5178 018:126.032 - 0.306ms returns FALSE
T5178 018:234.088 JLINK_IsHalted()
T5178 018:234.512 - 0.490ms returns FALSE
T5178 018:234.608 JLINK_IsHalted()
T5178 018:234.955 - 0.417ms returns FALSE
T5178 018:343.536 JLINK_IsHalted()
T5178 018:343.968 - 0.467ms returns FALSE
T5178 018:344.015 JLINK_IsHalted()
T5178 018:344.656 - 0.675ms returns FALSE
T5178 018:453.349 JLINK_IsHalted()
T5178 018:453.629 - 0.298ms returns FALSE
T5178 018:453.658 JLINK_IsHalted()
T5178 018:453.841 - 0.192ms returns FALSE
T5178 018:562.123 JLINK_IsHalted()
T5178 018:562.407 - 0.293ms returns FALSE
T5178 018:562.425 JLINK_IsHalted()
T5178 018:562.586 - 0.168ms returns FALSE
T5178 018:672.265 JLINK_IsHalted()
T5178 018:672.694 - 0.469ms returns FALSE
T5178 018:672.750 JLINK_IsHalted()
T5178 018:673.103 - 0.383ms returns FALSE
T5298 018:710.149 JLINK_IsHalted()
T5298 018:710.546 - 0.423ms returns FALSE
T5298 018:710.597 JLINK_IsHalted()
T5298 018:710.887 - 0.360ms returns FALSE
T5178 018:781.035 JLINK_IsHalted()
T5178 018:781.302 - 0.284ms returns FALSE
T5178 018:781.330 JLINK_IsHalted()
T5178 018:781.553 - 0.232ms returns FALSE
T5178 018:890.990 JLINK_IsHalted()
T5178 018:891.303 - 0.350ms returns FALSE
T5178 018:891.354 JLINK_IsHalted()
T5178 018:891.526 - 0.186ms returns FALSE
T5178 018:999.574 JLINK_IsHalted()
T5178 018:999.918 - 0.387ms returns FALSE
T5178 018:999.977 JLINK_IsHalted()
T5178 019:000.176 - 0.240ms returns FALSE
T5178 019:109.560 JLINK_IsHalted()
T5178 019:110.318 - 0.944ms returns FALSE
T5178 019:110.570 JLINK_IsHalted()
T5178 019:110.912 - 0.407ms returns FALSE
T5178 019:218.818 JLINK_IsHalted()
T5178 019:219.378 - 0.630ms returns FALSE
T5178 019:219.480 JLINK_IsHalted()
T5178 019:219.843 - 0.425ms returns FALSE
T5178 019:328.094 JLINK_IsHalted()
T5178 019:328.679 - 0.651ms returns FALSE
T5178 019:328.765 JLINK_IsHalted()
T5178 019:329.096 - 0.375ms returns FALSE
T5178 019:437.274 JLINK_IsHalted()
T5178 019:438.008 - 0.826ms returns FALSE
T5178 019:438.146 JLINK_IsHalted()
T5178 019:438.470 - 0.417ms returns FALSE
T5178 019:547.369 JLINK_IsHalted()
T5178 019:547.837 - 0.543ms returns FALSE
T5178 019:547.948 JLINK_IsHalted()
T5178 019:548.357 - 0.479ms returns FALSE
T5178 019:656.418 JLINK_IsHalted()
T5178 019:656.808 - 0.433ms returns FALSE
T5178 019:656.880 JLINK_IsHalted()
T5178 019:657.159 - 0.310ms returns FALSE
T5298 019:711.675 JLINK_IsHalted()
T5298 019:712.048 - 0.461ms returns FALSE
T5298 019:712.182 JLINK_IsHalted()
T5298 019:712.495 - 0.379ms returns FALSE
T5178 019:765.974 JLINK_IsHalted()
T5178 019:766.478 - 0.566ms returns FALSE
T5178 019:766.572 JLINK_IsHalted()
T5178 019:766.912 - 0.376ms returns FALSE
T5178 019:875.307 JLINK_IsHalted()
T5178 019:875.854 - 0.608ms returns FALSE
T5178 019:875.941 JLINK_IsHalted()
T5178 019:876.228 - 0.338ms returns FALSE
T5178 019:983.835 JLINK_IsHalted()
T5178 019:984.191 - 0.394ms returns FALSE
T5178 019:984.247 JLINK_IsHalted()
T5178 019:984.672 - 0.451ms returns FALSE
T5178 020:093.240 JLINK_IsHalted()
T5178 020:093.617 - 0.400ms returns FALSE
T5178 020:093.651 JLINK_IsHalted()
T5178 020:093.919 - 0.297ms returns FALSE
T5178 020:203.486 JLINK_IsHalted()
T5178 020:203.997 - 0.582ms returns FALSE
T5178 020:204.111 JLINK_IsHalted()
T5178 020:204.462 - 0.421ms returns FALSE
T5178 020:312.437 JLINK_IsHalted()
T5178 020:312.780 - 0.393ms returns FALSE
T5178 020:312.855 JLINK_IsHalted()
T5178 020:313.151 - 0.321ms returns FALSE
T5178 020:421.775 JLINK_IsHalted()
T5178 020:422.445 - 0.729ms returns FALSE
T5178 020:422.531 JLINK_IsHalted()
T5178 020:422.874 - 0.401ms returns FALSE
T5178 020:531.734 JLINK_IsHalted()
T5178 020:532.264 - 0.584ms returns FALSE
T5178 020:532.342 JLINK_IsHalted()
T5178 020:532.742 - 0.454ms returns FALSE
T5178 020:640.609 JLINK_IsHalted()
T5178 020:641.024 - 0.456ms returns FALSE
T5178 020:641.084 JLINK_IsHalted()
T5178 020:641.418 - 0.375ms returns FALSE
T5298 020:713.026 JLINK_IsHalted()
T5298 020:713.448 - 0.452ms returns FALSE
T5298 020:713.490 JLINK_IsHalted()
T5298 020:713.775 - 0.319ms returns FALSE
T5178 020:749.822 JLINK_IsHalted()
T5178 020:750.284 - 0.490ms returns FALSE
T5178 020:750.326 JLINK_IsHalted()
T5178 020:750.703 - 0.401ms returns FALSE
T2670 021:288.508 JLINK_Halt()
T2670 021:291.188 - 2.743ms returns 0x00
T2670 021:291.270 JLINK_ReadRegs_64(NumRegs = 1, Indexes: 
T2670 021:291.292   41)
T2670 021:291.327    -- CPSR=0x6000000C
T2670 021:291.355 - 0.095ms returns 0
T2670 021:297.840 JLINK_Close()
T2670 021:329.586 - 31.800ms
T2670 021:329.649   
T2670 021:329.662   Closed
